09:55:38.535 [main                     ] DEBUG GameApplication      - Logger initialized
09:55:38.567 [main                     ] DEBUG GameApplication      - Logging settings
Title: Untitled
Version: 0.0
Width: 800
Height: 600
Fullscreen: false
Intro: false
Profiling: false
Single step:false
App Mode: DEVELOPER
Menu Key: ESCAPE
Stage Style: DECORATED
Scene Factory: class com.almasb.fxgl.app.scene.SceneFactory

09:55:38.892 [JavaFX Application Thread] DEBUG GameApplication      - Initializing FXGL
09:55:38.909 [JavaFX Application Thread] INFO  Engine               - FXGL-11.9 (27.05.2020 17.06) on LINUX (J:11.0.5 FX:10.0.2-internal)
09:55:38.910 [JavaFX Application Thread] DEBUG Engine               - JRE Vendor Name: JetBrains s.r.o
09:55:38.910 [JavaFX Application Thread] DEBUG Engine               - Running on OS: Linux version 4.15.0-111-generic
09:55:38.910 [JavaFX Application Thread] DEBUG Engine               - Architecture: amd64
09:55:38.911 [JavaFX Application Thread] INFO  Engine               - Source code and latest versions at: https://github.com/AlmasB/FXGL
09:55:38.911 [JavaFX Application Thread] INFO  Engine               -              Join the FXGL chat at: https://gitter.im/AlmasB/FXGL
09:55:39.086 [JavaFX Application Thread] DEBUG MainWindow           - Creating a JavaFX scene
09:55:39.251 [JavaFX Application Thread] DEBUG MainWindow           - Target settings size: 800.0 x 600.0
09:55:39.251 [JavaFX Application Thread] DEBUG MainWindow           - Scaled scene size:    800.0 x 600.0
09:55:39.252 [JavaFX Application Thread] DEBUG MainWindow           - Scaled ratio: (1.0, 1.0)
09:55:39.254 [JavaFX Application Thread] DEBUG MainWindow           - Set initial scene to FXGLStartupScene
09:55:39.267 [JavaFX Application Thread] DEBUG MainWindow           - Opening main window
09:55:39.354 [JavaFX Application Thread] DEBUG MainWindow           - Window border size: (0.0, 30.0)
09:55:39.355 [JavaFX Application Thread] DEBUG MainWindow           - Scaled size: 800.0 x 600.0
09:55:39.357 [JavaFX Application Thread] DEBUG MainWindow           - Scaled ratio: (1.0, 1.0)
09:55:39.358 [JavaFX Application Thread] DEBUG MainWindow           - Scene size: 800.0 x 600.0
09:55:39.358 [JavaFX Application Thread] DEBUG MainWindow           - Stage size: 800.0 x 630.0
09:55:39.386 [FXGL Background Thread 1 ] DEBUG Engine               - Initializing environment variables
09:55:39.464 [FXGL Background Thread 1 ] DEBUG WindowService        - Applying CSS: fxgl_dark.css
09:55:39.464 [FXGL Background Thread 1 ] DEBUG AssetLoaderService   - Loading from file system: /assets/ui/css/fxgl_dark.css
09:55:39.581 [FXGL Background Thread 1 ] DEBUG WindowService        - Initializing application scenes
09:55:39.726 [FXGL Background Thread 1 ] DEBUG GameWorld            - Game world initialized
09:55:39.780 [FXGL Background Thread 1 ] DEBUG PhysicsWorld         - Physics world initialized: appHeight=600, physics.ppm=50.0
09:55:39.784 [FXGL Background Thread 1 ] DEBUG GameScene            - Game scene initialized: 800x600
09:55:39.825 [FXGL Background Thread 1 ] DEBUG AssetLoaderService   - Loading from file system: /assets/textures/particles/trace_horizontal.png
09:55:39.885 [FXGL Background Thread 1 ] DEBUG FXGL.DefaultMenu     - createMenuBodyGameMenu()
09:55:39.907 [FXGL Background Thread 1 ] DEBUG FXGL.DefaultMenu     - createOptionsMenu()
09:55:39.918 [FXGL Background Thread 1 ] DEBUG AssetLoaderService   - Loading from file system: /assets/textures/particles/smoke.png
09:55:40.002 [FXGL Background Thread 1 ] DEBUG WindowService        - Application scenes initialized
09:55:40.016 [FXGL Background Thread 1 ] DEBUG SystemBundleService  - Loading FXGL system data
09:55:40.020 [FXGL Background Thread 1 ] DEBUG FileSystemAccess     - Reading from: /home/ben/MicroCosm/system/fxgl.bundle
09:55:40.030 [FXGL Background Thread 1 ] DEBUG SystemBundleService  - Bundle FXGL: {}
09:55:40.031 [FXGL Background Thread 1 ] INFO  Engine               - FXGL initialization took: 0.640 sec
09:55:40.033 [FXGL Background Thread 1 ] DEBUG GameApplication      - Loading localizations
09:55:40.035 [FXGL Background Thread 1 ] DEBUG AssetLoaderService   - Loading from file system: /assets/languages/english.lang
09:55:40.051 [FXGL Background Thread 1 ] DEBUG AssetLoaderService   - Loading from file system: /assets/languages/french.lang
09:55:40.054 [FXGL Background Thread 1 ] DEBUG AssetLoaderService   - Loading from file system: /assets/languages/german.lang
09:55:40.057 [FXGL Background Thread 1 ] DEBUG AssetLoaderService   - Loading from file system: /assets/languages/hungarian.lang
09:55:40.063 [FXGL Background Thread 1 ] DEBUG AssetLoaderService   - Loading from file system: /assets/languages/russian.lang
09:55:40.066 [FXGL Background Thread 1 ] DEBUG GameApplication      - Registering font factories with UI factory
09:55:40.066 [FXGL Background Thread 1 ] DEBUG AssetLoaderService   - Loading from file system: /assets/ui/fonts/VarelaRound-Regular.ttf
09:55:40.089 [FXGL Background Thread 1 ] DEBUG AssetLoaderService   - Loading from file system: /assets/ui/fonts/Abel-Regular.ttf
09:55:40.091 [FXGL Background Thread 1 ] DEBUG AssetLoaderService   - Loading from file system: /assets/ui/fonts/lucida_console.ttf
09:55:40.094 [FXGL Background Thread 1 ] DEBUG AssetLoaderService   - Loading from file system: /assets/ui/fonts/Courier-Prime.ttf
09:55:40.098 [JavaFX Application Thread] DEBUG AssetLoaderService   - Loading from file system: /assets/textures/fxgl_icon.png
09:55:40.131 [JavaFX Application Thread] DEBUG AssetLoaderService   - Loading from file system: /assets/ui/cursors/fxgl_default.png
09:55:40.143 [JavaFX Application Thread] DEBUG Input                - Registered new binding: Screenshot - P
09:55:40.144 [JavaFX Application Thread] DEBUG Input                - Registered new binding: System info dump - CTRL+9
09:55:40.144 [JavaFX Application Thread] DEBUG Input                - Registered new binding: Restart - CTRL+R
09:55:40.145 [JavaFX Application Thread] DEBUG LoopRunner           - Starting loop
09:55:40.153 [JavaFX Application Thread] DEBUG FXGLStartupScene     - STARTUP
09:55:40.154 [JavaFX Application Thread] DEBUG WindowService        - Starting new game
09:55:40.155 [JavaFX Application Thread] DEBUG Input                - Clearing active input actions
09:55:40.172 [JavaFX Application Thread] DEBUG WindowService        - Removing overlay from FXGLStartupScene and adding to FXGLLoadingScene
09:55:40.173 [JavaFX Application Thread] DEBUG MainWindow           - FXGLStartupScene -> FXGLLoadingScene
09:55:40.174 [JavaFX Application Thread] DEBUG WindowService        - Clearing previous game
09:55:40.174 [JavaFX Application Thread] DEBUG GameScene            - Clearing game scene
09:55:40.174 [JavaFX Application Thread] DEBUG GameWorld            - Clearing game world
09:55:40.174 [JavaFX Application Thread] DEBUG PhysicsWorld         - Clearing physics world
09:55:40.177 [FXGL Background Thread 1 ] DEBUG GameApplication      - Initializing game
09:55:40.178 [FXGL Background Thread 1 ] DEBUG AssetLoaderService   - Loading from file system: /assets/textures/water.png
09:55:40.181 [FXGL Background Thread 1 ] DEBUG AssetLoaderService   - Loading from file system: /assets/textures/galaxies.jpg
09:55:43.032 [FXGL Background Thread 2 ] DEBUG Engine               - Logging environment variables
09:55:43.034 [FXGL Background Thread 2 ] DEBUG Engine               - achievements: []
09:55:43.034 [FXGL Background Thread 2 ] DEBUG Engine               - appIcon: fxgl_icon.png
09:55:43.035 [FXGL Background Thread 2 ] DEBUG Engine               - applicationMode: DEVELOPER
09:55:43.035 [FXGL Background Thread 2 ] DEBUG Engine               - cSSList: [fxgl_dark.css]
09:55:43.035 [FXGL Background Thread 2 ] DEBUG Engine               - configClass: Optional.empty
09:55:43.035 [FXGL Background Thread 2 ] DEBUG Engine               - credits: []
09:55:43.035 [FXGL Background Thread 2 ] DEBUG Engine               - devBBoxColorProperty: ObjectProperty [value: 0xff0000ff]
09:55:43.035 [FXGL Background Thread 2 ] DEBUG Engine               - devSensorColorProperty: ObjectProperty [value: 0xffff00ff]
09:55:43.036 [FXGL Background Thread 2 ] DEBUG Engine               - devShowBBoxProperty: BooleanProperty [value: false]
09:55:43.036 [FXGL Background Thread 2 ] DEBUG Engine               - devShowPositionProperty: BooleanProperty [value: false]
09:55:43.036 [FXGL Background Thread 2 ] DEBUG Engine               - enabledMenuItems: []
09:55:43.036 [FXGL Background Thread 2 ] DEBUG Engine               - engineServices: [class com.almasb.fxgl.app.GameApplication$GameApplicationService, class com.almasb.fxgl.app.services.WindowService, class com.almasb.fxgl.app.services.FXGLDialogService, class com.almasb.fxgl.app.services.IOTaskExecutorService, class com.almasb.fxgl.event.EventBusService, class com.almasb.fxgl.io.FileSystemService, class com.almasb.fxgl.localization.LocalizationService, class com.almasb.fxgl.app.services.AssetLoaderService, class com.almasb.fxgl.app.services.SystemBundleService, class com.almasb.fxgl.profile.SaveLoadService, class com.almasb.fxgl.ui.FXGLUIFactoryServiceProvider, class com.almasb.fxgl.ui.FXGLDialogFactoryServiceProvider, class com.almasb.fxgl.audio.AudioPlayer, class com.almasb.fxgl.notification.impl.NotificationServiceProvider, class com.almasb.fxgl.achievement.AchievementService, class com.almasb.fxgl.cutscene.CutsceneService, class com.almasb.fxgl.minigames.MiniGameService, class com.almasb.fxgl.net.NetService, class com.almasb.fxgl.app.services.UpdaterService, class com.almasb.fxgl.dev.DevService]
09:55:43.036 [FXGL Background Thread 2 ] DEBUG Engine               - fontGame: Abel-Regular.ttf
09:55:43.036 [FXGL Background Thread 2 ] DEBUG Engine               - fontMono: lucida_console.ttf
09:55:43.036 [FXGL Background Thread 2 ] DEBUG Engine               - fontText: Courier-Prime.ttf
09:55:43.036 [FXGL Background Thread 2 ] DEBUG Engine               - fontUI: VarelaRound-Regular.ttf
09:55:43.037 [FXGL Background Thread 2 ] DEBUG Engine               - fullScreen: BooleanProperty [value: false]
09:55:43.037 [FXGL Background Thread 2 ] DEBUG Engine               - gameDifficulty: MEDIUM
09:55:43.037 [FXGL Background Thread 2 ] DEBUG Engine               - gameDifficultyProperty: ObjectProperty [value: MEDIUM]
09:55:43.037 [FXGL Background Thread 2 ] DEBUG Engine               - globalMusicVolume: 0.5
09:55:43.037 [FXGL Background Thread 2 ] DEBUG Engine               - globalMusicVolumeProperty: DoubleProperty [value: 0.5]
09:55:43.037 [FXGL Background Thread 2 ] DEBUG Engine               - globalSoundVolume: 0.5
09:55:43.037 [FXGL Background Thread 2 ] DEBUG Engine               - globalSoundVolumeProperty: DoubleProperty [value: 0.5]
09:55:43.038 [FXGL Background Thread 2 ] DEBUG Engine               - height: 600
09:55:43.038 [FXGL Background Thread 2 ] DEBUG Engine               - isAndroid: false
09:55:43.038 [FXGL Background Thread 2 ] DEBUG Engine               - isBrowser: false
09:55:43.038 [FXGL Background Thread 2 ] DEBUG Engine               - isClickFeedbackEnabled: false
09:55:43.038 [FXGL Background Thread 2 ] DEBUG Engine               - isCloseConfirmation: false
09:55:43.038 [FXGL Background Thread 2 ] DEBUG Engine               - isDesktop: true
09:55:43.038 [FXGL Background Thread 2 ] DEBUG Engine               - isDeveloperMenuEnabled: false
09:55:43.038 [FXGL Background Thread 2 ] DEBUG Engine               - isExperimentalNative: false
09:55:43.038 [FXGL Background Thread 2 ] DEBUG Engine               - isExperimentalTiledLargeMap: false
09:55:43.038 [FXGL Background Thread 2 ] DEBUG Engine               - isFullScreenAllowed: false
09:55:43.039 [FXGL Background Thread 2 ] DEBUG Engine               - isFullScreenFromStart: false
09:55:43.039 [FXGL Background Thread 2 ] DEBUG Engine               - isGameMenuEnabled: true
09:55:43.039 [FXGL Background Thread 2 ] DEBUG Engine               - isIOS: false
09:55:43.039 [FXGL Background Thread 2 ] DEBUG Engine               - isIntroEnabled: false
09:55:43.039 [FXGL Background Thread 2 ] DEBUG Engine               - isLinux: true
09:55:43.039 [FXGL Background Thread 2 ] DEBUG Engine               - isMac: false
09:55:43.039 [FXGL Background Thread 2 ] DEBUG Engine               - isMainMenuEnabled: false
09:55:43.039 [FXGL Background Thread 2 ] DEBUG Engine               - isManualResizeEnabled: false
09:55:43.039 [FXGL Background Thread 2 ] DEBUG Engine               - isMobile: false
09:55:43.040 [FXGL Background Thread 2 ] DEBUG Engine               - isPreserveResizeRatio: false
09:55:43.040 [FXGL Background Thread 2 ] DEBUG Engine               - isProfilingEnabled: false
09:55:43.040 [FXGL Background Thread 2 ] DEBUG Engine               - isSingleStep: false
09:55:43.040 [FXGL Background Thread 2 ] DEBUG Engine               - isUserProfileEnabled: false
09:55:43.040 [FXGL Background Thread 2 ] DEBUG Engine               - isWindows: false
09:55:43.040 [FXGL Background Thread 2 ] DEBUG Engine               - language: ObjectProperty [value: ENGLISH]
09:55:43.040 [FXGL Background Thread 2 ] DEBUG Engine               - mainWindow: com.almasb.fxgl.app.MainWindow@3eaa52d6
09:55:43.040 [FXGL Background Thread 2 ] DEBUG Engine               - menuKey: ESCAPE
09:55:43.040 [FXGL Background Thread 2 ] DEBUG Engine               - notificationViewClass: class com.almasb.fxgl.notification.view.XboxNotificationView
09:55:43.041 [FXGL Background Thread 2 ] DEBUG Engine               - pixelsPerMeter: 50.0
09:55:43.041 [FXGL Background Thread 2 ] DEBUG Engine               - platform: LINUX
09:55:43.041 [FXGL Background Thread 2 ] DEBUG Engine               - profileDir: profiles/
09:55:43.041 [FXGL Background Thread 2 ] DEBUG Engine               - profileName: StringProperty [value: DEFAULT]
09:55:43.041 [FXGL Background Thread 2 ] DEBUG Engine               - randomSeed: -1
09:55:43.041 [FXGL Background Thread 2 ] DEBUG Engine               - runtimeInfo: RuntimeInfo(platform=LINUX, version=11.9, build=27.05.2020 17.06)
09:55:43.041 [FXGL Background Thread 2 ] DEBUG Engine               - saveFileExt: sav
09:55:43.041 [FXGL Background Thread 2 ] DEBUG Engine               - sceneFactory: com.almasb.fxgl.app.scene.SceneFactory@24fa25b5
09:55:43.041 [FXGL Background Thread 2 ] DEBUG Engine               - secondsIn24h: 60
09:55:43.042 [FXGL Background Thread 2 ] DEBUG Engine               - settings: Title: Untitled
Version: 0.0
Width: 800
Height: 600
Fullscreen: false
Intro: false
Profiling: false
Single step:false
App Mode: DEVELOPER
Menu Key: ESCAPE
Stage Style: DECORATED
Scene Factory: class com.almasb.fxgl.app.scene.SceneFactory

09:55:43.042 [FXGL Background Thread 2 ] DEBUG Engine               - soundMenuBack: menu/back.wav
09:55:43.042 [FXGL Background Thread 2 ] DEBUG Engine               - soundMenuPress: menu/press.wav
09:55:43.042 [FXGL Background Thread 2 ] DEBUG Engine               - soundMenuSelect: menu/select.wav
09:55:43.042 [FXGL Background Thread 2 ] DEBUG Engine               - soundNotification: core/notification.wav
09:55:43.042 [FXGL Background Thread 2 ] DEBUG Engine               - stageStyle: DECORATED
09:55:43.042 [FXGL Background Thread 2 ] DEBUG Engine               - supportedLanguages: [ENGLISH, FRENCH, GERMAN, HUNGARIAN, RUSSIAN]
09:55:43.042 [FXGL Background Thread 2 ] DEBUG Engine               - title: Untitled
09:55:43.042 [FXGL Background Thread 2 ] DEBUG Engine               - urlGithub: https://github.com/AlmasB/FXGL
09:55:43.043 [FXGL Background Thread 2 ] DEBUG Engine               - urlLeaderboard: http://fxgl-top.herokuapp.com/
09:55:43.043 [FXGL Background Thread 2 ] DEBUG Engine               - urlPOM: https://raw.githubusercontent.com/AlmasB/FXGL/master/pom.xml
09:55:43.043 [FXGL Background Thread 2 ] DEBUG Engine               - version: 0.0
09:55:43.043 [FXGL Background Thread 2 ] DEBUG Engine               - versionCheckDays: 7
09:55:43.043 [FXGL Background Thread 2 ] DEBUG Engine               - width: 800
09:55:43.043 [FXGL Background Thread 2 ] DEBUG Engine               - Logging services
09:55:43.043 [FXGL Background Thread 2 ] DEBUG Engine               - class com.almasb.fxgl.app.GameApplication$GameApplicationService
09:55:43.043 [FXGL Background Thread 2 ] DEBUG Engine               - class com.almasb.fxgl.app.services.WindowService
09:55:43.043 [FXGL Background Thread 2 ] DEBUG Engine               - class com.almasb.fxgl.app.services.FXGLDialogService
09:55:43.043 [FXGL Background Thread 2 ] DEBUG Engine               - class com.almasb.fxgl.app.services.IOTaskExecutorService
09:55:43.044 [FXGL Background Thread 2 ] DEBUG Engine               - class com.almasb.fxgl.event.EventBusService
09:55:43.044 [FXGL Background Thread 2 ] DEBUG Engine               - class com.almasb.fxgl.io.FileSystemService
09:55:43.044 [FXGL Background Thread 2 ] DEBUG Engine               - class com.almasb.fxgl.localization.LocalizationService
09:55:43.044 [FXGL Background Thread 2 ] DEBUG Engine               - class com.almasb.fxgl.app.services.AssetLoaderService
09:55:43.044 [FXGL Background Thread 2 ] DEBUG Engine               - class com.almasb.fxgl.app.services.SystemBundleService
09:55:43.044 [FXGL Background Thread 2 ] DEBUG Engine               - class com.almasb.fxgl.profile.SaveLoadService
09:55:43.044 [FXGL Background Thread 2 ] DEBUG Engine               - class com.almasb.fxgl.ui.FXGLUIFactoryServiceProvider
09:55:43.044 [FXGL Background Thread 2 ] DEBUG Engine               - class com.almasb.fxgl.ui.FXGLDialogFactoryServiceProvider
09:55:43.044 [FXGL Background Thread 2 ] DEBUG Engine               - class com.almasb.fxgl.audio.AudioPlayer
09:55:43.044 [FXGL Background Thread 2 ] DEBUG Engine               - class com.almasb.fxgl.notification.impl.NotificationServiceProvider
09:55:43.044 [FXGL Background Thread 2 ] DEBUG Engine               - class com.almasb.fxgl.achievement.AchievementService
09:55:43.045 [FXGL Background Thread 2 ] DEBUG Engine               - class com.almasb.fxgl.cutscene.CutsceneService
09:55:43.045 [FXGL Background Thread 2 ] DEBUG Engine               - class com.almasb.fxgl.minigames.MiniGameService
09:55:43.045 [FXGL Background Thread 2 ] DEBUG Engine               - class com.almasb.fxgl.net.NetService
09:55:43.045 [FXGL Background Thread 2 ] DEBUG Engine               - class com.almasb.fxgl.app.services.UpdaterService
09:55:43.045 [FXGL Background Thread 2 ] DEBUG Engine               - class com.almasb.fxgl.dev.DevService
09:55:56.260 [JavaFX Application Thread] DEBUG LoopRunner           - Stopping loop
09:55:56.261 [JavaFX Application Thread] FATAL GameApplication      - Uncaught Exception:

Fatal exception occurred: java.lang.RuntimeException : Initialization failed
E: com.almasb.fxgl.app.GameApplication$InitAppTask.failed(GameApplication.java:423)
E: javafx.graphics/javafx.concurrent.Task.setState(Task.java:710)
E: javafx.graphics/javafx.concurrent.Task$TaskCallable.lambda$call$2(Task.java:1455)
E: javafx.graphics/com.sun.javafx.application.PlatformImpl.lambda$runLater$9(PlatformImpl.java:418)
E: java.base/java.security.AccessController.doPrivileged(Native Method)
E: javafx.graphics/com.sun.javafx.application.PlatformImpl.lambda$runLater$10(PlatformImpl.java:417)
E: javafx.graphics/com.sun.glass.ui.InvokeLaterDispatcher$Future.run$$$capture(InvokeLaterDispatcher.java:96)
E: javafx.graphics/com.sun.glass.ui.InvokeLaterDispatcher$Future.run(InvokeLaterDispatcher.java)
E: javafx.graphics/com.sun.glass.ui.gtk.GtkApplication._runLoop(Native Method)
E: javafx.graphics/com.sun.glass.ui.gtk.GtkApplication.lambda$runLoop$11(GtkApplication.java:277)
E: java.base/java.lang.Thread.run(Thread.java:834)

09:55:56.261 [JavaFX Application Thread] FATAL GameApplication      - Application will now exit
09:55:56.280 [JavaFX Application Thread] DEBUG MainWindow           - Push state: ErrorSubScene
09:55:56.280 [JavaFX Application Thread] DEBUG Input                - Clearing active input actions
09:55:56.297 [JavaFX Application Thread] DEBUG WindowService        - Removing overlay from FXGLLoadingScene and adding to ErrorSubScene
09:55:56.298 [JavaFX Application Thread] DEBUG MainWindow           - FXGLLoadingScene -> ErrorSubScene
09:55:59.424 [JavaFX Application Thread] DEBUG GameApplication      - Exiting FXGL
09:55:59.424 [JavaFX Application Thread] DEBUG GameApplication      - Shutting down background threads
09:55:59.424 [JavaFX Application Thread] DEBUG GameApplication      - Closing logger and exiting JavaFX
