11:52:37.211 [main                     ] DEBUG GameApplication      - Logger initialized
11:52:37.243 [main                     ] DEBUG GameApplication      - Logging settings
Title: Untitled
Version: 0.0
Width: 800
Height: 600
Fullscreen: false
Intro: false
Profiling: false
Single step:false
App Mode: DEVELOPER
Menu Key: ESCAPE
Stage Style: DECORATED
Scene Factory: class com.almasb.fxgl.app.scene.SceneFactory

11:52:37.518 [JavaFX Application Thread] DEBUG GameApplication      - Initializing FXGL
11:52:37.535 [JavaFX Application Thread] INFO  Engine               - FXGL-11.9 (27.05.2020 17.06) on LINUX (J:11.0.5 FX:10.0.2-internal)
11:52:37.536 [JavaFX Application Thread] DEBUG Engine               - JRE Vendor Name: JetBrains s.r.o
11:52:37.536 [JavaFX Application Thread] DEBUG Engine               - Running on OS: Linux version 4.15.0-111-generic
11:52:37.536 [JavaFX Application Thread] DEBUG Engine               - Architecture: amd64
11:52:37.537 [JavaFX Application Thread] INFO  Engine               - Source code and latest versions at: https://github.com/AlmasB/FXGL
11:52:37.537 [JavaFX Application Thread] INFO  Engine               -              Join the FXGL chat at: https://gitter.im/AlmasB/FXGL
11:52:37.679 [JavaFX Application Thread] DEBUG MainWindow           - Creating a JavaFX scene
11:52:37.817 [JavaFX Application Thread] DEBUG MainWindow           - Target settings size: 800.0 x 600.0
11:52:37.817 [JavaFX Application Thread] DEBUG MainWindow           - Scaled scene size:    800.0 x 600.0
11:52:37.817 [JavaFX Application Thread] DEBUG MainWindow           - Scaled ratio: (1.0, 1.0)
11:52:37.820 [JavaFX Application Thread] DEBUG MainWindow           - Set initial scene to FXGLStartupScene
11:52:37.832 [JavaFX Application Thread] DEBUG MainWindow           - Opening main window
11:52:37.897 [JavaFX Application Thread] DEBUG MainWindow           - Window border size: (0.0, 30.0)
11:52:37.898 [JavaFX Application Thread] DEBUG MainWindow           - Scaled size: 800.0 x 600.0
11:52:37.898 [JavaFX Application Thread] DEBUG MainWindow           - Scaled ratio: (1.0, 1.0)
11:52:37.898 [JavaFX Application Thread] DEBUG MainWindow           - Scene size: 800.0 x 600.0
11:52:37.898 [JavaFX Application Thread] DEBUG MainWindow           - Stage size: 800.0 x 630.0
11:52:37.910 [FXGL Background Thread 1 ] DEBUG Engine               - Initializing environment variables
11:52:38.008 [FXGL Background Thread 1 ] DEBUG WindowService        - Applying CSS: fxgl_dark.css
11:52:38.009 [FXGL Background Thread 1 ] DEBUG AssetLoaderService   - Loading from file system: /assets/ui/css/fxgl_dark.css
11:52:38.098 [FXGL Background Thread 1 ] DEBUG WindowService        - Initializing application scenes
11:52:38.236 [FXGL Background Thread 1 ] DEBUG GameWorld            - Game world initialized
11:52:38.294 [FXGL Background Thread 1 ] DEBUG PhysicsWorld         - Physics world initialized: appHeight=600, physics.ppm=50.0
11:52:38.298 [FXGL Background Thread 1 ] DEBUG GameScene            - Game scene initialized: 800x600
11:52:38.336 [FXGL Background Thread 1 ] DEBUG AssetLoaderService   - Loading from file system: /assets/textures/particles/trace_horizontal.png
11:52:38.396 [FXGL Background Thread 1 ] DEBUG FXGL.DefaultMenu     - createMenuBodyGameMenu()
11:52:38.416 [FXGL Background Thread 1 ] DEBUG FXGL.DefaultMenu     - createOptionsMenu()
11:52:38.421 [FXGL Background Thread 1 ] DEBUG AssetLoaderService   - Loading from file system: /assets/textures/particles/smoke.png
11:52:38.492 [FXGL Background Thread 1 ] DEBUG WindowService        - Application scenes initialized
11:52:38.506 [FXGL Background Thread 1 ] DEBUG SystemBundleService  - Loading FXGL system data
11:52:38.509 [FXGL Background Thread 1 ] DEBUG FileSystemAccess     - Reading from: /home/ben/MicroCosm/system/fxgl.bundle
11:52:38.518 [FXGL Background Thread 1 ] DEBUG SystemBundleService  - Bundle FXGL: {}
11:52:38.519 [FXGL Background Thread 1 ] INFO  Engine               - FXGL initialization took: 0.605 sec
11:52:38.521 [FXGL Background Thread 1 ] DEBUG GameApplication      - Loading localizations
11:52:38.522 [FXGL Background Thread 1 ] DEBUG AssetLoaderService   - Loading from file system: /assets/languages/english.lang
11:52:38.537 [FXGL Background Thread 1 ] DEBUG AssetLoaderService   - Loading from file system: /assets/languages/french.lang
11:52:38.540 [FXGL Background Thread 1 ] DEBUG AssetLoaderService   - Loading from file system: /assets/languages/german.lang
11:52:38.542 [FXGL Background Thread 1 ] DEBUG AssetLoaderService   - Loading from file system: /assets/languages/hungarian.lang
11:52:38.547 [FXGL Background Thread 1 ] DEBUG AssetLoaderService   - Loading from file system: /assets/languages/russian.lang
11:52:38.550 [FXGL Background Thread 1 ] DEBUG GameApplication      - Registering font factories with UI factory
11:52:38.550 [FXGL Background Thread 1 ] DEBUG AssetLoaderService   - Loading from file system: /assets/ui/fonts/VarelaRound-Regular.ttf
11:52:38.570 [FXGL Background Thread 1 ] DEBUG AssetLoaderService   - Loading from file system: /assets/ui/fonts/Abel-Regular.ttf
11:52:38.573 [FXGL Background Thread 1 ] DEBUG AssetLoaderService   - Loading from file system: /assets/ui/fonts/lucida_console.ttf
11:52:38.576 [FXGL Background Thread 1 ] DEBUG AssetLoaderService   - Loading from file system: /assets/ui/fonts/Courier-Prime.ttf
11:52:38.580 [JavaFX Application Thread] DEBUG AssetLoaderService   - Loading from file system: /assets/textures/fxgl_icon.png
11:52:38.625 [JavaFX Application Thread] DEBUG AssetLoaderService   - Loading from file system: /assets/ui/cursors/fxgl_default.png
11:52:38.642 [JavaFX Application Thread] DEBUG Input                - Registered new binding: Screenshot - P
11:52:38.643 [JavaFX Application Thread] DEBUG Input                - Registered new binding: System info dump - CTRL+9
11:52:38.643 [JavaFX Application Thread] DEBUG Input                - Registered new binding: Restart - CTRL+R
11:52:38.644 [JavaFX Application Thread] DEBUG LoopRunner           - Starting loop
11:52:38.652 [JavaFX Application Thread] DEBUG FXGLStartupScene     - STARTUP
11:52:38.652 [JavaFX Application Thread] DEBUG WindowService        - Starting new game
11:52:38.653 [JavaFX Application Thread] DEBUG Input                - Clearing active input actions
11:52:38.669 [JavaFX Application Thread] DEBUG WindowService        - Removing overlay from FXGLStartupScene and adding to FXGLLoadingScene
11:52:38.669 [JavaFX Application Thread] DEBUG MainWindow           - FXGLStartupScene -> FXGLLoadingScene
11:52:38.669 [JavaFX Application Thread] DEBUG WindowService        - Clearing previous game
11:52:38.670 [JavaFX Application Thread] DEBUG GameScene            - Clearing game scene
11:52:38.670 [JavaFX Application Thread] DEBUG GameWorld            - Clearing game world
11:52:38.670 [JavaFX Application Thread] DEBUG PhysicsWorld         - Clearing physics world
11:52:38.671 [FXGL Background Thread 1 ] DEBUG GameApplication      - Initializing game
11:52:38.778 [JavaFX Application Thread] DEBUG LoopRunner           - Stopping loop
11:52:38.778 [JavaFX Application Thread] FATAL GameApplication      - Uncaught Exception:

Fatal exception occurred: java.lang.RuntimeException : Initialization failed
E: com.almasb.fxgl.app.GameApplication$InitAppTask.failed(GameApplication.java:423)
E: javafx.graphics/javafx.concurrent.Task.setState(Task.java:710)
E: javafx.graphics/javafx.concurrent.Task$TaskCallable.lambda$call$2(Task.java:1455)
E: javafx.graphics/com.sun.javafx.application.PlatformImpl.lambda$runLater$9(PlatformImpl.java:418)
E: java.base/java.security.AccessController.doPrivileged(Native Method)
E: javafx.graphics/com.sun.javafx.application.PlatformImpl.lambda$runLater$10(PlatformImpl.java:417)
E: javafx.graphics/com.sun.glass.ui.InvokeLaterDispatcher$Future.run(InvokeLaterDispatcher.java:96)
E: javafx.graphics/com.sun.glass.ui.gtk.GtkApplication._runLoop(Native Method)
E: javafx.graphics/com.sun.glass.ui.gtk.GtkApplication.lambda$runLoop$11(GtkApplication.java:277)
E: java.base/java.lang.Thread.run(Thread.java:834)

11:52:38.778 [JavaFX Application Thread] FATAL GameApplication      - Application will now exit
11:52:38.795 [JavaFX Application Thread] DEBUG MainWindow           - Push state: ErrorSubScene
11:52:38.796 [JavaFX Application Thread] DEBUG Input                - Clearing active input actions
11:52:38.806 [JavaFX Application Thread] DEBUG WindowService        - Removing overlay from FXGLLoadingScene and adding to ErrorSubScene
11:52:38.807 [JavaFX Application Thread] DEBUG MainWindow           - FXGLLoadingScene -> ErrorSubScene
11:52:41.520 [FXGL Background Thread 2 ] DEBUG Engine               - Logging environment variables
11:52:41.524 [FXGL Background Thread 2 ] DEBUG Engine               - achievements: []
11:52:41.524 [FXGL Background Thread 2 ] DEBUG Engine               - appIcon: fxgl_icon.png
11:52:41.524 [FXGL Background Thread 2 ] DEBUG Engine               - applicationMode: DEVELOPER
11:52:41.525 [FXGL Background Thread 2 ] DEBUG Engine               - cSSList: [fxgl_dark.css]
11:52:41.525 [FXGL Background Thread 2 ] DEBUG Engine               - configClass: Optional.empty
11:52:41.525 [FXGL Background Thread 2 ] DEBUG Engine               - credits: []
11:52:41.526 [FXGL Background Thread 2 ] DEBUG Engine               - devBBoxColorProperty: ObjectProperty [value: 0xff0000ff]
11:52:41.526 [FXGL Background Thread 2 ] DEBUG Engine               - devSensorColorProperty: ObjectProperty [value: 0xffff00ff]
11:52:41.526 [FXGL Background Thread 2 ] DEBUG Engine               - devShowBBoxProperty: BooleanProperty [value: false]
11:52:41.526 [FXGL Background Thread 2 ] DEBUG Engine               - devShowPositionProperty: BooleanProperty [value: false]
11:52:41.526 [FXGL Background Thread 2 ] DEBUG Engine               - enabledMenuItems: []
11:52:41.527 [FXGL Background Thread 2 ] DEBUG Engine               - engineServices: [class com.almasb.fxgl.app.GameApplication$GameApplicationService, class com.almasb.fxgl.app.services.WindowService, class com.almasb.fxgl.app.services.FXGLDialogService, class com.almasb.fxgl.app.services.IOTaskExecutorService, class com.almasb.fxgl.event.EventBusService, class com.almasb.fxgl.io.FileSystemService, class com.almasb.fxgl.localization.LocalizationService, class com.almasb.fxgl.app.services.AssetLoaderService, class com.almasb.fxgl.app.services.SystemBundleService, class com.almasb.fxgl.profile.SaveLoadService, class com.almasb.fxgl.ui.FXGLUIFactoryServiceProvider, class com.almasb.fxgl.ui.FXGLDialogFactoryServiceProvider, class com.almasb.fxgl.audio.AudioPlayer, class com.almasb.fxgl.notification.impl.NotificationServiceProvider, class com.almasb.fxgl.achievement.AchievementService, class com.almasb.fxgl.cutscene.CutsceneService, class com.almasb.fxgl.minigames.MiniGameService, class com.almasb.fxgl.net.NetService, class com.almasb.fxgl.app.services.UpdaterService, class com.almasb.fxgl.dev.DevService]
11:52:41.527 [FXGL Background Thread 2 ] DEBUG Engine               - fontGame: Abel-Regular.ttf
11:52:41.527 [FXGL Background Thread 2 ] DEBUG Engine               - fontMono: lucida_console.ttf
11:52:41.527 [FXGL Background Thread 2 ] DEBUG Engine               - fontText: Courier-Prime.ttf
11:52:41.527 [FXGL Background Thread 2 ] DEBUG Engine               - fontUI: VarelaRound-Regular.ttf
11:52:41.527 [FXGL Background Thread 2 ] DEBUG Engine               - fullScreen: BooleanProperty [value: false]
11:52:41.527 [FXGL Background Thread 2 ] DEBUG Engine               - gameDifficulty: MEDIUM
11:52:41.528 [FXGL Background Thread 2 ] DEBUG Engine               - gameDifficultyProperty: ObjectProperty [value: MEDIUM]
11:52:41.528 [FXGL Background Thread 2 ] DEBUG Engine               - globalMusicVolume: 0.5
11:52:41.528 [FXGL Background Thread 2 ] DEBUG Engine               - globalMusicVolumeProperty: DoubleProperty [value: 0.5]
11:52:41.528 [FXGL Background Thread 2 ] DEBUG Engine               - globalSoundVolume: 0.5
11:52:41.528 [FXGL Background Thread 2 ] DEBUG Engine               - globalSoundVolumeProperty: DoubleProperty [value: 0.5]
11:52:41.528 [FXGL Background Thread 2 ] DEBUG Engine               - height: 600
11:52:41.529 [FXGL Background Thread 2 ] DEBUG Engine               - isAndroid: false
11:52:41.529 [FXGL Background Thread 2 ] DEBUG Engine               - isBrowser: false
11:52:41.529 [FXGL Background Thread 2 ] DEBUG Engine               - isClickFeedbackEnabled: false
11:52:41.529 [FXGL Background Thread 2 ] DEBUG Engine               - isCloseConfirmation: false
11:52:41.529 [FXGL Background Thread 2 ] DEBUG Engine               - isDesktop: true
11:52:41.530 [FXGL Background Thread 2 ] DEBUG Engine               - isDeveloperMenuEnabled: false
11:52:41.530 [FXGL Background Thread 2 ] DEBUG Engine               - isExperimentalNative: false
11:52:41.530 [FXGL Background Thread 2 ] DEBUG Engine               - isExperimentalTiledLargeMap: false
11:52:41.530 [FXGL Background Thread 2 ] DEBUG Engine               - isFullScreenAllowed: false
11:52:41.530 [FXGL Background Thread 2 ] DEBUG Engine               - isFullScreenFromStart: false
11:52:41.530 [FXGL Background Thread 2 ] DEBUG Engine               - isGameMenuEnabled: true
11:52:41.531 [FXGL Background Thread 2 ] DEBUG Engine               - isIOS: false
11:52:41.531 [FXGL Background Thread 2 ] DEBUG Engine               - isIntroEnabled: false
11:52:41.531 [FXGL Background Thread 2 ] DEBUG Engine               - isLinux: true
11:52:41.531 [FXGL Background Thread 2 ] DEBUG Engine               - isMac: false
11:52:41.531 [FXGL Background Thread 2 ] DEBUG Engine               - isMainMenuEnabled: false
11:52:41.531 [FXGL Background Thread 2 ] DEBUG Engine               - isManualResizeEnabled: false
11:52:41.531 [FXGL Background Thread 2 ] DEBUG Engine               - isMobile: false
11:52:41.532 [FXGL Background Thread 2 ] DEBUG Engine               - isPreserveResizeRatio: false
11:52:41.532 [FXGL Background Thread 2 ] DEBUG Engine               - isProfilingEnabled: false
11:52:41.532 [FXGL Background Thread 2 ] DEBUG Engine               - isSingleStep: false
11:52:41.532 [FXGL Background Thread 2 ] DEBUG Engine               - isUserProfileEnabled: false
11:52:41.532 [FXGL Background Thread 2 ] DEBUG Engine               - isWindows: false
11:52:41.532 [FXGL Background Thread 2 ] DEBUG Engine               - language: ObjectProperty [value: ENGLISH]
11:52:41.532 [FXGL Background Thread 2 ] DEBUG Engine               - mainWindow: com.almasb.fxgl.app.MainWindow@41abd05e
11:52:41.533 [FXGL Background Thread 2 ] DEBUG Engine               - menuKey: ESCAPE
11:52:41.533 [FXGL Background Thread 2 ] DEBUG Engine               - notificationViewClass: class com.almasb.fxgl.notification.view.XboxNotificationView
11:52:41.533 [FXGL Background Thread 2 ] DEBUG Engine               - pixelsPerMeter: 50.0
11:52:41.533 [FXGL Background Thread 2 ] DEBUG Engine               - platform: LINUX
11:52:41.533 [FXGL Background Thread 2 ] DEBUG Engine               - profileDir: profiles/
11:52:41.533 [FXGL Background Thread 2 ] DEBUG Engine               - profileName: StringProperty [value: DEFAULT]
11:52:41.533 [FXGL Background Thread 2 ] DEBUG Engine               - randomSeed: -1
11:52:41.534 [FXGL Background Thread 2 ] DEBUG Engine               - runtimeInfo: RuntimeInfo(platform=LINUX, version=11.9, build=27.05.2020 17.06)
11:52:41.534 [FXGL Background Thread 2 ] DEBUG Engine               - saveFileExt: sav
11:52:41.534 [FXGL Background Thread 2 ] DEBUG Engine               - sceneFactory: com.almasb.fxgl.app.scene.SceneFactory@66bbcb2d
11:52:41.534 [FXGL Background Thread 2 ] DEBUG Engine               - secondsIn24h: 60
11:52:41.534 [FXGL Background Thread 2 ] DEBUG Engine               - settings: Title: Untitled
Version: 0.0
Width: 800
Height: 600
Fullscreen: false
Intro: false
Profiling: false
Single step:false
App Mode: DEVELOPER
Menu Key: ESCAPE
Stage Style: DECORATED
Scene Factory: class com.almasb.fxgl.app.scene.SceneFactory

11:52:41.534 [FXGL Background Thread 2 ] DEBUG Engine               - soundMenuBack: menu/back.wav
11:52:41.535 [FXGL Background Thread 2 ] DEBUG Engine               - soundMenuPress: menu/press.wav
11:52:41.535 [FXGL Background Thread 2 ] DEBUG Engine               - soundMenuSelect: menu/select.wav
11:52:41.535 [FXGL Background Thread 2 ] DEBUG Engine               - soundNotification: core/notification.wav
11:52:41.535 [FXGL Background Thread 2 ] DEBUG Engine               - stageStyle: DECORATED
11:52:41.535 [FXGL Background Thread 2 ] DEBUG Engine               - supportedLanguages: [ENGLISH, FRENCH, GERMAN, HUNGARIAN, RUSSIAN]
11:52:41.535 [FXGL Background Thread 2 ] DEBUG Engine               - title: Untitled
11:52:41.535 [FXGL Background Thread 2 ] DEBUG Engine               - urlGithub: https://github.com/AlmasB/FXGL
11:52:41.535 [FXGL Background Thread 2 ] DEBUG Engine               - urlLeaderboard: http://fxgl-top.herokuapp.com/
11:52:41.536 [FXGL Background Thread 2 ] DEBUG Engine               - urlPOM: https://raw.githubusercontent.com/AlmasB/FXGL/master/pom.xml
11:52:41.536 [FXGL Background Thread 2 ] DEBUG Engine               - version: 0.0
11:52:41.536 [FXGL Background Thread 2 ] DEBUG Engine               - versionCheckDays: 7
11:52:41.536 [FXGL Background Thread 2 ] DEBUG Engine               - width: 800
11:52:41.536 [FXGL Background Thread 2 ] DEBUG Engine               - Logging services
11:52:41.536 [FXGL Background Thread 2 ] DEBUG Engine               - class com.almasb.fxgl.app.GameApplication$GameApplicationService
11:52:41.536 [FXGL Background Thread 2 ] DEBUG Engine               - class com.almasb.fxgl.app.services.WindowService
11:52:41.536 [FXGL Background Thread 2 ] DEBUG Engine               - class com.almasb.fxgl.app.services.FXGLDialogService
11:52:41.536 [FXGL Background Thread 2 ] DEBUG Engine               - class com.almasb.fxgl.app.services.IOTaskExecutorService
11:52:41.536 [FXGL Background Thread 2 ] DEBUG Engine               - class com.almasb.fxgl.event.EventBusService
11:52:41.536 [FXGL Background Thread 2 ] DEBUG Engine               - class com.almasb.fxgl.io.FileSystemService
11:52:41.537 [FXGL Background Thread 2 ] DEBUG Engine               - class com.almasb.fxgl.localization.LocalizationService
11:52:41.537 [FXGL Background Thread 2 ] DEBUG Engine               - class com.almasb.fxgl.app.services.AssetLoaderService
11:52:41.537 [FXGL Background Thread 2 ] DEBUG Engine               - class com.almasb.fxgl.app.services.SystemBundleService
11:52:41.537 [FXGL Background Thread 2 ] DEBUG Engine               - class com.almasb.fxgl.profile.SaveLoadService
11:52:41.537 [FXGL Background Thread 2 ] DEBUG Engine               - class com.almasb.fxgl.ui.FXGLUIFactoryServiceProvider
11:52:41.537 [FXGL Background Thread 2 ] DEBUG Engine               - class com.almasb.fxgl.ui.FXGLDialogFactoryServiceProvider
11:52:41.537 [FXGL Background Thread 2 ] DEBUG Engine               - class com.almasb.fxgl.audio.AudioPlayer
11:52:41.537 [FXGL Background Thread 2 ] DEBUG Engine               - class com.almasb.fxgl.notification.impl.NotificationServiceProvider
11:52:41.537 [FXGL Background Thread 2 ] DEBUG Engine               - class com.almasb.fxgl.achievement.AchievementService
11:52:41.537 [FXGL Background Thread 2 ] DEBUG Engine               - class com.almasb.fxgl.cutscene.CutsceneService
11:52:41.537 [FXGL Background Thread 2 ] DEBUG Engine               - class com.almasb.fxgl.minigames.MiniGameService
11:52:41.537 [FXGL Background Thread 2 ] DEBUG Engine               - class com.almasb.fxgl.net.NetService
11:52:41.537 [FXGL Background Thread 2 ] DEBUG Engine               - class com.almasb.fxgl.app.services.UpdaterService
11:52:41.537 [FXGL Background Thread 2 ] DEBUG Engine               - class com.almasb.fxgl.dev.DevService
11:52:42.413 [JavaFX Application Thread] DEBUG GameApplication      - Exiting FXGL
11:52:42.413 [JavaFX Application Thread] DEBUG GameApplication      - Shutting down background threads
11:52:42.414 [JavaFX Application Thread] DEBUG GameApplication      - Closing logger and exiting JavaFX
