12:25:49.455 [main                     ] DEBUG GameApplication      - Logger initialized
12:25:49.491 [main                     ] DEBUG GameApplication      - Logging settings
Title: Untitled
Version: 0.0
Width: 800
Height: 600
Fullscreen: false
Intro: false
Profiling: false
Single step:false
App Mode: DEVELOPER
Menu Key: ESCAPE
Stage Style: DECORATED
Scene Factory: class com.almasb.fxgl.app.scene.SceneFactory

12:25:49.745 [JavaFX Application Thread] DEBUG GameApplication      - Initializing FXGL
12:25:49.761 [JavaFX Application Thread] INFO  Engine               - FXGL-11.9 (27.05.2020 17.06) on LINUX (J:11.0.5 FX:10.0.2-internal)
12:25:49.761 [JavaFX Application Thread] DEBUG Engine               - JRE Vendor Name: JetBrains s.r.o
12:25:49.761 [JavaFX Application Thread] DEBUG Engine               - Running on OS: Linux version 4.15.0-111-generic
12:25:49.761 [JavaFX Application Thread] DEBUG Engine               - Architecture: amd64
12:25:49.762 [JavaFX Application Thread] INFO  Engine               - Source code and latest versions at: https://github.com/AlmasB/FXGL
12:25:49.762 [JavaFX Application Thread] INFO  Engine               -              Join the FXGL chat at: https://gitter.im/AlmasB/FXGL
12:25:49.904 [JavaFX Application Thread] DEBUG MainWindow           - Creating a JavaFX scene
12:25:50.049 [JavaFX Application Thread] DEBUG MainWindow           - Target settings size: 800.0 x 600.0
12:25:50.050 [JavaFX Application Thread] DEBUG MainWindow           - Scaled scene size:    800.0 x 600.0
12:25:50.050 [JavaFX Application Thread] DEBUG MainWindow           - Scaled ratio: (1.0, 1.0)
12:25:50.053 [JavaFX Application Thread] DEBUG MainWindow           - Set initial scene to FXGLStartupScene
12:25:50.065 [JavaFX Application Thread] DEBUG MainWindow           - Opening main window
12:25:50.131 [JavaFX Application Thread] DEBUG MainWindow           - Window border size: (0.0, 30.0)
12:25:50.132 [JavaFX Application Thread] DEBUG MainWindow           - Scaled size: 800.0 x 600.0
12:25:50.132 [JavaFX Application Thread] DEBUG MainWindow           - Scaled ratio: (1.0, 1.0)
12:25:50.132 [JavaFX Application Thread] DEBUG MainWindow           - Scene size: 800.0 x 600.0
12:25:50.133 [JavaFX Application Thread] DEBUG MainWindow           - Stage size: 800.0 x 630.0
12:25:50.146 [FXGL Background Thread 1 ] DEBUG Engine               - Initializing environment variables
12:25:50.251 [FXGL Background Thread 1 ] DEBUG WindowService        - Applying CSS: fxgl_dark.css
12:25:50.252 [FXGL Background Thread 1 ] DEBUG AssetLoaderService   - Loading from file system: /assets/ui/css/fxgl_dark.css
12:25:50.338 [FXGL Background Thread 1 ] DEBUG WindowService        - Initializing application scenes
12:25:50.453 [FXGL Background Thread 1 ] DEBUG GameWorld            - Game world initialized
12:25:50.517 [FXGL Background Thread 1 ] DEBUG PhysicsWorld         - Physics world initialized: appHeight=600, physics.ppm=50.0
12:25:50.521 [FXGL Background Thread 1 ] DEBUG GameScene            - Game scene initialized: 800x600
12:25:50.560 [FXGL Background Thread 1 ] DEBUG AssetLoaderService   - Loading from file system: /assets/textures/particles/trace_horizontal.png
12:25:50.621 [FXGL Background Thread 1 ] DEBUG FXGL.DefaultMenu     - createMenuBodyGameMenu()
12:25:50.643 [FXGL Background Thread 1 ] DEBUG FXGL.DefaultMenu     - createOptionsMenu()
12:25:50.652 [FXGL Background Thread 1 ] DEBUG AssetLoaderService   - Loading from file system: /assets/textures/particles/smoke.png
12:25:50.732 [FXGL Background Thread 1 ] DEBUG WindowService        - Application scenes initialized
12:25:50.746 [FXGL Background Thread 1 ] DEBUG SystemBundleService  - Loading FXGL system data
12:25:50.750 [FXGL Background Thread 1 ] DEBUG FileSystemAccess     - Reading from: /home/ben/MicroCosm/system/fxgl.bundle
12:25:50.759 [FXGL Background Thread 1 ] DEBUG SystemBundleService  - Bundle FXGL: {}
12:25:50.759 [FXGL Background Thread 1 ] INFO  Engine               - FXGL initialization took: 0.611 sec
12:25:50.761 [FXGL Background Thread 1 ] DEBUG GameApplication      - Loading localizations
12:25:50.762 [FXGL Background Thread 1 ] DEBUG AssetLoaderService   - Loading from file system: /assets/languages/english.lang
12:25:50.777 [FXGL Background Thread 1 ] DEBUG AssetLoaderService   - Loading from file system: /assets/languages/french.lang
12:25:50.780 [FXGL Background Thread 1 ] DEBUG AssetLoaderService   - Loading from file system: /assets/languages/german.lang
12:25:50.783 [FXGL Background Thread 1 ] DEBUG AssetLoaderService   - Loading from file system: /assets/languages/hungarian.lang
12:25:50.790 [FXGL Background Thread 1 ] DEBUG AssetLoaderService   - Loading from file system: /assets/languages/russian.lang
12:25:50.794 [FXGL Background Thread 1 ] DEBUG GameApplication      - Registering font factories with UI factory
12:25:50.794 [FXGL Background Thread 1 ] DEBUG AssetLoaderService   - Loading from file system: /assets/ui/fonts/VarelaRound-Regular.ttf
12:25:50.816 [FXGL Background Thread 1 ] DEBUG AssetLoaderService   - Loading from file system: /assets/ui/fonts/Abel-Regular.ttf
12:25:50.818 [FXGL Background Thread 1 ] DEBUG AssetLoaderService   - Loading from file system: /assets/ui/fonts/lucida_console.ttf
12:25:50.821 [FXGL Background Thread 1 ] DEBUG AssetLoaderService   - Loading from file system: /assets/ui/fonts/Courier-Prime.ttf
12:25:50.827 [JavaFX Application Thread] DEBUG AssetLoaderService   - Loading from file system: /assets/textures/fxgl_icon.png
12:25:50.865 [JavaFX Application Thread] DEBUG AssetLoaderService   - Loading from file system: /assets/ui/cursors/fxgl_default.png
12:25:50.883 [JavaFX Application Thread] DEBUG Input                - Registered new binding: Screenshot - P
12:25:50.884 [JavaFX Application Thread] DEBUG Input                - Registered new binding: System info dump - CTRL+9
12:25:50.884 [JavaFX Application Thread] DEBUG Input                - Registered new binding: Restart - CTRL+R
12:25:50.885 [JavaFX Application Thread] DEBUG LoopRunner           - Starting loop
12:25:50.895 [JavaFX Application Thread] DEBUG FXGLStartupScene     - STARTUP
12:25:50.895 [JavaFX Application Thread] DEBUG WindowService        - Starting new game
12:25:50.896 [JavaFX Application Thread] DEBUG Input                - Clearing active input actions
12:25:50.915 [JavaFX Application Thread] DEBUG WindowService        - Removing overlay from FXGLStartupScene and adding to FXGLLoadingScene
12:25:50.916 [JavaFX Application Thread] DEBUG MainWindow           - FXGLStartupScene -> FXGLLoadingScene
12:25:50.916 [JavaFX Application Thread] DEBUG WindowService        - Clearing previous game
12:25:50.916 [JavaFX Application Thread] DEBUG GameScene            - Clearing game scene
12:25:50.916 [JavaFX Application Thread] DEBUG GameWorld            - Clearing game world
12:25:50.916 [JavaFX Application Thread] DEBUG PhysicsWorld         - Clearing physics world
12:25:50.918 [FXGL Background Thread 1 ] DEBUG GameApplication      - Initializing game
12:25:52.620 [FXGL Background Thread 1 ] DEBUG AssetLoaderService   - Loading from file system: /assets/textures/galaxies.jpg
12:25:52.928 [FXGL Background Thread 1 ] DEBUG AssetLoaderService   - Loading from file system: /assets/textures/bot2.png
12:25:52.931 [FXGL Background Thread 1 ] DEBUG Input                - Registered new binding: Up - Up
12:25:52.931 [FXGL Background Thread 1 ] DEBUG Input                - Registered new binding: Down - Down
12:25:52.931 [FXGL Background Thread 1 ] DEBUG Input                - Registered new binding: Left - Left
12:25:52.931 [FXGL Background Thread 1 ] DEBUG Input                - Registered new binding: Right - Right
12:25:52.936 [FXGL Background Thread 1 ] DEBUG Input                - Registered new binding: LeftClick - LMB
12:25:52.939 [FXGL Background Thread 1 ] INFO  GameApplication      - Game initialization took: 2.021 sec
12:25:52.939 [JavaFX Application Thread] DEBUG Input                - Clearing active input actions
12:25:52.956 [JavaFX Application Thread] DEBUG WindowService        - Removing overlay from FXGLLoadingScene and adding to GameScene
12:25:52.957 [JavaFX Application Thread] DEBUG MainWindow           - FXGLLoadingScene -> GameScene
12:25:53.220 [JavaFX Application Thread] DEBUG AssetLoaderService   - Loading from file system: /assets/textures/uranium.png
12:25:53.233 [JavaFX Application Thread] DEBUG AssetLoaderService   - Loading from cache: /assets/textures/uranium.png
12:25:53.235 [JavaFX Application Thread] DEBUG AssetLoaderService   - Loading from cache: /assets/textures/uranium.png
12:25:53.248 [JavaFX Application Thread] DEBUG AssetLoaderService   - Loading from cache: /assets/textures/uranium.png
12:25:53.250 [JavaFX Application Thread] DEBUG AssetLoaderService   - Loading from cache: /assets/textures/uranium.png
12:25:53.251 [JavaFX Application Thread] DEBUG AssetLoaderService   - Loading from cache: /assets/textures/uranium.png
12:25:53.253 [JavaFX Application Thread] DEBUG AssetLoaderService   - Loading from cache: /assets/textures/uranium.png
12:25:53.255 [JavaFX Application Thread] DEBUG AssetLoaderService   - Loading from cache: /assets/textures/uranium.png
12:25:53.262 [JavaFX Application Thread] DEBUG AssetLoaderService   - Loading from cache: /assets/textures/uranium.png
12:25:53.264 [JavaFX Application Thread] DEBUG AssetLoaderService   - Loading from cache: /assets/textures/uranium.png
12:25:53.274 [JavaFX Application Thread] DEBUG AssetLoaderService   - Loading from cache: /assets/textures/uranium.png
12:25:53.276 [JavaFX Application Thread] DEBUG AssetLoaderService   - Loading from cache: /assets/textures/uranium.png
12:25:53.278 [JavaFX Application Thread] DEBUG AssetLoaderService   - Loading from cache: /assets/textures/uranium.png
12:25:53.280 [JavaFX Application Thread] DEBUG AssetLoaderService   - Loading from cache: /assets/textures/uranium.png
12:25:53.281 [JavaFX Application Thread] DEBUG AssetLoaderService   - Loading from cache: /assets/textures/uranium.png
12:25:53.283 [JavaFX Application Thread] DEBUG AssetLoaderService   - Loading from cache: /assets/textures/uranium.png
12:25:53.285 [JavaFX Application Thread] DEBUG AssetLoaderService   - Loading from cache: /assets/textures/uranium.png
12:25:53.286 [JavaFX Application Thread] DEBUG AssetLoaderService   - Loading from cache: /assets/textures/uranium.png
12:25:53.287 [JavaFX Application Thread] DEBUG AssetLoaderService   - Loading from cache: /assets/textures/uranium.png
12:25:53.288 [JavaFX Application Thread] DEBUG AssetLoaderService   - Loading from cache: /assets/textures/uranium.png
12:25:53.288 [JavaFX Application Thread] DEBUG AssetLoaderService   - Loading from cache: /assets/textures/uranium.png
12:25:53.289 [JavaFX Application Thread] DEBUG AssetLoaderService   - Loading from cache: /assets/textures/uranium.png
12:25:53.290 [JavaFX Application Thread] DEBUG AssetLoaderService   - Loading from cache: /assets/textures/uranium.png
12:25:53.291 [JavaFX Application Thread] DEBUG AssetLoaderService   - Loading from cache: /assets/textures/uranium.png
12:25:53.292 [JavaFX Application Thread] DEBUG AssetLoaderService   - Loading from cache: /assets/textures/uranium.png
12:25:53.293 [JavaFX Application Thread] DEBUG AssetLoaderService   - Loading from cache: /assets/textures/uranium.png
12:25:53.294 [JavaFX Application Thread] DEBUG AssetLoaderService   - Loading from cache: /assets/textures/uranium.png
12:25:53.296 [JavaFX Application Thread] DEBUG AssetLoaderService   - Loading from cache: /assets/textures/uranium.png
12:25:53.298 [JavaFX Application Thread] DEBUG AssetLoaderService   - Loading from cache: /assets/textures/uranium.png
12:25:53.300 [JavaFX Application Thread] DEBUG AssetLoaderService   - Loading from cache: /assets/textures/uranium.png
12:25:53.301 [JavaFX Application Thread] DEBUG AssetLoaderService   - Loading from cache: /assets/textures/uranium.png
12:25:53.303 [JavaFX Application Thread] DEBUG AssetLoaderService   - Loading from cache: /assets/textures/uranium.png
12:25:53.305 [JavaFX Application Thread] DEBUG AssetLoaderService   - Loading from cache: /assets/textures/uranium.png
12:25:53.306 [JavaFX Application Thread] DEBUG AssetLoaderService   - Loading from cache: /assets/textures/uranium.png
12:25:53.308 [JavaFX Application Thread] DEBUG AssetLoaderService   - Loading from cache: /assets/textures/uranium.png
12:25:53.309 [JavaFX Application Thread] DEBUG AssetLoaderService   - Loading from cache: /assets/textures/uranium.png
12:25:53.311 [JavaFX Application Thread] DEBUG AssetLoaderService   - Loading from cache: /assets/textures/uranium.png
12:25:53.313 [JavaFX Application Thread] DEBUG AssetLoaderService   - Loading from cache: /assets/textures/uranium.png
12:25:53.314 [JavaFX Application Thread] DEBUG AssetLoaderService   - Loading from cache: /assets/textures/uranium.png
12:25:53.316 [JavaFX Application Thread] DEBUG AssetLoaderService   - Loading from cache: /assets/textures/uranium.png
12:25:53.317 [JavaFX Application Thread] DEBUG AssetLoaderService   - Loading from cache: /assets/textures/uranium.png
12:25:53.319 [JavaFX Application Thread] DEBUG AssetLoaderService   - Loading from cache: /assets/textures/uranium.png
12:25:53.321 [JavaFX Application Thread] DEBUG AssetLoaderService   - Loading from cache: /assets/textures/uranium.png
12:25:53.322 [JavaFX Application Thread] DEBUG AssetLoaderService   - Loading from cache: /assets/textures/uranium.png
12:25:53.324 [JavaFX Application Thread] DEBUG AssetLoaderService   - Loading from cache: /assets/textures/uranium.png
12:25:53.325 [JavaFX Application Thread] DEBUG AssetLoaderService   - Loading from cache: /assets/textures/uranium.png
12:25:53.326 [JavaFX Application Thread] DEBUG AssetLoaderService   - Loading from cache: /assets/textures/uranium.png
12:25:53.328 [JavaFX Application Thread] DEBUG AssetLoaderService   - Loading from cache: /assets/textures/uranium.png
12:25:53.329 [JavaFX Application Thread] DEBUG AssetLoaderService   - Loading from cache: /assets/textures/uranium.png
12:25:53.331 [JavaFX Application Thread] DEBUG AssetLoaderService   - Loading from cache: /assets/textures/uranium.png
12:25:53.333 [JavaFX Application Thread] DEBUG AssetLoaderService   - Loading from cache: /assets/textures/uranium.png
12:25:53.334 [JavaFX Application Thread] DEBUG AssetLoaderService   - Loading from cache: /assets/textures/uranium.png
12:25:53.336 [JavaFX Application Thread] DEBUG AssetLoaderService   - Loading from cache: /assets/textures/uranium.png
12:25:53.337 [JavaFX Application Thread] DEBUG AssetLoaderService   - Loading from cache: /assets/textures/uranium.png
12:25:53.339 [JavaFX Application Thread] DEBUG AssetLoaderService   - Loading from cache: /assets/textures/uranium.png
12:25:53.340 [JavaFX Application Thread] DEBUG AssetLoaderService   - Loading from cache: /assets/textures/uranium.png
12:25:53.341 [JavaFX Application Thread] DEBUG AssetLoaderService   - Loading from cache: /assets/textures/uranium.png
12:25:53.343 [JavaFX Application Thread] DEBUG AssetLoaderService   - Loading from cache: /assets/textures/uranium.png
12:25:53.344 [JavaFX Application Thread] DEBUG AssetLoaderService   - Loading from cache: /assets/textures/uranium.png
12:25:53.345 [JavaFX Application Thread] DEBUG AssetLoaderService   - Loading from cache: /assets/textures/uranium.png
12:25:53.346 [JavaFX Application Thread] DEBUG AssetLoaderService   - Loading from cache: /assets/textures/uranium.png
12:25:53.348 [JavaFX Application Thread] DEBUG AssetLoaderService   - Loading from cache: /assets/textures/uranium.png
12:25:53.349 [JavaFX Application Thread] DEBUG AssetLoaderService   - Loading from cache: /assets/textures/uranium.png
12:25:53.350 [JavaFX Application Thread] DEBUG AssetLoaderService   - Loading from cache: /assets/textures/uranium.png
12:25:53.351 [JavaFX Application Thread] DEBUG AssetLoaderService   - Loading from cache: /assets/textures/uranium.png
12:25:53.352 [JavaFX Application Thread] DEBUG AssetLoaderService   - Loading from cache: /assets/textures/uranium.png
12:25:53.353 [JavaFX Application Thread] DEBUG AssetLoaderService   - Loading from cache: /assets/textures/uranium.png
12:25:53.354 [JavaFX Application Thread] DEBUG AssetLoaderService   - Loading from cache: /assets/textures/uranium.png
12:25:53.355 [JavaFX Application Thread] DEBUG AssetLoaderService   - Loading from cache: /assets/textures/uranium.png
12:25:53.357 [JavaFX Application Thread] DEBUG AssetLoaderService   - Loading from cache: /assets/textures/uranium.png
12:25:53.358 [JavaFX Application Thread] DEBUG AssetLoaderService   - Loading from cache: /assets/textures/uranium.png
12:25:53.359 [JavaFX Application Thread] DEBUG AssetLoaderService   - Loading from cache: /assets/textures/uranium.png
12:25:53.360 [JavaFX Application Thread] DEBUG AssetLoaderService   - Loading from cache: /assets/textures/uranium.png
12:25:53.362 [JavaFX Application Thread] DEBUG AssetLoaderService   - Loading from cache: /assets/textures/uranium.png
12:25:53.363 [JavaFX Application Thread] DEBUG AssetLoaderService   - Loading from cache: /assets/textures/uranium.png
12:25:53.364 [JavaFX Application Thread] DEBUG AssetLoaderService   - Loading from cache: /assets/textures/uranium.png
12:25:53.365 [JavaFX Application Thread] DEBUG AssetLoaderService   - Loading from cache: /assets/textures/uranium.png
12:25:53.366 [JavaFX Application Thread] DEBUG AssetLoaderService   - Loading from cache: /assets/textures/uranium.png
12:25:53.367 [JavaFX Application Thread] DEBUG AssetLoaderService   - Loading from cache: /assets/textures/uranium.png
12:25:53.368 [JavaFX Application Thread] DEBUG AssetLoaderService   - Loading from cache: /assets/textures/uranium.png
12:25:53.369 [JavaFX Application Thread] DEBUG AssetLoaderService   - Loading from cache: /assets/textures/uranium.png
12:25:53.370 [JavaFX Application Thread] DEBUG AssetLoaderService   - Loading from cache: /assets/textures/uranium.png
12:25:53.371 [JavaFX Application Thread] DEBUG AssetLoaderService   - Loading from cache: /assets/textures/uranium.png
12:25:53.372 [JavaFX Application Thread] DEBUG AssetLoaderService   - Loading from cache: /assets/textures/uranium.png
12:25:53.373 [JavaFX Application Thread] DEBUG AssetLoaderService   - Loading from cache: /assets/textures/uranium.png
12:25:53.375 [JavaFX Application Thread] DEBUG AssetLoaderService   - Loading from cache: /assets/textures/uranium.png
12:25:53.376 [JavaFX Application Thread] DEBUG AssetLoaderService   - Loading from cache: /assets/textures/uranium.png
12:25:53.377 [JavaFX Application Thread] DEBUG AssetLoaderService   - Loading from cache: /assets/textures/uranium.png
12:25:53.378 [JavaFX Application Thread] DEBUG AssetLoaderService   - Loading from cache: /assets/textures/uranium.png
12:25:53.378 [JavaFX Application Thread] DEBUG AssetLoaderService   - Loading from cache: /assets/textures/uranium.png
12:25:53.379 [JavaFX Application Thread] DEBUG AssetLoaderService   - Loading from cache: /assets/textures/uranium.png
12:25:53.380 [JavaFX Application Thread] DEBUG AssetLoaderService   - Loading from cache: /assets/textures/uranium.png
12:25:53.381 [JavaFX Application Thread] DEBUG AssetLoaderService   - Loading from cache: /assets/textures/uranium.png
12:25:53.382 [JavaFX Application Thread] DEBUG AssetLoaderService   - Loading from cache: /assets/textures/uranium.png
12:25:53.383 [JavaFX Application Thread] DEBUG AssetLoaderService   - Loading from cache: /assets/textures/uranium.png
12:25:53.384 [JavaFX Application Thread] DEBUG AssetLoaderService   - Loading from cache: /assets/textures/uranium.png
12:25:53.385 [JavaFX Application Thread] DEBUG AssetLoaderService   - Loading from cache: /assets/textures/uranium.png
12:25:53.386 [JavaFX Application Thread] DEBUG AssetLoaderService   - Loading from cache: /assets/textures/uranium.png
12:25:53.387 [JavaFX Application Thread] DEBUG AssetLoaderService   - Loading from cache: /assets/textures/uranium.png
12:25:53.388 [JavaFX Application Thread] DEBUG AssetLoaderService   - Loading from cache: /assets/textures/uranium.png
12:25:53.389 [JavaFX Application Thread] DEBUG AssetLoaderService   - Loading from cache: /assets/textures/uranium.png
12:25:53.390 [JavaFX Application Thread] DEBUG AssetLoaderService   - Loading from cache: /assets/textures/uranium.png
12:25:53.391 [JavaFX Application Thread] DEBUG AssetLoaderService   - Loading from cache: /assets/textures/uranium.png
12:25:53.392 [JavaFX Application Thread] DEBUG AssetLoaderService   - Loading from cache: /assets/textures/uranium.png
12:25:53.393 [JavaFX Application Thread] DEBUG AssetLoaderService   - Loading from cache: /assets/textures/uranium.png
12:25:53.394 [JavaFX Application Thread] DEBUG AssetLoaderService   - Loading from cache: /assets/textures/uranium.png
12:25:53.395 [JavaFX Application Thread] DEBUG AssetLoaderService   - Loading from cache: /assets/textures/uranium.png
12:25:53.396 [JavaFX Application Thread] DEBUG AssetLoaderService   - Loading from cache: /assets/textures/uranium.png
12:25:53.397 [JavaFX Application Thread] DEBUG AssetLoaderService   - Loading from cache: /assets/textures/uranium.png
12:25:53.398 [JavaFX Application Thread] DEBUG AssetLoaderService   - Loading from cache: /assets/textures/uranium.png
12:25:53.399 [JavaFX Application Thread] DEBUG AssetLoaderService   - Loading from cache: /assets/textures/uranium.png
12:25:53.400 [JavaFX Application Thread] DEBUG AssetLoaderService   - Loading from cache: /assets/textures/uranium.png
12:25:53.401 [JavaFX Application Thread] DEBUG AssetLoaderService   - Loading from cache: /assets/textures/uranium.png
12:25:53.402 [JavaFX Application Thread] DEBUG AssetLoaderService   - Loading from cache: /assets/textures/uranium.png
12:25:53.403 [JavaFX Application Thread] DEBUG AssetLoaderService   - Loading from cache: /assets/textures/uranium.png
12:25:53.404 [JavaFX Application Thread] DEBUG AssetLoaderService   - Loading from cache: /assets/textures/uranium.png
12:25:53.405 [JavaFX Application Thread] DEBUG AssetLoaderService   - Loading from cache: /assets/textures/uranium.png
12:25:53.406 [JavaFX Application Thread] DEBUG AssetLoaderService   - Loading from cache: /assets/textures/uranium.png
12:25:53.407 [JavaFX Application Thread] DEBUG AssetLoaderService   - Loading from cache: /assets/textures/uranium.png
12:25:53.408 [JavaFX Application Thread] DEBUG AssetLoaderService   - Loading from cache: /assets/textures/uranium.png
12:25:53.409 [JavaFX Application Thread] DEBUG AssetLoaderService   - Loading from cache: /assets/textures/uranium.png
12:25:53.409 [JavaFX Application Thread] DEBUG AssetLoaderService   - Loading from cache: /assets/textures/uranium.png
12:25:53.410 [JavaFX Application Thread] DEBUG AssetLoaderService   - Loading from cache: /assets/textures/uranium.png
12:25:53.411 [JavaFX Application Thread] DEBUG AssetLoaderService   - Loading from cache: /assets/textures/uranium.png
12:25:53.412 [JavaFX Application Thread] DEBUG AssetLoaderService   - Loading from cache: /assets/textures/uranium.png
12:25:53.413 [JavaFX Application Thread] DEBUG AssetLoaderService   - Loading from cache: /assets/textures/uranium.png
12:25:53.415 [JavaFX Application Thread] DEBUG AssetLoaderService   - Loading from cache: /assets/textures/uranium.png
12:25:53.416 [JavaFX Application Thread] DEBUG AssetLoaderService   - Loading from cache: /assets/textures/uranium.png
12:25:53.416 [JavaFX Application Thread] DEBUG AssetLoaderService   - Loading from cache: /assets/textures/uranium.png
12:25:53.417 [JavaFX Application Thread] DEBUG AssetLoaderService   - Loading from cache: /assets/textures/uranium.png
12:25:53.418 [JavaFX Application Thread] DEBUG AssetLoaderService   - Loading from cache: /assets/textures/uranium.png
12:25:53.419 [JavaFX Application Thread] DEBUG AssetLoaderService   - Loading from cache: /assets/textures/uranium.png
12:25:53.420 [JavaFX Application Thread] DEBUG AssetLoaderService   - Loading from cache: /assets/textures/uranium.png
12:25:53.421 [JavaFX Application Thread] DEBUG AssetLoaderService   - Loading from cache: /assets/textures/uranium.png
12:25:53.426 [JavaFX Application Thread] DEBUG AssetLoaderService   - Loading from file system: /assets/textures/coal.png
12:25:53.428 [JavaFX Application Thread] DEBUG AssetLoaderService   - Loading from file system: /assets/textures/stone.png
12:25:53.428 [JavaFX Application Thread] DEBUG AssetLoaderService   - Loading from cache: /assets/textures/stone.png
12:25:53.429 [JavaFX Application Thread] DEBUG AssetLoaderService   - Loading from cache: /assets/textures/stone.png
12:25:53.430 [JavaFX Application Thread] DEBUG AssetLoaderService   - Loading from file system: /assets/textures/iron.png
12:25:53.431 [JavaFX Application Thread] DEBUG AssetLoaderService   - Loading from cache: /assets/textures/iron.png
12:25:53.431 [JavaFX Application Thread] DEBUG AssetLoaderService   - Loading from cache: /assets/textures/iron.png
12:25:53.432 [JavaFX Application Thread] DEBUG AssetLoaderService   - Loading from cache: /assets/textures/iron.png
12:25:53.432 [JavaFX Application Thread] DEBUG AssetLoaderService   - Loading from cache: /assets/textures/stone.png
12:25:53.432 [JavaFX Application Thread] DEBUG AssetLoaderService   - Loading from cache: /assets/textures/stone.png
12:25:53.433 [JavaFX Application Thread] DEBUG AssetLoaderService   - Loading from cache: /assets/textures/stone.png
12:25:53.433 [JavaFX Application Thread] DEBUG AssetLoaderService   - Loading from cache: /assets/textures/iron.png
12:25:53.434 [JavaFX Application Thread] DEBUG AssetLoaderService   - Loading from cache: /assets/textures/stone.png
12:25:53.435 [JavaFX Application Thread] DEBUG AssetLoaderService   - Loading from cache: /assets/textures/coal.png
12:25:53.435 [JavaFX Application Thread] DEBUG AssetLoaderService   - Loading from cache: /assets/textures/stone.png
12:25:53.436 [JavaFX Application Thread] DEBUG AssetLoaderService   - Loading from cache: /assets/textures/iron.png
12:25:53.436 [JavaFX Application Thread] DEBUG AssetLoaderService   - Loading from cache: /assets/textures/iron.png
12:25:53.437 [JavaFX Application Thread] DEBUG AssetLoaderService   - Loading from cache: /assets/textures/iron.png
12:25:53.438 [JavaFX Application Thread] DEBUG AssetLoaderService   - Loading from cache: /assets/textures/iron.png
12:25:53.438 [JavaFX Application Thread] DEBUG AssetLoaderService   - Loading from cache: /assets/textures/iron.png
12:25:53.439 [JavaFX Application Thread] DEBUG AssetLoaderService   - Loading from cache: /assets/textures/iron.png
12:25:53.439 [JavaFX Application Thread] DEBUG AssetLoaderService   - Loading from cache: /assets/textures/iron.png
12:25:53.439 [JavaFX Application Thread] DEBUG AssetLoaderService   - Loading from cache: /assets/textures/iron.png
12:25:53.440 [JavaFX Application Thread] DEBUG AssetLoaderService   - Loading from cache: /assets/textures/iron.png
12:25:53.440 [JavaFX Application Thread] DEBUG AssetLoaderService   - Loading from cache: /assets/textures/iron.png
12:25:53.441 [JavaFX Application Thread] DEBUG AssetLoaderService   - Loading from cache: /assets/textures/iron.png
12:25:53.441 [JavaFX Application Thread] DEBUG AssetLoaderService   - Loading from cache: /assets/textures/iron.png
12:25:53.442 [JavaFX Application Thread] DEBUG AssetLoaderService   - Loading from cache: /assets/textures/iron.png
12:25:53.442 [JavaFX Application Thread] DEBUG AssetLoaderService   - Loading from cache: /assets/textures/iron.png
12:25:53.442 [JavaFX Application Thread] DEBUG AssetLoaderService   - Loading from cache: /assets/textures/iron.png
12:25:53.443 [JavaFX Application Thread] DEBUG AssetLoaderService   - Loading from cache: /assets/textures/iron.png
12:25:53.443 [JavaFX Application Thread] DEBUG AssetLoaderService   - Loading from cache: /assets/textures/iron.png
12:25:53.444 [JavaFX Application Thread] DEBUG AssetLoaderService   - Loading from cache: /assets/textures/iron.png
12:25:53.444 [JavaFX Application Thread] DEBUG AssetLoaderService   - Loading from cache: /assets/textures/iron.png
12:25:53.444 [JavaFX Application Thread] DEBUG AssetLoaderService   - Loading from cache: /assets/textures/iron.png
12:25:53.445 [JavaFX Application Thread] DEBUG AssetLoaderService   - Loading from cache: /assets/textures/iron.png
12:25:53.445 [JavaFX Application Thread] DEBUG AssetLoaderService   - Loading from cache: /assets/textures/iron.png
12:25:53.446 [JavaFX Application Thread] DEBUG AssetLoaderService   - Loading from cache: /assets/textures/iron.png
12:25:53.446 [JavaFX Application Thread] DEBUG AssetLoaderService   - Loading from cache: /assets/textures/iron.png
12:25:53.447 [JavaFX Application Thread] DEBUG AssetLoaderService   - Loading from cache: /assets/textures/iron.png
12:25:53.447 [JavaFX Application Thread] DEBUG AssetLoaderService   - Loading from cache: /assets/textures/iron.png
12:25:53.447 [JavaFX Application Thread] DEBUG AssetLoaderService   - Loading from cache: /assets/textures/iron.png
12:25:53.448 [JavaFX Application Thread] DEBUG AssetLoaderService   - Loading from cache: /assets/textures/iron.png
12:25:53.448 [JavaFX Application Thread] DEBUG AssetLoaderService   - Loading from cache: /assets/textures/iron.png
12:25:53.449 [JavaFX Application Thread] DEBUG AssetLoaderService   - Loading from cache: /assets/textures/iron.png
12:25:53.449 [JavaFX Application Thread] DEBUG AssetLoaderService   - Loading from cache: /assets/textures/iron.png
12:25:53.449 [JavaFX Application Thread] DEBUG AssetLoaderService   - Loading from cache: /assets/textures/iron.png
12:25:53.450 [JavaFX Application Thread] DEBUG AssetLoaderService   - Loading from cache: /assets/textures/iron.png
12:25:53.451 [JavaFX Application Thread] DEBUG AssetLoaderService   - Loading from cache: /assets/textures/iron.png
12:25:53.451 [JavaFX Application Thread] DEBUG AssetLoaderService   - Loading from cache: /assets/textures/coal.png
12:25:53.452 [JavaFX Application Thread] DEBUG AssetLoaderService   - Loading from cache: /assets/textures/iron.png
12:25:53.452 [JavaFX Application Thread] DEBUG AssetLoaderService   - Loading from cache: /assets/textures/stone.png
12:25:53.453 [JavaFX Application Thread] DEBUG AssetLoaderService   - Loading from cache: /assets/textures/stone.png
12:25:53.453 [JavaFX Application Thread] DEBUG AssetLoaderService   - Loading from cache: /assets/textures/iron.png
12:25:53.453 [JavaFX Application Thread] DEBUG AssetLoaderService   - Loading from cache: /assets/textures/iron.png
12:25:53.454 [JavaFX Application Thread] DEBUG AssetLoaderService   - Loading from cache: /assets/textures/iron.png
12:25:53.454 [JavaFX Application Thread] DEBUG AssetLoaderService   - Loading from cache: /assets/textures/iron.png
12:25:53.455 [JavaFX Application Thread] DEBUG AssetLoaderService   - Loading from cache: /assets/textures/iron.png
12:25:53.455 [JavaFX Application Thread] DEBUG AssetLoaderService   - Loading from cache: /assets/textures/iron.png
12:25:53.455 [JavaFX Application Thread] DEBUG AssetLoaderService   - Loading from cache: /assets/textures/stone.png
12:25:53.456 [JavaFX Application Thread] DEBUG AssetLoaderService   - Loading from cache: /assets/textures/stone.png
12:25:53.456 [JavaFX Application Thread] DEBUG AssetLoaderService   - Loading from cache: /assets/textures/iron.png
12:25:53.457 [JavaFX Application Thread] DEBUG AssetLoaderService   - Loading from cache: /assets/textures/stone.png
12:25:53.457 [JavaFX Application Thread] DEBUG AssetLoaderService   - Loading from cache: /assets/textures/stone.png
12:25:53.458 [JavaFX Application Thread] DEBUG AssetLoaderService   - Loading from cache: /assets/textures/stone.png
12:25:53.458 [JavaFX Application Thread] DEBUG AssetLoaderService   - Loading from cache: /assets/textures/stone.png
12:25:53.458 [JavaFX Application Thread] DEBUG AssetLoaderService   - Loading from cache: /assets/textures/stone.png
12:25:53.459 [JavaFX Application Thread] DEBUG AssetLoaderService   - Loading from cache: /assets/textures/iron.png
12:25:53.459 [JavaFX Application Thread] DEBUG AssetLoaderService   - Loading from cache: /assets/textures/stone.png
12:25:53.459 [JavaFX Application Thread] DEBUG AssetLoaderService   - Loading from cache: /assets/textures/stone.png
12:25:53.460 [JavaFX Application Thread] DEBUG AssetLoaderService   - Loading from cache: /assets/textures/stone.png
12:25:53.460 [JavaFX Application Thread] DEBUG AssetLoaderService   - Loading from cache: /assets/textures/stone.png
12:25:53.460 [JavaFX Application Thread] DEBUG AssetLoaderService   - Loading from cache: /assets/textures/stone.png
12:25:53.461 [JavaFX Application Thread] DEBUG AssetLoaderService   - Loading from cache: /assets/textures/stone.png
12:25:53.461 [JavaFX Application Thread] DEBUG AssetLoaderService   - Loading from cache: /assets/textures/stone.png
12:25:53.462 [JavaFX Application Thread] DEBUG AssetLoaderService   - Loading from cache: /assets/textures/stone.png
12:25:53.462 [JavaFX Application Thread] DEBUG AssetLoaderService   - Loading from cache: /assets/textures/stone.png
12:25:53.463 [JavaFX Application Thread] DEBUG AssetLoaderService   - Loading from cache: /assets/textures/stone.png
12:25:53.463 [JavaFX Application Thread] DEBUG AssetLoaderService   - Loading from cache: /assets/textures/stone.png
12:25:53.463 [JavaFX Application Thread] DEBUG AssetLoaderService   - Loading from cache: /assets/textures/stone.png
12:25:53.464 [JavaFX Application Thread] DEBUG AssetLoaderService   - Loading from cache: /assets/textures/stone.png
12:25:53.464 [JavaFX Application Thread] DEBUG AssetLoaderService   - Loading from cache: /assets/textures/stone.png
12:25:53.464 [JavaFX Application Thread] DEBUG AssetLoaderService   - Loading from cache: /assets/textures/stone.png
12:25:53.465 [JavaFX Application Thread] DEBUG AssetLoaderService   - Loading from cache: /assets/textures/stone.png
12:25:53.465 [JavaFX Application Thread] DEBUG AssetLoaderService   - Loading from cache: /assets/textures/stone.png
12:25:53.466 [JavaFX Application Thread] DEBUG AssetLoaderService   - Loading from cache: /assets/textures/stone.png
12:25:53.466 [JavaFX Application Thread] DEBUG AssetLoaderService   - Loading from cache: /assets/textures/stone.png
12:25:53.466 [JavaFX Application Thread] DEBUG AssetLoaderService   - Loading from cache: /assets/textures/stone.png
12:25:53.467 [JavaFX Application Thread] DEBUG AssetLoaderService   - Loading from cache: /assets/textures/stone.png
12:25:53.467 [JavaFX Application Thread] DEBUG AssetLoaderService   - Loading from cache: /assets/textures/stone.png
12:25:53.467 [JavaFX Application Thread] DEBUG AssetLoaderService   - Loading from cache: /assets/textures/stone.png
12:25:53.468 [JavaFX Application Thread] DEBUG AssetLoaderService   - Loading from cache: /assets/textures/stone.png
12:25:53.468 [JavaFX Application Thread] DEBUG AssetLoaderService   - Loading from cache: /assets/textures/stone.png
12:25:53.469 [JavaFX Application Thread] DEBUG AssetLoaderService   - Loading from cache: /assets/textures/stone.png
12:25:53.469 [JavaFX Application Thread] DEBUG AssetLoaderService   - Loading from cache: /assets/textures/stone.png
12:25:53.469 [JavaFX Application Thread] DEBUG AssetLoaderService   - Loading from cache: /assets/textures/stone.png
12:25:53.470 [JavaFX Application Thread] DEBUG AssetLoaderService   - Loading from cache: /assets/textures/stone.png
12:25:53.470 [JavaFX Application Thread] DEBUG AssetLoaderService   - Loading from cache: /assets/textures/stone.png
12:25:53.471 [JavaFX Application Thread] DEBUG AssetLoaderService   - Loading from cache: /assets/textures/stone.png
12:25:53.471 [JavaFX Application Thread] DEBUG AssetLoaderService   - Loading from cache: /assets/textures/stone.png
12:25:53.471 [JavaFX Application Thread] DEBUG AssetLoaderService   - Loading from cache: /assets/textures/stone.png
12:25:53.472 [JavaFX Application Thread] DEBUG AssetLoaderService   - Loading from cache: /assets/textures/stone.png
12:25:53.472 [JavaFX Application Thread] DEBUG AssetLoaderService   - Loading from cache: /assets/textures/stone.png
12:25:53.472 [JavaFX Application Thread] DEBUG AssetLoaderService   - Loading from cache: /assets/textures/stone.png
12:25:53.473 [JavaFX Application Thread] DEBUG AssetLoaderService   - Loading from cache: /assets/textures/stone.png
12:25:53.473 [JavaFX Application Thread] DEBUG AssetLoaderService   - Loading from cache: /assets/textures/stone.png
12:25:53.474 [JavaFX Application Thread] DEBUG AssetLoaderService   - Loading from cache: /assets/textures/stone.png
12:25:53.474 [JavaFX Application Thread] DEBUG AssetLoaderService   - Loading from cache: /assets/textures/stone.png
12:25:53.475 [JavaFX Application Thread] DEBUG AssetLoaderService   - Loading from cache: /assets/textures/stone.png
12:25:53.475 [JavaFX Application Thread] DEBUG AssetLoaderService   - Loading from cache: /assets/textures/stone.png
12:25:53.476 [JavaFX Application Thread] DEBUG AssetLoaderService   - Loading from cache: /assets/textures/stone.png
12:25:53.476 [JavaFX Application Thread] DEBUG AssetLoaderService   - Loading from cache: /assets/textures/stone.png
12:25:53.476 [JavaFX Application Thread] DEBUG AssetLoaderService   - Loading from cache: /assets/textures/stone.png
12:25:53.477 [JavaFX Application Thread] DEBUG AssetLoaderService   - Loading from cache: /assets/textures/stone.png
12:25:53.477 [JavaFX Application Thread] DEBUG AssetLoaderService   - Loading from cache: /assets/textures/stone.png
12:25:53.477 [JavaFX Application Thread] DEBUG AssetLoaderService   - Loading from cache: /assets/textures/stone.png
12:25:53.478 [JavaFX Application Thread] DEBUG AssetLoaderService   - Loading from cache: /assets/textures/stone.png
12:25:53.478 [JavaFX Application Thread] DEBUG AssetLoaderService   - Loading from cache: /assets/textures/stone.png
12:25:53.479 [JavaFX Application Thread] DEBUG AssetLoaderService   - Loading from cache: /assets/textures/stone.png
12:25:53.479 [JavaFX Application Thread] DEBUG AssetLoaderService   - Loading from cache: /assets/textures/stone.png
12:25:53.480 [JavaFX Application Thread] DEBUG AssetLoaderService   - Loading from cache: /assets/textures/stone.png
12:25:53.480 [JavaFX Application Thread] DEBUG AssetLoaderService   - Loading from cache: /assets/textures/stone.png
12:25:53.480 [JavaFX Application Thread] DEBUG AssetLoaderService   - Loading from cache: /assets/textures/stone.png
12:25:53.481 [JavaFX Application Thread] DEBUG AssetLoaderService   - Loading from cache: /assets/textures/stone.png
12:25:53.481 [JavaFX Application Thread] DEBUG AssetLoaderService   - Loading from cache: /assets/textures/stone.png
12:25:53.482 [JavaFX Application Thread] DEBUG AssetLoaderService   - Loading from cache: /assets/textures/stone.png
12:25:53.482 [JavaFX Application Thread] DEBUG AssetLoaderService   - Loading from cache: /assets/textures/stone.png
12:25:53.483 [JavaFX Application Thread] DEBUG AssetLoaderService   - Loading from cache: /assets/textures/stone.png
12:25:53.483 [JavaFX Application Thread] DEBUG AssetLoaderService   - Loading from cache: /assets/textures/stone.png
12:25:53.483 [JavaFX Application Thread] DEBUG AssetLoaderService   - Loading from cache: /assets/textures/stone.png
12:25:53.484 [JavaFX Application Thread] DEBUG AssetLoaderService   - Loading from cache: /assets/textures/stone.png
12:25:53.484 [JavaFX Application Thread] DEBUG AssetLoaderService   - Loading from cache: /assets/textures/stone.png
12:25:53.484 [JavaFX Application Thread] DEBUG AssetLoaderService   - Loading from cache: /assets/textures/stone.png
12:25:53.485 [JavaFX Application Thread] DEBUG AssetLoaderService   - Loading from cache: /assets/textures/stone.png
12:25:53.729 [JavaFX Application Thread] DEBUG AssetLoaderService   - Loading from cache: /assets/textures/uranium.png
12:25:53.730 [JavaFX Application Thread] DEBUG AssetLoaderService   - Loading from cache: /assets/textures/uranium.png
12:25:53.730 [JavaFX Application Thread] DEBUG AssetLoaderService   - Loading from cache: /assets/textures/uranium.png
12:25:53.731 [JavaFX Application Thread] DEBUG AssetLoaderService   - Loading from cache: /assets/textures/uranium.png
12:25:53.731 [JavaFX Application Thread] DEBUG AssetLoaderService   - Loading from cache: /assets/textures/uranium.png
12:25:53.731 [JavaFX Application Thread] DEBUG AssetLoaderService   - Loading from cache: /assets/textures/uranium.png
12:25:53.732 [JavaFX Application Thread] DEBUG AssetLoaderService   - Loading from cache: /assets/textures/uranium.png
12:25:53.732 [JavaFX Application Thread] DEBUG AssetLoaderService   - Loading from cache: /assets/textures/uranium.png
12:25:53.732 [JavaFX Application Thread] DEBUG AssetLoaderService   - Loading from cache: /assets/textures/uranium.png
12:25:53.733 [JavaFX Application Thread] DEBUG AssetLoaderService   - Loading from cache: /assets/textures/uranium.png
12:25:53.733 [JavaFX Application Thread] DEBUG AssetLoaderService   - Loading from cache: /assets/textures/uranium.png
12:25:53.733 [JavaFX Application Thread] DEBUG AssetLoaderService   - Loading from cache: /assets/textures/uranium.png
12:25:53.734 [JavaFX Application Thread] DEBUG AssetLoaderService   - Loading from cache: /assets/textures/uranium.png
12:25:53.734 [JavaFX Application Thread] DEBUG AssetLoaderService   - Loading from cache: /assets/textures/uranium.png
12:25:53.735 [JavaFX Application Thread] DEBUG AssetLoaderService   - Loading from cache: /assets/textures/uranium.png
12:25:53.735 [JavaFX Application Thread] DEBUG AssetLoaderService   - Loading from cache: /assets/textures/uranium.png
12:25:53.735 [JavaFX Application Thread] DEBUG AssetLoaderService   - Loading from cache: /assets/textures/uranium.png
12:25:53.735 [JavaFX Application Thread] DEBUG AssetLoaderService   - Loading from cache: /assets/textures/uranium.png
12:25:53.736 [JavaFX Application Thread] DEBUG AssetLoaderService   - Loading from cache: /assets/textures/uranium.png
12:25:53.736 [JavaFX Application Thread] DEBUG AssetLoaderService   - Loading from cache: /assets/textures/uranium.png
12:25:53.737 [JavaFX Application Thread] DEBUG AssetLoaderService   - Loading from cache: /assets/textures/uranium.png
12:25:53.737 [JavaFX Application Thread] DEBUG AssetLoaderService   - Loading from cache: /assets/textures/uranium.png
12:25:53.737 [JavaFX Application Thread] DEBUG AssetLoaderService   - Loading from cache: /assets/textures/uranium.png
12:25:53.737 [JavaFX Application Thread] DEBUG AssetLoaderService   - Loading from cache: /assets/textures/uranium.png
12:25:53.738 [JavaFX Application Thread] DEBUG AssetLoaderService   - Loading from cache: /assets/textures/uranium.png
12:25:53.738 [JavaFX Application Thread] DEBUG AssetLoaderService   - Loading from cache: /assets/textures/uranium.png
12:25:53.739 [JavaFX Application Thread] DEBUG AssetLoaderService   - Loading from cache: /assets/textures/uranium.png
12:25:53.739 [JavaFX Application Thread] DEBUG AssetLoaderService   - Loading from cache: /assets/textures/uranium.png
12:25:53.740 [JavaFX Application Thread] DEBUG AssetLoaderService   - Loading from cache: /assets/textures/uranium.png
12:25:53.740 [JavaFX Application Thread] DEBUG AssetLoaderService   - Loading from cache: /assets/textures/uranium.png
12:25:53.740 [JavaFX Application Thread] DEBUG AssetLoaderService   - Loading from cache: /assets/textures/uranium.png
12:25:53.741 [JavaFX Application Thread] DEBUG AssetLoaderService   - Loading from cache: /assets/textures/uranium.png
12:25:53.741 [JavaFX Application Thread] DEBUG AssetLoaderService   - Loading from cache: /assets/textures/uranium.png
12:25:53.741 [JavaFX Application Thread] DEBUG AssetLoaderService   - Loading from cache: /assets/textures/uranium.png
12:25:53.742 [JavaFX Application Thread] DEBUG AssetLoaderService   - Loading from cache: /assets/textures/uranium.png
12:25:53.742 [JavaFX Application Thread] DEBUG AssetLoaderService   - Loading from cache: /assets/textures/uranium.png
12:25:53.742 [JavaFX Application Thread] DEBUG AssetLoaderService   - Loading from cache: /assets/textures/uranium.png
12:25:53.743 [JavaFX Application Thread] DEBUG AssetLoaderService   - Loading from cache: /assets/textures/uranium.png
12:25:53.743 [JavaFX Application Thread] DEBUG AssetLoaderService   - Loading from cache: /assets/textures/uranium.png
12:25:53.743 [JavaFX Application Thread] DEBUG AssetLoaderService   - Loading from cache: /assets/textures/uranium.png
12:25:53.744 [JavaFX Application Thread] DEBUG AssetLoaderService   - Loading from cache: /assets/textures/uranium.png
12:25:53.744 [JavaFX Application Thread] DEBUG AssetLoaderService   - Loading from cache: /assets/textures/uranium.png
12:25:53.745 [JavaFX Application Thread] DEBUG AssetLoaderService   - Loading from cache: /assets/textures/uranium.png
12:25:53.745 [JavaFX Application Thread] DEBUG AssetLoaderService   - Loading from cache: /assets/textures/uranium.png
12:25:53.746 [JavaFX Application Thread] DEBUG AssetLoaderService   - Loading from cache: /assets/textures/uranium.png
12:25:53.746 [JavaFX Application Thread] DEBUG AssetLoaderService   - Loading from cache: /assets/textures/uranium.png
12:25:53.747 [JavaFX Application Thread] DEBUG AssetLoaderService   - Loading from cache: /assets/textures/uranium.png
12:25:53.747 [JavaFX Application Thread] DEBUG AssetLoaderService   - Loading from cache: /assets/textures/uranium.png
12:25:53.747 [JavaFX Application Thread] DEBUG AssetLoaderService   - Loading from cache: /assets/textures/uranium.png
12:25:53.748 [JavaFX Application Thread] DEBUG AssetLoaderService   - Loading from cache: /assets/textures/uranium.png
12:25:53.748 [JavaFX Application Thread] DEBUG AssetLoaderService   - Loading from cache: /assets/textures/uranium.png
12:25:53.748 [JavaFX Application Thread] DEBUG AssetLoaderService   - Loading from cache: /assets/textures/uranium.png
12:25:53.749 [JavaFX Application Thread] DEBUG AssetLoaderService   - Loading from cache: /assets/textures/uranium.png
12:25:53.749 [JavaFX Application Thread] DEBUG AssetLoaderService   - Loading from cache: /assets/textures/uranium.png
12:25:53.749 [JavaFX Application Thread] DEBUG AssetLoaderService   - Loading from cache: /assets/textures/uranium.png
12:25:53.750 [JavaFX Application Thread] DEBUG AssetLoaderService   - Loading from cache: /assets/textures/uranium.png
12:25:53.750 [JavaFX Application Thread] DEBUG AssetLoaderService   - Loading from cache: /assets/textures/uranium.png
12:25:53.751 [JavaFX Application Thread] DEBUG AssetLoaderService   - Loading from cache: /assets/textures/uranium.png
12:25:53.751 [JavaFX Application Thread] DEBUG AssetLoaderService   - Loading from cache: /assets/textures/uranium.png
12:25:53.751 [JavaFX Application Thread] DEBUG AssetLoaderService   - Loading from cache: /assets/textures/uranium.png
12:25:53.752 [JavaFX Application Thread] DEBUG AssetLoaderService   - Loading from cache: /assets/textures/uranium.png
12:25:53.752 [JavaFX Application Thread] DEBUG AssetLoaderService   - Loading from cache: /assets/textures/uranium.png
12:25:53.752 [JavaFX Application Thread] DEBUG AssetLoaderService   - Loading from cache: /assets/textures/uranium.png
12:25:53.753 [JavaFX Application Thread] DEBUG AssetLoaderService   - Loading from cache: /assets/textures/uranium.png
12:25:53.753 [JavaFX Application Thread] DEBUG AssetLoaderService   - Loading from cache: /assets/textures/uranium.png
12:25:53.758 [JavaFX Application Thread] DEBUG AssetLoaderService   - Loading from cache: /assets/textures/coal.png
12:25:53.758 [JavaFX Application Thread] DEBUG AssetLoaderService   - Loading from cache: /assets/textures/stone.png
12:25:53.758 [JavaFX Application Thread] DEBUG AssetLoaderService   - Loading from cache: /assets/textures/stone.png
12:25:53.758 [JavaFX Application Thread] DEBUG AssetLoaderService   - Loading from cache: /assets/textures/stone.png
12:25:53.759 [JavaFX Application Thread] DEBUG AssetLoaderService   - Loading from cache: /assets/textures/iron.png
12:25:53.759 [JavaFX Application Thread] DEBUG AssetLoaderService   - Loading from cache: /assets/textures/iron.png
12:25:53.759 [JavaFX Application Thread] DEBUG AssetLoaderService   - Loading from cache: /assets/textures/iron.png
12:25:53.759 [JavaFX Application Thread] DEBUG AssetLoaderService   - Loading from cache: /assets/textures/iron.png
12:25:53.760 [JavaFX Application Thread] DEBUG AssetLoaderService   - Loading from cache: /assets/textures/stone.png
12:25:53.760 [JavaFX Application Thread] DEBUG AssetLoaderService   - Loading from cache: /assets/textures/stone.png
12:25:53.760 [FXGL Background Thread 2 ] DEBUG Engine               - Logging environment variables
12:25:53.760 [JavaFX Application Thread] DEBUG AssetLoaderService   - Loading from cache: /assets/textures/stone.png
12:25:53.761 [JavaFX Application Thread] DEBUG AssetLoaderService   - Loading from cache: /assets/textures/iron.png
12:25:53.761 [FXGL Background Thread 2 ] DEBUG Engine               - achievements: []
12:25:53.761 [FXGL Background Thread 2 ] DEBUG Engine               - appIcon: fxgl_icon.png
12:25:53.761 [FXGL Background Thread 2 ] DEBUG Engine               - applicationMode: DEVELOPER
12:25:53.761 [FXGL Background Thread 2 ] DEBUG Engine               - cSSList: [fxgl_dark.css]
12:25:53.761 [FXGL Background Thread 2 ] DEBUG Engine               - configClass: Optional.empty
12:25:53.761 [FXGL Background Thread 2 ] DEBUG Engine               - credits: []
12:25:53.761 [FXGL Background Thread 2 ] DEBUG Engine               - devBBoxColorProperty: ObjectProperty [value: 0xff0000ff]
12:25:53.761 [JavaFX Application Thread] DEBUG AssetLoaderService   - Loading from cache: /assets/textures/stone.png
12:25:53.761 [FXGL Background Thread 2 ] DEBUG Engine               - devSensorColorProperty: ObjectProperty [value: 0xffff00ff]
12:25:53.761 [FXGL Background Thread 2 ] DEBUG Engine               - devShowBBoxProperty: BooleanProperty [value: false]
12:25:53.761 [FXGL Background Thread 2 ] DEBUG Engine               - devShowPositionProperty: BooleanProperty [value: false]
12:25:53.761 [FXGL Background Thread 2 ] DEBUG Engine               - enabledMenuItems: []
12:25:53.761 [JavaFX Application Thread] DEBUG AssetLoaderService   - Loading from cache: /assets/textures/coal.png
12:25:53.761 [FXGL Background Thread 2 ] DEBUG Engine               - engineServices: [class com.almasb.fxgl.app.GameApplication$GameApplicationService, class com.almasb.fxgl.app.services.WindowService, class com.almasb.fxgl.app.services.FXGLDialogService, class com.almasb.fxgl.app.services.IOTaskExecutorService, class com.almasb.fxgl.event.EventBusService, class com.almasb.fxgl.io.FileSystemService, class com.almasb.fxgl.localization.LocalizationService, class com.almasb.fxgl.app.services.AssetLoaderService, class com.almasb.fxgl.app.services.SystemBundleService, class com.almasb.fxgl.profile.SaveLoadService, class com.almasb.fxgl.ui.FXGLUIFactoryServiceProvider, class com.almasb.fxgl.ui.FXGLDialogFactoryServiceProvider, class com.almasb.fxgl.audio.AudioPlayer, class com.almasb.fxgl.notification.impl.NotificationServiceProvider, class com.almasb.fxgl.achievement.AchievementService, class com.almasb.fxgl.cutscene.CutsceneService, class com.almasb.fxgl.minigames.MiniGameService, class com.almasb.fxgl.net.NetService, class com.almasb.fxgl.app.services.UpdaterService, class com.almasb.fxgl.dev.DevService]
12:25:53.761 [FXGL Background Thread 2 ] DEBUG Engine               - fontGame: Abel-Regular.ttf
12:25:53.761 [FXGL Background Thread 2 ] DEBUG Engine               - fontMono: lucida_console.ttf
12:25:53.761 [FXGL Background Thread 2 ] DEBUG Engine               - fontText: Courier-Prime.ttf
12:25:53.761 [FXGL Background Thread 2 ] DEBUG Engine               - fontUI: VarelaRound-Regular.ttf
12:25:53.761 [FXGL Background Thread 2 ] DEBUG Engine               - fullScreen: BooleanProperty [value: false]
12:25:53.761 [JavaFX Application Thread] DEBUG AssetLoaderService   - Loading from cache: /assets/textures/stone.png
12:25:53.761 [FXGL Background Thread 2 ] DEBUG Engine               - gameDifficulty: MEDIUM
12:25:53.761 [FXGL Background Thread 2 ] DEBUG Engine               - gameDifficultyProperty: ObjectProperty [value: MEDIUM]
12:25:53.762 [FXGL Background Thread 2 ] DEBUG Engine               - globalMusicVolume: 0.5
12:25:53.762 [JavaFX Application Thread] DEBUG AssetLoaderService   - Loading from cache: /assets/textures/iron.png
12:25:53.762 [FXGL Background Thread 2 ] DEBUG Engine               - globalMusicVolumeProperty: DoubleProperty [value: 0.5]
12:25:53.762 [FXGL Background Thread 2 ] DEBUG Engine               - globalSoundVolume: 0.5
12:25:53.762 [FXGL Background Thread 2 ] DEBUG Engine               - globalSoundVolumeProperty: DoubleProperty [value: 0.5]
12:25:53.762 [JavaFX Application Thread] DEBUG AssetLoaderService   - Loading from cache: /assets/textures/iron.png
12:25:53.762 [FXGL Background Thread 2 ] DEBUG Engine               - height: 600
12:25:53.762 [FXGL Background Thread 2 ] DEBUG Engine               - isAndroid: false
12:25:53.762 [FXGL Background Thread 2 ] DEBUG Engine               - isBrowser: false
12:25:53.762 [FXGL Background Thread 2 ] DEBUG Engine               - isClickFeedbackEnabled: false
12:25:53.762 [FXGL Background Thread 2 ] DEBUG Engine               - isCloseConfirmation: false
12:25:53.762 [JavaFX Application Thread] DEBUG AssetLoaderService   - Loading from cache: /assets/textures/iron.png
12:25:53.762 [FXGL Background Thread 2 ] DEBUG Engine               - isDesktop: true
12:25:53.762 [FXGL Background Thread 2 ] DEBUG Engine               - isDeveloperMenuEnabled: false
12:25:53.762 [FXGL Background Thread 2 ] DEBUG Engine               - isExperimentalNative: false
12:25:53.762 [FXGL Background Thread 2 ] DEBUG Engine               - isExperimentalTiledLargeMap: false
12:25:53.762 [FXGL Background Thread 2 ] DEBUG Engine               - isFullScreenAllowed: false
12:25:53.762 [JavaFX Application Thread] DEBUG AssetLoaderService   - Loading from cache: /assets/textures/iron.png
12:25:53.762 [FXGL Background Thread 2 ] DEBUG Engine               - isFullScreenFromStart: false
12:25:53.762 [FXGL Background Thread 2 ] DEBUG Engine               - isGameMenuEnabled: true
12:25:53.763 [FXGL Background Thread 2 ] DEBUG Engine               - isIOS: false
12:25:53.763 [FXGL Background Thread 2 ] DEBUG Engine               - isIntroEnabled: false
12:25:53.763 [JavaFX Application Thread] DEBUG AssetLoaderService   - Loading from cache: /assets/textures/iron.png
12:25:53.763 [FXGL Background Thread 2 ] DEBUG Engine               - isLinux: true
12:25:53.763 [FXGL Background Thread 2 ] DEBUG Engine               - isMac: false
12:25:53.763 [FXGL Background Thread 2 ] DEBUG Engine               - isMainMenuEnabled: false
12:25:53.763 [FXGL Background Thread 2 ] DEBUG Engine               - isManualResizeEnabled: false
12:25:53.763 [FXGL Background Thread 2 ] DEBUG Engine               - isMobile: false
12:25:53.763 [JavaFX Application Thread] DEBUG AssetLoaderService   - Loading from cache: /assets/textures/iron.png
12:25:53.763 [FXGL Background Thread 2 ] DEBUG Engine               - isPreserveResizeRatio: false
12:25:53.763 [FXGL Background Thread 2 ] DEBUG Engine               - isProfilingEnabled: false
12:25:53.763 [FXGL Background Thread 2 ] DEBUG Engine               - isSingleStep: false
12:25:53.763 [FXGL Background Thread 2 ] DEBUG Engine               - isUserProfileEnabled: false
12:25:53.763 [FXGL Background Thread 2 ] DEBUG Engine               - isWindows: false
12:25:53.763 [JavaFX Application Thread] DEBUG AssetLoaderService   - Loading from cache: /assets/textures/iron.png
12:25:53.763 [FXGL Background Thread 2 ] DEBUG Engine               - language: ObjectProperty [value: ENGLISH]
12:25:53.763 [FXGL Background Thread 2 ] DEBUG Engine               - mainWindow: com.almasb.fxgl.app.MainWindow@5bd76032
12:25:53.763 [FXGL Background Thread 2 ] DEBUG Engine               - menuKey: ESCAPE
12:25:53.763 [FXGL Background Thread 2 ] DEBUG Engine               - notificationViewClass: class com.almasb.fxgl.notification.view.XboxNotificationView
12:25:53.763 [FXGL Background Thread 2 ] DEBUG Engine               - pixelsPerMeter: 50.0
12:25:53.763 [JavaFX Application Thread] DEBUG AssetLoaderService   - Loading from cache: /assets/textures/iron.png
12:25:53.763 [FXGL Background Thread 2 ] DEBUG Engine               - platform: LINUX
12:25:53.763 [FXGL Background Thread 2 ] DEBUG Engine               - profileDir: profiles/
12:25:53.763 [FXGL Background Thread 2 ] DEBUG Engine               - profileName: StringProperty [value: DEFAULT]
12:25:53.764 [FXGL Background Thread 2 ] DEBUG Engine               - randomSeed: -1
12:25:53.764 [FXGL Background Thread 2 ] DEBUG Engine               - runtimeInfo: RuntimeInfo(platform=LINUX, version=11.9, build=27.05.2020 17.06)
12:25:53.764 [JavaFX Application Thread] DEBUG AssetLoaderService   - Loading from cache: /assets/textures/iron.png
12:25:53.764 [FXGL Background Thread 2 ] DEBUG Engine               - saveFileExt: sav
12:25:53.764 [FXGL Background Thread 2 ] DEBUG Engine               - sceneFactory: com.almasb.fxgl.app.scene.SceneFactory@233517d2
12:25:53.764 [FXGL Background Thread 2 ] DEBUG Engine               - secondsIn24h: 60
12:25:53.764 [FXGL Background Thread 2 ] DEBUG Engine               - settings: Title: Untitled
Version: 0.0
Width: 800
Height: 600
Fullscreen: false
Intro: false
Profiling: false
Single step:false
App Mode: DEVELOPER
Menu Key: ESCAPE
Stage Style: DECORATED
Scene Factory: class com.almasb.fxgl.app.scene.SceneFactory

12:25:53.764 [FXGL Background Thread 2 ] DEBUG Engine               - soundMenuBack: menu/back.wav
12:25:53.764 [FXGL Background Thread 2 ] DEBUG Engine               - soundMenuPress: menu/press.wav
12:25:53.764 [FXGL Background Thread 2 ] DEBUG Engine               - soundMenuSelect: menu/select.wav
12:25:53.764 [FXGL Background Thread 2 ] DEBUG Engine               - soundNotification: core/notification.wav
12:25:53.764 [FXGL Background Thread 2 ] DEBUG Engine               - stageStyle: DECORATED
12:25:53.764 [FXGL Background Thread 2 ] DEBUG Engine               - supportedLanguages: [ENGLISH, FRENCH, GERMAN, HUNGARIAN, RUSSIAN]
12:25:53.764 [JavaFX Application Thread] DEBUG AssetLoaderService   - Loading from cache: /assets/textures/iron.png
12:25:53.764 [FXGL Background Thread 2 ] DEBUG Engine               - title: Untitled
12:25:53.764 [FXGL Background Thread 2 ] DEBUG Engine               - urlGithub: https://github.com/AlmasB/FXGL
12:25:53.764 [FXGL Background Thread 2 ] DEBUG Engine               - urlLeaderboard: http://fxgl-top.herokuapp.com/
12:25:53.764 [FXGL Background Thread 2 ] DEBUG Engine               - urlPOM: https://raw.githubusercontent.com/AlmasB/FXGL/master/pom.xml
12:25:53.764 [FXGL Background Thread 2 ] DEBUG Engine               - version: 0.0
12:25:53.764 [FXGL Background Thread 2 ] DEBUG Engine               - versionCheckDays: 7
12:25:53.764 [FXGL Background Thread 2 ] DEBUG Engine               - width: 800
12:25:53.764 [FXGL Background Thread 2 ] DEBUG Engine               - Logging services
12:25:53.764 [JavaFX Application Thread] DEBUG AssetLoaderService   - Loading from cache: /assets/textures/iron.png
12:25:53.764 [FXGL Background Thread 2 ] DEBUG Engine               - class com.almasb.fxgl.app.GameApplication$GameApplicationService
12:25:53.764 [FXGL Background Thread 2 ] DEBUG Engine               - class com.almasb.fxgl.app.services.WindowService
12:25:53.765 [JavaFX Application Thread] DEBUG AssetLoaderService   - Loading from cache: /assets/textures/iron.png
12:25:53.764 [FXGL Background Thread 2 ] DEBUG Engine               - class com.almasb.fxgl.app.services.FXGLDialogService
12:25:53.765 [FXGL Background Thread 2 ] DEBUG Engine               - class com.almasb.fxgl.app.services.IOTaskExecutorService
12:25:53.765 [FXGL Background Thread 2 ] DEBUG Engine               - class com.almasb.fxgl.event.EventBusService
12:25:53.765 [FXGL Background Thread 2 ] DEBUG Engine               - class com.almasb.fxgl.io.FileSystemService
12:25:53.765 [FXGL Background Thread 2 ] DEBUG Engine               - class com.almasb.fxgl.localization.LocalizationService
12:25:53.765 [JavaFX Application Thread] DEBUG AssetLoaderService   - Loading from cache: /assets/textures/iron.png
12:25:53.765 [FXGL Background Thread 2 ] DEBUG Engine               - class com.almasb.fxgl.app.services.AssetLoaderService
12:25:53.765 [FXGL Background Thread 2 ] DEBUG Engine               - class com.almasb.fxgl.app.services.SystemBundleService
12:25:53.765 [FXGL Background Thread 2 ] DEBUG Engine               - class com.almasb.fxgl.profile.SaveLoadService
12:25:53.765 [FXGL Background Thread 2 ] DEBUG Engine               - class com.almasb.fxgl.ui.FXGLUIFactoryServiceProvider
12:25:53.765 [JavaFX Application Thread] DEBUG AssetLoaderService   - Loading from cache: /assets/textures/iron.png
12:25:53.765 [FXGL Background Thread 2 ] DEBUG Engine               - class com.almasb.fxgl.ui.FXGLDialogFactoryServiceProvider
12:25:53.765 [FXGL Background Thread 2 ] DEBUG Engine               - class com.almasb.fxgl.audio.AudioPlayer
12:25:53.765 [FXGL Background Thread 2 ] DEBUG Engine               - class com.almasb.fxgl.notification.impl.NotificationServiceProvider
12:25:53.765 [FXGL Background Thread 2 ] DEBUG Engine               - class com.almasb.fxgl.achievement.AchievementService
12:25:53.765 [FXGL Background Thread 2 ] DEBUG Engine               - class com.almasb.fxgl.cutscene.CutsceneService
12:25:53.765 [FXGL Background Thread 2 ] DEBUG Engine               - class com.almasb.fxgl.minigames.MiniGameService
12:25:53.766 [JavaFX Application Thread] DEBUG AssetLoaderService   - Loading from cache: /assets/textures/iron.png
12:25:53.766 [FXGL Background Thread 2 ] DEBUG Engine               - class com.almasb.fxgl.net.NetService
12:25:53.766 [FXGL Background Thread 2 ] DEBUG Engine               - class com.almasb.fxgl.app.services.UpdaterService
12:25:53.766 [FXGL Background Thread 2 ] DEBUG Engine               - class com.almasb.fxgl.dev.DevService
12:25:53.766 [JavaFX Application Thread] DEBUG AssetLoaderService   - Loading from cache: /assets/textures/iron.png
12:25:53.766 [JavaFX Application Thread] DEBUG AssetLoaderService   - Loading from cache: /assets/textures/iron.png
12:25:53.766 [JavaFX Application Thread] DEBUG AssetLoaderService   - Loading from cache: /assets/textures/iron.png
12:25:53.767 [JavaFX Application Thread] DEBUG AssetLoaderService   - Loading from cache: /assets/textures/iron.png
12:25:53.767 [JavaFX Application Thread] DEBUG AssetLoaderService   - Loading from cache: /assets/textures/iron.png
12:25:53.767 [JavaFX Application Thread] DEBUG AssetLoaderService   - Loading from cache: /assets/textures/iron.png
12:25:53.767 [JavaFX Application Thread] DEBUG AssetLoaderService   - Loading from cache: /assets/textures/iron.png
12:25:53.768 [JavaFX Application Thread] DEBUG AssetLoaderService   - Loading from cache: /assets/textures/iron.png
12:25:53.768 [JavaFX Application Thread] DEBUG AssetLoaderService   - Loading from cache: /assets/textures/iron.png
12:25:53.768 [JavaFX Application Thread] DEBUG AssetLoaderService   - Loading from cache: /assets/textures/iron.png
12:25:53.769 [JavaFX Application Thread] DEBUG AssetLoaderService   - Loading from cache: /assets/textures/coal.png
12:25:53.769 [JavaFX Application Thread] DEBUG AssetLoaderService   - Loading from cache: /assets/textures/iron.png
12:25:53.769 [JavaFX Application Thread] DEBUG AssetLoaderService   - Loading from cache: /assets/textures/stone.png
12:25:53.770 [JavaFX Application Thread] DEBUG AssetLoaderService   - Loading from cache: /assets/textures/iron.png
12:25:53.770 [JavaFX Application Thread] DEBUG AssetLoaderService   - Loading from cache: /assets/textures/stone.png
12:25:53.771 [JavaFX Application Thread] DEBUG AssetLoaderService   - Loading from cache: /assets/textures/stone.png
12:25:53.771 [JavaFX Application Thread] DEBUG AssetLoaderService   - Loading from cache: /assets/textures/stone.png
12:25:53.771 [JavaFX Application Thread] DEBUG AssetLoaderService   - Loading from cache: /assets/textures/stone.png
12:25:53.772 [JavaFX Application Thread] DEBUG AssetLoaderService   - Loading from cache: /assets/textures/stone.png
12:25:53.773 [JavaFX Application Thread] DEBUG AssetLoaderService   - Loading from cache: /assets/textures/stone.png
12:25:53.773 [JavaFX Application Thread] DEBUG AssetLoaderService   - Loading from cache: /assets/textures/stone.png
12:25:53.774 [JavaFX Application Thread] DEBUG AssetLoaderService   - Loading from cache: /assets/textures/stone.png
12:25:53.774 [JavaFX Application Thread] DEBUG AssetLoaderService   - Loading from cache: /assets/textures/stone.png
12:25:53.774 [JavaFX Application Thread] DEBUG AssetLoaderService   - Loading from cache: /assets/textures/stone.png
12:25:53.775 [JavaFX Application Thread] DEBUG AssetLoaderService   - Loading from cache: /assets/textures/stone.png
12:25:53.775 [JavaFX Application Thread] DEBUG AssetLoaderService   - Loading from cache: /assets/textures/stone.png
12:25:53.775 [JavaFX Application Thread] DEBUG AssetLoaderService   - Loading from cache: /assets/textures/stone.png
12:25:53.776 [JavaFX Application Thread] DEBUG AssetLoaderService   - Loading from cache: /assets/textures/stone.png
12:25:53.776 [JavaFX Application Thread] DEBUG AssetLoaderService   - Loading from cache: /assets/textures/stone.png
12:25:53.776 [JavaFX Application Thread] DEBUG AssetLoaderService   - Loading from cache: /assets/textures/stone.png
12:25:53.777 [JavaFX Application Thread] DEBUG AssetLoaderService   - Loading from cache: /assets/textures/stone.png
12:25:53.777 [JavaFX Application Thread] DEBUG AssetLoaderService   - Loading from cache: /assets/textures/stone.png
12:25:53.777 [JavaFX Application Thread] DEBUG AssetLoaderService   - Loading from cache: /assets/textures/stone.png
12:25:53.778 [JavaFX Application Thread] DEBUG AssetLoaderService   - Loading from cache: /assets/textures/stone.png
12:25:53.778 [JavaFX Application Thread] DEBUG AssetLoaderService   - Loading from cache: /assets/textures/stone.png
12:25:54.003 [JavaFX Application Thread] DEBUG AssetLoaderService   - Loading from cache: /assets/textures/uranium.png
12:25:54.004 [JavaFX Application Thread] DEBUG AssetLoaderService   - Loading from cache: /assets/textures/uranium.png
12:25:54.004 [JavaFX Application Thread] DEBUG AssetLoaderService   - Loading from cache: /assets/textures/uranium.png
12:25:54.005 [JavaFX Application Thread] DEBUG AssetLoaderService   - Loading from cache: /assets/textures/uranium.png
12:25:54.005 [JavaFX Application Thread] DEBUG AssetLoaderService   - Loading from cache: /assets/textures/uranium.png
12:25:54.005 [JavaFX Application Thread] DEBUG AssetLoaderService   - Loading from cache: /assets/textures/uranium.png
12:25:54.006 [JavaFX Application Thread] DEBUG AssetLoaderService   - Loading from cache: /assets/textures/uranium.png
12:25:54.006 [JavaFX Application Thread] DEBUG AssetLoaderService   - Loading from cache: /assets/textures/uranium.png
12:25:54.006 [JavaFX Application Thread] DEBUG AssetLoaderService   - Loading from cache: /assets/textures/uranium.png
12:25:54.006 [JavaFX Application Thread] DEBUG AssetLoaderService   - Loading from cache: /assets/textures/uranium.png
12:25:54.007 [JavaFX Application Thread] DEBUG AssetLoaderService   - Loading from cache: /assets/textures/uranium.png
12:25:54.007 [JavaFX Application Thread] DEBUG AssetLoaderService   - Loading from cache: /assets/textures/uranium.png
12:25:54.008 [JavaFX Application Thread] DEBUG AssetLoaderService   - Loading from cache: /assets/textures/uranium.png
12:25:54.008 [JavaFX Application Thread] DEBUG AssetLoaderService   - Loading from cache: /assets/textures/uranium.png
12:25:54.008 [JavaFX Application Thread] DEBUG AssetLoaderService   - Loading from cache: /assets/textures/uranium.png
12:25:54.009 [JavaFX Application Thread] DEBUG AssetLoaderService   - Loading from cache: /assets/textures/uranium.png
12:25:54.009 [JavaFX Application Thread] DEBUG AssetLoaderService   - Loading from cache: /assets/textures/uranium.png
12:25:54.010 [JavaFX Application Thread] DEBUG AssetLoaderService   - Loading from cache: /assets/textures/uranium.png
12:25:54.010 [JavaFX Application Thread] DEBUG AssetLoaderService   - Loading from cache: /assets/textures/uranium.png
12:25:54.011 [JavaFX Application Thread] DEBUG AssetLoaderService   - Loading from cache: /assets/textures/uranium.png
12:25:54.011 [JavaFX Application Thread] DEBUG AssetLoaderService   - Loading from cache: /assets/textures/uranium.png
12:25:54.011 [JavaFX Application Thread] DEBUG AssetLoaderService   - Loading from cache: /assets/textures/uranium.png
12:25:54.012 [JavaFX Application Thread] DEBUG AssetLoaderService   - Loading from cache: /assets/textures/uranium.png
12:25:54.012 [JavaFX Application Thread] DEBUG AssetLoaderService   - Loading from cache: /assets/textures/uranium.png
12:25:54.013 [JavaFX Application Thread] DEBUG AssetLoaderService   - Loading from cache: /assets/textures/uranium.png
12:25:54.013 [JavaFX Application Thread] DEBUG AssetLoaderService   - Loading from cache: /assets/textures/uranium.png
12:25:54.014 [JavaFX Application Thread] DEBUG AssetLoaderService   - Loading from cache: /assets/textures/uranium.png
12:25:54.014 [JavaFX Application Thread] DEBUG AssetLoaderService   - Loading from cache: /assets/textures/uranium.png
12:25:54.015 [JavaFX Application Thread] DEBUG AssetLoaderService   - Loading from cache: /assets/textures/uranium.png
12:25:54.015 [JavaFX Application Thread] DEBUG AssetLoaderService   - Loading from cache: /assets/textures/uranium.png
12:25:54.015 [JavaFX Application Thread] DEBUG AssetLoaderService   - Loading from cache: /assets/textures/uranium.png
12:25:54.016 [JavaFX Application Thread] DEBUG AssetLoaderService   - Loading from cache: /assets/textures/uranium.png
12:25:54.016 [JavaFX Application Thread] DEBUG AssetLoaderService   - Loading from cache: /assets/textures/uranium.png
12:25:54.017 [JavaFX Application Thread] DEBUG AssetLoaderService   - Loading from cache: /assets/textures/uranium.png
12:25:54.017 [JavaFX Application Thread] DEBUG AssetLoaderService   - Loading from cache: /assets/textures/uranium.png
12:25:54.017 [JavaFX Application Thread] DEBUG AssetLoaderService   - Loading from cache: /assets/textures/uranium.png
12:25:54.018 [JavaFX Application Thread] DEBUG AssetLoaderService   - Loading from cache: /assets/textures/uranium.png
12:25:54.018 [JavaFX Application Thread] DEBUG AssetLoaderService   - Loading from cache: /assets/textures/uranium.png
12:25:54.019 [JavaFX Application Thread] DEBUG AssetLoaderService   - Loading from cache: /assets/textures/uranium.png
12:25:54.019 [JavaFX Application Thread] DEBUG AssetLoaderService   - Loading from cache: /assets/textures/uranium.png
12:25:54.020 [JavaFX Application Thread] DEBUG AssetLoaderService   - Loading from cache: /assets/textures/uranium.png
12:25:54.021 [JavaFX Application Thread] DEBUG AssetLoaderService   - Loading from cache: /assets/textures/uranium.png
12:25:54.021 [JavaFX Application Thread] DEBUG AssetLoaderService   - Loading from cache: /assets/textures/uranium.png
12:25:54.022 [JavaFX Application Thread] DEBUG AssetLoaderService   - Loading from cache: /assets/textures/uranium.png
12:25:54.022 [JavaFX Application Thread] DEBUG AssetLoaderService   - Loading from cache: /assets/textures/uranium.png
12:25:54.023 [JavaFX Application Thread] DEBUG AssetLoaderService   - Loading from cache: /assets/textures/uranium.png
12:25:54.024 [JavaFX Application Thread] DEBUG AssetLoaderService   - Loading from cache: /assets/textures/uranium.png
12:25:54.024 [JavaFX Application Thread] DEBUG AssetLoaderService   - Loading from cache: /assets/textures/uranium.png
12:25:54.024 [JavaFX Application Thread] DEBUG AssetLoaderService   - Loading from cache: /assets/textures/uranium.png
12:25:54.025 [JavaFX Application Thread] DEBUG AssetLoaderService   - Loading from cache: /assets/textures/uranium.png
12:25:54.026 [JavaFX Application Thread] DEBUG AssetLoaderService   - Loading from cache: /assets/textures/uranium.png
12:25:54.026 [JavaFX Application Thread] DEBUG AssetLoaderService   - Loading from cache: /assets/textures/uranium.png
12:25:54.027 [JavaFX Application Thread] DEBUG AssetLoaderService   - Loading from cache: /assets/textures/uranium.png
12:25:54.027 [JavaFX Application Thread] DEBUG AssetLoaderService   - Loading from cache: /assets/textures/uranium.png
12:25:54.028 [JavaFX Application Thread] DEBUG AssetLoaderService   - Loading from cache: /assets/textures/uranium.png
12:25:54.028 [JavaFX Application Thread] DEBUG AssetLoaderService   - Loading from cache: /assets/textures/uranium.png
12:25:54.029 [JavaFX Application Thread] DEBUG AssetLoaderService   - Loading from cache: /assets/textures/uranium.png
12:25:54.029 [JavaFX Application Thread] DEBUG AssetLoaderService   - Loading from cache: /assets/textures/uranium.png
12:25:54.030 [JavaFX Application Thread] DEBUG AssetLoaderService   - Loading from cache: /assets/textures/uranium.png
12:25:54.030 [JavaFX Application Thread] DEBUG AssetLoaderService   - Loading from cache: /assets/textures/uranium.png
12:25:54.031 [JavaFX Application Thread] DEBUG AssetLoaderService   - Loading from cache: /assets/textures/uranium.png
12:25:54.031 [JavaFX Application Thread] DEBUG AssetLoaderService   - Loading from cache: /assets/textures/uranium.png
12:25:54.032 [JavaFX Application Thread] DEBUG AssetLoaderService   - Loading from cache: /assets/textures/uranium.png
12:25:54.032 [JavaFX Application Thread] DEBUG AssetLoaderService   - Loading from cache: /assets/textures/uranium.png
12:25:54.033 [JavaFX Application Thread] DEBUG AssetLoaderService   - Loading from cache: /assets/textures/uranium.png
12:25:54.041 [JavaFX Application Thread] DEBUG AssetLoaderService   - Loading from cache: /assets/textures/coal.png
12:25:54.041 [JavaFX Application Thread] DEBUG AssetLoaderService   - Loading from cache: /assets/textures/stone.png
12:25:54.042 [JavaFX Application Thread] DEBUG AssetLoaderService   - Loading from cache: /assets/textures/stone.png
12:25:54.042 [JavaFX Application Thread] DEBUG AssetLoaderService   - Loading from cache: /assets/textures/stone.png
12:25:54.042 [JavaFX Application Thread] DEBUG AssetLoaderService   - Loading from cache: /assets/textures/iron.png
12:25:54.043 [JavaFX Application Thread] DEBUG AssetLoaderService   - Loading from cache: /assets/textures/iron.png
12:25:54.043 [JavaFX Application Thread] DEBUG AssetLoaderService   - Loading from cache: /assets/textures/iron.png
12:25:54.044 [JavaFX Application Thread] DEBUG AssetLoaderService   - Loading from cache: /assets/textures/iron.png
12:25:54.044 [JavaFX Application Thread] DEBUG AssetLoaderService   - Loading from cache: /assets/textures/stone.png
12:25:54.044 [JavaFX Application Thread] DEBUG AssetLoaderService   - Loading from cache: /assets/textures/stone.png
12:25:54.045 [JavaFX Application Thread] DEBUG AssetLoaderService   - Loading from cache: /assets/textures/stone.png
12:25:54.045 [JavaFX Application Thread] DEBUG AssetLoaderService   - Loading from cache: /assets/textures/iron.png
12:25:54.046 [JavaFX Application Thread] DEBUG AssetLoaderService   - Loading from cache: /assets/textures/stone.png
12:25:54.046 [JavaFX Application Thread] DEBUG AssetLoaderService   - Loading from cache: /assets/textures/coal.png
12:25:54.046 [JavaFX Application Thread] DEBUG AssetLoaderService   - Loading from cache: /assets/textures/stone.png
12:25:54.047 [JavaFX Application Thread] DEBUG AssetLoaderService   - Loading from cache: /assets/textures/iron.png
12:25:54.047 [JavaFX Application Thread] DEBUG AssetLoaderService   - Loading from cache: /assets/textures/iron.png
12:25:54.047 [JavaFX Application Thread] DEBUG AssetLoaderService   - Loading from cache: /assets/textures/iron.png
12:25:54.048 [JavaFX Application Thread] DEBUG AssetLoaderService   - Loading from cache: /assets/textures/iron.png
12:25:54.048 [JavaFX Application Thread] DEBUG AssetLoaderService   - Loading from cache: /assets/textures/iron.png
12:25:54.048 [JavaFX Application Thread] DEBUG AssetLoaderService   - Loading from cache: /assets/textures/iron.png
12:25:54.049 [JavaFX Application Thread] DEBUG AssetLoaderService   - Loading from cache: /assets/textures/iron.png
12:25:54.049 [JavaFX Application Thread] DEBUG AssetLoaderService   - Loading from cache: /assets/textures/iron.png
12:25:54.049 [JavaFX Application Thread] DEBUG AssetLoaderService   - Loading from cache: /assets/textures/iron.png
12:25:54.050 [JavaFX Application Thread] DEBUG AssetLoaderService   - Loading from cache: /assets/textures/iron.png
12:25:54.050 [JavaFX Application Thread] DEBUG AssetLoaderService   - Loading from cache: /assets/textures/iron.png
12:25:54.050 [JavaFX Application Thread] DEBUG AssetLoaderService   - Loading from cache: /assets/textures/iron.png
12:25:54.050 [JavaFX Application Thread] DEBUG AssetLoaderService   - Loading from cache: /assets/textures/iron.png
12:25:54.051 [JavaFX Application Thread] DEBUG AssetLoaderService   - Loading from cache: /assets/textures/iron.png
12:25:54.051 [JavaFX Application Thread] DEBUG AssetLoaderService   - Loading from cache: /assets/textures/iron.png
12:25:54.052 [JavaFX Application Thread] DEBUG AssetLoaderService   - Loading from cache: /assets/textures/iron.png
12:25:54.052 [JavaFX Application Thread] DEBUG AssetLoaderService   - Loading from cache: /assets/textures/iron.png
12:25:54.053 [JavaFX Application Thread] DEBUG AssetLoaderService   - Loading from cache: /assets/textures/iron.png
12:25:54.053 [JavaFX Application Thread] DEBUG AssetLoaderService   - Loading from cache: /assets/textures/iron.png
12:25:54.053 [JavaFX Application Thread] DEBUG AssetLoaderService   - Loading from cache: /assets/textures/iron.png
12:25:54.054 [JavaFX Application Thread] DEBUG AssetLoaderService   - Loading from cache: /assets/textures/iron.png
12:25:54.054 [JavaFX Application Thread] DEBUG AssetLoaderService   - Loading from cache: /assets/textures/iron.png
12:25:54.055 [JavaFX Application Thread] DEBUG AssetLoaderService   - Loading from cache: /assets/textures/iron.png
12:25:54.055 [JavaFX Application Thread] DEBUG AssetLoaderService   - Loading from cache: /assets/textures/iron.png
12:25:54.055 [JavaFX Application Thread] DEBUG AssetLoaderService   - Loading from cache: /assets/textures/iron.png
12:25:54.056 [JavaFX Application Thread] DEBUG AssetLoaderService   - Loading from cache: /assets/textures/coal.png
12:25:54.057 [JavaFX Application Thread] DEBUG AssetLoaderService   - Loading from cache: /assets/textures/iron.png
12:25:54.057 [JavaFX Application Thread] DEBUG AssetLoaderService   - Loading from cache: /assets/textures/stone.png
12:25:54.058 [JavaFX Application Thread] DEBUG AssetLoaderService   - Loading from cache: /assets/textures/iron.png
12:25:54.058 [JavaFX Application Thread] DEBUG AssetLoaderService   - Loading from cache: /assets/textures/stone.png
12:25:54.059 [JavaFX Application Thread] DEBUG AssetLoaderService   - Loading from cache: /assets/textures/stone.png
12:25:54.060 [JavaFX Application Thread] DEBUG AssetLoaderService   - Loading from cache: /assets/textures/stone.png
12:25:54.060 [JavaFX Application Thread] DEBUG AssetLoaderService   - Loading from cache: /assets/textures/stone.png
12:25:54.061 [JavaFX Application Thread] DEBUG AssetLoaderService   - Loading from cache: /assets/textures/stone.png
12:25:54.061 [JavaFX Application Thread] DEBUG AssetLoaderService   - Loading from cache: /assets/textures/stone.png
12:25:54.062 [JavaFX Application Thread] DEBUG AssetLoaderService   - Loading from cache: /assets/textures/stone.png
12:25:54.062 [JavaFX Application Thread] DEBUG AssetLoaderService   - Loading from cache: /assets/textures/stone.png
12:25:54.063 [JavaFX Application Thread] DEBUG AssetLoaderService   - Loading from cache: /assets/textures/stone.png
12:25:54.064 [JavaFX Application Thread] DEBUG AssetLoaderService   - Loading from cache: /assets/textures/stone.png
12:25:54.064 [JavaFX Application Thread] DEBUG AssetLoaderService   - Loading from cache: /assets/textures/stone.png
12:25:54.065 [JavaFX Application Thread] DEBUG AssetLoaderService   - Loading from cache: /assets/textures/stone.png
12:25:54.065 [JavaFX Application Thread] DEBUG AssetLoaderService   - Loading from cache: /assets/textures/stone.png
12:25:54.066 [JavaFX Application Thread] DEBUG AssetLoaderService   - Loading from cache: /assets/textures/stone.png
12:25:54.066 [JavaFX Application Thread] DEBUG AssetLoaderService   - Loading from cache: /assets/textures/stone.png
12:25:54.067 [JavaFX Application Thread] DEBUG AssetLoaderService   - Loading from cache: /assets/textures/stone.png
12:25:54.067 [JavaFX Application Thread] DEBUG AssetLoaderService   - Loading from cache: /assets/textures/stone.png
12:25:54.068 [JavaFX Application Thread] DEBUG AssetLoaderService   - Loading from cache: /assets/textures/stone.png
12:25:54.068 [JavaFX Application Thread] DEBUG AssetLoaderService   - Loading from cache: /assets/textures/stone.png
12:25:54.068 [JavaFX Application Thread] DEBUG AssetLoaderService   - Loading from cache: /assets/textures/stone.png
12:25:54.069 [JavaFX Application Thread] DEBUG AssetLoaderService   - Loading from cache: /assets/textures/stone.png
12:25:54.133 [JavaFX Application Thread] DEBUG GameApplication      - Exiting FXGL
12:25:54.133 [JavaFX Application Thread] DEBUG LoopRunner           - Stopping loop
12:25:54.133 [JavaFX Application Thread] DEBUG SystemBundleService  - Saving FXGL system data
12:25:54.135 [JavaFX Application Thread] DEBUG FileSystemAccess     - Writing to: /home/ben/MicroCosm/system/fxgl.bundle
12:25:54.136 [JavaFX Application Thread] DEBUG GameApplication      - Shutting down background threads
12:25:54.137 [JavaFX Application Thread] DEBUG GameApplication      - Closing logger and exiting JavaFX
