16:35:32.891 [main                     ] DEBUG GameApplication      - Logger initialized
16:35:32.923 [main                     ] DEBUG GameApplication      - Logging settings
Title: Untitled
Version: 0.0
Width: 800
Height: 600
Fullscreen: false
Intro: false
Profiling: false
Single step:false
App Mode: DEVELOPER
Menu Key: ESCAPE
Stage Style: DECORATED
Scene Factory: class com.almasb.fxgl.app.scene.SceneFactory

16:35:33.179 [JavaFX Application Thread] DEBUG GameApplication      - Initializing FXGL
16:35:33.194 [JavaFX Application Thread] INFO  Engine               - FXGL-11.9 (27.05.2020 17.06) on LINUX (J:11.0.5 FX:10.0.2-internal)
16:35:33.195 [JavaFX Application Thread] DEBUG Engine               - JRE Vendor Name: JetBrains s.r.o
16:35:33.195 [JavaFX Application Thread] DEBUG Engine               - Running on OS: Linux version 4.15.0-112-generic
16:35:33.196 [JavaFX Application Thread] DEBUG Engine               - Architecture: amd64
16:35:33.196 [JavaFX Application Thread] INFO  Engine               - Source code and latest versions at: https://github.com/AlmasB/FXGL
16:35:33.196 [JavaFX Application Thread] INFO  Engine               -              Join the FXGL chat at: https://gitter.im/AlmasB/FXGL
16:35:33.328 [JavaFX Application Thread] DEBUG MainWindow           - Creating a JavaFX scene
16:35:33.470 [JavaFX Application Thread] DEBUG MainWindow           - Target settings size: 800.0 x 600.0
16:35:33.471 [JavaFX Application Thread] DEBUG MainWindow           - Scaled scene size:    800.0 x 600.0
16:35:33.471 [JavaFX Application Thread] DEBUG MainWindow           - Scaled ratio: (1.0, 1.0)
16:35:33.473 [JavaFX Application Thread] DEBUG MainWindow           - Set initial scene to FXGLStartupScene
16:35:33.484 [JavaFX Application Thread] DEBUG MainWindow           - Opening main window
16:35:33.550 [JavaFX Application Thread] DEBUG MainWindow           - Window border size: (0.0, 30.0)
16:35:33.550 [JavaFX Application Thread] DEBUG MainWindow           - Scaled size: 800.0 x 600.0
16:35:33.551 [JavaFX Application Thread] DEBUG MainWindow           - Scaled ratio: (1.0, 1.0)
16:35:33.551 [JavaFX Application Thread] DEBUG MainWindow           - Scene size: 800.0 x 600.0
16:35:33.551 [JavaFX Application Thread] DEBUG MainWindow           - Stage size: 800.0 x 630.0
16:35:33.562 [FXGL Background Thread 1 ] DEBUG Engine               - Initializing environment variables
16:35:33.615 [FXGL Background Thread 1 ] DEBUG WindowService        - Applying CSS: fxgl_dark.css
16:35:33.616 [FXGL Background Thread 1 ] DEBUG AssetLoaderService   - Loading from file system: /assets/ui/css/fxgl_dark.css
16:35:33.724 [FXGL Background Thread 1 ] DEBUG WindowService        - Initializing application scenes
16:35:33.855 [FXGL Background Thread 1 ] DEBUG GameWorld            - Game world initialized
16:35:33.937 [FXGL Background Thread 1 ] DEBUG PhysicsWorld         - Physics world initialized: appHeight=600, physics.ppm=50.0
16:35:33.941 [FXGL Background Thread 1 ] DEBUG GameScene            - Game scene initialized: 800x600
16:35:33.982 [FXGL Background Thread 1 ] DEBUG AssetLoaderService   - Loading from file system: /assets/textures/particles/trace_horizontal.png
16:35:34.049 [FXGL Background Thread 1 ] DEBUG FXGL.DefaultMenu     - createMenuBodyGameMenu()
16:35:34.071 [FXGL Background Thread 1 ] DEBUG FXGL.DefaultMenu     - createOptionsMenu()
16:35:34.077 [FXGL Background Thread 1 ] DEBUG AssetLoaderService   - Loading from file system: /assets/textures/particles/smoke.png
16:35:34.171 [FXGL Background Thread 1 ] DEBUG WindowService        - Application scenes initialized
16:35:34.182 [FXGL Background Thread 1 ] DEBUG SystemBundleService  - Loading FXGL system data
16:35:34.187 [FXGL Background Thread 1 ] DEBUG FileSystemAccess     - Reading from: /home/ben/MicroCosm/system/fxgl.bundle
16:35:34.198 [FXGL Background Thread 1 ] DEBUG SystemBundleService  - Bundle FXGL: {}
16:35:34.199 [FXGL Background Thread 1 ] INFO  Engine               - FXGL initialization took: 0.633 sec
16:35:34.201 [FXGL Background Thread 1 ] DEBUG GameApplication      - Loading localizations
16:35:34.202 [FXGL Background Thread 1 ] DEBUG AssetLoaderService   - Loading from file system: /assets/languages/english.lang
16:35:34.221 [FXGL Background Thread 1 ] DEBUG AssetLoaderService   - Loading from file system: /assets/languages/french.lang
16:35:34.225 [FXGL Background Thread 1 ] DEBUG AssetLoaderService   - Loading from file system: /assets/languages/german.lang
16:35:34.228 [FXGL Background Thread 1 ] DEBUG AssetLoaderService   - Loading from file system: /assets/languages/hungarian.lang
16:35:34.233 [FXGL Background Thread 1 ] DEBUG AssetLoaderService   - Loading from file system: /assets/languages/russian.lang
16:35:34.236 [FXGL Background Thread 1 ] DEBUG GameApplication      - Registering font factories with UI factory
16:35:34.236 [FXGL Background Thread 1 ] DEBUG AssetLoaderService   - Loading from file system: /assets/ui/fonts/VarelaRound-Regular.ttf
16:35:34.257 [FXGL Background Thread 1 ] DEBUG AssetLoaderService   - Loading from file system: /assets/ui/fonts/Abel-Regular.ttf
16:35:34.258 [FXGL Background Thread 1 ] DEBUG AssetLoaderService   - Loading from file system: /assets/ui/fonts/lucida_console.ttf
16:35:34.262 [FXGL Background Thread 1 ] DEBUG AssetLoaderService   - Loading from file system: /assets/ui/fonts/Courier-Prime.ttf
16:35:34.266 [JavaFX Application Thread] DEBUG AssetLoaderService   - Loading from file system: /assets/textures/fxgl_icon.png
16:35:34.301 [JavaFX Application Thread] DEBUG AssetLoaderService   - Loading from file system: /assets/ui/cursors/fxgl_default.png
16:35:34.313 [JavaFX Application Thread] DEBUG Input                - Registered new binding: Screenshot - P
16:35:34.314 [JavaFX Application Thread] DEBUG Input                - Registered new binding: System info dump - CTRL+9
16:35:34.314 [JavaFX Application Thread] DEBUG Input                - Registered new binding: Restart - CTRL+R
16:35:34.315 [JavaFX Application Thread] DEBUG LoopRunner           - Starting loop
16:35:34.323 [JavaFX Application Thread] DEBUG FXGLStartupScene     - STARTUP
16:35:34.323 [JavaFX Application Thread] DEBUG WindowService        - Starting new game
16:35:34.324 [JavaFX Application Thread] DEBUG Input                - Clearing active input actions
16:35:34.340 [JavaFX Application Thread] DEBUG WindowService        - Removing overlay from FXGLStartupScene and adding to FXGLLoadingScene
16:35:34.340 [JavaFX Application Thread] DEBUG MainWindow           - FXGLStartupScene -> FXGLLoadingScene
16:35:34.340 [JavaFX Application Thread] DEBUG WindowService        - Clearing previous game
16:35:34.341 [JavaFX Application Thread] DEBUG GameScene            - Clearing game scene
16:35:34.341 [JavaFX Application Thread] DEBUG GameWorld            - Clearing game world
16:35:34.341 [JavaFX Application Thread] DEBUG PhysicsWorld         - Clearing physics world
16:35:34.343 [FXGL Background Thread 1 ] DEBUG GameApplication      - Initializing game
16:35:36.252 [FXGL Background Thread 1 ] DEBUG AssetLoaderService   - Loading from file system: /assets/textures/purple-background.png
16:35:36.909 [JavaFX Application Thread] DEBUG LoopRunner           - Stopping loop
16:35:36.909 [JavaFX Application Thread] FATAL GameApplication      - Uncaught Exception:

Fatal exception occurred: java.lang.RuntimeException : Initialization failed
E: com.almasb.fxgl.app.GameApplication$InitAppTask.failed(GameApplication.java:423)
E: javafx.graphics/javafx.concurrent.Task.setState(Task.java:710)
E: javafx.graphics/javafx.concurrent.Task$TaskCallable.lambda$call$2(Task.java:1455)
E: javafx.graphics/com.sun.javafx.application.PlatformImpl.lambda$runLater$9(PlatformImpl.java:418)
E: java.base/java.security.AccessController.doPrivileged(Native Method)
E: javafx.graphics/com.sun.javafx.application.PlatformImpl.lambda$runLater$10(PlatformImpl.java:417)
E: javafx.graphics/com.sun.glass.ui.InvokeLaterDispatcher$Future.run(InvokeLaterDispatcher.java:96)
E: javafx.graphics/com.sun.glass.ui.gtk.GtkApplication._runLoop(Native Method)
E: javafx.graphics/com.sun.glass.ui.gtk.GtkApplication.lambda$runLoop$11(GtkApplication.java:277)
E: java.base/java.lang.Thread.run(Thread.java:834)

16:35:36.910 [JavaFX Application Thread] FATAL GameApplication      - Application will now exit
16:35:36.930 [JavaFX Application Thread] DEBUG MainWindow           - Push state: ErrorSubScene
16:35:36.931 [JavaFX Application Thread] DEBUG Input                - Clearing active input actions
16:35:36.943 [JavaFX Application Thread] DEBUG WindowService        - Removing overlay from FXGLLoadingScene and adding to ErrorSubScene
16:35:36.943 [JavaFX Application Thread] DEBUG MainWindow           - FXGLLoadingScene -> ErrorSubScene
16:35:37.200 [FXGL Background Thread 2 ] DEBUG Engine               - Logging environment variables
16:35:37.201 [FXGL Background Thread 2 ] DEBUG Engine               - achievements: []
16:35:37.201 [FXGL Background Thread 2 ] DEBUG Engine               - appIcon: fxgl_icon.png
16:35:37.201 [FXGL Background Thread 2 ] DEBUG Engine               - applicationMode: DEVELOPER
16:35:37.201 [FXGL Background Thread 2 ] DEBUG Engine               - cSSList: [fxgl_dark.css]
16:35:37.202 [FXGL Background Thread 2 ] DEBUG Engine               - configClass: Optional.empty
16:35:37.202 [FXGL Background Thread 2 ] DEBUG Engine               - credits: []
16:35:37.202 [FXGL Background Thread 2 ] DEBUG Engine               - devBBoxColorProperty: ObjectProperty [value: 0xff0000ff]
16:35:37.202 [FXGL Background Thread 2 ] DEBUG Engine               - devSensorColorProperty: ObjectProperty [value: 0xffff00ff]
16:35:37.202 [FXGL Background Thread 2 ] DEBUG Engine               - devShowBBoxProperty: BooleanProperty [value: false]
16:35:37.202 [FXGL Background Thread 2 ] DEBUG Engine               - devShowPositionProperty: BooleanProperty [value: false]
16:35:37.202 [FXGL Background Thread 2 ] DEBUG Engine               - enabledMenuItems: []
16:35:37.202 [FXGL Background Thread 2 ] DEBUG Engine               - engineServices: [class com.almasb.fxgl.app.GameApplication$GameApplicationService, class com.almasb.fxgl.app.services.WindowService, class com.almasb.fxgl.app.services.FXGLDialogService, class com.almasb.fxgl.app.services.IOTaskExecutorService, class com.almasb.fxgl.event.EventBusService, class com.almasb.fxgl.io.FileSystemService, class com.almasb.fxgl.localization.LocalizationService, class com.almasb.fxgl.app.services.AssetLoaderService, class com.almasb.fxgl.app.services.SystemBundleService, class com.almasb.fxgl.profile.SaveLoadService, class com.almasb.fxgl.ui.FXGLUIFactoryServiceProvider, class com.almasb.fxgl.ui.FXGLDialogFactoryServiceProvider, class com.almasb.fxgl.audio.AudioPlayer, class com.almasb.fxgl.notification.impl.NotificationServiceProvider, class com.almasb.fxgl.achievement.AchievementService, class com.almasb.fxgl.cutscene.CutsceneService, class com.almasb.fxgl.minigames.MiniGameService, class com.almasb.fxgl.net.NetService, class com.almasb.fxgl.app.services.UpdaterService, class com.almasb.fxgl.dev.DevService]
16:35:37.202 [FXGL Background Thread 2 ] DEBUG Engine               - fontGame: Abel-Regular.ttf
16:35:37.202 [FXGL Background Thread 2 ] DEBUG Engine               - fontMono: lucida_console.ttf
16:35:37.202 [FXGL Background Thread 2 ] DEBUG Engine               - fontText: Courier-Prime.ttf
16:35:37.202 [FXGL Background Thread 2 ] DEBUG Engine               - fontUI: VarelaRound-Regular.ttf
16:35:37.202 [FXGL Background Thread 2 ] DEBUG Engine               - fullScreen: BooleanProperty [value: false]
16:35:37.202 [FXGL Background Thread 2 ] DEBUG Engine               - gameDifficulty: MEDIUM
16:35:37.203 [FXGL Background Thread 2 ] DEBUG Engine               - gameDifficultyProperty: ObjectProperty [value: MEDIUM]
16:35:37.203 [FXGL Background Thread 2 ] DEBUG Engine               - globalMusicVolume: 0.5
16:35:37.203 [FXGL Background Thread 2 ] DEBUG Engine               - globalMusicVolumeProperty: DoubleProperty [value: 0.5]
16:35:37.203 [FXGL Background Thread 2 ] DEBUG Engine               - globalSoundVolume: 0.5
16:35:37.203 [FXGL Background Thread 2 ] DEBUG Engine               - globalSoundVolumeProperty: DoubleProperty [value: 0.5]
16:35:37.203 [FXGL Background Thread 2 ] DEBUG Engine               - height: 600
16:35:37.203 [FXGL Background Thread 2 ] DEBUG Engine               - isAndroid: false
16:35:37.203 [FXGL Background Thread 2 ] DEBUG Engine               - isBrowser: false
16:35:37.203 [FXGL Background Thread 2 ] DEBUG Engine               - isClickFeedbackEnabled: false
16:35:37.203 [FXGL Background Thread 2 ] DEBUG Engine               - isCloseConfirmation: false
16:35:37.203 [FXGL Background Thread 2 ] DEBUG Engine               - isDesktop: true
16:35:37.203 [FXGL Background Thread 2 ] DEBUG Engine               - isDeveloperMenuEnabled: false
16:35:37.203 [FXGL Background Thread 2 ] DEBUG Engine               - isExperimentalNative: false
16:35:37.203 [FXGL Background Thread 2 ] DEBUG Engine               - isExperimentalTiledLargeMap: false
16:35:37.203 [FXGL Background Thread 2 ] DEBUG Engine               - isFullScreenAllowed: false
16:35:37.203 [FXGL Background Thread 2 ] DEBUG Engine               - isFullScreenFromStart: false
16:35:37.203 [FXGL Background Thread 2 ] DEBUG Engine               - isGameMenuEnabled: true
16:35:37.203 [FXGL Background Thread 2 ] DEBUG Engine               - isIOS: false
16:35:37.203 [FXGL Background Thread 2 ] DEBUG Engine               - isIntroEnabled: false
16:35:37.204 [FXGL Background Thread 2 ] DEBUG Engine               - isLinux: true
16:35:37.204 [FXGL Background Thread 2 ] DEBUG Engine               - isMac: false
16:35:37.204 [FXGL Background Thread 2 ] DEBUG Engine               - isMainMenuEnabled: false
16:35:37.204 [FXGL Background Thread 2 ] DEBUG Engine               - isManualResizeEnabled: false
16:35:37.204 [FXGL Background Thread 2 ] DEBUG Engine               - isMobile: false
16:35:37.204 [FXGL Background Thread 2 ] DEBUG Engine               - isPreserveResizeRatio: false
16:35:37.204 [FXGL Background Thread 2 ] DEBUG Engine               - isProfilingEnabled: false
16:35:37.204 [FXGL Background Thread 2 ] DEBUG Engine               - isSingleStep: false
16:35:37.204 [FXGL Background Thread 2 ] DEBUG Engine               - isUserProfileEnabled: false
16:35:37.204 [FXGL Background Thread 2 ] DEBUG Engine               - isWindows: false
16:35:37.204 [FXGL Background Thread 2 ] DEBUG Engine               - language: ObjectProperty [value: ENGLISH]
16:35:37.204 [FXGL Background Thread 2 ] DEBUG Engine               - mainWindow: com.almasb.fxgl.app.MainWindow@c5a8800
16:35:37.204 [FXGL Background Thread 2 ] DEBUG Engine               - menuKey: ESCAPE
16:35:37.204 [FXGL Background Thread 2 ] DEBUG Engine               - notificationViewClass: class com.almasb.fxgl.notification.view.XboxNotificationView
16:35:37.204 [FXGL Background Thread 2 ] DEBUG Engine               - pixelsPerMeter: 50.0
16:35:37.204 [FXGL Background Thread 2 ] DEBUG Engine               - platform: LINUX
16:35:37.204 [FXGL Background Thread 2 ] DEBUG Engine               - profileDir: profiles/
16:35:37.204 [FXGL Background Thread 2 ] DEBUG Engine               - profileName: StringProperty [value: DEFAULT]
16:35:37.204 [FXGL Background Thread 2 ] DEBUG Engine               - randomSeed: -1
16:35:37.205 [FXGL Background Thread 2 ] DEBUG Engine               - runtimeInfo: RuntimeInfo(platform=LINUX, version=11.9, build=27.05.2020 17.06)
16:35:37.205 [FXGL Background Thread 2 ] DEBUG Engine               - saveFileExt: sav
16:35:37.205 [FXGL Background Thread 2 ] DEBUG Engine               - sceneFactory: com.almasb.fxgl.app.scene.SceneFactory@4c1b1438
16:35:37.205 [FXGL Background Thread 2 ] DEBUG Engine               - secondsIn24h: 60
16:35:37.205 [FXGL Background Thread 2 ] DEBUG Engine               - settings: Title: Untitled
Version: 0.0
Width: 800
Height: 600
Fullscreen: false
Intro: false
Profiling: false
Single step:false
App Mode: DEVELOPER
Menu Key: ESCAPE
Stage Style: DECORATED
Scene Factory: class com.almasb.fxgl.app.scene.SceneFactory

16:35:37.205 [FXGL Background Thread 2 ] DEBUG Engine               - soundMenuBack: menu/back.wav
16:35:37.205 [FXGL Background Thread 2 ] DEBUG Engine               - soundMenuPress: menu/press.wav
16:35:37.205 [FXGL Background Thread 2 ] DEBUG Engine               - soundMenuSelect: menu/select.wav
16:35:37.205 [FXGL Background Thread 2 ] DEBUG Engine               - soundNotification: core/notification.wav
16:35:37.205 [FXGL Background Thread 2 ] DEBUG Engine               - stageStyle: DECORATED
16:35:37.205 [FXGL Background Thread 2 ] DEBUG Engine               - supportedLanguages: [ENGLISH, FRENCH, GERMAN, HUNGARIAN, RUSSIAN]
16:35:37.205 [FXGL Background Thread 2 ] DEBUG Engine               - title: Untitled
16:35:37.205 [FXGL Background Thread 2 ] DEBUG Engine               - urlGithub: https://github.com/AlmasB/FXGL
16:35:37.205 [FXGL Background Thread 2 ] DEBUG Engine               - urlLeaderboard: http://fxgl-top.herokuapp.com/
16:35:37.205 [FXGL Background Thread 2 ] DEBUG Engine               - urlPOM: https://raw.githubusercontent.com/AlmasB/FXGL/master/pom.xml
16:35:37.205 [FXGL Background Thread 2 ] DEBUG Engine               - version: 0.0
16:35:37.205 [FXGL Background Thread 2 ] DEBUG Engine               - versionCheckDays: 7
16:35:37.205 [FXGL Background Thread 2 ] DEBUG Engine               - width: 800
16:35:37.205 [FXGL Background Thread 2 ] DEBUG Engine               - Logging services
16:35:37.205 [FXGL Background Thread 2 ] DEBUG Engine               - class com.almasb.fxgl.app.GameApplication$GameApplicationService
16:35:37.206 [FXGL Background Thread 2 ] DEBUG Engine               - class com.almasb.fxgl.app.services.WindowService
16:35:37.206 [FXGL Background Thread 2 ] DEBUG Engine               - class com.almasb.fxgl.app.services.FXGLDialogService
16:35:37.206 [FXGL Background Thread 2 ] DEBUG Engine               - class com.almasb.fxgl.app.services.IOTaskExecutorService
16:35:37.206 [FXGL Background Thread 2 ] DEBUG Engine               - class com.almasb.fxgl.event.EventBusService
16:35:37.206 [FXGL Background Thread 2 ] DEBUG Engine               - class com.almasb.fxgl.io.FileSystemService
16:35:37.206 [FXGL Background Thread 2 ] DEBUG Engine               - class com.almasb.fxgl.localization.LocalizationService
16:35:37.206 [FXGL Background Thread 2 ] DEBUG Engine               - class com.almasb.fxgl.app.services.AssetLoaderService
16:35:37.206 [FXGL Background Thread 2 ] DEBUG Engine               - class com.almasb.fxgl.app.services.SystemBundleService
16:35:37.206 [FXGL Background Thread 2 ] DEBUG Engine               - class com.almasb.fxgl.profile.SaveLoadService
16:35:37.206 [FXGL Background Thread 2 ] DEBUG Engine               - class com.almasb.fxgl.ui.FXGLUIFactoryServiceProvider
16:35:37.206 [FXGL Background Thread 2 ] DEBUG Engine               - class com.almasb.fxgl.ui.FXGLDialogFactoryServiceProvider
16:35:37.206 [FXGL Background Thread 2 ] DEBUG Engine               - class com.almasb.fxgl.audio.AudioPlayer
16:35:37.206 [FXGL Background Thread 2 ] DEBUG Engine               - class com.almasb.fxgl.notification.impl.NotificationServiceProvider
16:35:37.206 [FXGL Background Thread 2 ] DEBUG Engine               - class com.almasb.fxgl.achievement.AchievementService
16:35:37.206 [FXGL Background Thread 2 ] DEBUG Engine               - class com.almasb.fxgl.cutscene.CutsceneService
16:35:37.206 [FXGL Background Thread 2 ] DEBUG Engine               - class com.almasb.fxgl.minigames.MiniGameService
16:35:37.206 [FXGL Background Thread 2 ] DEBUG Engine               - class com.almasb.fxgl.net.NetService
16:35:37.206 [FXGL Background Thread 2 ] DEBUG Engine               - class com.almasb.fxgl.app.services.UpdaterService
16:35:37.206 [FXGL Background Thread 2 ] DEBUG Engine               - class com.almasb.fxgl.dev.DevService
16:35:40.016 [JavaFX Application Thread] DEBUG GameApplication      - Exiting FXGL
16:35:40.016 [JavaFX Application Thread] DEBUG GameApplication      - Shutting down background threads
16:35:40.016 [JavaFX Application Thread] DEBUG GameApplication      - Closing logger and exiting JavaFX
