02:46:02.554 [main                     ] DEBUG GameApplication      - Logger initialized
02:46:02.585 [main                     ] DEBUG GameApplication      - Logging settings
Title: Untitled
Version: 0.0
Width: 800
Height: 600
Fullscreen: false
Intro: false
Profiling: false
Single step:false
App Mode: DEVELOPER
Menu Key: ESCAPE
Stage Style: DECORATED
Scene Factory: class com.almasb.fxgl.app.scene.SceneFactory

02:46:02.889 [JavaFX Application Thread] DEBUG GameApplication      - Initializing FXGL
02:46:02.904 [JavaFX Application Thread] INFO  Engine               - FXGL-11.9 (27.05.2020 17.06) on LINUX (J:11.0.5 FX:10.0.2-internal)
02:46:02.905 [JavaFX Application Thread] DEBUG Engine               - JRE Vendor Name: JetBrains s.r.o
02:46:02.905 [JavaFX Application Thread] DEBUG Engine               - Running on OS: Linux version 4.15.0-108-generic
02:46:02.905 [JavaFX Application Thread] DEBUG Engine               - Architecture: amd64
02:46:02.906 [JavaFX Application Thread] INFO  Engine               - Source code and latest versions at: https://github.com/AlmasB/FXGL
02:46:02.906 [JavaFX Application Thread] INFO  Engine               -              Join the FXGL chat at: https://gitter.im/AlmasB/FXGL
02:46:03.079 [JavaFX Application Thread] DEBUG MainWindow           - Creating a JavaFX scene
02:46:03.252 [JavaFX Application Thread] DEBUG MainWindow           - Target settings size: 800.0 x 600.0
02:46:03.252 [JavaFX Application Thread] DEBUG MainWindow           - Scaled scene size:    800.0 x 600.0
02:46:03.253 [JavaFX Application Thread] DEBUG MainWindow           - Scaled ratio: (1.0, 1.0)
02:46:03.255 [JavaFX Application Thread] DEBUG MainWindow           - Set initial scene to FXGLStartupScene
02:46:03.264 [JavaFX Application Thread] DEBUG MainWindow           - Opening main window
02:46:03.332 [JavaFX Application Thread] DEBUG MainWindow           - Window border size: (2.0, 29.0)
02:46:03.333 [JavaFX Application Thread] DEBUG MainWindow           - Scaled size: 800.0 x 600.0
02:46:03.333 [JavaFX Application Thread] DEBUG MainWindow           - Scaled ratio: (1.0, 1.0)
02:46:03.333 [JavaFX Application Thread] DEBUG MainWindow           - Scene size: 800.0 x 600.0
02:46:03.333 [JavaFX Application Thread] DEBUG MainWindow           - Stage size: 802.0 x 629.0
02:46:03.346 [FXGL Background Thread 1 ] DEBUG Engine               - Initializing environment variables
02:46:03.409 [FXGL Background Thread 1 ] DEBUG WindowService        - Applying CSS: fxgl_dark.css
02:46:03.410 [FXGL Background Thread 1 ] DEBUG AssetLoaderService   - Loading from file system: /assets/ui/css/fxgl_dark.css
02:46:03.514 [FXGL Background Thread 1 ] DEBUG WindowService        - Initializing application scenes
02:46:03.717 [FXGL Background Thread 1 ] DEBUG GameWorld            - Game world initialized
02:46:03.814 [FXGL Background Thread 1 ] DEBUG PhysicsWorld         - Physics world initialized: appHeight=600, physics.ppm=50.0
02:46:03.822 [FXGL Background Thread 1 ] DEBUG GameScene            - Game scene initialized: 800x600
02:46:03.867 [FXGL Background Thread 1 ] DEBUG AssetLoaderService   - Loading from file system: /assets/textures/particles/trace_horizontal.png
02:46:03.934 [FXGL Background Thread 1 ] DEBUG FXGL.DefaultMenu     - createMenuBodyGameMenu()
02:46:03.958 [FXGL Background Thread 1 ] DEBUG FXGL.DefaultMenu     - createOptionsMenu()
02:46:03.967 [FXGL Background Thread 1 ] DEBUG AssetLoaderService   - Loading from file system: /assets/textures/particles/smoke.png
02:46:04.050 [FXGL Background Thread 1 ] DEBUG WindowService        - Application scenes initialized
02:46:04.066 [FXGL Background Thread 1 ] DEBUG SystemBundleService  - Loading FXGL system data
02:46:04.072 [FXGL Background Thread 1 ] DEBUG FileSystemAccess     - Reading from: /home/ben/MicroCosm/system/fxgl.bundle
02:46:04.084 [FXGL Background Thread 1 ] DEBUG SystemBundleService  - Bundle FXGL: {}
02:46:04.084 [FXGL Background Thread 1 ] INFO  Engine               - FXGL initialization took: 0.735 sec
02:46:04.086 [FXGL Background Thread 1 ] DEBUG GameApplication      - Loading localizations
02:46:04.087 [FXGL Background Thread 1 ] DEBUG AssetLoaderService   - Loading from file system: /assets/languages/english.lang
02:46:04.108 [FXGL Background Thread 1 ] DEBUG AssetLoaderService   - Loading from file system: /assets/languages/french.lang
02:46:04.112 [FXGL Background Thread 1 ] DEBUG AssetLoaderService   - Loading from file system: /assets/languages/german.lang
02:46:04.116 [FXGL Background Thread 1 ] DEBUG AssetLoaderService   - Loading from file system: /assets/languages/hungarian.lang
02:46:04.123 [FXGL Background Thread 1 ] DEBUG AssetLoaderService   - Loading from file system: /assets/languages/russian.lang
02:46:04.127 [FXGL Background Thread 1 ] DEBUG GameApplication      - Registering font factories with UI factory
02:46:04.128 [FXGL Background Thread 1 ] DEBUG AssetLoaderService   - Loading from file system: /assets/ui/fonts/VarelaRound-Regular.ttf
02:46:04.149 [FXGL Background Thread 1 ] DEBUG AssetLoaderService   - Loading from file system: /assets/ui/fonts/Abel-Regular.ttf
02:46:04.151 [FXGL Background Thread 1 ] DEBUG AssetLoaderService   - Loading from file system: /assets/ui/fonts/lucida_console.ttf
02:46:04.154 [FXGL Background Thread 1 ] DEBUG AssetLoaderService   - Loading from file system: /assets/ui/fonts/Courier-Prime.ttf
02:46:04.159 [JavaFX Application Thread] DEBUG AssetLoaderService   - Loading from file system: /assets/textures/fxgl_icon.png
02:46:04.192 [JavaFX Application Thread] DEBUG AssetLoaderService   - Loading from file system: /assets/ui/cursors/fxgl_default.png
02:46:04.204 [JavaFX Application Thread] DEBUG Input                - Registered new binding: Screenshot - P
02:46:04.205 [JavaFX Application Thread] DEBUG Input                - Registered new binding: System info dump - CTRL+9
02:46:04.206 [JavaFX Application Thread] DEBUG Input                - Registered new binding: Restart - CTRL+R
02:46:04.208 [JavaFX Application Thread] DEBUG LoopRunner           - Starting loop
02:46:04.217 [JavaFX Application Thread] DEBUG FXGLStartupScene     - STARTUP
02:46:04.217 [JavaFX Application Thread] DEBUG WindowService        - Starting new game
02:46:04.218 [JavaFX Application Thread] DEBUG Input                - Clearing active input actions
02:46:04.240 [JavaFX Application Thread] DEBUG WindowService        - Removing overlay from FXGLStartupScene and adding to FXGLLoadingScene
02:46:04.241 [JavaFX Application Thread] DEBUG MainWindow           - FXGLStartupScene -> FXGLLoadingScene
02:46:04.241 [JavaFX Application Thread] DEBUG WindowService        - Clearing previous game
02:46:04.241 [JavaFX Application Thread] DEBUG GameScene            - Clearing game scene
02:46:04.241 [JavaFX Application Thread] DEBUG GameWorld            - Clearing game world
02:46:04.241 [JavaFX Application Thread] DEBUG PhysicsWorld         - Clearing physics world
02:46:04.243 [FXGL Background Thread 1 ] DEBUG GameApplication      - Initializing game
02:46:04.246 [FXGL Background Thread 1 ] DEBUG AssetLoaderService   - Loading from file system: /assets/textures/galaxies.jpg
02:46:04.375 [FXGL Background Thread 1 ] DEBUG AssetLoaderService   - Loading from file system: /assets/textures/iron.png
02:46:04.383 [FXGL Background Thread 1 ] DEBUG AssetLoaderService   - Loading from file system: /assets/textures/stone.png
02:46:04.385 [FXGL Background Thread 1 ] DEBUG AssetLoaderService   - Loading from cache: /assets/textures/iron.png
02:46:04.389 [FXGL Background Thread 1 ] DEBUG AssetLoaderService   - Loading from cache: /assets/textures/stone.png
02:46:04.399 [FXGL Background Thread 1 ] DEBUG AssetLoaderService   - Loading from cache: /assets/textures/iron.png
02:46:04.401 [FXGL Background Thread 1 ] DEBUG AssetLoaderService   - Loading from cache: /assets/textures/iron.png
02:46:04.402 [FXGL Background Thread 1 ] DEBUG AssetLoaderService   - Loading from cache: /assets/textures/iron.png
02:46:04.403 [FXGL Background Thread 1 ] DEBUG AssetLoaderService   - Loading from cache: /assets/textures/iron.png
02:46:04.404 [FXGL Background Thread 1 ] DEBUG AssetLoaderService   - Loading from cache: /assets/textures/iron.png
02:46:04.406 [FXGL Background Thread 1 ] DEBUG AssetLoaderService   - Loading from cache: /assets/textures/iron.png
02:46:04.407 [FXGL Background Thread 1 ] DEBUG AssetLoaderService   - Loading from cache: /assets/textures/iron.png
02:46:04.408 [FXGL Background Thread 1 ] DEBUG AssetLoaderService   - Loading from cache: /assets/textures/iron.png
02:46:04.409 [FXGL Background Thread 1 ] DEBUG AssetLoaderService   - Loading from cache: /assets/textures/stone.png
02:46:04.417 [FXGL Background Thread 1 ] DEBUG AssetLoaderService   - Loading from cache: /assets/textures/stone.png
02:46:04.419 [FXGL Background Thread 1 ] DEBUG AssetLoaderService   - Loading from cache: /assets/textures/stone.png
02:46:04.420 [FXGL Background Thread 1 ] DEBUG AssetLoaderService   - Loading from cache: /assets/textures/stone.png
02:46:04.421 [FXGL Background Thread 1 ] DEBUG AssetLoaderService   - Loading from cache: /assets/textures/stone.png
02:46:04.422 [FXGL Background Thread 1 ] DEBUG AssetLoaderService   - Loading from cache: /assets/textures/stone.png
02:46:04.424 [FXGL Background Thread 1 ] DEBUG AssetLoaderService   - Loading from cache: /assets/textures/stone.png
02:46:04.426 [FXGL Background Thread 1 ] DEBUG AssetLoaderService   - Loading from cache: /assets/textures/stone.png
02:46:04.427 [FXGL Background Thread 1 ] DEBUG AssetLoaderService   - Loading from cache: /assets/textures/iron.png
02:46:04.429 [FXGL Background Thread 1 ] DEBUG AssetLoaderService   - Loading from cache: /assets/textures/stone.png
02:46:04.430 [FXGL Background Thread 1 ] DEBUG AssetLoaderService   - Loading from cache: /assets/textures/iron.png
02:46:04.432 [FXGL Background Thread 1 ] DEBUG AssetLoaderService   - Loading from cache: /assets/textures/stone.png
02:46:04.433 [FXGL Background Thread 1 ] DEBUG AssetLoaderService   - Loading from cache: /assets/textures/iron.png
02:46:04.434 [FXGL Background Thread 1 ] DEBUG AssetLoaderService   - Loading from cache: /assets/textures/iron.png
02:46:04.436 [FXGL Background Thread 1 ] DEBUG AssetLoaderService   - Loading from cache: /assets/textures/iron.png
02:46:04.437 [FXGL Background Thread 1 ] DEBUG AssetLoaderService   - Loading from cache: /assets/textures/iron.png
02:46:04.438 [FXGL Background Thread 1 ] DEBUG AssetLoaderService   - Loading from cache: /assets/textures/iron.png
02:46:04.439 [FXGL Background Thread 1 ] DEBUG AssetLoaderService   - Loading from cache: /assets/textures/iron.png
02:46:04.440 [FXGL Background Thread 1 ] DEBUG AssetLoaderService   - Loading from cache: /assets/textures/iron.png
02:46:04.441 [FXGL Background Thread 1 ] DEBUG AssetLoaderService   - Loading from cache: /assets/textures/iron.png
02:46:04.441 [FXGL Background Thread 1 ] DEBUG AssetLoaderService   - Loading from cache: /assets/textures/stone.png
02:46:04.443 [FXGL Background Thread 1 ] DEBUG AssetLoaderService   - Loading from cache: /assets/textures/stone.png
02:46:04.444 [FXGL Background Thread 1 ] DEBUG AssetLoaderService   - Loading from cache: /assets/textures/iron.png
02:46:04.446 [FXGL Background Thread 1 ] DEBUG AssetLoaderService   - Loading from cache: /assets/textures/iron.png
02:46:04.447 [FXGL Background Thread 1 ] DEBUG AssetLoaderService   - Loading from cache: /assets/textures/iron.png
02:46:04.448 [FXGL Background Thread 1 ] DEBUG AssetLoaderService   - Loading from cache: /assets/textures/iron.png
02:46:04.450 [FXGL Background Thread 1 ] DEBUG AssetLoaderService   - Loading from cache: /assets/textures/iron.png
02:46:04.451 [FXGL Background Thread 1 ] DEBUG AssetLoaderService   - Loading from cache: /assets/textures/iron.png
02:46:04.452 [FXGL Background Thread 1 ] DEBUG AssetLoaderService   - Loading from cache: /assets/textures/stone.png
02:46:04.454 [FXGL Background Thread 1 ] DEBUG AssetLoaderService   - Loading from cache: /assets/textures/stone.png
02:46:04.454 [FXGL Background Thread 1 ] DEBUG AssetLoaderService   - Loading from cache: /assets/textures/stone.png
02:46:04.455 [FXGL Background Thread 1 ] DEBUG AssetLoaderService   - Loading from cache: /assets/textures/stone.png
02:46:04.457 [FXGL Background Thread 1 ] DEBUG AssetLoaderService   - Loading from cache: /assets/textures/stone.png
02:46:04.458 [FXGL Background Thread 1 ] DEBUG AssetLoaderService   - Loading from cache: /assets/textures/stone.png
02:46:04.459 [FXGL Background Thread 1 ] DEBUG AssetLoaderService   - Loading from cache: /assets/textures/iron.png
02:46:04.460 [FXGL Background Thread 1 ] DEBUG AssetLoaderService   - Loading from cache: /assets/textures/stone.png
02:46:04.461 [FXGL Background Thread 1 ] DEBUG AssetLoaderService   - Loading from cache: /assets/textures/stone.png
02:46:04.462 [FXGL Background Thread 1 ] DEBUG AssetLoaderService   - Loading from cache: /assets/textures/stone.png
02:46:04.464 [FXGL Background Thread 1 ] DEBUG AssetLoaderService   - Loading from cache: /assets/textures/stone.png
02:46:04.466 [FXGL Background Thread 1 ] DEBUG AssetLoaderService   - Loading from cache: /assets/textures/stone.png
02:46:04.467 [FXGL Background Thread 1 ] DEBUG AssetLoaderService   - Loading from cache: /assets/textures/stone.png
02:46:04.468 [FXGL Background Thread 1 ] DEBUG AssetLoaderService   - Loading from cache: /assets/textures/stone.png
02:46:04.469 [FXGL Background Thread 1 ] DEBUG AssetLoaderService   - Loading from cache: /assets/textures/stone.png
02:46:04.470 [FXGL Background Thread 1 ] DEBUG AssetLoaderService   - Loading from cache: /assets/textures/stone.png
02:46:04.471 [FXGL Background Thread 1 ] DEBUG AssetLoaderService   - Loading from cache: /assets/textures/stone.png
02:46:04.472 [FXGL Background Thread 1 ] DEBUG AssetLoaderService   - Loading from cache: /assets/textures/stone.png
02:46:04.473 [FXGL Background Thread 1 ] DEBUG AssetLoaderService   - Loading from cache: /assets/textures/stone.png
02:46:04.476 [FXGL Background Thread 1 ] DEBUG AssetLoaderService   - Loading from cache: /assets/textures/stone.png
02:46:04.478 [FXGL Background Thread 1 ] DEBUG AssetLoaderService   - Loading from cache: /assets/textures/stone.png
02:46:04.479 [FXGL Background Thread 1 ] DEBUG AssetLoaderService   - Loading from cache: /assets/textures/stone.png
02:46:04.480 [FXGL Background Thread 1 ] DEBUG AssetLoaderService   - Loading from cache: /assets/textures/stone.png
02:46:04.482 [FXGL Background Thread 1 ] DEBUG AssetLoaderService   - Loading from cache: /assets/textures/stone.png
02:46:04.483 [FXGL Background Thread 1 ] DEBUG AssetLoaderService   - Loading from cache: /assets/textures/stone.png
02:46:04.484 [FXGL Background Thread 1 ] DEBUG AssetLoaderService   - Loading from cache: /assets/textures/stone.png
02:46:04.485 [FXGL Background Thread 1 ] DEBUG AssetLoaderService   - Loading from cache: /assets/textures/stone.png
02:46:04.487 [FXGL Background Thread 1 ] DEBUG AssetLoaderService   - Loading from cache: /assets/textures/stone.png
02:46:04.488 [FXGL Background Thread 1 ] DEBUG AssetLoaderService   - Loading from cache: /assets/textures/stone.png
02:46:04.489 [FXGL Background Thread 1 ] DEBUG AssetLoaderService   - Loading from cache: /assets/textures/stone.png
02:46:04.490 [FXGL Background Thread 1 ] DEBUG AssetLoaderService   - Loading from cache: /assets/textures/stone.png
02:46:04.491 [FXGL Background Thread 1 ] DEBUG AssetLoaderService   - Loading from cache: /assets/textures/stone.png
02:46:04.492 [FXGL Background Thread 1 ] DEBUG AssetLoaderService   - Loading from cache: /assets/textures/stone.png
02:46:04.493 [FXGL Background Thread 1 ] DEBUG AssetLoaderService   - Loading from cache: /assets/textures/stone.png
02:46:04.495 [FXGL Background Thread 1 ] DEBUG AssetLoaderService   - Loading from cache: /assets/textures/stone.png
02:46:04.496 [FXGL Background Thread 1 ] DEBUG AssetLoaderService   - Loading from cache: /assets/textures/stone.png
02:46:04.497 [FXGL Background Thread 1 ] DEBUG AssetLoaderService   - Loading from cache: /assets/textures/stone.png
02:46:04.498 [FXGL Background Thread 1 ] DEBUG AssetLoaderService   - Loading from cache: /assets/textures/stone.png
02:46:04.499 [FXGL Background Thread 1 ] DEBUG AssetLoaderService   - Loading from cache: /assets/textures/stone.png
02:46:04.500 [FXGL Background Thread 1 ] DEBUG AssetLoaderService   - Loading from cache: /assets/textures/stone.png
02:46:04.501 [FXGL Background Thread 1 ] DEBUG AssetLoaderService   - Loading from cache: /assets/textures/stone.png
02:46:04.502 [FXGL Background Thread 1 ] DEBUG AssetLoaderService   - Loading from cache: /assets/textures/stone.png
02:46:04.503 [FXGL Background Thread 1 ] DEBUG AssetLoaderService   - Loading from cache: /assets/textures/stone.png
02:46:04.504 [FXGL Background Thread 1 ] DEBUG AssetLoaderService   - Loading from cache: /assets/textures/stone.png
02:46:04.505 [FXGL Background Thread 1 ] DEBUG AssetLoaderService   - Loading from cache: /assets/textures/stone.png
02:46:04.525 [FXGL Background Thread 1 ] DEBUG AssetLoaderService   - Loading from cache: /assets/textures/stone.png
02:46:04.527 [FXGL Background Thread 1 ] DEBUG AssetLoaderService   - Loading from cache: /assets/textures/stone.png
02:46:04.528 [FXGL Background Thread 1 ] DEBUG AssetLoaderService   - Loading from cache: /assets/textures/stone.png
02:46:04.528 [FXGL Background Thread 1 ] DEBUG AssetLoaderService   - Loading from cache: /assets/textures/stone.png
02:46:04.529 [FXGL Background Thread 1 ] DEBUG AssetLoaderService   - Loading from cache: /assets/textures/stone.png
02:46:04.530 [FXGL Background Thread 1 ] DEBUG AssetLoaderService   - Loading from cache: /assets/textures/stone.png
02:46:04.531 [FXGL Background Thread 1 ] DEBUG AssetLoaderService   - Loading from cache: /assets/textures/stone.png
02:46:04.532 [FXGL Background Thread 1 ] DEBUG AssetLoaderService   - Loading from cache: /assets/textures/stone.png
02:46:04.533 [FXGL Background Thread 1 ] DEBUG AssetLoaderService   - Loading from cache: /assets/textures/stone.png
02:46:04.534 [FXGL Background Thread 1 ] DEBUG AssetLoaderService   - Loading from cache: /assets/textures/stone.png
02:46:04.535 [FXGL Background Thread 1 ] DEBUG AssetLoaderService   - Loading from cache: /assets/textures/stone.png
02:46:04.536 [FXGL Background Thread 1 ] DEBUG AssetLoaderService   - Loading from cache: /assets/textures/stone.png
02:46:04.537 [FXGL Background Thread 1 ] DEBUG AssetLoaderService   - Loading from cache: /assets/textures/stone.png
02:46:04.538 [FXGL Background Thread 1 ] DEBUG AssetLoaderService   - Loading from cache: /assets/textures/stone.png
02:46:04.539 [FXGL Background Thread 1 ] DEBUG AssetLoaderService   - Loading from cache: /assets/textures/stone.png
02:46:04.542 [FXGL Background Thread 1 ] DEBUG AssetLoaderService   - Loading from file system: /assets/textures/bot2.png
02:46:04.546 [FXGL Background Thread 1 ] DEBUG Input                - Registered new binding: Up - Up
02:46:04.546 [FXGL Background Thread 1 ] DEBUG Input                - Registered new binding: Down - Down
02:46:04.547 [FXGL Background Thread 1 ] DEBUG Input                - Registered new binding: Left - Left
02:46:04.547 [FXGL Background Thread 1 ] DEBUG Input                - Registered new binding: Right - Right
02:46:04.551 [FXGL Background Thread 1 ] DEBUG Input                - Registered new binding: LeftClick - LMB
02:46:04.553 [FXGL Background Thread 1 ] INFO  GameApplication      - Game initialization took: 0.310 sec
02:46:04.556 [JavaFX Application Thread] DEBUG Input                - Clearing active input actions
02:46:04.623 [JavaFX Application Thread] DEBUG WindowService        - Removing overlay from FXGLLoadingScene and adding to GameScene
02:46:04.624 [JavaFX Application Thread] DEBUG MainWindow           - FXGLLoadingScene -> GameScene
02:46:04.633 [JavaFX Application Thread] DEBUG AssetLoaderService   - Loading from file system: /assets/textures/select-green.png
02:46:04.677 [JavaFX Application Thread] DEBUG AssetLoaderService   - Loading from cache: /assets/textures/select-green.png
02:46:04.694 [JavaFX Application Thread] DEBUG AssetLoaderService   - Loading from cache: /assets/textures/select-green.png
02:46:04.711 [JavaFX Application Thread] DEBUG AssetLoaderService   - Loading from cache: /assets/textures/select-green.png
02:46:04.727 [JavaFX Application Thread] DEBUG AssetLoaderService   - Loading from cache: /assets/textures/select-green.png
02:46:04.743 [JavaFX Application Thread] DEBUG AssetLoaderService   - Loading from cache: /assets/textures/select-green.png
02:46:04.760 [JavaFX Application Thread] DEBUG AssetLoaderService   - Loading from cache: /assets/textures/select-green.png
02:46:04.777 [JavaFX Application Thread] DEBUG AssetLoaderService   - Loading from cache: /assets/textures/select-green.png
02:46:04.795 [JavaFX Application Thread] DEBUG AssetLoaderService   - Loading from cache: /assets/textures/select-green.png
02:46:04.811 [JavaFX Application Thread] DEBUG AssetLoaderService   - Loading from cache: /assets/textures/select-green.png
02:46:04.827 [JavaFX Application Thread] DEBUG AssetLoaderService   - Loading from cache: /assets/textures/select-green.png
02:46:04.843 [JavaFX Application Thread] DEBUG AssetLoaderService   - Loading from cache: /assets/textures/select-green.png
02:46:04.860 [JavaFX Application Thread] DEBUG AssetLoaderService   - Loading from cache: /assets/textures/select-green.png
02:46:04.876 [JavaFX Application Thread] DEBUG AssetLoaderService   - Loading from cache: /assets/textures/select-green.png
02:46:04.893 [JavaFX Application Thread] DEBUG AssetLoaderService   - Loading from cache: /assets/textures/select-green.png
02:46:04.910 [JavaFX Application Thread] DEBUG AssetLoaderService   - Loading from cache: /assets/textures/select-green.png
02:46:04.926 [JavaFX Application Thread] DEBUG AssetLoaderService   - Loading from cache: /assets/textures/select-green.png
02:46:04.944 [JavaFX Application Thread] DEBUG AssetLoaderService   - Loading from cache: /assets/textures/select-green.png
02:46:04.960 [JavaFX Application Thread] DEBUG AssetLoaderService   - Loading from cache: /assets/textures/select-green.png
02:46:04.977 [JavaFX Application Thread] DEBUG AssetLoaderService   - Loading from cache: /assets/textures/select-green.png
02:46:04.994 [JavaFX Application Thread] DEBUG AssetLoaderService   - Loading from cache: /assets/textures/select-green.png
02:46:05.010 [JavaFX Application Thread] DEBUG AssetLoaderService   - Loading from cache: /assets/textures/select-green.png
02:46:05.027 [JavaFX Application Thread] DEBUG AssetLoaderService   - Loading from cache: /assets/textures/select-green.png
02:46:05.044 [JavaFX Application Thread] DEBUG AssetLoaderService   - Loading from cache: /assets/textures/select-green.png
02:46:05.061 [JavaFX Application Thread] DEBUG AssetLoaderService   - Loading from cache: /assets/textures/select-green.png
02:46:05.077 [JavaFX Application Thread] DEBUG AssetLoaderService   - Loading from cache: /assets/textures/select-green.png
02:46:05.093 [JavaFX Application Thread] DEBUG AssetLoaderService   - Loading from cache: /assets/textures/select-green.png
02:46:05.110 [JavaFX Application Thread] DEBUG AssetLoaderService   - Loading from cache: /assets/textures/select-green.png
02:46:05.127 [JavaFX Application Thread] DEBUG AssetLoaderService   - Loading from cache: /assets/textures/select-green.png
02:46:05.143 [JavaFX Application Thread] DEBUG AssetLoaderService   - Loading from cache: /assets/textures/select-green.png
02:46:05.160 [JavaFX Application Thread] DEBUG AssetLoaderService   - Loading from cache: /assets/textures/select-green.png
02:46:05.177 [JavaFX Application Thread] DEBUG AssetLoaderService   - Loading from cache: /assets/textures/select-green.png
02:46:05.193 [JavaFX Application Thread] DEBUG AssetLoaderService   - Loading from cache: /assets/textures/select-green.png
02:46:05.210 [JavaFX Application Thread] DEBUG AssetLoaderService   - Loading from cache: /assets/textures/select-green.png
02:46:05.226 [JavaFX Application Thread] DEBUG AssetLoaderService   - Loading from cache: /assets/textures/select-green.png
02:46:05.243 [JavaFX Application Thread] DEBUG AssetLoaderService   - Loading from cache: /assets/textures/select-green.png
02:46:05.258 [JavaFX Application Thread] DEBUG AssetLoaderService   - Loading from cache: /assets/textures/select-green.png
02:46:05.275 [JavaFX Application Thread] DEBUG AssetLoaderService   - Loading from cache: /assets/textures/select-green.png
02:46:05.291 [JavaFX Application Thread] DEBUG AssetLoaderService   - Loading from cache: /assets/textures/select-green.png
02:46:05.308 [JavaFX Application Thread] DEBUG AssetLoaderService   - Loading from cache: /assets/textures/select-green.png
02:46:05.324 [JavaFX Application Thread] DEBUG AssetLoaderService   - Loading from cache: /assets/textures/select-green.png
02:46:05.340 [JavaFX Application Thread] DEBUG AssetLoaderService   - Loading from cache: /assets/textures/select-green.png
02:46:05.357 [JavaFX Application Thread] DEBUG AssetLoaderService   - Loading from cache: /assets/textures/select-green.png
02:46:05.374 [JavaFX Application Thread] DEBUG AssetLoaderService   - Loading from cache: /assets/textures/select-green.png
02:46:05.390 [JavaFX Application Thread] DEBUG AssetLoaderService   - Loading from cache: /assets/textures/select-green.png
02:46:05.407 [JavaFX Application Thread] DEBUG AssetLoaderService   - Loading from cache: /assets/textures/select-green.png
02:46:05.423 [JavaFX Application Thread] DEBUG AssetLoaderService   - Loading from cache: /assets/textures/select-green.png
02:46:05.440 [JavaFX Application Thread] DEBUG AssetLoaderService   - Loading from cache: /assets/textures/select-green.png
02:46:05.456 [JavaFX Application Thread] DEBUG AssetLoaderService   - Loading from cache: /assets/textures/select-green.png
02:46:05.473 [JavaFX Application Thread] DEBUG AssetLoaderService   - Loading from cache: /assets/textures/select-green.png
02:46:05.490 [JavaFX Application Thread] DEBUG AssetLoaderService   - Loading from cache: /assets/textures/select-green.png
02:46:05.507 [JavaFX Application Thread] DEBUG AssetLoaderService   - Loading from cache: /assets/textures/select-green.png
02:46:05.523 [JavaFX Application Thread] DEBUG AssetLoaderService   - Loading from cache: /assets/textures/select-green.png
02:46:05.539 [JavaFX Application Thread] DEBUG AssetLoaderService   - Loading from cache: /assets/textures/select-green.png
02:46:05.556 [JavaFX Application Thread] DEBUG AssetLoaderService   - Loading from cache: /assets/textures/select-green.png
02:46:05.573 [JavaFX Application Thread] DEBUG AssetLoaderService   - Loading from cache: /assets/textures/select-green.png
02:46:05.589 [JavaFX Application Thread] DEBUG AssetLoaderService   - Loading from cache: /assets/textures/select-green.png
02:46:05.605 [JavaFX Application Thread] DEBUG AssetLoaderService   - Loading from cache: /assets/textures/select-green.png
02:46:05.621 [JavaFX Application Thread] DEBUG AssetLoaderService   - Loading from cache: /assets/textures/select-green.png
02:46:05.655 [JavaFX Application Thread] DEBUG AssetLoaderService   - Loading from cache: /assets/textures/stone.png
02:46:05.656 [JavaFX Application Thread] DEBUG AssetLoaderService   - Loading from cache: /assets/textures/stone.png
02:46:05.656 [JavaFX Application Thread] DEBUG AssetLoaderService   - Loading from cache: /assets/textures/stone.png
02:46:05.657 [JavaFX Application Thread] DEBUG AssetLoaderService   - Loading from cache: /assets/textures/stone.png
02:46:05.658 [JavaFX Application Thread] DEBUG AssetLoaderService   - Loading from cache: /assets/textures/stone.png
02:46:05.658 [JavaFX Application Thread] DEBUG AssetLoaderService   - Loading from cache: /assets/textures/stone.png
02:46:05.659 [JavaFX Application Thread] DEBUG AssetLoaderService   - Loading from cache: /assets/textures/stone.png
02:46:05.660 [JavaFX Application Thread] DEBUG AssetLoaderService   - Loading from cache: /assets/textures/stone.png
02:46:05.660 [JavaFX Application Thread] DEBUG AssetLoaderService   - Loading from cache: /assets/textures/stone.png
02:46:05.661 [JavaFX Application Thread] DEBUG AssetLoaderService   - Loading from cache: /assets/textures/stone.png
02:46:05.661 [JavaFX Application Thread] DEBUG AssetLoaderService   - Loading from cache: /assets/textures/stone.png
02:46:05.662 [JavaFX Application Thread] DEBUG AssetLoaderService   - Loading from cache: /assets/textures/stone.png
02:46:05.662 [JavaFX Application Thread] DEBUG AssetLoaderService   - Loading from cache: /assets/textures/stone.png
02:46:05.663 [JavaFX Application Thread] DEBUG AssetLoaderService   - Loading from cache: /assets/textures/stone.png
02:46:05.663 [JavaFX Application Thread] DEBUG AssetLoaderService   - Loading from cache: /assets/textures/stone.png
02:46:05.663 [JavaFX Application Thread] DEBUG AssetLoaderService   - Loading from cache: /assets/textures/stone.png
02:46:05.664 [JavaFX Application Thread] DEBUG AssetLoaderService   - Loading from cache: /assets/textures/stone.png
02:46:05.664 [JavaFX Application Thread] DEBUG AssetLoaderService   - Loading from cache: /assets/textures/stone.png
02:46:05.664 [JavaFX Application Thread] DEBUG AssetLoaderService   - Loading from cache: /assets/textures/stone.png
02:46:05.665 [JavaFX Application Thread] DEBUG AssetLoaderService   - Loading from cache: /assets/textures/stone.png
02:46:05.665 [JavaFX Application Thread] DEBUG AssetLoaderService   - Loading from cache: /assets/textures/stone.png
02:46:05.666 [JavaFX Application Thread] DEBUG AssetLoaderService   - Loading from cache: /assets/textures/stone.png
02:46:05.666 [JavaFX Application Thread] DEBUG AssetLoaderService   - Loading from cache: /assets/textures/stone.png
02:46:05.667 [JavaFX Application Thread] DEBUG AssetLoaderService   - Loading from cache: /assets/textures/stone.png
02:46:05.667 [JavaFX Application Thread] DEBUG AssetLoaderService   - Loading from cache: /assets/textures/stone.png
02:46:05.668 [JavaFX Application Thread] DEBUG AssetLoaderService   - Loading from cache: /assets/textures/stone.png
02:46:05.668 [JavaFX Application Thread] DEBUG AssetLoaderService   - Loading from cache: /assets/textures/stone.png
02:46:05.668 [JavaFX Application Thread] DEBUG AssetLoaderService   - Loading from cache: /assets/textures/stone.png
02:46:05.669 [JavaFX Application Thread] DEBUG AssetLoaderService   - Loading from cache: /assets/textures/stone.png
02:46:05.669 [JavaFX Application Thread] DEBUG AssetLoaderService   - Loading from cache: /assets/textures/stone.png
02:46:05.670 [JavaFX Application Thread] DEBUG AssetLoaderService   - Loading from cache: /assets/textures/stone.png
02:46:05.670 [JavaFX Application Thread] DEBUG AssetLoaderService   - Loading from cache: /assets/textures/stone.png
02:46:05.671 [JavaFX Application Thread] DEBUG AssetLoaderService   - Loading from cache: /assets/textures/stone.png
02:46:05.671 [JavaFX Application Thread] DEBUG AssetLoaderService   - Loading from cache: /assets/textures/stone.png
02:46:05.672 [JavaFX Application Thread] DEBUG AssetLoaderService   - Loading from cache: /assets/textures/stone.png
02:46:05.672 [JavaFX Application Thread] DEBUG AssetLoaderService   - Loading from cache: /assets/textures/stone.png
02:46:05.673 [JavaFX Application Thread] DEBUG AssetLoaderService   - Loading from file system: /assets/textures/red-dirt.png
02:46:05.674 [JavaFX Application Thread] DEBUG AssetLoaderService   - Loading from cache: /assets/textures/stone.png
02:46:05.675 [JavaFX Application Thread] DEBUG AssetLoaderService   - Loading from cache: /assets/textures/stone.png
02:46:05.675 [JavaFX Application Thread] DEBUG AssetLoaderService   - Loading from cache: /assets/textures/stone.png
02:46:05.675 [JavaFX Application Thread] DEBUG AssetLoaderService   - Loading from cache: /assets/textures/stone.png
02:46:05.676 [JavaFX Application Thread] DEBUG AssetLoaderService   - Loading from cache: /assets/textures/stone.png
02:46:05.676 [JavaFX Application Thread] DEBUG AssetLoaderService   - Loading from cache: /assets/textures/stone.png
02:46:05.676 [JavaFX Application Thread] DEBUG AssetLoaderService   - Loading from cache: /assets/textures/stone.png
02:46:05.677 [JavaFX Application Thread] DEBUG AssetLoaderService   - Loading from cache: /assets/textures/stone.png
02:46:05.677 [JavaFX Application Thread] DEBUG AssetLoaderService   - Loading from cache: /assets/textures/stone.png
02:46:05.677 [JavaFX Application Thread] DEBUG AssetLoaderService   - Loading from cache: /assets/textures/stone.png
02:46:05.677 [JavaFX Application Thread] DEBUG AssetLoaderService   - Loading from cache: /assets/textures/stone.png
02:46:05.678 [JavaFX Application Thread] DEBUG AssetLoaderService   - Loading from cache: /assets/textures/stone.png
02:46:05.678 [JavaFX Application Thread] DEBUG AssetLoaderService   - Loading from cache: /assets/textures/stone.png
02:46:05.678 [JavaFX Application Thread] DEBUG AssetLoaderService   - Loading from cache: /assets/textures/stone.png
02:46:05.679 [JavaFX Application Thread] DEBUG AssetLoaderService   - Loading from cache: /assets/textures/stone.png
02:46:05.679 [JavaFX Application Thread] DEBUG AssetLoaderService   - Loading from cache: /assets/textures/stone.png
02:46:05.680 [JavaFX Application Thread] DEBUG AssetLoaderService   - Loading from cache: /assets/textures/stone.png
02:46:05.680 [JavaFX Application Thread] DEBUG AssetLoaderService   - Loading from cache: /assets/textures/stone.png
02:46:05.680 [JavaFX Application Thread] DEBUG AssetLoaderService   - Loading from cache: /assets/textures/stone.png
02:46:05.681 [JavaFX Application Thread] DEBUG AssetLoaderService   - Loading from cache: /assets/textures/stone.png
02:46:05.681 [JavaFX Application Thread] DEBUG AssetLoaderService   - Loading from cache: /assets/textures/stone.png
02:46:05.681 [JavaFX Application Thread] DEBUG AssetLoaderService   - Loading from cache: /assets/textures/stone.png
02:46:05.681 [JavaFX Application Thread] DEBUG AssetLoaderService   - Loading from cache: /assets/textures/stone.png
02:46:05.682 [JavaFX Application Thread] DEBUG AssetLoaderService   - Loading from cache: /assets/textures/stone.png
02:46:05.682 [JavaFX Application Thread] DEBUG AssetLoaderService   - Loading from cache: /assets/textures/stone.png
02:46:05.683 [JavaFX Application Thread] DEBUG AssetLoaderService   - Loading from cache: /assets/textures/stone.png
02:46:05.683 [JavaFX Application Thread] DEBUG AssetLoaderService   - Loading from cache: /assets/textures/stone.png
02:46:05.683 [JavaFX Application Thread] DEBUG AssetLoaderService   - Loading from cache: /assets/textures/stone.png
02:46:05.684 [JavaFX Application Thread] DEBUG AssetLoaderService   - Loading from cache: /assets/textures/stone.png
02:46:05.684 [JavaFX Application Thread] DEBUG AssetLoaderService   - Loading from cache: /assets/textures/stone.png
02:46:05.684 [JavaFX Application Thread] DEBUG AssetLoaderService   - Loading from cache: /assets/textures/stone.png
02:46:05.685 [JavaFX Application Thread] DEBUG AssetLoaderService   - Loading from cache: /assets/textures/red-dirt.png
02:46:05.685 [JavaFX Application Thread] DEBUG AssetLoaderService   - Loading from cache: /assets/textures/red-dirt.png
02:46:05.686 [JavaFX Application Thread] DEBUG AssetLoaderService   - Loading from cache: /assets/textures/stone.png
02:46:05.686 [JavaFX Application Thread] DEBUG AssetLoaderService   - Loading from cache: /assets/textures/stone.png
02:46:05.687 [JavaFX Application Thread] DEBUG AssetLoaderService   - Loading from cache: /assets/textures/stone.png
02:46:05.687 [JavaFX Application Thread] DEBUG AssetLoaderService   - Loading from cache: /assets/textures/stone.png
02:46:05.687 [JavaFX Application Thread] DEBUG AssetLoaderService   - Loading from cache: /assets/textures/stone.png
02:46:05.688 [JavaFX Application Thread] DEBUG AssetLoaderService   - Loading from cache: /assets/textures/stone.png
02:46:05.688 [JavaFX Application Thread] DEBUG AssetLoaderService   - Loading from cache: /assets/textures/stone.png
02:46:05.689 [JavaFX Application Thread] DEBUG AssetLoaderService   - Loading from cache: /assets/textures/stone.png
02:46:05.689 [JavaFX Application Thread] DEBUG AssetLoaderService   - Loading from cache: /assets/textures/stone.png
02:46:05.689 [JavaFX Application Thread] DEBUG AssetLoaderService   - Loading from cache: /assets/textures/stone.png
02:46:05.690 [JavaFX Application Thread] DEBUG AssetLoaderService   - Loading from cache: /assets/textures/stone.png
02:46:05.690 [JavaFX Application Thread] DEBUG AssetLoaderService   - Loading from cache: /assets/textures/stone.png
02:46:05.690 [JavaFX Application Thread] DEBUG AssetLoaderService   - Loading from cache: /assets/textures/stone.png
02:46:05.691 [JavaFX Application Thread] DEBUG AssetLoaderService   - Loading from cache: /assets/textures/stone.png
02:46:05.691 [JavaFX Application Thread] DEBUG AssetLoaderService   - Loading from cache: /assets/textures/stone.png
02:46:05.692 [JavaFX Application Thread] DEBUG AssetLoaderService   - Loading from cache: /assets/textures/stone.png
02:46:05.692 [JavaFX Application Thread] DEBUG AssetLoaderService   - Loading from cache: /assets/textures/stone.png
02:46:05.693 [JavaFX Application Thread] DEBUG AssetLoaderService   - Loading from cache: /assets/textures/stone.png
02:46:05.693 [JavaFX Application Thread] DEBUG AssetLoaderService   - Loading from cache: /assets/textures/stone.png
02:46:05.693 [JavaFX Application Thread] DEBUG AssetLoaderService   - Loading from cache: /assets/textures/stone.png
02:46:05.694 [JavaFX Application Thread] DEBUG AssetLoaderService   - Loading from cache: /assets/textures/stone.png
02:46:05.694 [JavaFX Application Thread] DEBUG AssetLoaderService   - Loading from cache: /assets/textures/stone.png
02:46:05.695 [JavaFX Application Thread] DEBUG AssetLoaderService   - Loading from cache: /assets/textures/stone.png
02:46:05.696 [JavaFX Application Thread] DEBUG AssetLoaderService   - Loading from cache: /assets/textures/stone.png
02:46:05.696 [JavaFX Application Thread] DEBUG AssetLoaderService   - Loading from cache: /assets/textures/stone.png
02:46:05.697 [JavaFX Application Thread] DEBUG AssetLoaderService   - Loading from cache: /assets/textures/stone.png
02:46:05.697 [JavaFX Application Thread] DEBUG AssetLoaderService   - Loading from cache: /assets/textures/stone.png
02:46:05.697 [JavaFX Application Thread] DEBUG AssetLoaderService   - Loading from cache: /assets/textures/stone.png
02:46:05.698 [JavaFX Application Thread] DEBUG AssetLoaderService   - Loading from cache: /assets/textures/stone.png
02:46:05.698 [JavaFX Application Thread] DEBUG AssetLoaderService   - Loading from cache: /assets/textures/stone.png
02:46:05.699 [JavaFX Application Thread] DEBUG AssetLoaderService   - Loading from cache: /assets/textures/select-green.png
02:46:05.712 [JavaFX Application Thread] DEBUG AssetLoaderService   - Loading from cache: /assets/textures/select-green.png
02:46:05.729 [JavaFX Application Thread] DEBUG AssetLoaderService   - Loading from cache: /assets/textures/select-green.png
02:46:05.745 [JavaFX Application Thread] DEBUG AssetLoaderService   - Loading from cache: /assets/textures/select-green.png
02:46:05.762 [JavaFX Application Thread] DEBUG AssetLoaderService   - Loading from cache: /assets/textures/select-green.png
02:46:05.779 [JavaFX Application Thread] DEBUG AssetLoaderService   - Loading from cache: /assets/textures/select-green.png
02:46:05.796 [JavaFX Application Thread] DEBUG AssetLoaderService   - Loading from cache: /assets/textures/select-green.png
02:46:05.812 [JavaFX Application Thread] DEBUG AssetLoaderService   - Loading from cache: /assets/textures/select-green.png
02:46:05.829 [JavaFX Application Thread] DEBUG AssetLoaderService   - Loading from cache: /assets/textures/select-green.png
02:46:05.846 [JavaFX Application Thread] DEBUG AssetLoaderService   - Loading from cache: /assets/textures/select-green.png
02:46:05.862 [JavaFX Application Thread] DEBUG AssetLoaderService   - Loading from cache: /assets/textures/select-green.png
02:46:05.879 [JavaFX Application Thread] DEBUG AssetLoaderService   - Loading from cache: /assets/textures/select-green.png
02:46:05.896 [JavaFX Application Thread] DEBUG AssetLoaderService   - Loading from cache: /assets/textures/select-green.png
02:46:05.913 [JavaFX Application Thread] DEBUG AssetLoaderService   - Loading from cache: /assets/textures/select-green.png
02:46:05.930 [JavaFX Application Thread] DEBUG AssetLoaderService   - Loading from cache: /assets/textures/select-green.png
02:46:05.946 [JavaFX Application Thread] DEBUG AssetLoaderService   - Loading from cache: /assets/textures/select-green.png
02:46:05.963 [JavaFX Application Thread] DEBUG AssetLoaderService   - Loading from cache: /assets/textures/select-green.png
02:46:05.980 [JavaFX Application Thread] DEBUG AssetLoaderService   - Loading from cache: /assets/textures/select-green.png
02:46:05.997 [JavaFX Application Thread] DEBUG AssetLoaderService   - Loading from cache: /assets/textures/select-green.png
02:46:06.014 [JavaFX Application Thread] DEBUG AssetLoaderService   - Loading from cache: /assets/textures/select-green.png
02:46:06.031 [JavaFX Application Thread] DEBUG AssetLoaderService   - Loading from cache: /assets/textures/select-green.png
02:46:06.047 [JavaFX Application Thread] DEBUG AssetLoaderService   - Loading from cache: /assets/textures/select-green.png
02:46:06.064 [JavaFX Application Thread] DEBUG AssetLoaderService   - Loading from cache: /assets/textures/select-green.png
02:46:06.080 [JavaFX Application Thread] DEBUG AssetLoaderService   - Loading from cache: /assets/textures/select-green.png
02:46:06.097 [JavaFX Application Thread] DEBUG AssetLoaderService   - Loading from cache: /assets/textures/select-green.png
02:46:06.113 [JavaFX Application Thread] DEBUG AssetLoaderService   - Loading from cache: /assets/textures/select-green.png
02:46:06.130 [JavaFX Application Thread] DEBUG AssetLoaderService   - Loading from cache: /assets/textures/select-green.png
02:46:06.147 [JavaFX Application Thread] DEBUG AssetLoaderService   - Loading from cache: /assets/textures/select-green.png
02:46:06.164 [JavaFX Application Thread] DEBUG AssetLoaderService   - Loading from cache: /assets/textures/select-green.png
02:46:06.180 [JavaFX Application Thread] DEBUG AssetLoaderService   - Loading from cache: /assets/textures/select-green.png
02:46:06.196 [JavaFX Application Thread] DEBUG AssetLoaderService   - Loading from cache: /assets/textures/select-green.png
02:46:06.213 [JavaFX Application Thread] DEBUG AssetLoaderService   - Loading from cache: /assets/textures/select-green.png
02:46:06.229 [JavaFX Application Thread] DEBUG AssetLoaderService   - Loading from cache: /assets/textures/select-green.png
02:46:06.247 [JavaFX Application Thread] DEBUG AssetLoaderService   - Loading from cache: /assets/textures/select-green.png
02:46:06.263 [JavaFX Application Thread] DEBUG AssetLoaderService   - Loading from cache: /assets/textures/select-green.png
02:46:06.279 [JavaFX Application Thread] DEBUG AssetLoaderService   - Loading from cache: /assets/textures/select-green.png
02:46:06.300 [JavaFX Application Thread] DEBUG AssetLoaderService   - Loading from cache: /assets/textures/select-green.png
02:46:06.315 [JavaFX Application Thread] DEBUG AssetLoaderService   - Loading from cache: /assets/textures/select-green.png
02:46:06.333 [JavaFX Application Thread] DEBUG AssetLoaderService   - Loading from cache: /assets/textures/select-green.png
02:46:06.349 [JavaFX Application Thread] DEBUG AssetLoaderService   - Loading from cache: /assets/textures/select-green.png
02:46:06.365 [JavaFX Application Thread] DEBUG AssetLoaderService   - Loading from cache: /assets/textures/select-green.png
02:46:06.382 [JavaFX Application Thread] DEBUG AssetLoaderService   - Loading from cache: /assets/textures/select-green.png
02:46:06.398 [JavaFX Application Thread] DEBUG AssetLoaderService   - Loading from cache: /assets/textures/select-green.png
02:46:06.415 [JavaFX Application Thread] DEBUG AssetLoaderService   - Loading from cache: /assets/textures/select-green.png
02:46:06.431 [JavaFX Application Thread] DEBUG AssetLoaderService   - Loading from cache: /assets/textures/select-green.png
02:46:06.447 [JavaFX Application Thread] DEBUG AssetLoaderService   - Loading from cache: /assets/textures/select-green.png
02:46:06.464 [JavaFX Application Thread] DEBUG AssetLoaderService   - Loading from cache: /assets/textures/select-green.png
02:46:06.481 [JavaFX Application Thread] DEBUG AssetLoaderService   - Loading from cache: /assets/textures/select-green.png
02:46:06.498 [JavaFX Application Thread] DEBUG AssetLoaderService   - Loading from cache: /assets/textures/select-green.png
02:46:06.515 [JavaFX Application Thread] DEBUG AssetLoaderService   - Loading from cache: /assets/textures/select-green.png
02:46:06.531 [JavaFX Application Thread] DEBUG AssetLoaderService   - Loading from cache: /assets/textures/select-green.png
02:46:06.550 [JavaFX Application Thread] DEBUG AssetLoaderService   - Loading from cache: /assets/textures/select-green.png
02:46:06.564 [JavaFX Application Thread] DEBUG AssetLoaderService   - Loading from cache: /assets/textures/select-green.png
02:46:06.583 [JavaFX Application Thread] DEBUG AssetLoaderService   - Loading from cache: /assets/textures/select-green.png
02:46:06.598 [JavaFX Application Thread] DEBUG AssetLoaderService   - Loading from cache: /assets/textures/select-green.png
02:46:06.614 [JavaFX Application Thread] DEBUG AssetLoaderService   - Loading from cache: /assets/textures/select-green.png
02:46:06.629 [JavaFX Application Thread] DEBUG AssetLoaderService   - Loading from cache: /assets/textures/select-green.png
02:46:06.646 [JavaFX Application Thread] DEBUG AssetLoaderService   - Loading from cache: /assets/textures/select-green.png
02:46:06.662 [JavaFX Application Thread] DEBUG AssetLoaderService   - Loading from cache: /assets/textures/select-green.png
02:46:06.696 [JavaFX Application Thread] DEBUG AssetLoaderService   - Loading from cache: /assets/textures/stone.png
02:46:06.696 [JavaFX Application Thread] DEBUG AssetLoaderService   - Loading from cache: /assets/textures/stone.png
02:46:06.696 [JavaFX Application Thread] DEBUG AssetLoaderService   - Loading from cache: /assets/textures/stone.png
02:46:06.696 [JavaFX Application Thread] DEBUG AssetLoaderService   - Loading from cache: /assets/textures/stone.png
02:46:06.697 [JavaFX Application Thread] DEBUG AssetLoaderService   - Loading from cache: /assets/textures/stone.png
02:46:06.697 [JavaFX Application Thread] DEBUG AssetLoaderService   - Loading from cache: /assets/textures/stone.png
02:46:06.697 [JavaFX Application Thread] DEBUG AssetLoaderService   - Loading from cache: /assets/textures/stone.png
02:46:06.697 [JavaFX Application Thread] DEBUG AssetLoaderService   - Loading from cache: /assets/textures/stone.png
02:46:06.698 [JavaFX Application Thread] DEBUG AssetLoaderService   - Loading from cache: /assets/textures/stone.png
02:46:06.698 [JavaFX Application Thread] DEBUG AssetLoaderService   - Loading from cache: /assets/textures/stone.png
02:46:06.698 [JavaFX Application Thread] DEBUG AssetLoaderService   - Loading from cache: /assets/textures/stone.png
02:46:06.698 [JavaFX Application Thread] DEBUG AssetLoaderService   - Loading from cache: /assets/textures/stone.png
02:46:06.699 [JavaFX Application Thread] DEBUG AssetLoaderService   - Loading from cache: /assets/textures/stone.png
02:46:06.699 [JavaFX Application Thread] DEBUG AssetLoaderService   - Loading from cache: /assets/textures/stone.png
02:46:06.699 [JavaFX Application Thread] DEBUG AssetLoaderService   - Loading from cache: /assets/textures/stone.png
02:46:06.699 [JavaFX Application Thread] DEBUG AssetLoaderService   - Loading from cache: /assets/textures/stone.png
02:46:06.699 [JavaFX Application Thread] DEBUG AssetLoaderService   - Loading from cache: /assets/textures/stone.png
02:46:06.700 [JavaFX Application Thread] DEBUG AssetLoaderService   - Loading from cache: /assets/textures/stone.png
02:46:06.700 [JavaFX Application Thread] DEBUG AssetLoaderService   - Loading from cache: /assets/textures/stone.png
02:46:06.700 [JavaFX Application Thread] DEBUG AssetLoaderService   - Loading from cache: /assets/textures/stone.png
02:46:06.700 [JavaFX Application Thread] DEBUG AssetLoaderService   - Loading from cache: /assets/textures/stone.png
02:46:06.700 [JavaFX Application Thread] DEBUG AssetLoaderService   - Loading from cache: /assets/textures/stone.png
02:46:06.701 [JavaFX Application Thread] DEBUG AssetLoaderService   - Loading from cache: /assets/textures/stone.png
02:46:06.701 [JavaFX Application Thread] DEBUG AssetLoaderService   - Loading from cache: /assets/textures/stone.png
02:46:06.701 [JavaFX Application Thread] DEBUG AssetLoaderService   - Loading from cache: /assets/textures/stone.png
02:46:06.701 [JavaFX Application Thread] DEBUG AssetLoaderService   - Loading from cache: /assets/textures/stone.png
02:46:06.702 [JavaFX Application Thread] DEBUG AssetLoaderService   - Loading from cache: /assets/textures/stone.png
02:46:06.702 [JavaFX Application Thread] DEBUG AssetLoaderService   - Loading from cache: /assets/textures/stone.png
02:46:06.702 [JavaFX Application Thread] DEBUG AssetLoaderService   - Loading from cache: /assets/textures/stone.png
02:46:06.702 [JavaFX Application Thread] DEBUG AssetLoaderService   - Loading from cache: /assets/textures/stone.png
02:46:06.703 [JavaFX Application Thread] DEBUG AssetLoaderService   - Loading from cache: /assets/textures/stone.png
02:46:06.703 [JavaFX Application Thread] DEBUG AssetLoaderService   - Loading from cache: /assets/textures/stone.png
02:46:06.703 [JavaFX Application Thread] DEBUG AssetLoaderService   - Loading from cache: /assets/textures/stone.png
02:46:06.704 [JavaFX Application Thread] DEBUG AssetLoaderService   - Loading from cache: /assets/textures/stone.png
02:46:06.704 [JavaFX Application Thread] DEBUG AssetLoaderService   - Loading from cache: /assets/textures/stone.png
02:46:06.704 [JavaFX Application Thread] DEBUG AssetLoaderService   - Loading from cache: /assets/textures/stone.png
02:46:06.704 [JavaFX Application Thread] DEBUG AssetLoaderService   - Loading from cache: /assets/textures/red-dirt.png
02:46:06.704 [JavaFX Application Thread] DEBUG AssetLoaderService   - Loading from cache: /assets/textures/stone.png
02:46:06.705 [JavaFX Application Thread] DEBUG AssetLoaderService   - Loading from cache: /assets/textures/stone.png
02:46:06.705 [JavaFX Application Thread] DEBUG AssetLoaderService   - Loading from cache: /assets/textures/stone.png
02:46:06.705 [JavaFX Application Thread] DEBUG AssetLoaderService   - Loading from cache: /assets/textures/stone.png
02:46:06.705 [JavaFX Application Thread] DEBUG AssetLoaderService   - Loading from cache: /assets/textures/stone.png
02:46:06.706 [JavaFX Application Thread] DEBUG AssetLoaderService   - Loading from cache: /assets/textures/stone.png
02:46:06.706 [JavaFX Application Thread] DEBUG AssetLoaderService   - Loading from cache: /assets/textures/stone.png
02:46:06.706 [JavaFX Application Thread] DEBUG AssetLoaderService   - Loading from cache: /assets/textures/stone.png
02:46:06.706 [JavaFX Application Thread] DEBUG AssetLoaderService   - Loading from cache: /assets/textures/stone.png
02:46:06.706 [JavaFX Application Thread] DEBUG AssetLoaderService   - Loading from cache: /assets/textures/stone.png
02:46:06.707 [JavaFX Application Thread] DEBUG AssetLoaderService   - Loading from cache: /assets/textures/stone.png
02:46:06.707 [JavaFX Application Thread] DEBUG AssetLoaderService   - Loading from cache: /assets/textures/stone.png
02:46:06.707 [JavaFX Application Thread] DEBUG AssetLoaderService   - Loading from cache: /assets/textures/stone.png
02:46:06.707 [JavaFX Application Thread] DEBUG AssetLoaderService   - Loading from cache: /assets/textures/stone.png
02:46:06.708 [JavaFX Application Thread] DEBUG AssetLoaderService   - Loading from cache: /assets/textures/stone.png
02:46:06.708 [JavaFX Application Thread] DEBUG AssetLoaderService   - Loading from cache: /assets/textures/stone.png
02:46:06.708 [JavaFX Application Thread] DEBUG AssetLoaderService   - Loading from cache: /assets/textures/stone.png
02:46:06.708 [JavaFX Application Thread] DEBUG AssetLoaderService   - Loading from cache: /assets/textures/stone.png
02:46:06.708 [JavaFX Application Thread] DEBUG AssetLoaderService   - Loading from cache: /assets/textures/stone.png
02:46:06.709 [JavaFX Application Thread] DEBUG AssetLoaderService   - Loading from cache: /assets/textures/stone.png
02:46:06.709 [JavaFX Application Thread] DEBUG AssetLoaderService   - Loading from cache: /assets/textures/stone.png
02:46:06.709 [JavaFX Application Thread] DEBUG AssetLoaderService   - Loading from cache: /assets/textures/stone.png
02:46:06.709 [JavaFX Application Thread] DEBUG AssetLoaderService   - Loading from cache: /assets/textures/stone.png
02:46:06.710 [JavaFX Application Thread] DEBUG AssetLoaderService   - Loading from cache: /assets/textures/stone.png
02:46:06.710 [JavaFX Application Thread] DEBUG AssetLoaderService   - Loading from cache: /assets/textures/stone.png
02:46:06.710 [JavaFX Application Thread] DEBUG AssetLoaderService   - Loading from cache: /assets/textures/stone.png
02:46:06.710 [JavaFX Application Thread] DEBUG AssetLoaderService   - Loading from cache: /assets/textures/stone.png
02:46:06.710 [JavaFX Application Thread] DEBUG AssetLoaderService   - Loading from cache: /assets/textures/stone.png
02:46:06.711 [JavaFX Application Thread] DEBUG AssetLoaderService   - Loading from cache: /assets/textures/stone.png
02:46:06.711 [JavaFX Application Thread] DEBUG AssetLoaderService   - Loading from cache: /assets/textures/stone.png
02:46:06.711 [JavaFX Application Thread] DEBUG AssetLoaderService   - Loading from cache: /assets/textures/stone.png
02:46:06.711 [JavaFX Application Thread] DEBUG AssetLoaderService   - Loading from cache: /assets/textures/red-dirt.png
02:46:06.711 [JavaFX Application Thread] DEBUG AssetLoaderService   - Loading from cache: /assets/textures/red-dirt.png
02:46:06.712 [JavaFX Application Thread] DEBUG AssetLoaderService   - Loading from cache: /assets/textures/stone.png
02:46:06.712 [JavaFX Application Thread] DEBUG AssetLoaderService   - Loading from cache: /assets/textures/stone.png
02:46:06.712 [JavaFX Application Thread] DEBUG AssetLoaderService   - Loading from cache: /assets/textures/stone.png
02:46:06.712 [JavaFX Application Thread] DEBUG AssetLoaderService   - Loading from cache: /assets/textures/stone.png
02:46:06.712 [JavaFX Application Thread] DEBUG AssetLoaderService   - Loading from cache: /assets/textures/stone.png
02:46:06.713 [JavaFX Application Thread] DEBUG AssetLoaderService   - Loading from cache: /assets/textures/stone.png
02:46:06.713 [JavaFX Application Thread] DEBUG AssetLoaderService   - Loading from cache: /assets/textures/stone.png
02:46:06.713 [JavaFX Application Thread] DEBUG AssetLoaderService   - Loading from cache: /assets/textures/stone.png
02:46:06.713 [JavaFX Application Thread] DEBUG AssetLoaderService   - Loading from cache: /assets/textures/stone.png
02:46:06.714 [JavaFX Application Thread] DEBUG AssetLoaderService   - Loading from cache: /assets/textures/stone.png
02:46:06.714 [JavaFX Application Thread] DEBUG AssetLoaderService   - Loading from cache: /assets/textures/stone.png
02:46:06.714 [JavaFX Application Thread] DEBUG AssetLoaderService   - Loading from cache: /assets/textures/stone.png
02:46:06.714 [JavaFX Application Thread] DEBUG AssetLoaderService   - Loading from cache: /assets/textures/stone.png
02:46:06.714 [JavaFX Application Thread] DEBUG AssetLoaderService   - Loading from cache: /assets/textures/stone.png
02:46:06.715 [JavaFX Application Thread] DEBUG AssetLoaderService   - Loading from cache: /assets/textures/stone.png
02:46:06.715 [JavaFX Application Thread] DEBUG AssetLoaderService   - Loading from cache: /assets/textures/stone.png
02:46:06.715 [JavaFX Application Thread] DEBUG AssetLoaderService   - Loading from cache: /assets/textures/stone.png
02:46:06.715 [JavaFX Application Thread] DEBUG AssetLoaderService   - Loading from cache: /assets/textures/stone.png
02:46:06.715 [JavaFX Application Thread] DEBUG AssetLoaderService   - Loading from cache: /assets/textures/stone.png
02:46:06.716 [JavaFX Application Thread] DEBUG AssetLoaderService   - Loading from cache: /assets/textures/stone.png
02:46:06.716 [JavaFX Application Thread] DEBUG AssetLoaderService   - Loading from cache: /assets/textures/stone.png
02:46:06.716 [JavaFX Application Thread] DEBUG AssetLoaderService   - Loading from cache: /assets/textures/stone.png
02:46:06.716 [JavaFX Application Thread] DEBUG AssetLoaderService   - Loading from cache: /assets/textures/stone.png
02:46:06.717 [JavaFX Application Thread] DEBUG AssetLoaderService   - Loading from cache: /assets/textures/stone.png
02:46:06.717 [JavaFX Application Thread] DEBUG AssetLoaderService   - Loading from cache: /assets/textures/stone.png
02:46:06.717 [JavaFX Application Thread] DEBUG AssetLoaderService   - Loading from cache: /assets/textures/stone.png
02:46:06.717 [JavaFX Application Thread] DEBUG AssetLoaderService   - Loading from cache: /assets/textures/stone.png
02:46:06.717 [JavaFX Application Thread] DEBUG AssetLoaderService   - Loading from cache: /assets/textures/stone.png
02:46:06.718 [JavaFX Application Thread] DEBUG AssetLoaderService   - Loading from cache: /assets/textures/stone.png
02:46:06.718 [JavaFX Application Thread] DEBUG AssetLoaderService   - Loading from cache: /assets/textures/stone.png
02:46:06.718 [JavaFX Application Thread] DEBUG AssetLoaderService   - Loading from cache: /assets/textures/select-green.png
02:46:07.086 [FXGL Background Thread 2 ] DEBUG Engine               - Logging environment variables
02:46:07.088 [FXGL Background Thread 2 ] DEBUG Engine               - achievements: []
02:46:07.088 [FXGL Background Thread 2 ] DEBUG Engine               - appIcon: fxgl_icon.png
02:46:07.088 [FXGL Background Thread 2 ] DEBUG Engine               - applicationMode: DEVELOPER
02:46:07.088 [FXGL Background Thread 2 ] DEBUG Engine               - cSSList: [fxgl_dark.css]
02:46:07.088 [FXGL Background Thread 2 ] DEBUG Engine               - configClass: Optional.empty
02:46:07.088 [FXGL Background Thread 2 ] DEBUG Engine               - credits: []
02:46:07.088 [FXGL Background Thread 2 ] DEBUG Engine               - devBBoxColorProperty: ObjectProperty [value: 0xff0000ff]
02:46:07.088 [FXGL Background Thread 2 ] DEBUG Engine               - devSensorColorProperty: ObjectProperty [value: 0xffff00ff]
02:46:07.088 [FXGL Background Thread 2 ] DEBUG Engine               - devShowBBoxProperty: BooleanProperty [value: false]
02:46:07.088 [FXGL Background Thread 2 ] DEBUG Engine               - devShowPositionProperty: BooleanProperty [value: false]
02:46:07.088 [FXGL Background Thread 2 ] DEBUG Engine               - enabledMenuItems: []
02:46:07.089 [FXGL Background Thread 2 ] DEBUG Engine               - engineServices: [class com.almasb.fxgl.app.GameApplication$GameApplicationService, class com.almasb.fxgl.app.services.WindowService, class com.almasb.fxgl.app.services.FXGLDialogService, class com.almasb.fxgl.app.services.IOTaskExecutorService, class com.almasb.fxgl.event.EventBusService, class com.almasb.fxgl.io.FileSystemService, class com.almasb.fxgl.localization.LocalizationService, class com.almasb.fxgl.app.services.AssetLoaderService, class com.almasb.fxgl.app.services.SystemBundleService, class com.almasb.fxgl.profile.SaveLoadService, class com.almasb.fxgl.ui.FXGLUIFactoryServiceProvider, class com.almasb.fxgl.ui.FXGLDialogFactoryServiceProvider, class com.almasb.fxgl.audio.AudioPlayer, class com.almasb.fxgl.notification.impl.NotificationServiceProvider, class com.almasb.fxgl.achievement.AchievementService, class com.almasb.fxgl.cutscene.CutsceneService, class com.almasb.fxgl.minigames.MiniGameService, class com.almasb.fxgl.net.NetService, class com.almasb.fxgl.app.services.UpdaterService, class com.almasb.fxgl.dev.DevService]
02:46:07.089 [FXGL Background Thread 2 ] DEBUG Engine               - fontGame: Abel-Regular.ttf
02:46:07.089 [FXGL Background Thread 2 ] DEBUG Engine               - fontMono: lucida_console.ttf
02:46:07.089 [FXGL Background Thread 2 ] DEBUG Engine               - fontText: Courier-Prime.ttf
02:46:07.089 [FXGL Background Thread 2 ] DEBUG Engine               - fontUI: VarelaRound-Regular.ttf
02:46:07.089 [FXGL Background Thread 2 ] DEBUG Engine               - fullScreen: BooleanProperty [value: false]
02:46:07.089 [FXGL Background Thread 2 ] DEBUG Engine               - gameDifficulty: MEDIUM
02:46:07.089 [FXGL Background Thread 2 ] DEBUG Engine               - gameDifficultyProperty: ObjectProperty [value: MEDIUM]
02:46:07.090 [FXGL Background Thread 2 ] DEBUG Engine               - globalMusicVolume: 0.5
02:46:07.090 [FXGL Background Thread 2 ] DEBUG Engine               - globalMusicVolumeProperty: DoubleProperty [value: 0.5]
02:46:07.090 [FXGL Background Thread 2 ] DEBUG Engine               - globalSoundVolume: 0.5
02:46:07.090 [FXGL Background Thread 2 ] DEBUG Engine               - globalSoundVolumeProperty: DoubleProperty [value: 0.5]
02:46:07.090 [FXGL Background Thread 2 ] DEBUG Engine               - height: 600
02:46:07.090 [FXGL Background Thread 2 ] DEBUG Engine               - isAndroid: false
02:46:07.090 [FXGL Background Thread 2 ] DEBUG Engine               - isBrowser: false
02:46:07.090 [FXGL Background Thread 2 ] DEBUG Engine               - isClickFeedbackEnabled: false
02:46:07.090 [FXGL Background Thread 2 ] DEBUG Engine               - isCloseConfirmation: false
02:46:07.090 [FXGL Background Thread 2 ] DEBUG Engine               - isDesktop: true
02:46:07.090 [FXGL Background Thread 2 ] DEBUG Engine               - isDeveloperMenuEnabled: false
02:46:07.090 [FXGL Background Thread 2 ] DEBUG Engine               - isExperimentalNative: false
02:46:07.090 [FXGL Background Thread 2 ] DEBUG Engine               - isExperimentalTiledLargeMap: false
02:46:07.090 [FXGL Background Thread 2 ] DEBUG Engine               - isFullScreenAllowed: false
02:46:07.090 [FXGL Background Thread 2 ] DEBUG Engine               - isFullScreenFromStart: false
02:46:07.090 [FXGL Background Thread 2 ] DEBUG Engine               - isGameMenuEnabled: true
02:46:07.091 [FXGL Background Thread 2 ] DEBUG Engine               - isIOS: false
02:46:07.091 [FXGL Background Thread 2 ] DEBUG Engine               - isIntroEnabled: false
02:46:07.091 [FXGL Background Thread 2 ] DEBUG Engine               - isLinux: true
02:46:07.091 [FXGL Background Thread 2 ] DEBUG Engine               - isMac: false
02:46:07.091 [FXGL Background Thread 2 ] DEBUG Engine               - isMainMenuEnabled: false
02:46:07.091 [FXGL Background Thread 2 ] DEBUG Engine               - isManualResizeEnabled: false
02:46:07.091 [FXGL Background Thread 2 ] DEBUG Engine               - isMobile: false
02:46:07.091 [FXGL Background Thread 2 ] DEBUG Engine               - isPreserveResizeRatio: false
02:46:07.091 [FXGL Background Thread 2 ] DEBUG Engine               - isProfilingEnabled: false
02:46:07.091 [FXGL Background Thread 2 ] DEBUG Engine               - isSingleStep: false
02:46:07.091 [FXGL Background Thread 2 ] DEBUG Engine               - isUserProfileEnabled: false
02:46:07.091 [FXGL Background Thread 2 ] DEBUG Engine               - isWindows: false
02:46:07.091 [FXGL Background Thread 2 ] DEBUG Engine               - language: ObjectProperty [value: ENGLISH]
02:46:07.091 [FXGL Background Thread 2 ] DEBUG Engine               - mainWindow: com.almasb.fxgl.app.MainWindow@7a58e417
02:46:07.091 [FXGL Background Thread 2 ] DEBUG Engine               - menuKey: ESCAPE
02:46:07.091 [FXGL Background Thread 2 ] DEBUG Engine               - notificationViewClass: class com.almasb.fxgl.notification.view.XboxNotificationView
02:46:07.092 [FXGL Background Thread 2 ] DEBUG Engine               - pixelsPerMeter: 50.0
02:46:07.092 [FXGL Background Thread 2 ] DEBUG Engine               - platform: LINUX
02:46:07.092 [FXGL Background Thread 2 ] DEBUG Engine               - profileDir: profiles/
02:46:07.092 [FXGL Background Thread 2 ] DEBUG Engine               - profileName: StringProperty [value: DEFAULT]
02:46:07.092 [FXGL Background Thread 2 ] DEBUG Engine               - randomSeed: -1
02:46:07.092 [FXGL Background Thread 2 ] DEBUG Engine               - runtimeInfo: RuntimeInfo(platform=LINUX, version=11.9, build=27.05.2020 17.06)
02:46:07.092 [FXGL Background Thread 2 ] DEBUG Engine               - saveFileExt: sav
02:46:07.092 [FXGL Background Thread 2 ] DEBUG Engine               - sceneFactory: com.almasb.fxgl.app.scene.SceneFactory@522cb4a4
02:46:07.092 [FXGL Background Thread 2 ] DEBUG Engine               - secondsIn24h: 60
02:46:07.092 [FXGL Background Thread 2 ] DEBUG Engine               - settings: Title: Untitled
Version: 0.0
Width: 800
Height: 600
Fullscreen: false
Intro: false
Profiling: false
Single step:false
App Mode: DEVELOPER
Menu Key: ESCAPE
Stage Style: DECORATED
Scene Factory: class com.almasb.fxgl.app.scene.SceneFactory

02:46:07.092 [FXGL Background Thread 2 ] DEBUG Engine               - soundMenuBack: menu/back.wav
02:46:07.092 [FXGL Background Thread 2 ] DEBUG Engine               - soundMenuPress: menu/press.wav
02:46:07.092 [FXGL Background Thread 2 ] DEBUG Engine               - soundMenuSelect: menu/select.wav
02:46:07.092 [FXGL Background Thread 2 ] DEBUG Engine               - soundNotification: core/notification.wav
02:46:07.092 [FXGL Background Thread 2 ] DEBUG Engine               - stageStyle: DECORATED
02:46:07.092 [FXGL Background Thread 2 ] DEBUG Engine               - supportedLanguages: [ENGLISH, FRENCH, GERMAN, HUNGARIAN, RUSSIAN]
02:46:07.093 [FXGL Background Thread 2 ] DEBUG Engine               - title: Untitled
02:46:07.093 [FXGL Background Thread 2 ] DEBUG Engine               - urlGithub: https://github.com/AlmasB/FXGL
02:46:07.093 [FXGL Background Thread 2 ] DEBUG Engine               - urlLeaderboard: http://fxgl-top.herokuapp.com/
02:46:07.093 [FXGL Background Thread 2 ] DEBUG Engine               - urlPOM: https://raw.githubusercontent.com/AlmasB/FXGL/master/pom.xml
02:46:07.093 [FXGL Background Thread 2 ] DEBUG Engine               - version: 0.0
02:46:07.093 [FXGL Background Thread 2 ] DEBUG Engine               - versionCheckDays: 7
02:46:07.093 [FXGL Background Thread 2 ] DEBUG Engine               - width: 800
02:46:07.093 [FXGL Background Thread 2 ] DEBUG Engine               - Logging services
02:46:07.093 [FXGL Background Thread 2 ] DEBUG Engine               - class com.almasb.fxgl.app.GameApplication$GameApplicationService
02:46:07.093 [FXGL Background Thread 2 ] DEBUG Engine               - class com.almasb.fxgl.app.services.WindowService
02:46:07.093 [FXGL Background Thread 2 ] DEBUG Engine               - class com.almasb.fxgl.app.services.FXGLDialogService
02:46:07.093 [FXGL Background Thread 2 ] DEBUG Engine               - class com.almasb.fxgl.app.services.IOTaskExecutorService
02:46:07.093 [FXGL Background Thread 2 ] DEBUG Engine               - class com.almasb.fxgl.event.EventBusService
02:46:07.093 [FXGL Background Thread 2 ] DEBUG Engine               - class com.almasb.fxgl.io.FileSystemService
02:46:07.093 [FXGL Background Thread 2 ] DEBUG Engine               - class com.almasb.fxgl.localization.LocalizationService
02:46:07.093 [FXGL Background Thread 2 ] DEBUG Engine               - class com.almasb.fxgl.app.services.AssetLoaderService
02:46:07.093 [FXGL Background Thread 2 ] DEBUG Engine               - class com.almasb.fxgl.app.services.SystemBundleService
02:46:07.093 [FXGL Background Thread 2 ] DEBUG Engine               - class com.almasb.fxgl.profile.SaveLoadService
02:46:07.094 [FXGL Background Thread 2 ] DEBUG Engine               - class com.almasb.fxgl.ui.FXGLUIFactoryServiceProvider
02:46:07.094 [FXGL Background Thread 2 ] DEBUG Engine               - class com.almasb.fxgl.ui.FXGLDialogFactoryServiceProvider
02:46:07.094 [FXGL Background Thread 2 ] DEBUG Engine               - class com.almasb.fxgl.audio.AudioPlayer
02:46:07.094 [FXGL Background Thread 2 ] DEBUG Engine               - class com.almasb.fxgl.notification.impl.NotificationServiceProvider
02:46:07.094 [FXGL Background Thread 2 ] DEBUG Engine               - class com.almasb.fxgl.achievement.AchievementService
02:46:07.094 [FXGL Background Thread 2 ] DEBUG Engine               - class com.almasb.fxgl.cutscene.CutsceneService
02:46:07.094 [FXGL Background Thread 2 ] DEBUG Engine               - class com.almasb.fxgl.minigames.MiniGameService
02:46:07.094 [FXGL Background Thread 2 ] DEBUG Engine               - class com.almasb.fxgl.net.NetService
02:46:07.094 [FXGL Background Thread 2 ] DEBUG Engine               - class com.almasb.fxgl.app.services.UpdaterService
02:46:07.094 [FXGL Background Thread 2 ] DEBUG Engine               - class com.almasb.fxgl.dev.DevService
02:46:07.737 [JavaFX Application Thread] DEBUG AssetLoaderService   - Loading from cache: /assets/textures/stone.png
02:46:07.738 [JavaFX Application Thread] DEBUG AssetLoaderService   - Loading from cache: /assets/textures/stone.png
02:46:07.738 [JavaFX Application Thread] DEBUG AssetLoaderService   - Loading from cache: /assets/textures/stone.png
02:46:07.739 [JavaFX Application Thread] DEBUG AssetLoaderService   - Loading from cache: /assets/textures/stone.png
02:46:07.739 [JavaFX Application Thread] DEBUG AssetLoaderService   - Loading from cache: /assets/textures/stone.png
02:46:07.739 [JavaFX Application Thread] DEBUG AssetLoaderService   - Loading from cache: /assets/textures/stone.png
02:46:07.739 [JavaFX Application Thread] DEBUG AssetLoaderService   - Loading from cache: /assets/textures/stone.png
02:46:07.739 [JavaFX Application Thread] DEBUG AssetLoaderService   - Loading from cache: /assets/textures/stone.png
02:46:07.740 [JavaFX Application Thread] DEBUG AssetLoaderService   - Loading from cache: /assets/textures/stone.png
02:46:07.740 [JavaFX Application Thread] DEBUG AssetLoaderService   - Loading from cache: /assets/textures/stone.png
02:46:07.740 [JavaFX Application Thread] DEBUG AssetLoaderService   - Loading from cache: /assets/textures/stone.png
02:46:07.740 [JavaFX Application Thread] DEBUG AssetLoaderService   - Loading from cache: /assets/textures/stone.png
02:46:07.741 [JavaFX Application Thread] DEBUG AssetLoaderService   - Loading from cache: /assets/textures/stone.png
02:46:07.741 [JavaFX Application Thread] DEBUG AssetLoaderService   - Loading from cache: /assets/textures/stone.png
02:46:07.741 [JavaFX Application Thread] DEBUG AssetLoaderService   - Loading from cache: /assets/textures/stone.png
02:46:07.741 [JavaFX Application Thread] DEBUG AssetLoaderService   - Loading from cache: /assets/textures/stone.png
02:46:07.741 [JavaFX Application Thread] DEBUG AssetLoaderService   - Loading from cache: /assets/textures/stone.png
02:46:07.742 [JavaFX Application Thread] DEBUG AssetLoaderService   - Loading from cache: /assets/textures/stone.png
02:46:07.742 [JavaFX Application Thread] DEBUG AssetLoaderService   - Loading from cache: /assets/textures/stone.png
02:46:07.742 [JavaFX Application Thread] DEBUG AssetLoaderService   - Loading from cache: /assets/textures/stone.png
02:46:07.742 [JavaFX Application Thread] DEBUG AssetLoaderService   - Loading from cache: /assets/textures/stone.png
02:46:07.742 [JavaFX Application Thread] DEBUG AssetLoaderService   - Loading from cache: /assets/textures/stone.png
02:46:07.743 [JavaFX Application Thread] DEBUG AssetLoaderService   - Loading from cache: /assets/textures/stone.png
02:46:07.743 [JavaFX Application Thread] DEBUG AssetLoaderService   - Loading from cache: /assets/textures/stone.png
02:46:07.743 [JavaFX Application Thread] DEBUG AssetLoaderService   - Loading from cache: /assets/textures/stone.png
02:46:07.743 [JavaFX Application Thread] DEBUG AssetLoaderService   - Loading from cache: /assets/textures/stone.png
02:46:07.743 [JavaFX Application Thread] DEBUG AssetLoaderService   - Loading from cache: /assets/textures/stone.png
02:46:07.743 [JavaFX Application Thread] DEBUG AssetLoaderService   - Loading from cache: /assets/textures/stone.png
02:46:07.744 [JavaFX Application Thread] DEBUG AssetLoaderService   - Loading from cache: /assets/textures/stone.png
02:46:07.744 [JavaFX Application Thread] DEBUG AssetLoaderService   - Loading from cache: /assets/textures/stone.png
02:46:07.744 [JavaFX Application Thread] DEBUG AssetLoaderService   - Loading from cache: /assets/textures/stone.png
02:46:07.744 [JavaFX Application Thread] DEBUG AssetLoaderService   - Loading from cache: /assets/textures/stone.png
02:46:07.744 [JavaFX Application Thread] DEBUG AssetLoaderService   - Loading from cache: /assets/textures/stone.png
02:46:07.744 [JavaFX Application Thread] DEBUG AssetLoaderService   - Loading from cache: /assets/textures/stone.png
02:46:07.745 [JavaFX Application Thread] DEBUG AssetLoaderService   - Loading from cache: /assets/textures/stone.png
02:46:07.745 [JavaFX Application Thread] DEBUG AssetLoaderService   - Loading from cache: /assets/textures/stone.png
02:46:07.745 [JavaFX Application Thread] DEBUG AssetLoaderService   - Loading from cache: /assets/textures/red-dirt.png
02:46:07.745 [JavaFX Application Thread] DEBUG AssetLoaderService   - Loading from cache: /assets/textures/stone.png
02:46:07.745 [JavaFX Application Thread] DEBUG AssetLoaderService   - Loading from cache: /assets/textures/stone.png
02:46:07.745 [JavaFX Application Thread] DEBUG AssetLoaderService   - Loading from cache: /assets/textures/stone.png
02:46:07.746 [JavaFX Application Thread] DEBUG AssetLoaderService   - Loading from cache: /assets/textures/stone.png
02:46:07.746 [JavaFX Application Thread] DEBUG AssetLoaderService   - Loading from cache: /assets/textures/stone.png
02:46:07.746 [JavaFX Application Thread] DEBUG AssetLoaderService   - Loading from cache: /assets/textures/stone.png
02:46:07.746 [JavaFX Application Thread] DEBUG AssetLoaderService   - Loading from cache: /assets/textures/stone.png
02:46:07.747 [JavaFX Application Thread] DEBUG AssetLoaderService   - Loading from cache: /assets/textures/stone.png
02:46:07.747 [JavaFX Application Thread] DEBUG AssetLoaderService   - Loading from cache: /assets/textures/stone.png
02:46:07.747 [JavaFX Application Thread] DEBUG AssetLoaderService   - Loading from cache: /assets/textures/stone.png
02:46:07.747 [JavaFX Application Thread] DEBUG AssetLoaderService   - Loading from cache: /assets/textures/stone.png
02:46:07.747 [JavaFX Application Thread] DEBUG AssetLoaderService   - Loading from cache: /assets/textures/stone.png
02:46:07.748 [JavaFX Application Thread] DEBUG AssetLoaderService   - Loading from cache: /assets/textures/stone.png
02:46:07.748 [JavaFX Application Thread] DEBUG AssetLoaderService   - Loading from cache: /assets/textures/stone.png
02:46:07.748 [JavaFX Application Thread] DEBUG AssetLoaderService   - Loading from cache: /assets/textures/stone.png
02:46:07.749 [JavaFX Application Thread] DEBUG AssetLoaderService   - Loading from cache: /assets/textures/stone.png
02:46:07.749 [JavaFX Application Thread] DEBUG AssetLoaderService   - Loading from cache: /assets/textures/stone.png
02:46:07.749 [JavaFX Application Thread] DEBUG AssetLoaderService   - Loading from cache: /assets/textures/stone.png
02:46:07.749 [JavaFX Application Thread] DEBUG AssetLoaderService   - Loading from cache: /assets/textures/stone.png
02:46:07.750 [JavaFX Application Thread] DEBUG AssetLoaderService   - Loading from cache: /assets/textures/stone.png
02:46:07.750 [JavaFX Application Thread] DEBUG AssetLoaderService   - Loading from cache: /assets/textures/stone.png
02:46:07.750 [JavaFX Application Thread] DEBUG AssetLoaderService   - Loading from cache: /assets/textures/stone.png
02:46:07.751 [JavaFX Application Thread] DEBUG AssetLoaderService   - Loading from cache: /assets/textures/stone.png
02:46:07.751 [JavaFX Application Thread] DEBUG AssetLoaderService   - Loading from cache: /assets/textures/stone.png
02:46:07.751 [JavaFX Application Thread] DEBUG AssetLoaderService   - Loading from cache: /assets/textures/stone.png
02:46:07.751 [JavaFX Application Thread] DEBUG AssetLoaderService   - Loading from cache: /assets/textures/stone.png
02:46:07.752 [JavaFX Application Thread] DEBUG AssetLoaderService   - Loading from cache: /assets/textures/stone.png
02:46:07.752 [JavaFX Application Thread] DEBUG AssetLoaderService   - Loading from cache: /assets/textures/stone.png
02:46:07.752 [JavaFX Application Thread] DEBUG AssetLoaderService   - Loading from cache: /assets/textures/stone.png
02:46:07.753 [JavaFX Application Thread] DEBUG AssetLoaderService   - Loading from cache: /assets/textures/stone.png
02:46:07.753 [JavaFX Application Thread] DEBUG AssetLoaderService   - Loading from cache: /assets/textures/stone.png
02:46:07.753 [JavaFX Application Thread] DEBUG AssetLoaderService   - Loading from cache: /assets/textures/red-dirt.png
02:46:07.754 [JavaFX Application Thread] DEBUG AssetLoaderService   - Loading from cache: /assets/textures/red-dirt.png
02:46:07.754 [JavaFX Application Thread] DEBUG AssetLoaderService   - Loading from cache: /assets/textures/stone.png
02:46:07.754 [JavaFX Application Thread] DEBUG AssetLoaderService   - Loading from cache: /assets/textures/stone.png
02:46:07.755 [JavaFX Application Thread] DEBUG AssetLoaderService   - Loading from cache: /assets/textures/stone.png
02:46:07.755 [JavaFX Application Thread] DEBUG AssetLoaderService   - Loading from cache: /assets/textures/stone.png
02:46:07.755 [JavaFX Application Thread] DEBUG AssetLoaderService   - Loading from cache: /assets/textures/stone.png
02:46:07.756 [JavaFX Application Thread] DEBUG AssetLoaderService   - Loading from cache: /assets/textures/stone.png
02:46:07.756 [JavaFX Application Thread] DEBUG AssetLoaderService   - Loading from cache: /assets/textures/stone.png
02:46:07.756 [JavaFX Application Thread] DEBUG AssetLoaderService   - Loading from cache: /assets/textures/stone.png
02:46:07.756 [JavaFX Application Thread] DEBUG AssetLoaderService   - Loading from cache: /assets/textures/stone.png
02:46:07.757 [JavaFX Application Thread] DEBUG AssetLoaderService   - Loading from cache: /assets/textures/stone.png
02:46:07.757 [JavaFX Application Thread] DEBUG AssetLoaderService   - Loading from cache: /assets/textures/stone.png
02:46:07.757 [JavaFX Application Thread] DEBUG AssetLoaderService   - Loading from cache: /assets/textures/stone.png
02:46:07.758 [JavaFX Application Thread] DEBUG AssetLoaderService   - Loading from cache: /assets/textures/stone.png
02:46:07.758 [JavaFX Application Thread] DEBUG AssetLoaderService   - Loading from cache: /assets/textures/stone.png
02:46:07.758 [JavaFX Application Thread] DEBUG AssetLoaderService   - Loading from cache: /assets/textures/stone.png
02:46:07.759 [JavaFX Application Thread] DEBUG AssetLoaderService   - Loading from cache: /assets/textures/stone.png
02:46:07.759 [JavaFX Application Thread] DEBUG AssetLoaderService   - Loading from cache: /assets/textures/stone.png
02:46:07.760 [JavaFX Application Thread] DEBUG AssetLoaderService   - Loading from cache: /assets/textures/stone.png
02:46:07.760 [JavaFX Application Thread] DEBUG AssetLoaderService   - Loading from cache: /assets/textures/stone.png
02:46:07.760 [JavaFX Application Thread] DEBUG AssetLoaderService   - Loading from cache: /assets/textures/stone.png
02:46:07.761 [JavaFX Application Thread] DEBUG AssetLoaderService   - Loading from cache: /assets/textures/stone.png
02:46:07.761 [JavaFX Application Thread] DEBUG AssetLoaderService   - Loading from cache: /assets/textures/stone.png
02:46:07.761 [JavaFX Application Thread] DEBUG AssetLoaderService   - Loading from cache: /assets/textures/stone.png
02:46:07.762 [JavaFX Application Thread] DEBUG AssetLoaderService   - Loading from cache: /assets/textures/stone.png
02:46:07.762 [JavaFX Application Thread] DEBUG AssetLoaderService   - Loading from cache: /assets/textures/stone.png
02:46:07.762 [JavaFX Application Thread] DEBUG AssetLoaderService   - Loading from cache: /assets/textures/stone.png
02:46:07.763 [JavaFX Application Thread] DEBUG AssetLoaderService   - Loading from cache: /assets/textures/stone.png
02:46:07.763 [JavaFX Application Thread] DEBUG AssetLoaderService   - Loading from cache: /assets/textures/stone.png
02:46:07.763 [JavaFX Application Thread] DEBUG AssetLoaderService   - Loading from cache: /assets/textures/stone.png
02:46:07.763 [JavaFX Application Thread] DEBUG AssetLoaderService   - Loading from cache: /assets/textures/stone.png
02:46:08.788 [JavaFX Application Thread] DEBUG AssetLoaderService   - Loading from cache: /assets/textures/stone.png
02:46:08.788 [JavaFX Application Thread] DEBUG AssetLoaderService   - Loading from cache: /assets/textures/stone.png
02:46:08.789 [JavaFX Application Thread] DEBUG AssetLoaderService   - Loading from cache: /assets/textures/stone.png
02:46:08.789 [JavaFX Application Thread] DEBUG AssetLoaderService   - Loading from cache: /assets/textures/stone.png
02:46:08.789 [JavaFX Application Thread] DEBUG AssetLoaderService   - Loading from cache: /assets/textures/stone.png
02:46:08.789 [JavaFX Application Thread] DEBUG AssetLoaderService   - Loading from cache: /assets/textures/stone.png
02:46:08.789 [JavaFX Application Thread] DEBUG AssetLoaderService   - Loading from cache: /assets/textures/stone.png
02:46:08.790 [JavaFX Application Thread] DEBUG AssetLoaderService   - Loading from cache: /assets/textures/stone.png
02:46:08.790 [JavaFX Application Thread] DEBUG AssetLoaderService   - Loading from cache: /assets/textures/stone.png
02:46:08.790 [JavaFX Application Thread] DEBUG AssetLoaderService   - Loading from cache: /assets/textures/stone.png
02:46:08.790 [JavaFX Application Thread] DEBUG AssetLoaderService   - Loading from cache: /assets/textures/stone.png
02:46:08.790 [JavaFX Application Thread] DEBUG AssetLoaderService   - Loading from cache: /assets/textures/stone.png
02:46:08.791 [JavaFX Application Thread] DEBUG AssetLoaderService   - Loading from cache: /assets/textures/stone.png
02:46:08.791 [JavaFX Application Thread] DEBUG AssetLoaderService   - Loading from cache: /assets/textures/stone.png
02:46:08.791 [JavaFX Application Thread] DEBUG AssetLoaderService   - Loading from cache: /assets/textures/stone.png
02:46:08.791 [JavaFX Application Thread] DEBUG AssetLoaderService   - Loading from cache: /assets/textures/stone.png
02:46:08.791 [JavaFX Application Thread] DEBUG AssetLoaderService   - Loading from cache: /assets/textures/stone.png
02:46:08.791 [JavaFX Application Thread] DEBUG AssetLoaderService   - Loading from cache: /assets/textures/stone.png
02:46:08.792 [JavaFX Application Thread] DEBUG AssetLoaderService   - Loading from cache: /assets/textures/stone.png
02:46:08.792 [JavaFX Application Thread] DEBUG AssetLoaderService   - Loading from cache: /assets/textures/stone.png
02:46:08.792 [JavaFX Application Thread] DEBUG AssetLoaderService   - Loading from cache: /assets/textures/stone.png
02:46:08.792 [JavaFX Application Thread] DEBUG AssetLoaderService   - Loading from cache: /assets/textures/stone.png
02:46:08.792 [JavaFX Application Thread] DEBUG AssetLoaderService   - Loading from cache: /assets/textures/stone.png
02:46:08.793 [JavaFX Application Thread] DEBUG AssetLoaderService   - Loading from cache: /assets/textures/stone.png
02:46:08.793 [JavaFX Application Thread] DEBUG AssetLoaderService   - Loading from cache: /assets/textures/stone.png
02:46:08.794 [JavaFX Application Thread] DEBUG AssetLoaderService   - Loading from cache: /assets/textures/stone.png
02:46:08.794 [JavaFX Application Thread] DEBUG AssetLoaderService   - Loading from cache: /assets/textures/stone.png
02:46:08.794 [JavaFX Application Thread] DEBUG AssetLoaderService   - Loading from cache: /assets/textures/stone.png
02:46:08.794 [JavaFX Application Thread] DEBUG AssetLoaderService   - Loading from cache: /assets/textures/stone.png
02:46:08.794 [JavaFX Application Thread] DEBUG AssetLoaderService   - Loading from cache: /assets/textures/stone.png
02:46:08.794 [JavaFX Application Thread] DEBUG AssetLoaderService   - Loading from cache: /assets/textures/stone.png
02:46:08.795 [JavaFX Application Thread] DEBUG AssetLoaderService   - Loading from cache: /assets/textures/stone.png
02:46:08.795 [JavaFX Application Thread] DEBUG AssetLoaderService   - Loading from cache: /assets/textures/stone.png
02:46:08.795 [JavaFX Application Thread] DEBUG AssetLoaderService   - Loading from cache: /assets/textures/stone.png
02:46:08.795 [JavaFX Application Thread] DEBUG AssetLoaderService   - Loading from cache: /assets/textures/stone.png
02:46:08.795 [JavaFX Application Thread] DEBUG AssetLoaderService   - Loading from cache: /assets/textures/stone.png
02:46:08.795 [JavaFX Application Thread] DEBUG AssetLoaderService   - Loading from cache: /assets/textures/red-dirt.png
02:46:08.796 [JavaFX Application Thread] DEBUG AssetLoaderService   - Loading from cache: /assets/textures/stone.png
02:46:08.796 [JavaFX Application Thread] DEBUG AssetLoaderService   - Loading from cache: /assets/textures/stone.png
02:46:08.796 [JavaFX Application Thread] DEBUG AssetLoaderService   - Loading from cache: /assets/textures/stone.png
02:46:08.796 [JavaFX Application Thread] DEBUG AssetLoaderService   - Loading from cache: /assets/textures/stone.png
02:46:08.796 [JavaFX Application Thread] DEBUG AssetLoaderService   - Loading from cache: /assets/textures/stone.png
02:46:08.796 [JavaFX Application Thread] DEBUG AssetLoaderService   - Loading from cache: /assets/textures/stone.png
02:46:08.797 [JavaFX Application Thread] DEBUG AssetLoaderService   - Loading from cache: /assets/textures/stone.png
02:46:08.797 [JavaFX Application Thread] DEBUG AssetLoaderService   - Loading from cache: /assets/textures/stone.png
02:46:08.797 [JavaFX Application Thread] DEBUG AssetLoaderService   - Loading from cache: /assets/textures/stone.png
02:46:08.797 [JavaFX Application Thread] DEBUG AssetLoaderService   - Loading from cache: /assets/textures/stone.png
02:46:08.797 [JavaFX Application Thread] DEBUG AssetLoaderService   - Loading from cache: /assets/textures/stone.png
02:46:08.797 [JavaFX Application Thread] DEBUG AssetLoaderService   - Loading from cache: /assets/textures/stone.png
02:46:08.798 [JavaFX Application Thread] DEBUG AssetLoaderService   - Loading from cache: /assets/textures/stone.png
02:46:08.798 [JavaFX Application Thread] DEBUG AssetLoaderService   - Loading from cache: /assets/textures/stone.png
02:46:08.798 [JavaFX Application Thread] DEBUG AssetLoaderService   - Loading from cache: /assets/textures/stone.png
02:46:08.798 [JavaFX Application Thread] DEBUG AssetLoaderService   - Loading from cache: /assets/textures/stone.png
02:46:08.798 [JavaFX Application Thread] DEBUG AssetLoaderService   - Loading from cache: /assets/textures/stone.png
02:46:08.799 [JavaFX Application Thread] DEBUG AssetLoaderService   - Loading from cache: /assets/textures/stone.png
02:46:08.799 [JavaFX Application Thread] DEBUG AssetLoaderService   - Loading from cache: /assets/textures/stone.png
02:46:08.799 [JavaFX Application Thread] DEBUG AssetLoaderService   - Loading from cache: /assets/textures/stone.png
02:46:08.799 [JavaFX Application Thread] DEBUG AssetLoaderService   - Loading from cache: /assets/textures/stone.png
02:46:08.799 [JavaFX Application Thread] DEBUG AssetLoaderService   - Loading from cache: /assets/textures/stone.png
02:46:08.799 [JavaFX Application Thread] DEBUG AssetLoaderService   - Loading from cache: /assets/textures/stone.png
02:46:08.800 [JavaFX Application Thread] DEBUG AssetLoaderService   - Loading from cache: /assets/textures/stone.png
02:46:08.800 [JavaFX Application Thread] DEBUG AssetLoaderService   - Loading from cache: /assets/textures/stone.png
02:46:08.800 [JavaFX Application Thread] DEBUG AssetLoaderService   - Loading from cache: /assets/textures/stone.png
02:46:08.800 [JavaFX Application Thread] DEBUG AssetLoaderService   - Loading from cache: /assets/textures/stone.png
02:46:08.800 [JavaFX Application Thread] DEBUG AssetLoaderService   - Loading from cache: /assets/textures/stone.png
02:46:08.800 [JavaFX Application Thread] DEBUG AssetLoaderService   - Loading from cache: /assets/textures/stone.png
02:46:08.800 [JavaFX Application Thread] DEBUG AssetLoaderService   - Loading from cache: /assets/textures/stone.png
02:46:08.801 [JavaFX Application Thread] DEBUG AssetLoaderService   - Loading from cache: /assets/textures/stone.png
02:46:08.801 [JavaFX Application Thread] DEBUG AssetLoaderService   - Loading from cache: /assets/textures/red-dirt.png
02:46:08.801 [JavaFX Application Thread] DEBUG AssetLoaderService   - Loading from cache: /assets/textures/red-dirt.png
02:46:08.801 [JavaFX Application Thread] DEBUG AssetLoaderService   - Loading from cache: /assets/textures/stone.png
02:46:08.801 [JavaFX Application Thread] DEBUG AssetLoaderService   - Loading from cache: /assets/textures/stone.png
02:46:08.802 [JavaFX Application Thread] DEBUG AssetLoaderService   - Loading from cache: /assets/textures/stone.png
02:46:08.802 [JavaFX Application Thread] DEBUG AssetLoaderService   - Loading from cache: /assets/textures/stone.png
02:46:08.802 [JavaFX Application Thread] DEBUG AssetLoaderService   - Loading from cache: /assets/textures/stone.png
02:46:08.802 [JavaFX Application Thread] DEBUG AssetLoaderService   - Loading from cache: /assets/textures/stone.png
02:46:08.802 [JavaFX Application Thread] DEBUG AssetLoaderService   - Loading from cache: /assets/textures/stone.png
02:46:08.802 [JavaFX Application Thread] DEBUG AssetLoaderService   - Loading from cache: /assets/textures/stone.png
02:46:08.803 [JavaFX Application Thread] DEBUG AssetLoaderService   - Loading from cache: /assets/textures/stone.png
02:46:08.803 [JavaFX Application Thread] DEBUG AssetLoaderService   - Loading from cache: /assets/textures/stone.png
02:46:08.803 [JavaFX Application Thread] DEBUG AssetLoaderService   - Loading from cache: /assets/textures/stone.png
02:46:08.803 [JavaFX Application Thread] DEBUG AssetLoaderService   - Loading from cache: /assets/textures/stone.png
02:46:08.803 [JavaFX Application Thread] DEBUG AssetLoaderService   - Loading from cache: /assets/textures/stone.png
02:46:08.804 [JavaFX Application Thread] DEBUG AssetLoaderService   - Loading from cache: /assets/textures/stone.png
02:46:08.804 [JavaFX Application Thread] DEBUG AssetLoaderService   - Loading from cache: /assets/textures/stone.png
02:46:08.804 [JavaFX Application Thread] DEBUG AssetLoaderService   - Loading from cache: /assets/textures/stone.png
02:46:08.804 [JavaFX Application Thread] DEBUG AssetLoaderService   - Loading from cache: /assets/textures/stone.png
02:46:08.804 [JavaFX Application Thread] DEBUG AssetLoaderService   - Loading from cache: /assets/textures/stone.png
02:46:08.804 [JavaFX Application Thread] DEBUG AssetLoaderService   - Loading from cache: /assets/textures/stone.png
02:46:08.805 [JavaFX Application Thread] DEBUG AssetLoaderService   - Loading from cache: /assets/textures/stone.png
02:46:08.805 [JavaFX Application Thread] DEBUG AssetLoaderService   - Loading from cache: /assets/textures/stone.png
02:46:08.805 [JavaFX Application Thread] DEBUG AssetLoaderService   - Loading from cache: /assets/textures/stone.png
02:46:08.805 [JavaFX Application Thread] DEBUG AssetLoaderService   - Loading from cache: /assets/textures/stone.png
02:46:08.805 [JavaFX Application Thread] DEBUG AssetLoaderService   - Loading from cache: /assets/textures/stone.png
02:46:08.805 [JavaFX Application Thread] DEBUG AssetLoaderService   - Loading from cache: /assets/textures/stone.png
02:46:08.806 [JavaFX Application Thread] DEBUG AssetLoaderService   - Loading from cache: /assets/textures/stone.png
02:46:08.806 [JavaFX Application Thread] DEBUG AssetLoaderService   - Loading from cache: /assets/textures/stone.png
02:46:08.806 [JavaFX Application Thread] DEBUG AssetLoaderService   - Loading from cache: /assets/textures/stone.png
02:46:08.806 [JavaFX Application Thread] DEBUG AssetLoaderService   - Loading from cache: /assets/textures/stone.png
02:46:08.806 [JavaFX Application Thread] DEBUG AssetLoaderService   - Loading from cache: /assets/textures/stone.png
02:46:08.961 [JavaFX Application Thread] DEBUG GameApplication      - Exiting FXGL
02:46:08.961 [JavaFX Application Thread] DEBUG LoopRunner           - Stopping loop
02:46:08.961 [JavaFX Application Thread] DEBUG SystemBundleService  - Saving FXGL system data
02:46:08.963 [JavaFX Application Thread] DEBUG FileSystemAccess     - Writing to: /home/ben/MicroCosm/system/fxgl.bundle
02:46:08.965 [JavaFX Application Thread] DEBUG GameApplication      - Shutting down background threads
02:46:08.965 [JavaFX Application Thread] DEBUG GameApplication      - Closing logger and exiting JavaFX
