21:48:26.527 [main                     ] DEBUG GameApplication      - Logger initialized
21:48:26.551 [main                     ] DEBUG GameApplication      - Logging settings
Title: Untitled
Version: 0.0
Width: 800
Height: 600
Fullscreen: false
Intro: false
Profiling: false
Single step:false
App Mode: DEVELOPER
Menu Key: ESCAPE
Stage Style: DECORATED
Scene Factory: class com.almasb.fxgl.app.scene.SceneFactory

21:48:26.811 [JavaFX Application Thread] DEBUG GameApplication      - Initializing FXGL
21:48:26.825 [JavaFX Application Thread] INFO  Engine               - FXGL-11.9 (27.05.2020 17.06) on LINUX (J:11.0.5 FX:10.0.2-internal)
21:48:26.826 [JavaFX Application Thread] DEBUG Engine               - JRE Vendor Name: JetBrains s.r.o
21:48:26.826 [JavaFX Application Thread] DEBUG Engine               - Running on OS: Linux version 4.15.0-108-generic
21:48:26.826 [JavaFX Application Thread] DEBUG Engine               - Architecture: amd64
21:48:26.826 [JavaFX Application Thread] INFO  Engine               - Source code and latest versions at: https://github.com/AlmasB/FXGL
21:48:26.827 [JavaFX Application Thread] INFO  Engine               -              Join the FXGL chat at: https://gitter.im/AlmasB/FXGL
21:48:26.967 [JavaFX Application Thread] DEBUG MainWindow           - Creating a JavaFX scene
21:48:27.110 [JavaFX Application Thread] DEBUG MainWindow           - Target settings size: 800.0 x 600.0
21:48:27.110 [JavaFX Application Thread] DEBUG MainWindow           - Scaled scene size:    800.0 x 600.0
21:48:27.110 [JavaFX Application Thread] DEBUG MainWindow           - Scaled ratio: (1.0, 1.0)
21:48:27.112 [JavaFX Application Thread] DEBUG MainWindow           - Set initial scene to FXGLStartupScene
21:48:27.122 [JavaFX Application Thread] DEBUG MainWindow           - Opening main window
21:48:27.182 [JavaFX Application Thread] DEBUG MainWindow           - Window border size: (0.0, 30.0)
21:48:27.182 [JavaFX Application Thread] DEBUG MainWindow           - Scaled size: 800.0 x 600.0
21:48:27.182 [JavaFX Application Thread] DEBUG MainWindow           - Scaled ratio: (1.0, 1.0)
21:48:27.183 [JavaFX Application Thread] DEBUG MainWindow           - Scene size: 800.0 x 600.0
21:48:27.183 [JavaFX Application Thread] DEBUG MainWindow           - Stage size: 800.0 x 630.0
21:48:27.195 [FXGL Background Thread 1 ] DEBUG Engine               - Initializing environment variables
21:48:27.256 [FXGL Background Thread 1 ] DEBUG WindowService        - Applying CSS: fxgl_dark.css
21:48:27.257 [FXGL Background Thread 1 ] DEBUG AssetLoaderService   - Loading from file system: /assets/ui/css/fxgl_dark.css
21:48:27.371 [FXGL Background Thread 1 ] DEBUG WindowService        - Initializing application scenes
21:48:27.494 [FXGL Background Thread 1 ] DEBUG GameWorld            - Game world initialized
21:48:27.570 [FXGL Background Thread 1 ] DEBUG PhysicsWorld         - Physics world initialized: appHeight=600, physics.ppm=50.0
21:48:27.573 [FXGL Background Thread 1 ] DEBUG GameScene            - Game scene initialized: 800x600
21:48:27.608 [FXGL Background Thread 1 ] DEBUG AssetLoaderService   - Loading from file system: /assets/textures/particles/trace_horizontal.png
21:48:27.678 [FXGL Background Thread 1 ] DEBUG FXGL.DefaultMenu     - createMenuBodyGameMenu()
21:48:27.697 [FXGL Background Thread 1 ] DEBUG FXGL.DefaultMenu     - createOptionsMenu()
21:48:27.704 [FXGL Background Thread 1 ] DEBUG AssetLoaderService   - Loading from file system: /assets/textures/particles/smoke.png
21:48:27.779 [FXGL Background Thread 1 ] DEBUG WindowService        - Application scenes initialized
21:48:27.792 [FXGL Background Thread 1 ] DEBUG SystemBundleService  - Loading FXGL system data
21:48:27.796 [FXGL Background Thread 1 ] DEBUG FileSystemAccess     - Reading from: /home/ben/MicroCosm/system/fxgl.bundle
21:48:27.804 [FXGL Background Thread 1 ] DEBUG SystemBundleService  - Bundle FXGL: {}
21:48:27.804 [FXGL Background Thread 1 ] INFO  Engine               - FXGL initialization took: 0.602 sec
21:48:27.806 [FXGL Background Thread 1 ] DEBUG GameApplication      - Loading localizations
21:48:27.807 [FXGL Background Thread 1 ] DEBUG AssetLoaderService   - Loading from file system: /assets/languages/english.lang
21:48:27.822 [FXGL Background Thread 1 ] DEBUG AssetLoaderService   - Loading from file system: /assets/languages/french.lang
21:48:27.825 [FXGL Background Thread 1 ] DEBUG AssetLoaderService   - Loading from file system: /assets/languages/german.lang
21:48:27.829 [FXGL Background Thread 1 ] DEBUG AssetLoaderService   - Loading from file system: /assets/languages/hungarian.lang
21:48:27.836 [FXGL Background Thread 1 ] DEBUG AssetLoaderService   - Loading from file system: /assets/languages/russian.lang
21:48:27.840 [FXGL Background Thread 1 ] DEBUG GameApplication      - Registering font factories with UI factory
21:48:27.840 [FXGL Background Thread 1 ] DEBUG AssetLoaderService   - Loading from file system: /assets/ui/fonts/VarelaRound-Regular.ttf
21:48:27.861 [FXGL Background Thread 1 ] DEBUG AssetLoaderService   - Loading from file system: /assets/ui/fonts/Abel-Regular.ttf
21:48:27.862 [FXGL Background Thread 1 ] DEBUG AssetLoaderService   - Loading from file system: /assets/ui/fonts/lucida_console.ttf
21:48:27.865 [FXGL Background Thread 1 ] DEBUG AssetLoaderService   - Loading from file system: /assets/ui/fonts/Courier-Prime.ttf
21:48:27.869 [JavaFX Application Thread] DEBUG AssetLoaderService   - Loading from file system: /assets/textures/fxgl_icon.png
21:48:27.905 [JavaFX Application Thread] DEBUG AssetLoaderService   - Loading from file system: /assets/ui/cursors/fxgl_default.png
21:48:27.916 [JavaFX Application Thread] DEBUG Input                - Registered new binding: Screenshot - P
21:48:27.917 [JavaFX Application Thread] DEBUG Input                - Registered new binding: System info dump - CTRL+9
21:48:27.918 [JavaFX Application Thread] DEBUG Input                - Registered new binding: Restart - CTRL+R
21:48:27.919 [JavaFX Application Thread] DEBUG LoopRunner           - Starting loop
21:48:27.928 [JavaFX Application Thread] DEBUG FXGLStartupScene     - STARTUP
21:48:27.928 [JavaFX Application Thread] DEBUG WindowService        - Starting new game
21:48:27.929 [JavaFX Application Thread] DEBUG Input                - Clearing active input actions
21:48:27.947 [JavaFX Application Thread] DEBUG WindowService        - Removing overlay from FXGLStartupScene and adding to FXGLLoadingScene
21:48:27.948 [JavaFX Application Thread] DEBUG MainWindow           - FXGLStartupScene -> FXGLLoadingScene
21:48:27.948 [JavaFX Application Thread] DEBUG WindowService        - Clearing previous game
21:48:27.948 [JavaFX Application Thread] DEBUG GameScene            - Clearing game scene
21:48:27.948 [JavaFX Application Thread] DEBUG GameWorld            - Clearing game world
21:48:27.948 [JavaFX Application Thread] DEBUG PhysicsWorld         - Clearing physics world
21:48:27.950 [FXGL Background Thread 1 ] DEBUG GameApplication      - Initializing game
21:48:27.951 [FXGL Background Thread 1 ] DEBUG AssetLoaderService   - Loading from file system: /assets/textures/water.png
21:48:27.955 [FXGL Background Thread 1 ] DEBUG AssetLoaderService   - Loading from file system: /assets/textures/galaxies.jpg
21:48:28.114 [FXGL Background Thread 1 ] DEBUG AssetLoaderService   - Loading from file system: /assets/textures/bot2.png
21:48:28.116 [FXGL Background Thread 1 ] DEBUG Input                - Registered new binding: Up - Up
21:48:28.117 [FXGL Background Thread 1 ] DEBUG Input                - Registered new binding: Down - Down
21:48:28.117 [FXGL Background Thread 1 ] DEBUG Input                - Registered new binding: Left - Left
21:48:28.117 [FXGL Background Thread 1 ] DEBUG Input                - Registered new binding: Right - Right
21:48:28.118 [FXGL Background Thread 1 ] DEBUG Input                - Registered new binding: LeftClick - LMB
21:48:28.120 [FXGL Background Thread 1 ] INFO  GameApplication      - Game initialization took: 0.170 sec
21:48:28.121 [JavaFX Application Thread] DEBUG Input                - Clearing active input actions
21:48:28.132 [JavaFX Application Thread] DEBUG WindowService        - Removing overlay from FXGLLoadingScene and adding to GameScene
21:48:28.133 [JavaFX Application Thread] DEBUG MainWindow           - FXGLLoadingScene -> GameScene
21:48:28.382 [JavaFX Application Thread] DEBUG AssetLoaderService   - Loading from file system: /assets/textures/coal.png
21:48:28.384 [JavaFX Application Thread] DEBUG AssetLoaderService   - Loading from file system: /assets/textures/stone.png
21:48:28.386 [JavaFX Application Thread] DEBUG AssetLoaderService   - Loading from cache: /assets/textures/stone.png
21:48:28.387 [JavaFX Application Thread] DEBUG AssetLoaderService   - Loading from cache: /assets/textures/stone.png
21:48:28.389 [JavaFX Application Thread] DEBUG AssetLoaderService   - Loading from file system: /assets/textures/iron.png
21:48:28.391 [JavaFX Application Thread] DEBUG AssetLoaderService   - Loading from cache: /assets/textures/iron.png
21:48:28.392 [JavaFX Application Thread] DEBUG AssetLoaderService   - Loading from cache: /assets/textures/iron.png
21:48:28.394 [JavaFX Application Thread] DEBUG AssetLoaderService   - Loading from cache: /assets/textures/iron.png
21:48:28.395 [JavaFX Application Thread] DEBUG AssetLoaderService   - Loading from cache: /assets/textures/stone.png
21:48:28.396 [JavaFX Application Thread] DEBUG AssetLoaderService   - Loading from cache: /assets/textures/stone.png
21:48:28.398 [JavaFX Application Thread] DEBUG AssetLoaderService   - Loading from cache: /assets/textures/stone.png
21:48:28.399 [JavaFX Application Thread] DEBUG AssetLoaderService   - Loading from cache: /assets/textures/iron.png
21:48:28.402 [JavaFX Application Thread] DEBUG AssetLoaderService   - Loading from cache: /assets/textures/stone.png
21:48:28.403 [JavaFX Application Thread] DEBUG AssetLoaderService   - Loading from cache: /assets/textures/coal.png
21:48:28.405 [JavaFX Application Thread] DEBUG AssetLoaderService   - Loading from cache: /assets/textures/stone.png
21:48:28.406 [JavaFX Application Thread] DEBUG AssetLoaderService   - Loading from cache: /assets/textures/iron.png
21:48:28.408 [JavaFX Application Thread] DEBUG AssetLoaderService   - Loading from cache: /assets/textures/iron.png
21:48:28.409 [JavaFX Application Thread] DEBUG AssetLoaderService   - Loading from cache: /assets/textures/iron.png
21:48:28.410 [JavaFX Application Thread] DEBUG AssetLoaderService   - Loading from cache: /assets/textures/iron.png
21:48:28.411 [JavaFX Application Thread] DEBUG AssetLoaderService   - Loading from cache: /assets/textures/iron.png
21:48:28.412 [JavaFX Application Thread] DEBUG AssetLoaderService   - Loading from cache: /assets/textures/iron.png
21:48:28.413 [JavaFX Application Thread] DEBUG AssetLoaderService   - Loading from cache: /assets/textures/iron.png
21:48:28.413 [JavaFX Application Thread] DEBUG AssetLoaderService   - Loading from cache: /assets/textures/iron.png
21:48:28.414 [JavaFX Application Thread] DEBUG AssetLoaderService   - Loading from cache: /assets/textures/iron.png
21:48:28.415 [JavaFX Application Thread] DEBUG AssetLoaderService   - Loading from cache: /assets/textures/iron.png
21:48:28.416 [JavaFX Application Thread] DEBUG AssetLoaderService   - Loading from cache: /assets/textures/iron.png
21:48:28.417 [JavaFX Application Thread] DEBUG AssetLoaderService   - Loading from cache: /assets/textures/iron.png
21:48:28.418 [JavaFX Application Thread] DEBUG AssetLoaderService   - Loading from cache: /assets/textures/iron.png
21:48:28.419 [JavaFX Application Thread] DEBUG AssetLoaderService   - Loading from cache: /assets/textures/iron.png
21:48:28.419 [JavaFX Application Thread] DEBUG AssetLoaderService   - Loading from cache: /assets/textures/iron.png
21:48:28.420 [JavaFX Application Thread] DEBUG AssetLoaderService   - Loading from cache: /assets/textures/iron.png
21:48:28.421 [JavaFX Application Thread] DEBUG AssetLoaderService   - Loading from cache: /assets/textures/iron.png
21:48:28.422 [JavaFX Application Thread] DEBUG AssetLoaderService   - Loading from cache: /assets/textures/iron.png
21:48:28.422 [JavaFX Application Thread] DEBUG AssetLoaderService   - Loading from cache: /assets/textures/iron.png
21:48:28.423 [JavaFX Application Thread] DEBUG AssetLoaderService   - Loading from cache: /assets/textures/iron.png
21:48:28.424 [JavaFX Application Thread] DEBUG AssetLoaderService   - Loading from cache: /assets/textures/iron.png
21:48:28.424 [JavaFX Application Thread] DEBUG AssetLoaderService   - Loading from cache: /assets/textures/iron.png
21:48:28.425 [JavaFX Application Thread] DEBUG AssetLoaderService   - Loading from cache: /assets/textures/iron.png
21:48:28.426 [JavaFX Application Thread] DEBUG AssetLoaderService   - Loading from cache: /assets/textures/iron.png
21:48:28.427 [JavaFX Application Thread] DEBUG AssetLoaderService   - Loading from cache: /assets/textures/iron.png
21:48:28.428 [JavaFX Application Thread] DEBUG AssetLoaderService   - Loading from cache: /assets/textures/iron.png
21:48:28.428 [JavaFX Application Thread] DEBUG AssetLoaderService   - Loading from cache: /assets/textures/iron.png
21:48:28.429 [JavaFX Application Thread] DEBUG AssetLoaderService   - Loading from file system: /assets/textures/wire-horizontal.png
21:48:28.430 [JavaFX Application Thread] DEBUG AssetLoaderService   - Loading from cache: /assets/textures/iron.png
21:48:28.431 [JavaFX Application Thread] DEBUG AssetLoaderService   - Loading from cache: /assets/textures/iron.png
21:48:28.432 [JavaFX Application Thread] DEBUG AssetLoaderService   - Loading from cache: /assets/textures/iron.png
21:48:28.432 [JavaFX Application Thread] DEBUG AssetLoaderService   - Loading from cache: /assets/textures/iron.png
21:48:28.433 [JavaFX Application Thread] DEBUG AssetLoaderService   - Loading from cache: /assets/textures/iron.png
21:48:28.434 [JavaFX Application Thread] DEBUG AssetLoaderService   - Loading from cache: /assets/textures/iron.png
21:48:28.435 [JavaFX Application Thread] DEBUG AssetLoaderService   - Loading from cache: /assets/textures/iron.png
21:48:28.436 [JavaFX Application Thread] DEBUG AssetLoaderService   - Loading from cache: /assets/textures/coal.png
21:48:28.436 [JavaFX Application Thread] DEBUG AssetLoaderService   - Loading from cache: /assets/textures/iron.png
21:48:28.437 [JavaFX Application Thread] DEBUG AssetLoaderService   - Loading from cache: /assets/textures/stone.png
21:48:28.438 [JavaFX Application Thread] DEBUG AssetLoaderService   - Loading from cache: /assets/textures/stone.png
21:48:28.439 [JavaFX Application Thread] DEBUG AssetLoaderService   - Loading from cache: /assets/textures/iron.png
21:48:28.439 [JavaFX Application Thread] DEBUG AssetLoaderService   - Loading from file system: /assets/textures/generator-on.png
21:48:28.441 [JavaFX Application Thread] DEBUG AssetLoaderService   - Loading from cache: /assets/textures/iron.png
21:48:28.441 [JavaFX Application Thread] DEBUG AssetLoaderService   - Loading from cache: /assets/textures/iron.png
21:48:28.452 [JavaFX Application Thread] DEBUG AssetLoaderService   - Loading from cache: /assets/textures/iron.png
21:48:28.453 [JavaFX Application Thread] DEBUG AssetLoaderService   - Loading from cache: /assets/textures/iron.png
21:48:28.454 [JavaFX Application Thread] DEBUG AssetLoaderService   - Loading from cache: /assets/textures/iron.png
21:48:28.455 [JavaFX Application Thread] DEBUG AssetLoaderService   - Loading from cache: /assets/textures/stone.png
21:48:28.456 [JavaFX Application Thread] DEBUG AssetLoaderService   - Loading from cache: /assets/textures/stone.png
21:48:28.458 [JavaFX Application Thread] DEBUG AssetLoaderService   - Loading from cache: /assets/textures/iron.png
21:48:28.467 [JavaFX Application Thread] DEBUG AssetLoaderService   - Loading from cache: /assets/textures/stone.png
21:48:28.469 [JavaFX Application Thread] DEBUG AssetLoaderService   - Loading from cache: /assets/textures/stone.png
21:48:28.470 [JavaFX Application Thread] DEBUG AssetLoaderService   - Loading from cache: /assets/textures/stone.png
21:48:28.471 [JavaFX Application Thread] DEBUG AssetLoaderService   - Loading from cache: /assets/textures/stone.png
21:48:28.472 [JavaFX Application Thread] DEBUG AssetLoaderService   - Loading from cache: /assets/textures/stone.png
21:48:28.472 [JavaFX Application Thread] DEBUG AssetLoaderService   - Loading from cache: /assets/textures/iron.png
21:48:28.473 [JavaFX Application Thread] DEBUG AssetLoaderService   - Loading from cache: /assets/textures/stone.png
21:48:28.473 [JavaFX Application Thread] DEBUG AssetLoaderService   - Loading from cache: /assets/textures/stone.png
21:48:28.474 [JavaFX Application Thread] DEBUG AssetLoaderService   - Loading from cache: /assets/textures/stone.png
21:48:28.475 [JavaFX Application Thread] DEBUG AssetLoaderService   - Loading from cache: /assets/textures/stone.png
21:48:28.475 [JavaFX Application Thread] DEBUG AssetLoaderService   - Loading from cache: /assets/textures/stone.png
21:48:28.476 [JavaFX Application Thread] DEBUG AssetLoaderService   - Loading from cache: /assets/textures/stone.png
21:48:28.477 [JavaFX Application Thread] DEBUG AssetLoaderService   - Loading from cache: /assets/textures/stone.png
21:48:28.477 [JavaFX Application Thread] DEBUG AssetLoaderService   - Loading from cache: /assets/textures/stone.png
21:48:28.478 [JavaFX Application Thread] DEBUG AssetLoaderService   - Loading from cache: /assets/textures/stone.png
21:48:28.478 [JavaFX Application Thread] DEBUG AssetLoaderService   - Loading from cache: /assets/textures/stone.png
21:48:28.479 [JavaFX Application Thread] DEBUG AssetLoaderService   - Loading from cache: /assets/textures/stone.png
21:48:28.479 [JavaFX Application Thread] DEBUG AssetLoaderService   - Loading from cache: /assets/textures/stone.png
21:48:28.480 [JavaFX Application Thread] DEBUG AssetLoaderService   - Loading from cache: /assets/textures/stone.png
21:48:28.480 [JavaFX Application Thread] DEBUG AssetLoaderService   - Loading from cache: /assets/textures/stone.png
21:48:28.481 [JavaFX Application Thread] DEBUG AssetLoaderService   - Loading from cache: /assets/textures/stone.png
21:48:28.481 [JavaFX Application Thread] DEBUG AssetLoaderService   - Loading from cache: /assets/textures/stone.png
21:48:28.482 [JavaFX Application Thread] DEBUG AssetLoaderService   - Loading from cache: /assets/textures/stone.png
21:48:28.483 [JavaFX Application Thread] DEBUG AssetLoaderService   - Loading from cache: /assets/textures/stone.png
21:48:28.483 [JavaFX Application Thread] DEBUG AssetLoaderService   - Loading from cache: /assets/textures/stone.png
21:48:28.484 [JavaFX Application Thread] DEBUG AssetLoaderService   - Loading from cache: /assets/textures/stone.png
21:48:28.485 [JavaFX Application Thread] DEBUG AssetLoaderService   - Loading from cache: /assets/textures/stone.png
21:48:28.485 [JavaFX Application Thread] DEBUG AssetLoaderService   - Loading from cache: /assets/textures/stone.png
21:48:28.486 [JavaFX Application Thread] DEBUG AssetLoaderService   - Loading from cache: /assets/textures/stone.png
21:48:28.486 [JavaFX Application Thread] DEBUG AssetLoaderService   - Loading from cache: /assets/textures/stone.png
21:48:28.487 [JavaFX Application Thread] DEBUG AssetLoaderService   - Loading from cache: /assets/textures/stone.png
21:48:28.487 [JavaFX Application Thread] DEBUG AssetLoaderService   - Loading from cache: /assets/textures/stone.png
21:48:28.488 [JavaFX Application Thread] DEBUG AssetLoaderService   - Loading from cache: /assets/textures/stone.png
21:48:28.489 [JavaFX Application Thread] DEBUG AssetLoaderService   - Loading from cache: /assets/textures/stone.png
21:48:28.489 [JavaFX Application Thread] DEBUG AssetLoaderService   - Loading from cache: /assets/textures/stone.png
21:48:28.490 [JavaFX Application Thread] DEBUG AssetLoaderService   - Loading from cache: /assets/textures/stone.png
21:48:28.490 [JavaFX Application Thread] DEBUG AssetLoaderService   - Loading from cache: /assets/textures/stone.png
21:48:28.491 [JavaFX Application Thread] DEBUG AssetLoaderService   - Loading from cache: /assets/textures/stone.png
21:48:28.491 [JavaFX Application Thread] DEBUG AssetLoaderService   - Loading from cache: /assets/textures/stone.png
21:48:28.492 [JavaFX Application Thread] DEBUG AssetLoaderService   - Loading from cache: /assets/textures/stone.png
21:48:28.493 [JavaFX Application Thread] DEBUG AssetLoaderService   - Loading from cache: /assets/textures/stone.png
21:48:28.493 [JavaFX Application Thread] DEBUG AssetLoaderService   - Loading from cache: /assets/textures/stone.png
21:48:28.494 [JavaFX Application Thread] DEBUG AssetLoaderService   - Loading from cache: /assets/textures/stone.png
21:48:28.494 [JavaFX Application Thread] DEBUG AssetLoaderService   - Loading from cache: /assets/textures/stone.png
21:48:28.495 [JavaFX Application Thread] DEBUG AssetLoaderService   - Loading from cache: /assets/textures/stone.png
21:48:28.496 [JavaFX Application Thread] DEBUG AssetLoaderService   - Loading from cache: /assets/textures/stone.png
21:48:28.497 [JavaFX Application Thread] DEBUG AssetLoaderService   - Loading from cache: /assets/textures/stone.png
21:48:28.498 [JavaFX Application Thread] DEBUG AssetLoaderService   - Loading from cache: /assets/textures/stone.png
21:48:28.499 [JavaFX Application Thread] DEBUG AssetLoaderService   - Loading from cache: /assets/textures/stone.png
21:48:28.500 [JavaFX Application Thread] DEBUG AssetLoaderService   - Loading from cache: /assets/textures/stone.png
21:48:28.500 [JavaFX Application Thread] DEBUG AssetLoaderService   - Loading from cache: /assets/textures/stone.png
21:48:28.501 [JavaFX Application Thread] DEBUG AssetLoaderService   - Loading from cache: /assets/textures/stone.png
21:48:28.502 [JavaFX Application Thread] DEBUG AssetLoaderService   - Loading from cache: /assets/textures/stone.png
21:48:28.503 [JavaFX Application Thread] DEBUG AssetLoaderService   - Loading from cache: /assets/textures/stone.png
21:48:28.504 [JavaFX Application Thread] DEBUG AssetLoaderService   - Loading from cache: /assets/textures/stone.png
21:48:28.504 [JavaFX Application Thread] DEBUG AssetLoaderService   - Loading from cache: /assets/textures/stone.png
21:48:28.505 [JavaFX Application Thread] DEBUG AssetLoaderService   - Loading from cache: /assets/textures/stone.png
21:48:28.506 [JavaFX Application Thread] DEBUG AssetLoaderService   - Loading from cache: /assets/textures/stone.png
21:48:28.508 [JavaFX Application Thread] DEBUG AssetLoaderService   - Loading from cache: /assets/textures/stone.png
21:48:28.509 [JavaFX Application Thread] DEBUG AssetLoaderService   - Loading from cache: /assets/textures/stone.png
21:48:28.510 [JavaFX Application Thread] DEBUG AssetLoaderService   - Loading from cache: /assets/textures/stone.png
21:48:28.512 [JavaFX Application Thread] DEBUG AssetLoaderService   - Loading from cache: /assets/textures/stone.png
21:48:28.513 [JavaFX Application Thread] DEBUG AssetLoaderService   - Loading from cache: /assets/textures/stone.png
21:48:28.514 [JavaFX Application Thread] DEBUG AssetLoaderService   - Loading from cache: /assets/textures/stone.png
21:48:28.516 [JavaFX Application Thread] DEBUG AssetLoaderService   - Loading from cache: /assets/textures/stone.png
21:48:28.517 [JavaFX Application Thread] DEBUG AssetLoaderService   - Loading from cache: /assets/textures/stone.png
21:48:28.517 [JavaFX Application Thread] DEBUG AssetLoaderService   - Loading from cache: /assets/textures/stone.png
21:48:28.518 [JavaFX Application Thread] DEBUG AssetLoaderService   - Loading from cache: /assets/textures/stone.png
21:48:28.519 [JavaFX Application Thread] DEBUG AssetLoaderService   - Loading from cache: /assets/textures/stone.png
21:48:28.520 [JavaFX Application Thread] DEBUG AssetLoaderService   - Loading from cache: /assets/textures/stone.png
21:48:28.520 [JavaFX Application Thread] DEBUG AssetLoaderService   - Loading from cache: /assets/textures/stone.png
21:48:28.521 [JavaFX Application Thread] DEBUG AssetLoaderService   - Loading from cache: /assets/textures/stone.png
21:48:28.553 [JavaFX Application Thread] DEBUG AssetLoaderService   - Loading from file system: /assets/textures/select-green.png
21:48:28.569 [JavaFX Application Thread] DEBUG AssetLoaderService   - Loading from cache: /assets/textures/select-green.png
21:48:28.585 [JavaFX Application Thread] DEBUG AssetLoaderService   - Loading from cache: /assets/textures/select-green.png
21:48:28.602 [JavaFX Application Thread] DEBUG AssetLoaderService   - Loading from cache: /assets/textures/select-green.png
21:48:28.618 [JavaFX Application Thread] DEBUG AssetLoaderService   - Loading from cache: /assets/textures/select-green.png
21:48:28.634 [JavaFX Application Thread] DEBUG AssetLoaderService   - Loading from cache: /assets/textures/select-green.png
21:48:28.651 [JavaFX Application Thread] DEBUG AssetLoaderService   - Loading from cache: /assets/textures/select-green.png
21:48:28.668 [JavaFX Application Thread] DEBUG AssetLoaderService   - Loading from cache: /assets/textures/select-green.png
21:48:28.684 [JavaFX Application Thread] DEBUG AssetLoaderService   - Loading from cache: /assets/textures/select-green.png
21:48:28.701 [JavaFX Application Thread] DEBUG AssetLoaderService   - Loading from cache: /assets/textures/select-green.png
21:48:28.718 [JavaFX Application Thread] DEBUG AssetLoaderService   - Loading from cache: /assets/textures/select-green.png
21:48:28.735 [JavaFX Application Thread] DEBUG AssetLoaderService   - Loading from cache: /assets/textures/select-green.png
21:48:28.750 [JavaFX Application Thread] DEBUG AssetLoaderService   - Loading from cache: /assets/textures/select-green.png
21:48:28.767 [JavaFX Application Thread] DEBUG AssetLoaderService   - Loading from cache: /assets/textures/select-green.png
21:48:28.784 [JavaFX Application Thread] DEBUG AssetLoaderService   - Loading from cache: /assets/textures/select-green.png
21:48:28.801 [JavaFX Application Thread] DEBUG AssetLoaderService   - Loading from cache: /assets/textures/select-green.png
21:48:28.807 [JavaFX Application Thread] DEBUG AssetLoaderService   - Loading from cache: /assets/textures/coal.png
21:48:28.808 [JavaFX Application Thread] DEBUG AssetLoaderService   - Loading from cache: /assets/textures/stone.png
21:48:28.808 [JavaFX Application Thread] DEBUG AssetLoaderService   - Loading from cache: /assets/textures/stone.png
21:48:28.808 [JavaFX Application Thread] DEBUG AssetLoaderService   - Loading from cache: /assets/textures/stone.png
21:48:28.809 [JavaFX Application Thread] DEBUG AssetLoaderService   - Loading from cache: /assets/textures/iron.png
21:48:28.809 [JavaFX Application Thread] DEBUG AssetLoaderService   - Loading from cache: /assets/textures/iron.png
21:48:28.809 [JavaFX Application Thread] DEBUG AssetLoaderService   - Loading from cache: /assets/textures/iron.png
21:48:28.810 [JavaFX Application Thread] DEBUG AssetLoaderService   - Loading from cache: /assets/textures/iron.png
21:48:28.810 [JavaFX Application Thread] DEBUG AssetLoaderService   - Loading from cache: /assets/textures/stone.png
21:48:28.810 [JavaFX Application Thread] DEBUG AssetLoaderService   - Loading from cache: /assets/textures/stone.png
21:48:28.811 [JavaFX Application Thread] DEBUG AssetLoaderService   - Loading from cache: /assets/textures/stone.png
21:48:28.811 [JavaFX Application Thread] DEBUG AssetLoaderService   - Loading from cache: /assets/textures/iron.png
21:48:28.812 [JavaFX Application Thread] DEBUG AssetLoaderService   - Loading from cache: /assets/textures/stone.png
21:48:28.812 [JavaFX Application Thread] DEBUG AssetLoaderService   - Loading from cache: /assets/textures/coal.png
21:48:28.813 [JavaFX Application Thread] DEBUG AssetLoaderService   - Loading from cache: /assets/textures/stone.png
21:48:28.813 [JavaFX Application Thread] DEBUG AssetLoaderService   - Loading from cache: /assets/textures/iron.png
21:48:28.813 [JavaFX Application Thread] DEBUG AssetLoaderService   - Loading from cache: /assets/textures/iron.png
21:48:28.814 [JavaFX Application Thread] DEBUG AssetLoaderService   - Loading from cache: /assets/textures/iron.png
21:48:28.814 [JavaFX Application Thread] DEBUG AssetLoaderService   - Loading from cache: /assets/textures/iron.png
21:48:28.814 [JavaFX Application Thread] DEBUG AssetLoaderService   - Loading from cache: /assets/textures/iron.png
21:48:28.815 [JavaFX Application Thread] DEBUG AssetLoaderService   - Loading from cache: /assets/textures/iron.png
21:48:28.815 [JavaFX Application Thread] DEBUG AssetLoaderService   - Loading from cache: /assets/textures/iron.png
21:48:28.815 [JavaFX Application Thread] DEBUG AssetLoaderService   - Loading from cache: /assets/textures/iron.png
21:48:28.816 [JavaFX Application Thread] DEBUG AssetLoaderService   - Loading from cache: /assets/textures/iron.png
21:48:28.816 [JavaFX Application Thread] DEBUG AssetLoaderService   - Loading from cache: /assets/textures/iron.png
21:48:28.816 [JavaFX Application Thread] DEBUG AssetLoaderService   - Loading from cache: /assets/textures/iron.png
21:48:28.817 [JavaFX Application Thread] DEBUG AssetLoaderService   - Loading from cache: /assets/textures/iron.png
21:48:28.817 [JavaFX Application Thread] DEBUG AssetLoaderService   - Loading from cache: /assets/textures/select-green.png
21:48:28.817 [JavaFX Application Thread] DEBUG AssetLoaderService   - Loading from cache: /assets/textures/iron.png
21:48:28.818 [JavaFX Application Thread] DEBUG AssetLoaderService   - Loading from cache: /assets/textures/iron.png
21:48:28.818 [JavaFX Application Thread] DEBUG AssetLoaderService   - Loading from cache: /assets/textures/iron.png
21:48:28.819 [JavaFX Application Thread] DEBUG AssetLoaderService   - Loading from cache: /assets/textures/iron.png
21:48:28.819 [JavaFX Application Thread] DEBUG AssetLoaderService   - Loading from cache: /assets/textures/iron.png
21:48:28.819 [JavaFX Application Thread] DEBUG AssetLoaderService   - Loading from cache: /assets/textures/iron.png
21:48:28.819 [JavaFX Application Thread] DEBUG AssetLoaderService   - Loading from cache: /assets/textures/iron.png
21:48:28.820 [JavaFX Application Thread] DEBUG AssetLoaderService   - Loading from cache: /assets/textures/iron.png
21:48:28.820 [JavaFX Application Thread] DEBUG AssetLoaderService   - Loading from cache: /assets/textures/iron.png
21:48:28.821 [JavaFX Application Thread] DEBUG AssetLoaderService   - Loading from cache: /assets/textures/iron.png
21:48:28.821 [JavaFX Application Thread] DEBUG AssetLoaderService   - Loading from cache: /assets/textures/iron.png
21:48:28.821 [JavaFX Application Thread] DEBUG AssetLoaderService   - Loading from cache: /assets/textures/iron.png
21:48:28.822 [JavaFX Application Thread] DEBUG AssetLoaderService   - Loading from cache: /assets/textures/coal.png
21:48:28.822 [JavaFX Application Thread] DEBUG AssetLoaderService   - Loading from cache: /assets/textures/iron.png
21:48:28.822 [JavaFX Application Thread] DEBUG AssetLoaderService   - Loading from cache: /assets/textures/stone.png
21:48:28.823 [JavaFX Application Thread] DEBUG AssetLoaderService   - Loading from cache: /assets/textures/iron.png
21:48:28.823 [JavaFX Application Thread] DEBUG AssetLoaderService   - Loading from cache: /assets/textures/stone.png
21:48:28.823 [JavaFX Application Thread] DEBUG AssetLoaderService   - Loading from cache: /assets/textures/stone.png
21:48:28.824 [JavaFX Application Thread] DEBUG AssetLoaderService   - Loading from cache: /assets/textures/stone.png
21:48:28.824 [JavaFX Application Thread] DEBUG AssetLoaderService   - Loading from cache: /assets/textures/stone.png
21:48:28.825 [JavaFX Application Thread] DEBUG AssetLoaderService   - Loading from cache: /assets/textures/stone.png
21:48:28.825 [JavaFX Application Thread] DEBUG AssetLoaderService   - Loading from cache: /assets/textures/stone.png
21:48:28.825 [JavaFX Application Thread] DEBUG AssetLoaderService   - Loading from cache: /assets/textures/stone.png
21:48:28.826 [JavaFX Application Thread] DEBUG AssetLoaderService   - Loading from cache: /assets/textures/stone.png
21:48:28.826 [JavaFX Application Thread] DEBUG AssetLoaderService   - Loading from cache: /assets/textures/stone.png
21:48:28.826 [JavaFX Application Thread] DEBUG AssetLoaderService   - Loading from cache: /assets/textures/stone.png
21:48:28.827 [JavaFX Application Thread] DEBUG AssetLoaderService   - Loading from cache: /assets/textures/stone.png
21:48:28.827 [JavaFX Application Thread] DEBUG AssetLoaderService   - Loading from cache: /assets/textures/stone.png
21:48:28.828 [JavaFX Application Thread] DEBUG AssetLoaderService   - Loading from cache: /assets/textures/stone.png
21:48:28.828 [JavaFX Application Thread] DEBUG AssetLoaderService   - Loading from cache: /assets/textures/stone.png
21:48:28.828 [JavaFX Application Thread] DEBUG AssetLoaderService   - Loading from cache: /assets/textures/stone.png
21:48:28.829 [JavaFX Application Thread] DEBUG AssetLoaderService   - Loading from cache: /assets/textures/stone.png
21:48:28.829 [JavaFX Application Thread] DEBUG AssetLoaderService   - Loading from cache: /assets/textures/stone.png
21:48:28.830 [JavaFX Application Thread] DEBUG AssetLoaderService   - Loading from cache: /assets/textures/stone.png
21:48:28.830 [JavaFX Application Thread] DEBUG AssetLoaderService   - Loading from cache: /assets/textures/stone.png
21:48:28.830 [JavaFX Application Thread] DEBUG AssetLoaderService   - Loading from cache: /assets/textures/stone.png
21:48:28.831 [JavaFX Application Thread] DEBUG AssetLoaderService   - Loading from cache: /assets/textures/stone.png
21:48:28.852 [JavaFX Application Thread] DEBUG AssetLoaderService   - Loading from cache: /assets/textures/select-green.png
21:48:28.869 [JavaFX Application Thread] DEBUG AssetLoaderService   - Loading from cache: /assets/textures/select-green.png
21:48:28.886 [JavaFX Application Thread] DEBUG AssetLoaderService   - Loading from cache: /assets/textures/select-green.png
21:48:28.902 [JavaFX Application Thread] DEBUG AssetLoaderService   - Loading from cache: /assets/textures/select-green.png
21:48:28.919 [JavaFX Application Thread] DEBUG AssetLoaderService   - Loading from cache: /assets/textures/select-green.png
21:48:28.937 [JavaFX Application Thread] DEBUG AssetLoaderService   - Loading from cache: /assets/textures/select-green.png
21:48:28.953 [JavaFX Application Thread] DEBUG AssetLoaderService   - Loading from cache: /assets/textures/select-green.png
21:48:28.969 [JavaFX Application Thread] DEBUG AssetLoaderService   - Loading from cache: /assets/textures/select-green.png
21:48:28.986 [JavaFX Application Thread] DEBUG AssetLoaderService   - Loading from cache: /assets/textures/select-green.png
21:48:29.003 [JavaFX Application Thread] DEBUG AssetLoaderService   - Loading from cache: /assets/textures/select-green.png
21:48:29.020 [JavaFX Application Thread] DEBUG AssetLoaderService   - Loading from cache: /assets/textures/select-green.png
21:48:29.036 [JavaFX Application Thread] DEBUG AssetLoaderService   - Loading from cache: /assets/textures/select-green.png
21:48:29.052 [JavaFX Application Thread] DEBUG AssetLoaderService   - Loading from cache: /assets/textures/select-green.png
21:48:29.069 [JavaFX Application Thread] DEBUG AssetLoaderService   - Loading from cache: /assets/textures/select-green.png
21:48:29.085 [JavaFX Application Thread] DEBUG AssetLoaderService   - Loading from cache: /assets/textures/select-green.png
21:48:29.092 [JavaFX Application Thread] DEBUG AssetLoaderService   - Loading from cache: /assets/textures/coal.png
21:48:29.093 [JavaFX Application Thread] DEBUG AssetLoaderService   - Loading from cache: /assets/textures/stone.png
21:48:29.094 [JavaFX Application Thread] DEBUG AssetLoaderService   - Loading from cache: /assets/textures/stone.png
21:48:29.094 [JavaFX Application Thread] DEBUG AssetLoaderService   - Loading from cache: /assets/textures/stone.png
21:48:29.094 [JavaFX Application Thread] DEBUG AssetLoaderService   - Loading from cache: /assets/textures/iron.png
21:48:29.095 [JavaFX Application Thread] DEBUG AssetLoaderService   - Loading from cache: /assets/textures/iron.png
21:48:29.095 [JavaFX Application Thread] DEBUG AssetLoaderService   - Loading from cache: /assets/textures/iron.png
21:48:29.095 [JavaFX Application Thread] DEBUG AssetLoaderService   - Loading from cache: /assets/textures/iron.png
21:48:29.095 [JavaFX Application Thread] DEBUG AssetLoaderService   - Loading from cache: /assets/textures/stone.png
21:48:29.096 [JavaFX Application Thread] DEBUG AssetLoaderService   - Loading from cache: /assets/textures/stone.png
21:48:29.096 [JavaFX Application Thread] DEBUG AssetLoaderService   - Loading from cache: /assets/textures/stone.png
21:48:29.097 [JavaFX Application Thread] DEBUG AssetLoaderService   - Loading from cache: /assets/textures/iron.png
21:48:29.098 [JavaFX Application Thread] DEBUG AssetLoaderService   - Loading from cache: /assets/textures/stone.png
21:48:29.098 [JavaFX Application Thread] DEBUG AssetLoaderService   - Loading from cache: /assets/textures/coal.png
21:48:29.099 [JavaFX Application Thread] DEBUG AssetLoaderService   - Loading from cache: /assets/textures/stone.png
21:48:29.099 [JavaFX Application Thread] DEBUG AssetLoaderService   - Loading from cache: /assets/textures/iron.png
21:48:29.100 [JavaFX Application Thread] DEBUG AssetLoaderService   - Loading from cache: /assets/textures/iron.png
21:48:29.100 [JavaFX Application Thread] DEBUG AssetLoaderService   - Loading from cache: /assets/textures/iron.png
21:48:29.101 [JavaFX Application Thread] DEBUG AssetLoaderService   - Loading from cache: /assets/textures/iron.png
21:48:29.101 [JavaFX Application Thread] DEBUG AssetLoaderService   - Loading from cache: /assets/textures/iron.png
21:48:29.101 [JavaFX Application Thread] DEBUG AssetLoaderService   - Loading from cache: /assets/textures/iron.png
21:48:29.102 [JavaFX Application Thread] DEBUG AssetLoaderService   - Loading from cache: /assets/textures/iron.png
21:48:29.102 [JavaFX Application Thread] DEBUG AssetLoaderService   - Loading from cache: /assets/textures/iron.png
21:48:29.103 [JavaFX Application Thread] DEBUG AssetLoaderService   - Loading from cache: /assets/textures/iron.png
21:48:29.103 [JavaFX Application Thread] DEBUG AssetLoaderService   - Loading from cache: /assets/textures/iron.png
21:48:29.104 [JavaFX Application Thread] DEBUG AssetLoaderService   - Loading from cache: /assets/textures/iron.png
21:48:29.104 [JavaFX Application Thread] DEBUG AssetLoaderService   - Loading from cache: /assets/textures/iron.png
21:48:29.105 [JavaFX Application Thread] DEBUG AssetLoaderService   - Loading from cache: /assets/textures/select-green.png
21:48:29.105 [JavaFX Application Thread] DEBUG AssetLoaderService   - Loading from cache: /assets/textures/iron.png
21:48:29.106 [JavaFX Application Thread] DEBUG AssetLoaderService   - Loading from cache: /assets/textures/iron.png
21:48:29.106 [JavaFX Application Thread] DEBUG AssetLoaderService   - Loading from cache: /assets/textures/iron.png
21:48:29.106 [JavaFX Application Thread] DEBUG AssetLoaderService   - Loading from cache: /assets/textures/iron.png
21:48:29.107 [JavaFX Application Thread] DEBUG AssetLoaderService   - Loading from cache: /assets/textures/iron.png
21:48:29.107 [JavaFX Application Thread] DEBUG AssetLoaderService   - Loading from cache: /assets/textures/iron.png
21:48:29.107 [JavaFX Application Thread] DEBUG AssetLoaderService   - Loading from cache: /assets/textures/iron.png
21:48:29.108 [JavaFX Application Thread] DEBUG AssetLoaderService   - Loading from cache: /assets/textures/iron.png
21:48:29.108 [JavaFX Application Thread] DEBUG AssetLoaderService   - Loading from cache: /assets/textures/iron.png
21:48:29.109 [JavaFX Application Thread] DEBUG AssetLoaderService   - Loading from cache: /assets/textures/iron.png
21:48:29.109 [JavaFX Application Thread] DEBUG AssetLoaderService   - Loading from cache: /assets/textures/iron.png
21:48:29.110 [JavaFX Application Thread] DEBUG AssetLoaderService   - Loading from cache: /assets/textures/iron.png
21:48:29.110 [JavaFX Application Thread] DEBUG AssetLoaderService   - Loading from cache: /assets/textures/coal.png
21:48:29.111 [JavaFX Application Thread] DEBUG AssetLoaderService   - Loading from cache: /assets/textures/iron.png
21:48:29.111 [JavaFX Application Thread] DEBUG AssetLoaderService   - Loading from cache: /assets/textures/stone.png
21:48:29.111 [JavaFX Application Thread] DEBUG AssetLoaderService   - Loading from cache: /assets/textures/iron.png
21:48:29.112 [JavaFX Application Thread] DEBUG AssetLoaderService   - Loading from cache: /assets/textures/stone.png
21:48:29.112 [JavaFX Application Thread] DEBUG AssetLoaderService   - Loading from cache: /assets/textures/stone.png
21:48:29.112 [JavaFX Application Thread] DEBUG AssetLoaderService   - Loading from cache: /assets/textures/stone.png
21:48:29.113 [JavaFX Application Thread] DEBUG AssetLoaderService   - Loading from cache: /assets/textures/stone.png
21:48:29.113 [JavaFX Application Thread] DEBUG AssetLoaderService   - Loading from cache: /assets/textures/stone.png
21:48:29.113 [JavaFX Application Thread] DEBUG AssetLoaderService   - Loading from cache: /assets/textures/stone.png
21:48:29.114 [JavaFX Application Thread] DEBUG AssetLoaderService   - Loading from cache: /assets/textures/stone.png
21:48:29.114 [JavaFX Application Thread] DEBUG AssetLoaderService   - Loading from cache: /assets/textures/stone.png
21:48:29.115 [JavaFX Application Thread] DEBUG AssetLoaderService   - Loading from cache: /assets/textures/stone.png
21:48:29.115 [JavaFX Application Thread] DEBUG AssetLoaderService   - Loading from cache: /assets/textures/stone.png
21:48:29.116 [JavaFX Application Thread] DEBUG AssetLoaderService   - Loading from cache: /assets/textures/stone.png
21:48:29.116 [JavaFX Application Thread] DEBUG AssetLoaderService   - Loading from cache: /assets/textures/stone.png
21:48:29.117 [JavaFX Application Thread] DEBUG AssetLoaderService   - Loading from cache: /assets/textures/stone.png
21:48:29.117 [JavaFX Application Thread] DEBUG AssetLoaderService   - Loading from cache: /assets/textures/stone.png
21:48:29.118 [JavaFX Application Thread] DEBUG AssetLoaderService   - Loading from cache: /assets/textures/stone.png
21:48:29.119 [JavaFX Application Thread] DEBUG AssetLoaderService   - Loading from cache: /assets/textures/stone.png
21:48:29.119 [JavaFX Application Thread] DEBUG AssetLoaderService   - Loading from cache: /assets/textures/stone.png
21:48:29.120 [JavaFX Application Thread] DEBUG AssetLoaderService   - Loading from cache: /assets/textures/stone.png
21:48:29.120 [JavaFX Application Thread] DEBUG AssetLoaderService   - Loading from cache: /assets/textures/stone.png
21:48:29.121 [JavaFX Application Thread] DEBUG AssetLoaderService   - Loading from cache: /assets/textures/stone.png
21:48:29.122 [JavaFX Application Thread] DEBUG AssetLoaderService   - Loading from cache: /assets/textures/stone.png
21:48:29.143 [JavaFX Application Thread] DEBUG AssetLoaderService   - Loading from cache: /assets/textures/select-green.png
21:48:29.160 [JavaFX Application Thread] DEBUG AssetLoaderService   - Loading from cache: /assets/textures/select-green.png
21:48:29.176 [JavaFX Application Thread] DEBUG AssetLoaderService   - Loading from cache: /assets/textures/select-green.png
21:48:29.192 [JavaFX Application Thread] DEBUG AssetLoaderService   - Loading from cache: /assets/textures/select-green.png
21:48:29.209 [JavaFX Application Thread] DEBUG AssetLoaderService   - Loading from cache: /assets/textures/select-green.png
21:48:29.225 [JavaFX Application Thread] DEBUG AssetLoaderService   - Loading from cache: /assets/textures/select-green.png
21:48:29.242 [JavaFX Application Thread] DEBUG AssetLoaderService   - Loading from cache: /assets/textures/select-green.png
21:48:29.259 [JavaFX Application Thread] DEBUG AssetLoaderService   - Loading from cache: /assets/textures/select-green.png
21:48:29.276 [JavaFX Application Thread] DEBUG AssetLoaderService   - Loading from cache: /assets/textures/select-green.png
21:48:29.292 [JavaFX Application Thread] DEBUG AssetLoaderService   - Loading from cache: /assets/textures/select-green.png
21:48:29.309 [JavaFX Application Thread] DEBUG AssetLoaderService   - Loading from cache: /assets/textures/select-green.png
21:48:29.326 [JavaFX Application Thread] DEBUG AssetLoaderService   - Loading from cache: /assets/textures/select-green.png
21:48:29.343 [JavaFX Application Thread] DEBUG AssetLoaderService   - Loading from cache: /assets/textures/select-green.png
21:48:29.359 [JavaFX Application Thread] DEBUG AssetLoaderService   - Loading from cache: /assets/textures/select-green.png
21:48:29.376 [JavaFX Application Thread] DEBUG AssetLoaderService   - Loading from cache: /assets/textures/select-green.png
21:48:29.379 [JavaFX Application Thread] DEBUG AssetLoaderService   - Loading from cache: /assets/textures/coal.png
21:48:29.380 [JavaFX Application Thread] DEBUG AssetLoaderService   - Loading from cache: /assets/textures/stone.png
21:48:29.380 [JavaFX Application Thread] DEBUG AssetLoaderService   - Loading from cache: /assets/textures/stone.png
21:48:29.381 [JavaFX Application Thread] DEBUG AssetLoaderService   - Loading from cache: /assets/textures/stone.png
21:48:29.381 [JavaFX Application Thread] DEBUG AssetLoaderService   - Loading from cache: /assets/textures/iron.png
21:48:29.382 [JavaFX Application Thread] DEBUG AssetLoaderService   - Loading from cache: /assets/textures/iron.png
21:48:29.382 [JavaFX Application Thread] DEBUG AssetLoaderService   - Loading from cache: /assets/textures/iron.png
21:48:29.382 [JavaFX Application Thread] DEBUG AssetLoaderService   - Loading from cache: /assets/textures/iron.png
21:48:29.383 [JavaFX Application Thread] DEBUG AssetLoaderService   - Loading from cache: /assets/textures/stone.png
21:48:29.383 [JavaFX Application Thread] DEBUG AssetLoaderService   - Loading from cache: /assets/textures/stone.png
21:48:29.384 [JavaFX Application Thread] DEBUG AssetLoaderService   - Loading from cache: /assets/textures/stone.png
21:48:29.384 [JavaFX Application Thread] DEBUG AssetLoaderService   - Loading from cache: /assets/textures/iron.png
21:48:29.384 [JavaFX Application Thread] DEBUG AssetLoaderService   - Loading from cache: /assets/textures/stone.png
21:48:29.385 [JavaFX Application Thread] DEBUG AssetLoaderService   - Loading from cache: /assets/textures/coal.png
21:48:29.385 [JavaFX Application Thread] DEBUG AssetLoaderService   - Loading from cache: /assets/textures/stone.png
21:48:29.385 [JavaFX Application Thread] DEBUG AssetLoaderService   - Loading from cache: /assets/textures/iron.png
21:48:29.385 [JavaFX Application Thread] DEBUG AssetLoaderService   - Loading from cache: /assets/textures/iron.png
21:48:29.385 [JavaFX Application Thread] DEBUG AssetLoaderService   - Loading from cache: /assets/textures/iron.png
21:48:29.386 [JavaFX Application Thread] DEBUG AssetLoaderService   - Loading from cache: /assets/textures/iron.png
21:48:29.386 [JavaFX Application Thread] DEBUG AssetLoaderService   - Loading from cache: /assets/textures/iron.png
21:48:29.386 [JavaFX Application Thread] DEBUG AssetLoaderService   - Loading from cache: /assets/textures/iron.png
21:48:29.386 [JavaFX Application Thread] DEBUG AssetLoaderService   - Loading from cache: /assets/textures/iron.png
21:48:29.387 [JavaFX Application Thread] DEBUG AssetLoaderService   - Loading from cache: /assets/textures/iron.png
21:48:29.387 [JavaFX Application Thread] DEBUG AssetLoaderService   - Loading from cache: /assets/textures/iron.png
21:48:29.388 [JavaFX Application Thread] DEBUG AssetLoaderService   - Loading from cache: /assets/textures/iron.png
21:48:29.388 [JavaFX Application Thread] DEBUG AssetLoaderService   - Loading from cache: /assets/textures/iron.png
21:48:29.388 [JavaFX Application Thread] DEBUG AssetLoaderService   - Loading from cache: /assets/textures/iron.png
21:48:29.388 [JavaFX Application Thread] DEBUG AssetLoaderService   - Loading from cache: /assets/textures/select-green.png
21:48:29.389 [JavaFX Application Thread] DEBUG AssetLoaderService   - Loading from cache: /assets/textures/select-green.png
21:48:29.389 [JavaFX Application Thread] DEBUG AssetLoaderService   - Loading from cache: /assets/textures/iron.png
21:48:29.389 [JavaFX Application Thread] DEBUG AssetLoaderService   - Loading from cache: /assets/textures/iron.png
21:48:29.389 [JavaFX Application Thread] DEBUG AssetLoaderService   - Loading from cache: /assets/textures/iron.png
21:48:29.389 [JavaFX Application Thread] DEBUG AssetLoaderService   - Loading from cache: /assets/textures/iron.png
21:48:29.390 [JavaFX Application Thread] DEBUG AssetLoaderService   - Loading from cache: /assets/textures/iron.png
21:48:29.390 [JavaFX Application Thread] DEBUG AssetLoaderService   - Loading from cache: /assets/textures/iron.png
21:48:29.390 [JavaFX Application Thread] DEBUG AssetLoaderService   - Loading from cache: /assets/textures/iron.png
21:48:29.390 [JavaFX Application Thread] DEBUG AssetLoaderService   - Loading from cache: /assets/textures/iron.png
21:48:29.391 [JavaFX Application Thread] DEBUG AssetLoaderService   - Loading from cache: /assets/textures/iron.png
21:48:29.391 [JavaFX Application Thread] DEBUG AssetLoaderService   - Loading from cache: /assets/textures/iron.png
21:48:29.392 [JavaFX Application Thread] DEBUG AssetLoaderService   - Loading from cache: /assets/textures/iron.png
21:48:29.393 [JavaFX Application Thread] DEBUG AssetLoaderService   - Loading from cache: /assets/textures/coal.png
21:48:29.393 [JavaFX Application Thread] DEBUG AssetLoaderService   - Loading from cache: /assets/textures/iron.png
21:48:29.393 [JavaFX Application Thread] DEBUG AssetLoaderService   - Loading from cache: /assets/textures/stone.png
21:48:29.394 [JavaFX Application Thread] DEBUG AssetLoaderService   - Loading from cache: /assets/textures/iron.png
21:48:29.395 [JavaFX Application Thread] DEBUG AssetLoaderService   - Loading from cache: /assets/textures/stone.png
21:48:29.395 [JavaFX Application Thread] DEBUG AssetLoaderService   - Loading from cache: /assets/textures/stone.png
21:48:29.396 [JavaFX Application Thread] DEBUG AssetLoaderService   - Loading from cache: /assets/textures/stone.png
21:48:29.396 [JavaFX Application Thread] DEBUG AssetLoaderService   - Loading from cache: /assets/textures/stone.png
21:48:29.396 [JavaFX Application Thread] DEBUG AssetLoaderService   - Loading from cache: /assets/textures/stone.png
21:48:29.397 [JavaFX Application Thread] DEBUG AssetLoaderService   - Loading from cache: /assets/textures/stone.png
21:48:29.397 [JavaFX Application Thread] DEBUG AssetLoaderService   - Loading from cache: /assets/textures/stone.png
21:48:29.398 [JavaFX Application Thread] DEBUG AssetLoaderService   - Loading from cache: /assets/textures/stone.png
21:48:29.399 [JavaFX Application Thread] DEBUG AssetLoaderService   - Loading from cache: /assets/textures/stone.png
21:48:29.399 [JavaFX Application Thread] DEBUG AssetLoaderService   - Loading from cache: /assets/textures/stone.png
21:48:29.399 [JavaFX Application Thread] DEBUG AssetLoaderService   - Loading from cache: /assets/textures/stone.png
21:48:29.400 [JavaFX Application Thread] DEBUG AssetLoaderService   - Loading from cache: /assets/textures/stone.png
21:48:29.400 [JavaFX Application Thread] DEBUG AssetLoaderService   - Loading from cache: /assets/textures/stone.png
21:48:29.400 [JavaFX Application Thread] DEBUG AssetLoaderService   - Loading from cache: /assets/textures/stone.png
21:48:29.401 [JavaFX Application Thread] DEBUG AssetLoaderService   - Loading from cache: /assets/textures/stone.png
21:48:29.401 [JavaFX Application Thread] DEBUG AssetLoaderService   - Loading from cache: /assets/textures/stone.png
21:48:29.402 [JavaFX Application Thread] DEBUG AssetLoaderService   - Loading from cache: /assets/textures/stone.png
21:48:29.402 [JavaFX Application Thread] DEBUG AssetLoaderService   - Loading from cache: /assets/textures/stone.png
21:48:29.403 [JavaFX Application Thread] DEBUG AssetLoaderService   - Loading from cache: /assets/textures/stone.png
21:48:29.403 [JavaFX Application Thread] DEBUG AssetLoaderService   - Loading from cache: /assets/textures/stone.png
21:48:29.404 [JavaFX Application Thread] DEBUG AssetLoaderService   - Loading from cache: /assets/textures/stone.png
21:48:29.426 [JavaFX Application Thread] DEBUG AssetLoaderService   - Loading from cache: /assets/textures/select-green.png
21:48:29.443 [JavaFX Application Thread] DEBUG AssetLoaderService   - Loading from cache: /assets/textures/select-green.png
21:48:29.459 [JavaFX Application Thread] DEBUG AssetLoaderService   - Loading from cache: /assets/textures/select-green.png
21:48:29.476 [JavaFX Application Thread] DEBUG AssetLoaderService   - Loading from cache: /assets/textures/select-green.png
21:48:29.493 [JavaFX Application Thread] DEBUG AssetLoaderService   - Loading from cache: /assets/textures/select-green.png
21:48:29.510 [JavaFX Application Thread] DEBUG AssetLoaderService   - Loading from cache: /assets/textures/select-green.png
21:48:29.526 [JavaFX Application Thread] DEBUG AssetLoaderService   - Loading from cache: /assets/textures/select-green.png
21:48:29.542 [JavaFX Application Thread] DEBUG AssetLoaderService   - Loading from cache: /assets/textures/select-green.png
21:48:29.559 [JavaFX Application Thread] DEBUG AssetLoaderService   - Loading from cache: /assets/textures/select-green.png
21:48:29.575 [JavaFX Application Thread] DEBUG AssetLoaderService   - Loading from cache: /assets/textures/select-green.png
21:48:29.591 [JavaFX Application Thread] DEBUG AssetLoaderService   - Loading from cache: /assets/textures/select-green.png
21:48:29.607 [JavaFX Application Thread] DEBUG AssetLoaderService   - Loading from cache: /assets/textures/select-green.png
21:48:29.625 [JavaFX Application Thread] DEBUG AssetLoaderService   - Loading from cache: /assets/textures/select-green.png
21:48:29.642 [JavaFX Application Thread] DEBUG AssetLoaderService   - Loading from cache: /assets/textures/select-green.png
21:48:29.659 [JavaFX Application Thread] DEBUG AssetLoaderService   - Loading from cache: /assets/textures/select-green.png
21:48:29.675 [JavaFX Application Thread] DEBUG AssetLoaderService   - Loading from cache: /assets/textures/select-green.png
21:48:29.678 [JavaFX Application Thread] DEBUG AssetLoaderService   - Loading from cache: /assets/textures/coal.png
21:48:29.679 [JavaFX Application Thread] DEBUG AssetLoaderService   - Loading from cache: /assets/textures/stone.png
21:48:29.679 [JavaFX Application Thread] DEBUG AssetLoaderService   - Loading from cache: /assets/textures/stone.png
21:48:29.679 [JavaFX Application Thread] DEBUG AssetLoaderService   - Loading from cache: /assets/textures/stone.png
21:48:29.680 [JavaFX Application Thread] DEBUG AssetLoaderService   - Loading from cache: /assets/textures/iron.png
21:48:29.680 [JavaFX Application Thread] DEBUG AssetLoaderService   - Loading from cache: /assets/textures/iron.png
21:48:29.680 [JavaFX Application Thread] DEBUG AssetLoaderService   - Loading from cache: /assets/textures/iron.png
21:48:29.680 [JavaFX Application Thread] DEBUG AssetLoaderService   - Loading from cache: /assets/textures/iron.png
21:48:29.681 [JavaFX Application Thread] DEBUG AssetLoaderService   - Loading from cache: /assets/textures/stone.png
21:48:29.681 [JavaFX Application Thread] DEBUG AssetLoaderService   - Loading from cache: /assets/textures/stone.png
21:48:29.681 [JavaFX Application Thread] DEBUG AssetLoaderService   - Loading from cache: /assets/textures/stone.png
21:48:29.682 [JavaFX Application Thread] DEBUG AssetLoaderService   - Loading from cache: /assets/textures/iron.png
21:48:29.682 [JavaFX Application Thread] DEBUG AssetLoaderService   - Loading from cache: /assets/textures/stone.png
21:48:29.682 [JavaFX Application Thread] DEBUG AssetLoaderService   - Loading from cache: /assets/textures/coal.png
21:48:29.683 [JavaFX Application Thread] DEBUG AssetLoaderService   - Loading from cache: /assets/textures/stone.png
21:48:29.683 [JavaFX Application Thread] DEBUG AssetLoaderService   - Loading from cache: /assets/textures/iron.png
21:48:29.683 [JavaFX Application Thread] DEBUG AssetLoaderService   - Loading from cache: /assets/textures/iron.png
21:48:29.683 [JavaFX Application Thread] DEBUG AssetLoaderService   - Loading from cache: /assets/textures/iron.png
21:48:29.684 [JavaFX Application Thread] DEBUG AssetLoaderService   - Loading from cache: /assets/textures/iron.png
21:48:29.684 [JavaFX Application Thread] DEBUG AssetLoaderService   - Loading from cache: /assets/textures/iron.png
21:48:29.684 [JavaFX Application Thread] DEBUG AssetLoaderService   - Loading from cache: /assets/textures/iron.png
21:48:29.684 [JavaFX Application Thread] DEBUG AssetLoaderService   - Loading from cache: /assets/textures/iron.png
21:48:29.685 [JavaFX Application Thread] DEBUG AssetLoaderService   - Loading from cache: /assets/textures/iron.png
21:48:29.685 [JavaFX Application Thread] DEBUG AssetLoaderService   - Loading from cache: /assets/textures/iron.png
21:48:29.685 [JavaFX Application Thread] DEBUG AssetLoaderService   - Loading from cache: /assets/textures/iron.png
21:48:29.686 [JavaFX Application Thread] DEBUG AssetLoaderService   - Loading from cache: /assets/textures/iron.png
21:48:29.686 [JavaFX Application Thread] DEBUG AssetLoaderService   - Loading from cache: /assets/textures/iron.png
21:48:29.686 [JavaFX Application Thread] DEBUG AssetLoaderService   - Loading from cache: /assets/textures/select-green.png
21:48:29.687 [JavaFX Application Thread] DEBUG AssetLoaderService   - Loading from cache: /assets/textures/select-green.png
21:48:29.687 [JavaFX Application Thread] DEBUG AssetLoaderService   - Loading from cache: /assets/textures/iron.png
21:48:29.687 [JavaFX Application Thread] DEBUG AssetLoaderService   - Loading from cache: /assets/textures/iron.png
21:48:29.687 [JavaFX Application Thread] DEBUG AssetLoaderService   - Loading from cache: /assets/textures/iron.png
21:48:29.687 [JavaFX Application Thread] DEBUG AssetLoaderService   - Loading from cache: /assets/textures/iron.png
21:48:29.688 [JavaFX Application Thread] DEBUG AssetLoaderService   - Loading from cache: /assets/textures/iron.png
21:48:29.688 [JavaFX Application Thread] DEBUG AssetLoaderService   - Loading from cache: /assets/textures/iron.png
21:48:29.688 [JavaFX Application Thread] DEBUG AssetLoaderService   - Loading from cache: /assets/textures/iron.png
21:48:29.688 [JavaFX Application Thread] DEBUG AssetLoaderService   - Loading from cache: /assets/textures/iron.png
21:48:29.689 [JavaFX Application Thread] DEBUG AssetLoaderService   - Loading from cache: /assets/textures/iron.png
21:48:29.689 [JavaFX Application Thread] DEBUG AssetLoaderService   - Loading from cache: /assets/textures/iron.png
21:48:29.689 [JavaFX Application Thread] DEBUG AssetLoaderService   - Loading from cache: /assets/textures/iron.png
21:48:29.689 [JavaFX Application Thread] DEBUG AssetLoaderService   - Loading from cache: /assets/textures/coal.png
21:48:29.690 [JavaFX Application Thread] DEBUG AssetLoaderService   - Loading from cache: /assets/textures/iron.png
21:48:29.690 [JavaFX Application Thread] DEBUG AssetLoaderService   - Loading from cache: /assets/textures/stone.png
21:48:29.690 [JavaFX Application Thread] DEBUG AssetLoaderService   - Loading from cache: /assets/textures/iron.png
21:48:29.691 [JavaFX Application Thread] DEBUG AssetLoaderService   - Loading from cache: /assets/textures/stone.png
21:48:29.691 [JavaFX Application Thread] DEBUG AssetLoaderService   - Loading from cache: /assets/textures/stone.png
21:48:29.692 [JavaFX Application Thread] DEBUG AssetLoaderService   - Loading from cache: /assets/textures/stone.png
21:48:29.692 [JavaFX Application Thread] DEBUG AssetLoaderService   - Loading from cache: /assets/textures/stone.png
21:48:29.692 [JavaFX Application Thread] DEBUG AssetLoaderService   - Loading from cache: /assets/textures/stone.png
21:48:29.692 [JavaFX Application Thread] DEBUG AssetLoaderService   - Loading from cache: /assets/textures/stone.png
21:48:29.693 [JavaFX Application Thread] DEBUG AssetLoaderService   - Loading from cache: /assets/textures/stone.png
21:48:29.693 [JavaFX Application Thread] DEBUG AssetLoaderService   - Loading from cache: /assets/textures/stone.png
21:48:29.693 [JavaFX Application Thread] DEBUG AssetLoaderService   - Loading from cache: /assets/textures/stone.png
21:48:29.694 [JavaFX Application Thread] DEBUG AssetLoaderService   - Loading from cache: /assets/textures/stone.png
21:48:29.694 [JavaFX Application Thread] DEBUG AssetLoaderService   - Loading from cache: /assets/textures/stone.png
21:48:29.694 [JavaFX Application Thread] DEBUG AssetLoaderService   - Loading from cache: /assets/textures/stone.png
21:48:29.694 [JavaFX Application Thread] DEBUG AssetLoaderService   - Loading from cache: /assets/textures/stone.png
21:48:29.695 [JavaFX Application Thread] DEBUG AssetLoaderService   - Loading from cache: /assets/textures/stone.png
21:48:29.695 [JavaFX Application Thread] DEBUG AssetLoaderService   - Loading from cache: /assets/textures/stone.png
21:48:29.695 [JavaFX Application Thread] DEBUG AssetLoaderService   - Loading from cache: /assets/textures/stone.png
21:48:29.696 [JavaFX Application Thread] DEBUG AssetLoaderService   - Loading from cache: /assets/textures/stone.png
21:48:29.696 [JavaFX Application Thread] DEBUG AssetLoaderService   - Loading from cache: /assets/textures/stone.png
21:48:29.696 [JavaFX Application Thread] DEBUG AssetLoaderService   - Loading from cache: /assets/textures/stone.png
21:48:29.696 [JavaFX Application Thread] DEBUG AssetLoaderService   - Loading from cache: /assets/textures/stone.png
21:48:29.697 [JavaFX Application Thread] DEBUG AssetLoaderService   - Loading from cache: /assets/textures/stone.png
21:48:29.714 [JavaFX Application Thread] DEBUG AssetLoaderService   - Loading from cache: /assets/textures/select-green.png
21:48:29.730 [JavaFX Application Thread] DEBUG AssetLoaderService   - Loading from cache: /assets/textures/select-green.png
21:48:29.746 [JavaFX Application Thread] DEBUG AssetLoaderService   - Loading from cache: /assets/textures/select-green.png
21:48:29.762 [JavaFX Application Thread] DEBUG AssetLoaderService   - Loading from cache: /assets/textures/select-green.png
21:48:29.778 [JavaFX Application Thread] DEBUG AssetLoaderService   - Loading from cache: /assets/textures/select-green.png
21:48:29.795 [JavaFX Application Thread] DEBUG AssetLoaderService   - Loading from cache: /assets/textures/select-green.png
21:48:29.812 [JavaFX Application Thread] DEBUG AssetLoaderService   - Loading from cache: /assets/textures/select-green.png
21:48:29.829 [JavaFX Application Thread] DEBUG AssetLoaderService   - Loading from cache: /assets/textures/select-green.png
21:48:29.845 [JavaFX Application Thread] DEBUG AssetLoaderService   - Loading from cache: /assets/textures/select-green.png
21:48:29.862 [JavaFX Application Thread] DEBUG AssetLoaderService   - Loading from cache: /assets/textures/select-green.png
21:48:29.879 [JavaFX Application Thread] DEBUG AssetLoaderService   - Loading from cache: /assets/textures/select-green.png
21:48:29.895 [JavaFX Application Thread] DEBUG AssetLoaderService   - Loading from cache: /assets/textures/select-green.png
21:48:29.912 [JavaFX Application Thread] DEBUG AssetLoaderService   - Loading from cache: /assets/textures/select-green.png
21:48:29.929 [JavaFX Application Thread] DEBUG AssetLoaderService   - Loading from cache: /assets/textures/select-green.png
21:48:29.945 [JavaFX Application Thread] DEBUG AssetLoaderService   - Loading from cache: /assets/textures/select-green.png
21:48:29.962 [JavaFX Application Thread] DEBUG AssetLoaderService   - Loading from cache: /assets/textures/select-green.png
21:48:29.965 [JavaFX Application Thread] DEBUG AssetLoaderService   - Loading from cache: /assets/textures/coal.png
21:48:29.965 [JavaFX Application Thread] DEBUG AssetLoaderService   - Loading from cache: /assets/textures/stone.png
21:48:29.965 [JavaFX Application Thread] DEBUG AssetLoaderService   - Loading from cache: /assets/textures/stone.png
21:48:29.966 [JavaFX Application Thread] DEBUG AssetLoaderService   - Loading from cache: /assets/textures/stone.png
21:48:29.966 [JavaFX Application Thread] DEBUG AssetLoaderService   - Loading from cache: /assets/textures/iron.png
21:48:29.966 [JavaFX Application Thread] DEBUG AssetLoaderService   - Loading from cache: /assets/textures/iron.png
21:48:29.966 [JavaFX Application Thread] DEBUG AssetLoaderService   - Loading from cache: /assets/textures/iron.png
21:48:29.967 [JavaFX Application Thread] DEBUG AssetLoaderService   - Loading from cache: /assets/textures/iron.png
21:48:29.967 [JavaFX Application Thread] DEBUG AssetLoaderService   - Loading from cache: /assets/textures/stone.png
21:48:29.967 [JavaFX Application Thread] DEBUG AssetLoaderService   - Loading from cache: /assets/textures/stone.png
21:48:29.967 [JavaFX Application Thread] DEBUG AssetLoaderService   - Loading from cache: /assets/textures/stone.png
21:48:29.967 [JavaFX Application Thread] DEBUG AssetLoaderService   - Loading from cache: /assets/textures/iron.png
21:48:29.968 [JavaFX Application Thread] DEBUG AssetLoaderService   - Loading from cache: /assets/textures/stone.png
21:48:29.968 [JavaFX Application Thread] DEBUG AssetLoaderService   - Loading from cache: /assets/textures/coal.png
21:48:29.968 [JavaFX Application Thread] DEBUG AssetLoaderService   - Loading from cache: /assets/textures/stone.png
21:48:29.969 [JavaFX Application Thread] DEBUG AssetLoaderService   - Loading from cache: /assets/textures/iron.png
21:48:29.969 [JavaFX Application Thread] DEBUG AssetLoaderService   - Loading from cache: /assets/textures/iron.png
21:48:29.969 [JavaFX Application Thread] DEBUG AssetLoaderService   - Loading from cache: /assets/textures/iron.png
21:48:29.969 [JavaFX Application Thread] DEBUG AssetLoaderService   - Loading from cache: /assets/textures/iron.png
21:48:29.969 [JavaFX Application Thread] DEBUG AssetLoaderService   - Loading from cache: /assets/textures/iron.png
21:48:29.970 [JavaFX Application Thread] DEBUG AssetLoaderService   - Loading from cache: /assets/textures/iron.png
21:48:29.970 [JavaFX Application Thread] DEBUG AssetLoaderService   - Loading from cache: /assets/textures/iron.png
21:48:29.970 [JavaFX Application Thread] DEBUG AssetLoaderService   - Loading from cache: /assets/textures/iron.png
21:48:29.971 [JavaFX Application Thread] DEBUG AssetLoaderService   - Loading from cache: /assets/textures/iron.png
21:48:29.971 [JavaFX Application Thread] DEBUG AssetLoaderService   - Loading from cache: /assets/textures/iron.png
21:48:29.971 [JavaFX Application Thread] DEBUG AssetLoaderService   - Loading from cache: /assets/textures/iron.png
21:48:29.971 [JavaFX Application Thread] DEBUG AssetLoaderService   - Loading from cache: /assets/textures/iron.png
21:48:29.972 [JavaFX Application Thread] DEBUG AssetLoaderService   - Loading from cache: /assets/textures/select-green.png
21:48:29.972 [JavaFX Application Thread] DEBUG AssetLoaderService   - Loading from cache: /assets/textures/select-green.png
21:48:29.972 [JavaFX Application Thread] DEBUG AssetLoaderService   - Loading from cache: /assets/textures/select-green.png
21:48:29.972 [JavaFX Application Thread] DEBUG AssetLoaderService   - Loading from cache: /assets/textures/iron.png
21:48:29.973 [JavaFX Application Thread] DEBUG AssetLoaderService   - Loading from cache: /assets/textures/iron.png
21:48:29.973 [JavaFX Application Thread] DEBUG AssetLoaderService   - Loading from cache: /assets/textures/iron.png
21:48:29.973 [JavaFX Application Thread] DEBUG AssetLoaderService   - Loading from cache: /assets/textures/iron.png
21:48:29.973 [JavaFX Application Thread] DEBUG AssetLoaderService   - Loading from cache: /assets/textures/iron.png
21:48:29.974 [JavaFX Application Thread] DEBUG AssetLoaderService   - Loading from cache: /assets/textures/iron.png
21:48:29.974 [JavaFX Application Thread] DEBUG AssetLoaderService   - Loading from cache: /assets/textures/iron.png
21:48:29.974 [JavaFX Application Thread] DEBUG AssetLoaderService   - Loading from cache: /assets/textures/iron.png
21:48:29.975 [JavaFX Application Thread] DEBUG AssetLoaderService   - Loading from cache: /assets/textures/iron.png
21:48:29.975 [JavaFX Application Thread] DEBUG AssetLoaderService   - Loading from cache: /assets/textures/iron.png
21:48:29.975 [JavaFX Application Thread] DEBUG AssetLoaderService   - Loading from cache: /assets/textures/coal.png
21:48:29.975 [JavaFX Application Thread] DEBUG AssetLoaderService   - Loading from cache: /assets/textures/iron.png
21:48:29.976 [JavaFX Application Thread] DEBUG AssetLoaderService   - Loading from cache: /assets/textures/stone.png
21:48:29.976 [JavaFX Application Thread] DEBUG AssetLoaderService   - Loading from cache: /assets/textures/iron.png
21:48:29.976 [JavaFX Application Thread] DEBUG AssetLoaderService   - Loading from cache: /assets/textures/stone.png
21:48:29.976 [JavaFX Application Thread] DEBUG AssetLoaderService   - Loading from cache: /assets/textures/stone.png
21:48:29.977 [JavaFX Application Thread] DEBUG AssetLoaderService   - Loading from cache: /assets/textures/stone.png
21:48:29.977 [JavaFX Application Thread] DEBUG AssetLoaderService   - Loading from cache: /assets/textures/stone.png
21:48:29.977 [JavaFX Application Thread] DEBUG AssetLoaderService   - Loading from cache: /assets/textures/stone.png
21:48:29.977 [JavaFX Application Thread] DEBUG AssetLoaderService   - Loading from cache: /assets/textures/stone.png
21:48:29.978 [JavaFX Application Thread] DEBUG AssetLoaderService   - Loading from cache: /assets/textures/stone.png
21:48:29.978 [JavaFX Application Thread] DEBUG AssetLoaderService   - Loading from cache: /assets/textures/stone.png
21:48:29.978 [JavaFX Application Thread] DEBUG AssetLoaderService   - Loading from cache: /assets/textures/stone.png
21:48:29.979 [JavaFX Application Thread] DEBUG AssetLoaderService   - Loading from cache: /assets/textures/stone.png
21:48:29.979 [JavaFX Application Thread] DEBUG AssetLoaderService   - Loading from cache: /assets/textures/stone.png
21:48:29.979 [JavaFX Application Thread] DEBUG AssetLoaderService   - Loading from cache: /assets/textures/stone.png
21:48:29.979 [JavaFX Application Thread] DEBUG AssetLoaderService   - Loading from cache: /assets/textures/stone.png
21:48:29.980 [JavaFX Application Thread] DEBUG AssetLoaderService   - Loading from cache: /assets/textures/stone.png
21:48:29.980 [JavaFX Application Thread] DEBUG AssetLoaderService   - Loading from cache: /assets/textures/stone.png
21:48:29.980 [JavaFX Application Thread] DEBUG AssetLoaderService   - Loading from cache: /assets/textures/stone.png
21:48:29.980 [JavaFX Application Thread] DEBUG AssetLoaderService   - Loading from cache: /assets/textures/stone.png
21:48:29.981 [JavaFX Application Thread] DEBUG AssetLoaderService   - Loading from cache: /assets/textures/stone.png
21:48:29.981 [JavaFX Application Thread] DEBUG AssetLoaderService   - Loading from cache: /assets/textures/stone.png
21:48:29.981 [JavaFX Application Thread] DEBUG AssetLoaderService   - Loading from cache: /assets/textures/stone.png
21:48:29.982 [JavaFX Application Thread] DEBUG AssetLoaderService   - Loading from cache: /assets/textures/stone.png
21:48:29.998 [JavaFX Application Thread] DEBUG AssetLoaderService   - Loading from cache: /assets/textures/select-green.png
21:48:30.014 [JavaFX Application Thread] DEBUG AssetLoaderService   - Loading from cache: /assets/textures/select-green.png
21:48:30.031 [JavaFX Application Thread] DEBUG AssetLoaderService   - Loading from cache: /assets/textures/select-green.png
21:48:30.048 [JavaFX Application Thread] DEBUG AssetLoaderService   - Loading from cache: /assets/textures/select-green.png
21:48:30.065 [JavaFX Application Thread] DEBUG AssetLoaderService   - Loading from cache: /assets/textures/select-green.png
21:48:30.082 [JavaFX Application Thread] DEBUG AssetLoaderService   - Loading from cache: /assets/textures/select-green.png
21:48:30.098 [JavaFX Application Thread] DEBUG AssetLoaderService   - Loading from cache: /assets/textures/select-green.png
21:48:30.115 [JavaFX Application Thread] DEBUG AssetLoaderService   - Loading from cache: /assets/textures/select-green.png
21:48:30.132 [JavaFX Application Thread] DEBUG AssetLoaderService   - Loading from cache: /assets/textures/select-green.png
21:48:30.149 [JavaFX Application Thread] DEBUG AssetLoaderService   - Loading from cache: /assets/textures/select-green.png
21:48:30.165 [JavaFX Application Thread] DEBUG AssetLoaderService   - Loading from cache: /assets/textures/select-green.png
21:48:30.182 [JavaFX Application Thread] DEBUG AssetLoaderService   - Loading from cache: /assets/textures/select-green.png
21:48:30.199 [JavaFX Application Thread] DEBUG AssetLoaderService   - Loading from cache: /assets/textures/select-green.png
21:48:30.201 [JavaFX Application Thread] DEBUG AssetLoaderService   - Loading from cache: /assets/textures/coal.png
21:48:30.202 [JavaFX Application Thread] DEBUG AssetLoaderService   - Loading from cache: /assets/textures/stone.png
21:48:30.202 [JavaFX Application Thread] DEBUG AssetLoaderService   - Loading from cache: /assets/textures/stone.png
21:48:30.202 [JavaFX Application Thread] DEBUG AssetLoaderService   - Loading from cache: /assets/textures/stone.png
21:48:30.202 [JavaFX Application Thread] DEBUG AssetLoaderService   - Loading from cache: /assets/textures/iron.png
21:48:30.203 [JavaFX Application Thread] DEBUG AssetLoaderService   - Loading from cache: /assets/textures/iron.png
21:48:30.203 [JavaFX Application Thread] DEBUG AssetLoaderService   - Loading from cache: /assets/textures/iron.png
21:48:30.203 [JavaFX Application Thread] DEBUG AssetLoaderService   - Loading from cache: /assets/textures/iron.png
21:48:30.203 [JavaFX Application Thread] DEBUG AssetLoaderService   - Loading from cache: /assets/textures/stone.png
21:48:30.203 [JavaFX Application Thread] DEBUG AssetLoaderService   - Loading from cache: /assets/textures/stone.png
21:48:30.204 [JavaFX Application Thread] DEBUG AssetLoaderService   - Loading from cache: /assets/textures/stone.png
21:48:30.204 [JavaFX Application Thread] DEBUG AssetLoaderService   - Loading from cache: /assets/textures/iron.png
21:48:30.204 [JavaFX Application Thread] DEBUG AssetLoaderService   - Loading from cache: /assets/textures/stone.png
21:48:30.205 [JavaFX Application Thread] DEBUG AssetLoaderService   - Loading from cache: /assets/textures/coal.png
21:48:30.205 [JavaFX Application Thread] DEBUG AssetLoaderService   - Loading from cache: /assets/textures/stone.png
21:48:30.205 [JavaFX Application Thread] DEBUG AssetLoaderService   - Loading from cache: /assets/textures/iron.png
21:48:30.205 [JavaFX Application Thread] DEBUG AssetLoaderService   - Loading from cache: /assets/textures/iron.png
21:48:30.205 [JavaFX Application Thread] DEBUG AssetLoaderService   - Loading from cache: /assets/textures/iron.png
21:48:30.206 [JavaFX Application Thread] DEBUG AssetLoaderService   - Loading from cache: /assets/textures/iron.png
21:48:30.206 [JavaFX Application Thread] DEBUG AssetLoaderService   - Loading from cache: /assets/textures/iron.png
21:48:30.206 [JavaFX Application Thread] DEBUG AssetLoaderService   - Loading from cache: /assets/textures/iron.png
21:48:30.206 [JavaFX Application Thread] DEBUG AssetLoaderService   - Loading from cache: /assets/textures/iron.png
21:48:30.206 [JavaFX Application Thread] DEBUG AssetLoaderService   - Loading from cache: /assets/textures/iron.png
21:48:30.207 [JavaFX Application Thread] DEBUG AssetLoaderService   - Loading from cache: /assets/textures/iron.png
21:48:30.207 [JavaFX Application Thread] DEBUG AssetLoaderService   - Loading from cache: /assets/textures/iron.png
21:48:30.207 [JavaFX Application Thread] DEBUG AssetLoaderService   - Loading from cache: /assets/textures/iron.png
21:48:30.207 [JavaFX Application Thread] DEBUG AssetLoaderService   - Loading from cache: /assets/textures/iron.png
21:48:30.208 [JavaFX Application Thread] DEBUG AssetLoaderService   - Loading from cache: /assets/textures/select-green.png
21:48:30.208 [JavaFX Application Thread] DEBUG AssetLoaderService   - Loading from cache: /assets/textures/select-green.png
21:48:30.208 [JavaFX Application Thread] DEBUG AssetLoaderService   - Loading from cache: /assets/textures/select-green.png
21:48:30.208 [JavaFX Application Thread] DEBUG AssetLoaderService   - Loading from cache: /assets/textures/iron.png
21:48:30.208 [JavaFX Application Thread] DEBUG AssetLoaderService   - Loading from cache: /assets/textures/iron.png
21:48:30.209 [JavaFX Application Thread] DEBUG AssetLoaderService   - Loading from cache: /assets/textures/iron.png
21:48:30.209 [JavaFX Application Thread] DEBUG AssetLoaderService   - Loading from cache: /assets/textures/iron.png
21:48:30.209 [JavaFX Application Thread] DEBUG AssetLoaderService   - Loading from cache: /assets/textures/iron.png
21:48:30.209 [JavaFX Application Thread] DEBUG AssetLoaderService   - Loading from cache: /assets/textures/iron.png
21:48:30.209 [JavaFX Application Thread] DEBUG AssetLoaderService   - Loading from cache: /assets/textures/iron.png
21:48:30.210 [JavaFX Application Thread] DEBUG AssetLoaderService   - Loading from cache: /assets/textures/iron.png
21:48:30.210 [JavaFX Application Thread] DEBUG AssetLoaderService   - Loading from cache: /assets/textures/iron.png
21:48:30.210 [JavaFX Application Thread] DEBUG AssetLoaderService   - Loading from cache: /assets/textures/iron.png
21:48:30.211 [JavaFX Application Thread] DEBUG AssetLoaderService   - Loading from cache: /assets/textures/coal.png
21:48:30.211 [JavaFX Application Thread] DEBUG AssetLoaderService   - Loading from cache: /assets/textures/iron.png
21:48:30.211 [JavaFX Application Thread] DEBUG AssetLoaderService   - Loading from cache: /assets/textures/stone.png
21:48:30.211 [JavaFX Application Thread] DEBUG AssetLoaderService   - Loading from cache: /assets/textures/iron.png
21:48:30.211 [JavaFX Application Thread] DEBUG AssetLoaderService   - Loading from cache: /assets/textures/stone.png
21:48:30.212 [JavaFX Application Thread] DEBUG AssetLoaderService   - Loading from cache: /assets/textures/stone.png
21:48:30.212 [JavaFX Application Thread] DEBUG AssetLoaderService   - Loading from cache: /assets/textures/stone.png
21:48:30.212 [JavaFX Application Thread] DEBUG AssetLoaderService   - Loading from cache: /assets/textures/stone.png
21:48:30.212 [JavaFX Application Thread] DEBUG AssetLoaderService   - Loading from cache: /assets/textures/stone.png
21:48:30.213 [JavaFX Application Thread] DEBUG AssetLoaderService   - Loading from cache: /assets/textures/stone.png
21:48:30.213 [JavaFX Application Thread] DEBUG AssetLoaderService   - Loading from cache: /assets/textures/stone.png
21:48:30.213 [JavaFX Application Thread] DEBUG AssetLoaderService   - Loading from cache: /assets/textures/stone.png
21:48:30.214 [JavaFX Application Thread] DEBUG AssetLoaderService   - Loading from cache: /assets/textures/stone.png
21:48:30.214 [JavaFX Application Thread] DEBUG AssetLoaderService   - Loading from cache: /assets/textures/stone.png
21:48:30.214 [JavaFX Application Thread] DEBUG AssetLoaderService   - Loading from cache: /assets/textures/stone.png
21:48:30.214 [JavaFX Application Thread] DEBUG AssetLoaderService   - Loading from cache: /assets/textures/stone.png
21:48:30.215 [JavaFX Application Thread] DEBUG AssetLoaderService   - Loading from cache: /assets/textures/stone.png
21:48:30.215 [JavaFX Application Thread] DEBUG AssetLoaderService   - Loading from cache: /assets/textures/stone.png
21:48:30.215 [JavaFX Application Thread] DEBUG AssetLoaderService   - Loading from cache: /assets/textures/stone.png
21:48:30.215 [JavaFX Application Thread] DEBUG AssetLoaderService   - Loading from cache: /assets/textures/stone.png
21:48:30.216 [JavaFX Application Thread] DEBUG AssetLoaderService   - Loading from cache: /assets/textures/stone.png
21:48:30.216 [JavaFX Application Thread] DEBUG AssetLoaderService   - Loading from cache: /assets/textures/stone.png
21:48:30.216 [JavaFX Application Thread] DEBUG AssetLoaderService   - Loading from cache: /assets/textures/stone.png
21:48:30.216 [JavaFX Application Thread] DEBUG AssetLoaderService   - Loading from cache: /assets/textures/stone.png
21:48:30.217 [JavaFX Application Thread] DEBUG AssetLoaderService   - Loading from cache: /assets/textures/stone.png
21:48:30.239 [JavaFX Application Thread] DEBUG AssetLoaderService   - Loading from cache: /assets/textures/select-green.png
21:48:30.256 [JavaFX Application Thread] DEBUG AssetLoaderService   - Loading from cache: /assets/textures/select-green.png
21:48:30.273 [JavaFX Application Thread] DEBUG AssetLoaderService   - Loading from cache: /assets/textures/select-green.png
21:48:30.290 [JavaFX Application Thread] DEBUG AssetLoaderService   - Loading from cache: /assets/textures/select-green.png
21:48:30.307 [JavaFX Application Thread] DEBUG AssetLoaderService   - Loading from cache: /assets/textures/select-green.png
21:48:30.323 [JavaFX Application Thread] DEBUG AssetLoaderService   - Loading from cache: /assets/textures/select-green.png
21:48:30.340 [JavaFX Application Thread] DEBUG AssetLoaderService   - Loading from cache: /assets/textures/select-green.png
21:48:30.357 [JavaFX Application Thread] DEBUG AssetLoaderService   - Loading from cache: /assets/textures/select-green.png
21:48:30.373 [JavaFX Application Thread] DEBUG AssetLoaderService   - Loading from cache: /assets/textures/select-green.png
21:48:30.390 [JavaFX Application Thread] DEBUG AssetLoaderService   - Loading from cache: /assets/textures/select-green.png
21:48:30.406 [JavaFX Application Thread] DEBUG AssetLoaderService   - Loading from cache: /assets/textures/select-green.png
21:48:30.423 [JavaFX Application Thread] DEBUG AssetLoaderService   - Loading from cache: /assets/textures/select-green.png
21:48:30.440 [JavaFX Application Thread] DEBUG AssetLoaderService   - Loading from cache: /assets/textures/select-green.png
21:48:30.443 [JavaFX Application Thread] DEBUG AssetLoaderService   - Loading from cache: /assets/textures/coal.png
21:48:30.443 [JavaFX Application Thread] DEBUG AssetLoaderService   - Loading from cache: /assets/textures/stone.png
21:48:30.443 [JavaFX Application Thread] DEBUG AssetLoaderService   - Loading from cache: /assets/textures/stone.png
21:48:30.443 [JavaFX Application Thread] DEBUG AssetLoaderService   - Loading from cache: /assets/textures/stone.png
21:48:30.444 [JavaFX Application Thread] DEBUG AssetLoaderService   - Loading from cache: /assets/textures/iron.png
21:48:30.444 [JavaFX Application Thread] DEBUG AssetLoaderService   - Loading from cache: /assets/textures/iron.png
21:48:30.444 [JavaFX Application Thread] DEBUG AssetLoaderService   - Loading from cache: /assets/textures/iron.png
21:48:30.444 [JavaFX Application Thread] DEBUG AssetLoaderService   - Loading from cache: /assets/textures/iron.png
21:48:30.444 [JavaFX Application Thread] DEBUG AssetLoaderService   - Loading from cache: /assets/textures/stone.png
21:48:30.444 [JavaFX Application Thread] DEBUG AssetLoaderService   - Loading from cache: /assets/textures/stone.png
21:48:30.444 [JavaFX Application Thread] DEBUG AssetLoaderService   - Loading from cache: /assets/textures/stone.png
21:48:30.445 [JavaFX Application Thread] DEBUG AssetLoaderService   - Loading from cache: /assets/textures/iron.png
21:48:30.445 [JavaFX Application Thread] DEBUG AssetLoaderService   - Loading from cache: /assets/textures/stone.png
21:48:30.445 [JavaFX Application Thread] DEBUG AssetLoaderService   - Loading from cache: /assets/textures/coal.png
21:48:30.445 [JavaFX Application Thread] DEBUG AssetLoaderService   - Loading from cache: /assets/textures/stone.png
21:48:30.446 [JavaFX Application Thread] DEBUG AssetLoaderService   - Loading from cache: /assets/textures/iron.png
21:48:30.446 [JavaFX Application Thread] DEBUG AssetLoaderService   - Loading from cache: /assets/textures/iron.png
21:48:30.446 [JavaFX Application Thread] DEBUG AssetLoaderService   - Loading from cache: /assets/textures/iron.png
21:48:30.446 [JavaFX Application Thread] DEBUG AssetLoaderService   - Loading from cache: /assets/textures/iron.png
21:48:30.446 [JavaFX Application Thread] DEBUG AssetLoaderService   - Loading from cache: /assets/textures/iron.png
21:48:30.446 [JavaFX Application Thread] DEBUG AssetLoaderService   - Loading from cache: /assets/textures/iron.png
21:48:30.447 [JavaFX Application Thread] DEBUG AssetLoaderService   - Loading from cache: /assets/textures/iron.png
21:48:30.447 [JavaFX Application Thread] DEBUG AssetLoaderService   - Loading from cache: /assets/textures/iron.png
21:48:30.447 [JavaFX Application Thread] DEBUG AssetLoaderService   - Loading from cache: /assets/textures/iron.png
21:48:30.447 [JavaFX Application Thread] DEBUG AssetLoaderService   - Loading from cache: /assets/textures/iron.png
21:48:30.447 [JavaFX Application Thread] DEBUG AssetLoaderService   - Loading from cache: /assets/textures/iron.png
21:48:30.447 [JavaFX Application Thread] DEBUG AssetLoaderService   - Loading from cache: /assets/textures/iron.png
21:48:30.448 [JavaFX Application Thread] DEBUG AssetLoaderService   - Loading from cache: /assets/textures/select-green.png
21:48:30.448 [JavaFX Application Thread] DEBUG AssetLoaderService   - Loading from cache: /assets/textures/select-green.png
21:48:30.448 [JavaFX Application Thread] DEBUG AssetLoaderService   - Loading from cache: /assets/textures/select-green.png
21:48:30.448 [JavaFX Application Thread] DEBUG AssetLoaderService   - Loading from cache: /assets/textures/select-green.png
21:48:30.448 [JavaFX Application Thread] DEBUG AssetLoaderService   - Loading from cache: /assets/textures/iron.png
21:48:30.448 [JavaFX Application Thread] DEBUG AssetLoaderService   - Loading from cache: /assets/textures/iron.png
21:48:30.449 [JavaFX Application Thread] DEBUG AssetLoaderService   - Loading from cache: /assets/textures/iron.png
21:48:30.449 [JavaFX Application Thread] DEBUG AssetLoaderService   - Loading from cache: /assets/textures/iron.png
21:48:30.449 [JavaFX Application Thread] DEBUG AssetLoaderService   - Loading from cache: /assets/textures/iron.png
21:48:30.449 [JavaFX Application Thread] DEBUG AssetLoaderService   - Loading from cache: /assets/textures/iron.png
21:48:30.449 [JavaFX Application Thread] DEBUG AssetLoaderService   - Loading from cache: /assets/textures/iron.png
21:48:30.449 [JavaFX Application Thread] DEBUG AssetLoaderService   - Loading from cache: /assets/textures/iron.png
21:48:30.450 [JavaFX Application Thread] DEBUG AssetLoaderService   - Loading from cache: /assets/textures/iron.png
21:48:30.450 [JavaFX Application Thread] DEBUG AssetLoaderService   - Loading from cache: /assets/textures/coal.png
21:48:30.450 [JavaFX Application Thread] DEBUG AssetLoaderService   - Loading from cache: /assets/textures/iron.png
21:48:30.450 [JavaFX Application Thread] DEBUG AssetLoaderService   - Loading from cache: /assets/textures/stone.png
21:48:30.451 [JavaFX Application Thread] DEBUG AssetLoaderService   - Loading from cache: /assets/textures/iron.png
21:48:30.451 [JavaFX Application Thread] DEBUG AssetLoaderService   - Loading from cache: /assets/textures/stone.png
21:48:30.451 [JavaFX Application Thread] DEBUG AssetLoaderService   - Loading from cache: /assets/textures/stone.png
21:48:30.451 [JavaFX Application Thread] DEBUG AssetLoaderService   - Loading from cache: /assets/textures/stone.png
21:48:30.451 [JavaFX Application Thread] DEBUG AssetLoaderService   - Loading from cache: /assets/textures/stone.png
21:48:30.452 [JavaFX Application Thread] DEBUG AssetLoaderService   - Loading from cache: /assets/textures/stone.png
21:48:30.452 [JavaFX Application Thread] DEBUG AssetLoaderService   - Loading from cache: /assets/textures/stone.png
21:48:30.452 [JavaFX Application Thread] DEBUG AssetLoaderService   - Loading from cache: /assets/textures/stone.png
21:48:30.452 [JavaFX Application Thread] DEBUG AssetLoaderService   - Loading from cache: /assets/textures/stone.png
21:48:30.453 [JavaFX Application Thread] DEBUG AssetLoaderService   - Loading from cache: /assets/textures/stone.png
21:48:30.453 [JavaFX Application Thread] DEBUG AssetLoaderService   - Loading from cache: /assets/textures/stone.png
21:48:30.453 [JavaFX Application Thread] DEBUG AssetLoaderService   - Loading from cache: /assets/textures/stone.png
21:48:30.453 [JavaFX Application Thread] DEBUG AssetLoaderService   - Loading from cache: /assets/textures/stone.png
21:48:30.453 [JavaFX Application Thread] DEBUG AssetLoaderService   - Loading from cache: /assets/textures/stone.png
21:48:30.453 [JavaFX Application Thread] DEBUG AssetLoaderService   - Loading from cache: /assets/textures/stone.png
21:48:30.454 [JavaFX Application Thread] DEBUG AssetLoaderService   - Loading from cache: /assets/textures/stone.png
21:48:30.454 [JavaFX Application Thread] DEBUG AssetLoaderService   - Loading from cache: /assets/textures/stone.png
21:48:30.454 [JavaFX Application Thread] DEBUG AssetLoaderService   - Loading from cache: /assets/textures/stone.png
21:48:30.454 [JavaFX Application Thread] DEBUG AssetLoaderService   - Loading from cache: /assets/textures/stone.png
21:48:30.455 [JavaFX Application Thread] DEBUG AssetLoaderService   - Loading from cache: /assets/textures/stone.png
21:48:30.455 [JavaFX Application Thread] DEBUG AssetLoaderService   - Loading from cache: /assets/textures/stone.png
21:48:30.455 [JavaFX Application Thread] DEBUG AssetLoaderService   - Loading from cache: /assets/textures/stone.png
21:48:30.470 [JavaFX Application Thread] DEBUG AssetLoaderService   - Loading from cache: /assets/textures/select-green.png
21:48:30.486 [JavaFX Application Thread] DEBUG AssetLoaderService   - Loading from cache: /assets/textures/select-green.png
21:48:30.503 [JavaFX Application Thread] DEBUG AssetLoaderService   - Loading from cache: /assets/textures/select-green.png
21:48:30.519 [JavaFX Application Thread] DEBUG AssetLoaderService   - Loading from cache: /assets/textures/select-green.png
21:48:30.535 [JavaFX Application Thread] DEBUG AssetLoaderService   - Loading from cache: /assets/textures/select-green.png
21:48:30.540 [JavaFX Application Thread] DEBUG GameApplication      - Exiting FXGL
21:48:30.540 [JavaFX Application Thread] DEBUG LoopRunner           - Stopping loop
21:48:30.540 [JavaFX Application Thread] DEBUG SystemBundleService  - Saving FXGL system data
21:48:30.542 [JavaFX Application Thread] DEBUG FileSystemAccess     - Writing to: /home/ben/MicroCosm/system/fxgl.bundle
21:48:30.545 [JavaFX Application Thread] DEBUG GameApplication      - Shutting down background threads
21:48:30.545 [JavaFX Application Thread] DEBUG GameApplication      - Closing logger and exiting JavaFX
