12:33:26.709 [main                     ] DEBUG GameApplication      - Logger initialized
12:33:26.733 [main                     ] DEBUG GameApplication      - Logging settings
Title: Untitled
Version: 0.0
Width: 800
Height: 600
Fullscreen: false
Intro: false
Profiling: false
Single step:false
App Mode: DEVELOPER
Menu Key: ESCAPE
Stage Style: DECORATED
Scene Factory: class com.almasb.fxgl.app.scene.SceneFactory

12:33:27.006 [JavaFX Application Thread] DEBUG GameApplication      - Initializing FXGL
12:33:27.021 [JavaFX Application Thread] INFO  Engine               - FXGL-11.9 (27.05.2020 17.06) on LINUX (J:11.0.5 FX:10.0.2-internal)
12:33:27.022 [JavaFX Application Thread] DEBUG Engine               - JRE Vendor Name: JetBrains s.r.o
12:33:27.022 [JavaFX Application Thread] DEBUG Engine               - Running on OS: Linux version 4.15.0-108-generic
12:33:27.022 [JavaFX Application Thread] DEBUG Engine               - Architecture: amd64
12:33:27.023 [JavaFX Application Thread] INFO  Engine               - Source code and latest versions at: https://github.com/AlmasB/FXGL
12:33:27.023 [JavaFX Application Thread] INFO  Engine               -              Join the FXGL chat at: https://gitter.im/AlmasB/FXGL
12:33:27.160 [JavaFX Application Thread] DEBUG MainWindow           - Creating a JavaFX scene
12:33:27.298 [JavaFX Application Thread] DEBUG MainWindow           - Target settings size: 800.0 x 600.0
12:33:27.299 [JavaFX Application Thread] DEBUG MainWindow           - Scaled scene size:    800.0 x 600.0
12:33:27.299 [JavaFX Application Thread] DEBUG MainWindow           - Scaled ratio: (1.0, 1.0)
12:33:27.301 [JavaFX Application Thread] DEBUG MainWindow           - Set initial scene to FXGLStartupScene
12:33:27.311 [JavaFX Application Thread] DEBUG MainWindow           - Opening main window
12:33:27.364 [JavaFX Application Thread] DEBUG MainWindow           - Window border size: (0.0, 30.0)
12:33:27.365 [JavaFX Application Thread] DEBUG MainWindow           - Scaled size: 800.0 x 600.0
12:33:27.365 [JavaFX Application Thread] DEBUG MainWindow           - Scaled ratio: (1.0, 1.0)
12:33:27.366 [JavaFX Application Thread] DEBUG MainWindow           - Scene size: 800.0 x 600.0
12:33:27.366 [JavaFX Application Thread] DEBUG MainWindow           - Stage size: 800.0 x 630.0
12:33:27.378 [FXGL Background Thread 1 ] DEBUG Engine               - Initializing environment variables
12:33:27.464 [FXGL Background Thread 1 ] DEBUG WindowService        - Applying CSS: fxgl_dark.css
12:33:27.465 [FXGL Background Thread 1 ] DEBUG AssetLoaderService   - Loading from file system: /assets/ui/css/fxgl_dark.css
12:33:27.588 [FXGL Background Thread 1 ] DEBUG WindowService        - Initializing application scenes
12:33:27.713 [FXGL Background Thread 1 ] DEBUG GameWorld            - Game world initialized
12:33:27.780 [FXGL Background Thread 1 ] DEBUG PhysicsWorld         - Physics world initialized: appHeight=600, physics.ppm=50.0
12:33:27.784 [FXGL Background Thread 1 ] DEBUG GameScene            - Game scene initialized: 800x600
12:33:27.819 [FXGL Background Thread 1 ] DEBUG AssetLoaderService   - Loading from file system: /assets/textures/particles/trace_horizontal.png
12:33:27.899 [FXGL Background Thread 1 ] DEBUG FXGL.DefaultMenu     - createMenuBodyGameMenu()
12:33:27.915 [FXGL Background Thread 1 ] DEBUG FXGL.DefaultMenu     - createOptionsMenu()
12:33:27.920 [FXGL Background Thread 1 ] DEBUG AssetLoaderService   - Loading from file system: /assets/textures/particles/smoke.png
12:33:28.013 [FXGL Background Thread 1 ] DEBUG WindowService        - Application scenes initialized
12:33:28.025 [FXGL Background Thread 1 ] DEBUG SystemBundleService  - Loading FXGL system data
12:33:28.029 [FXGL Background Thread 1 ] DEBUG FileSystemAccess     - Reading from: /home/ben/MicroCosm/system/fxgl.bundle
12:33:28.036 [FXGL Background Thread 1 ] DEBUG SystemBundleService  - Bundle FXGL: {}
12:33:28.037 [FXGL Background Thread 1 ] INFO  Engine               - FXGL initialization took: 0.647 sec
12:33:28.038 [FXGL Background Thread 1 ] DEBUG GameApplication      - Loading localizations
12:33:28.039 [FXGL Background Thread 1 ] DEBUG AssetLoaderService   - Loading from file system: /assets/languages/english.lang
12:33:28.054 [FXGL Background Thread 1 ] DEBUG AssetLoaderService   - Loading from file system: /assets/languages/french.lang
12:33:28.056 [FXGL Background Thread 1 ] DEBUG AssetLoaderService   - Loading from file system: /assets/languages/german.lang
12:33:28.060 [FXGL Background Thread 1 ] DEBUG AssetLoaderService   - Loading from file system: /assets/languages/hungarian.lang
12:33:28.066 [FXGL Background Thread 1 ] DEBUG AssetLoaderService   - Loading from file system: /assets/languages/russian.lang
12:33:28.068 [FXGL Background Thread 1 ] DEBUG GameApplication      - Registering font factories with UI factory
12:33:28.068 [FXGL Background Thread 1 ] DEBUG AssetLoaderService   - Loading from file system: /assets/ui/fonts/VarelaRound-Regular.ttf
12:33:28.089 [FXGL Background Thread 1 ] DEBUG AssetLoaderService   - Loading from file system: /assets/ui/fonts/Abel-Regular.ttf
12:33:28.091 [FXGL Background Thread 1 ] DEBUG AssetLoaderService   - Loading from file system: /assets/ui/fonts/lucida_console.ttf
12:33:28.094 [FXGL Background Thread 1 ] DEBUG AssetLoaderService   - Loading from file system: /assets/ui/fonts/Courier-Prime.ttf
12:33:28.098 [JavaFX Application Thread] DEBUG AssetLoaderService   - Loading from file system: /assets/textures/fxgl_icon.png
12:33:28.126 [JavaFX Application Thread] DEBUG AssetLoaderService   - Loading from file system: /assets/ui/cursors/fxgl_default.png
12:33:28.138 [JavaFX Application Thread] DEBUG Input                - Registered new binding: Screenshot - P
12:33:28.138 [JavaFX Application Thread] DEBUG Input                - Registered new binding: System info dump - CTRL+9
12:33:28.139 [JavaFX Application Thread] DEBUG Input                - Registered new binding: Restart - CTRL+R
12:33:28.140 [JavaFX Application Thread] DEBUG LoopRunner           - Starting loop
12:33:28.149 [JavaFX Application Thread] DEBUG FXGLStartupScene     - STARTUP
12:33:28.149 [JavaFX Application Thread] DEBUG WindowService        - Starting new game
12:33:28.150 [JavaFX Application Thread] DEBUG Input                - Clearing active input actions
12:33:28.168 [JavaFX Application Thread] DEBUG WindowService        - Removing overlay from FXGLStartupScene and adding to FXGLLoadingScene
12:33:28.168 [JavaFX Application Thread] DEBUG MainWindow           - FXGLStartupScene -> FXGLLoadingScene
12:33:28.168 [JavaFX Application Thread] DEBUG WindowService        - Clearing previous game
12:33:28.168 [JavaFX Application Thread] DEBUG GameScene            - Clearing game scene
12:33:28.168 [JavaFX Application Thread] DEBUG GameWorld            - Clearing game world
12:33:28.169 [JavaFX Application Thread] DEBUG PhysicsWorld         - Clearing physics world
12:33:28.171 [FXGL Background Thread 1 ] DEBUG GameApplication      - Initializing game
12:33:28.172 [FXGL Background Thread 1 ] DEBUG AssetLoaderService   - Loading from file system: /assets/textures/water.png
12:33:28.175 [FXGL Background Thread 1 ] DEBUG AssetLoaderService   - Loading from file system: /assets/textures/galaxies.jpg
12:33:30.394 [FXGL Background Thread 1 ] DEBUG AssetLoaderService   - Loading from file system: /assets/textures/bot2.png
12:33:30.396 [FXGL Background Thread 1 ] DEBUG Input                - Registered new binding: Up - Up
12:33:30.396 [FXGL Background Thread 1 ] DEBUG Input                - Registered new binding: Down - Down
12:33:30.396 [FXGL Background Thread 1 ] DEBUG Input                - Registered new binding: Left - Left
12:33:30.396 [FXGL Background Thread 1 ] DEBUG Input                - Registered new binding: Right - Right
12:33:30.398 [FXGL Background Thread 1 ] DEBUG Input                - Registered new binding: LeftClick - LMB
12:33:30.400 [FXGL Background Thread 1 ] INFO  GameApplication      - Game initialization took: 2.229 sec
12:33:30.401 [JavaFX Application Thread] DEBUG Input                - Clearing active input actions
12:33:30.419 [JavaFX Application Thread] DEBUG WindowService        - Removing overlay from FXGLLoadingScene and adding to GameScene
12:33:30.419 [JavaFX Application Thread] DEBUG MainWindow           - FXGLLoadingScene -> GameScene
12:33:31.038 [FXGL Background Thread 2 ] DEBUG Engine               - Logging environment variables
12:33:31.042 [FXGL Background Thread 2 ] DEBUG Engine               - achievements: []
12:33:31.042 [FXGL Background Thread 2 ] DEBUG Engine               - appIcon: fxgl_icon.png
12:33:31.042 [FXGL Background Thread 2 ] DEBUG Engine               - applicationMode: DEVELOPER
12:33:31.043 [FXGL Background Thread 2 ] DEBUG Engine               - cSSList: [fxgl_dark.css]
12:33:31.043 [FXGL Background Thread 2 ] DEBUG Engine               - configClass: Optional.empty
12:33:31.043 [FXGL Background Thread 2 ] DEBUG Engine               - credits: []
12:33:31.043 [FXGL Background Thread 2 ] DEBUG Engine               - devBBoxColorProperty: ObjectProperty [value: 0xff0000ff]
12:33:31.044 [FXGL Background Thread 2 ] DEBUG Engine               - devSensorColorProperty: ObjectProperty [value: 0xffff00ff]
12:33:31.044 [FXGL Background Thread 2 ] DEBUG Engine               - devShowBBoxProperty: BooleanProperty [value: false]
12:33:31.044 [FXGL Background Thread 2 ] DEBUG Engine               - devShowPositionProperty: BooleanProperty [value: false]
12:33:31.044 [FXGL Background Thread 2 ] DEBUG Engine               - enabledMenuItems: []
12:33:31.045 [FXGL Background Thread 2 ] DEBUG Engine               - engineServices: [class com.almasb.fxgl.app.GameApplication$GameApplicationService, class com.almasb.fxgl.app.services.WindowService, class com.almasb.fxgl.app.services.FXGLDialogService, class com.almasb.fxgl.app.services.IOTaskExecutorService, class com.almasb.fxgl.event.EventBusService, class com.almasb.fxgl.io.FileSystemService, class com.almasb.fxgl.localization.LocalizationService, class com.almasb.fxgl.app.services.AssetLoaderService, class com.almasb.fxgl.app.services.SystemBundleService, class com.almasb.fxgl.profile.SaveLoadService, class com.almasb.fxgl.ui.FXGLUIFactoryServiceProvider, class com.almasb.fxgl.ui.FXGLDialogFactoryServiceProvider, class com.almasb.fxgl.audio.AudioPlayer, class com.almasb.fxgl.notification.impl.NotificationServiceProvider, class com.almasb.fxgl.achievement.AchievementService, class com.almasb.fxgl.cutscene.CutsceneService, class com.almasb.fxgl.minigames.MiniGameService, class com.almasb.fxgl.net.NetService, class com.almasb.fxgl.app.services.UpdaterService, class com.almasb.fxgl.dev.DevService]
12:33:31.045 [FXGL Background Thread 2 ] DEBUG Engine               - fontGame: Abel-Regular.ttf
12:33:31.045 [FXGL Background Thread 2 ] DEBUG Engine               - fontMono: lucida_console.ttf
12:33:31.045 [FXGL Background Thread 2 ] DEBUG Engine               - fontText: Courier-Prime.ttf
12:33:31.045 [FXGL Background Thread 2 ] DEBUG Engine               - fontUI: VarelaRound-Regular.ttf
12:33:31.046 [FXGL Background Thread 2 ] DEBUG Engine               - fullScreen: BooleanProperty [value: false]
12:33:31.046 [FXGL Background Thread 2 ] DEBUG Engine               - gameDifficulty: MEDIUM
12:33:31.046 [FXGL Background Thread 2 ] DEBUG Engine               - gameDifficultyProperty: ObjectProperty [value: MEDIUM]
12:33:31.046 [FXGL Background Thread 2 ] DEBUG Engine               - globalMusicVolume: 0.5
12:33:31.047 [FXGL Background Thread 2 ] DEBUG Engine               - globalMusicVolumeProperty: DoubleProperty [value: 0.5]
12:33:31.047 [FXGL Background Thread 2 ] DEBUG Engine               - globalSoundVolume: 0.5
12:33:31.047 [FXGL Background Thread 2 ] DEBUG Engine               - globalSoundVolumeProperty: DoubleProperty [value: 0.5]
12:33:31.047 [FXGL Background Thread 2 ] DEBUG Engine               - height: 600
12:33:31.047 [FXGL Background Thread 2 ] DEBUG Engine               - isAndroid: false
12:33:31.048 [FXGL Background Thread 2 ] DEBUG Engine               - isBrowser: false
12:33:31.048 [FXGL Background Thread 2 ] DEBUG Engine               - isClickFeedbackEnabled: false
12:33:31.048 [FXGL Background Thread 2 ] DEBUG Engine               - isCloseConfirmation: false
12:33:31.048 [FXGL Background Thread 2 ] DEBUG Engine               - isDesktop: true
12:33:31.048 [FXGL Background Thread 2 ] DEBUG Engine               - isDeveloperMenuEnabled: false
12:33:31.049 [FXGL Background Thread 2 ] DEBUG Engine               - isExperimentalNative: false
12:33:31.049 [FXGL Background Thread 2 ] DEBUG Engine               - isExperimentalTiledLargeMap: false
12:33:31.049 [FXGL Background Thread 2 ] DEBUG Engine               - isFullScreenAllowed: false
12:33:31.049 [FXGL Background Thread 2 ] DEBUG Engine               - isFullScreenFromStart: false
12:33:31.050 [FXGL Background Thread 2 ] DEBUG Engine               - isGameMenuEnabled: true
12:33:31.050 [FXGL Background Thread 2 ] DEBUG Engine               - isIOS: false
12:33:31.050 [FXGL Background Thread 2 ] DEBUG Engine               - isIntroEnabled: false
12:33:31.050 [FXGL Background Thread 2 ] DEBUG Engine               - isLinux: true
12:33:31.050 [FXGL Background Thread 2 ] DEBUG Engine               - isMac: false
12:33:31.050 [FXGL Background Thread 2 ] DEBUG Engine               - isMainMenuEnabled: false
12:33:31.051 [FXGL Background Thread 2 ] DEBUG Engine               - isManualResizeEnabled: false
12:33:31.051 [FXGL Background Thread 2 ] DEBUG Engine               - isMobile: false
12:33:31.051 [FXGL Background Thread 2 ] DEBUG Engine               - isPreserveResizeRatio: false
12:33:31.051 [FXGL Background Thread 2 ] DEBUG Engine               - isProfilingEnabled: false
12:33:31.051 [FXGL Background Thread 2 ] DEBUG Engine               - isSingleStep: false
12:33:31.051 [FXGL Background Thread 2 ] DEBUG Engine               - isUserProfileEnabled: false
12:33:31.052 [FXGL Background Thread 2 ] DEBUG Engine               - isWindows: false
12:33:31.052 [FXGL Background Thread 2 ] DEBUG Engine               - language: ObjectProperty [value: ENGLISH]
12:33:31.052 [FXGL Background Thread 2 ] DEBUG Engine               - mainWindow: com.almasb.fxgl.app.MainWindow@5b6cf9cb
12:33:31.052 [FXGL Background Thread 2 ] DEBUG Engine               - menuKey: ESCAPE
12:33:31.052 [FXGL Background Thread 2 ] DEBUG Engine               - notificationViewClass: class com.almasb.fxgl.notification.view.XboxNotificationView
12:33:31.052 [FXGL Background Thread 2 ] DEBUG Engine               - pixelsPerMeter: 50.0
12:33:31.053 [FXGL Background Thread 2 ] DEBUG Engine               - platform: LINUX
12:33:31.053 [FXGL Background Thread 2 ] DEBUG Engine               - profileDir: profiles/
12:33:31.053 [FXGL Background Thread 2 ] DEBUG Engine               - profileName: StringProperty [value: DEFAULT]
12:33:31.053 [FXGL Background Thread 2 ] DEBUG Engine               - randomSeed: -1
12:33:31.053 [FXGL Background Thread 2 ] DEBUG Engine               - runtimeInfo: RuntimeInfo(platform=LINUX, version=11.9, build=27.05.2020 17.06)
12:33:31.053 [FXGL Background Thread 2 ] DEBUG Engine               - saveFileExt: sav
12:33:31.053 [FXGL Background Thread 2 ] DEBUG Engine               - sceneFactory: com.almasb.fxgl.app.scene.SceneFactory@5268861d
12:33:31.053 [FXGL Background Thread 2 ] DEBUG Engine               - secondsIn24h: 60
12:33:31.054 [FXGL Background Thread 2 ] DEBUG Engine               - settings: Title: Untitled
Version: 0.0
Width: 800
Height: 600
Fullscreen: false
Intro: false
Profiling: false
Single step:false
App Mode: DEVELOPER
Menu Key: ESCAPE
Stage Style: DECORATED
Scene Factory: class com.almasb.fxgl.app.scene.SceneFactory

12:33:31.054 [FXGL Background Thread 2 ] DEBUG Engine               - soundMenuBack: menu/back.wav
12:33:31.054 [FXGL Background Thread 2 ] DEBUG Engine               - soundMenuPress: menu/press.wav
12:33:31.054 [FXGL Background Thread 2 ] DEBUG Engine               - soundMenuSelect: menu/select.wav
12:33:31.054 [FXGL Background Thread 2 ] DEBUG Engine               - soundNotification: core/notification.wav
12:33:31.054 [FXGL Background Thread 2 ] DEBUG Engine               - stageStyle: DECORATED
12:33:31.054 [FXGL Background Thread 2 ] DEBUG Engine               - supportedLanguages: [ENGLISH, FRENCH, GERMAN, HUNGARIAN, RUSSIAN]
12:33:31.054 [FXGL Background Thread 2 ] DEBUG Engine               - title: Untitled
12:33:31.054 [FXGL Background Thread 2 ] DEBUG Engine               - urlGithub: https://github.com/AlmasB/FXGL
12:33:31.054 [FXGL Background Thread 2 ] DEBUG Engine               - urlLeaderboard: http://fxgl-top.herokuapp.com/
12:33:31.054 [FXGL Background Thread 2 ] DEBUG Engine               - urlPOM: https://raw.githubusercontent.com/AlmasB/FXGL/master/pom.xml
12:33:31.054 [FXGL Background Thread 2 ] DEBUG Engine               - version: 0.0
12:33:31.055 [FXGL Background Thread 2 ] DEBUG Engine               - versionCheckDays: 7
12:33:31.055 [FXGL Background Thread 2 ] DEBUG Engine               - width: 800
12:33:31.055 [FXGL Background Thread 2 ] DEBUG Engine               - Logging services
12:33:31.055 [FXGL Background Thread 2 ] DEBUG Engine               - class com.almasb.fxgl.app.GameApplication$GameApplicationService
12:33:31.055 [FXGL Background Thread 2 ] DEBUG Engine               - class com.almasb.fxgl.app.services.WindowService
12:33:31.055 [FXGL Background Thread 2 ] DEBUG Engine               - class com.almasb.fxgl.app.services.FXGLDialogService
12:33:31.055 [FXGL Background Thread 2 ] DEBUG Engine               - class com.almasb.fxgl.app.services.IOTaskExecutorService
12:33:31.055 [FXGL Background Thread 2 ] DEBUG Engine               - class com.almasb.fxgl.event.EventBusService
12:33:31.055 [FXGL Background Thread 2 ] DEBUG Engine               - class com.almasb.fxgl.io.FileSystemService
12:33:31.055 [FXGL Background Thread 2 ] DEBUG Engine               - class com.almasb.fxgl.localization.LocalizationService
12:33:31.055 [FXGL Background Thread 2 ] DEBUG Engine               - class com.almasb.fxgl.app.services.AssetLoaderService
12:33:31.055 [FXGL Background Thread 2 ] DEBUG Engine               - class com.almasb.fxgl.app.services.SystemBundleService
12:33:31.055 [FXGL Background Thread 2 ] DEBUG Engine               - class com.almasb.fxgl.profile.SaveLoadService
12:33:31.055 [FXGL Background Thread 2 ] DEBUG Engine               - class com.almasb.fxgl.ui.FXGLUIFactoryServiceProvider
12:33:31.056 [FXGL Background Thread 2 ] DEBUG Engine               - class com.almasb.fxgl.ui.FXGLDialogFactoryServiceProvider
12:33:31.056 [FXGL Background Thread 2 ] DEBUG Engine               - class com.almasb.fxgl.audio.AudioPlayer
12:33:31.056 [FXGL Background Thread 2 ] DEBUG Engine               - class com.almasb.fxgl.notification.impl.NotificationServiceProvider
12:33:31.056 [FXGL Background Thread 2 ] DEBUG Engine               - class com.almasb.fxgl.achievement.AchievementService
12:33:31.056 [FXGL Background Thread 2 ] DEBUG Engine               - class com.almasb.fxgl.cutscene.CutsceneService
12:33:31.056 [FXGL Background Thread 2 ] DEBUG Engine               - class com.almasb.fxgl.minigames.MiniGameService
12:33:31.056 [FXGL Background Thread 2 ] DEBUG Engine               - class com.almasb.fxgl.net.NetService
12:33:31.056 [FXGL Background Thread 2 ] DEBUG Engine               - class com.almasb.fxgl.app.services.UpdaterService
12:33:31.056 [FXGL Background Thread 2 ] DEBUG Engine               - class com.almasb.fxgl.dev.DevService
12:33:38.930 [JavaFX Application Thread] DEBUG GameApplication      - Exiting FXGL
12:33:38.931 [JavaFX Application Thread] DEBUG LoopRunner           - Stopping loop
12:33:38.931 [JavaFX Application Thread] DEBUG SystemBundleService  - Saving FXGL system data
12:33:38.935 [JavaFX Application Thread] DEBUG FileSystemAccess     - Writing to: /home/ben/MicroCosm/system/fxgl.bundle
12:33:38.938 [JavaFX Application Thread] DEBUG GameApplication      - Shutting down background threads
12:33:38.939 [JavaFX Application Thread] DEBUG GameApplication      - Closing logger and exiting JavaFX
