02:51:46.078 [main                     ] DEBUG GameApplication      - Logger initialized
02:51:46.107 [main                     ] DEBUG GameApplication      - Logging settings
Title: Untitled
Version: 0.0
Width: 800
Height: 600
Fullscreen: false
Intro: false
Profiling: false
Single step:false
App Mode: DEVELOPER
Menu Key: ESCAPE
Stage Style: DECORATED
Scene Factory: class com.almasb.fxgl.app.scene.SceneFactory

02:51:46.401 [JavaFX Application Thread] DEBUG GameApplication      - Initializing FXGL
02:51:46.413 [JavaFX Application Thread] INFO  Engine               - FXGL-11.9 (27.05.2020 17.06) on LINUX (J:11.0.5 FX:10.0.2-internal)
02:51:46.414 [JavaFX Application Thread] DEBUG Engine               - JRE Vendor Name: JetBrains s.r.o
02:51:46.414 [JavaFX Application Thread] DEBUG Engine               - Running on OS: Linux version 4.15.0-108-generic
02:51:46.414 [JavaFX Application Thread] DEBUG Engine               - Architecture: amd64
02:51:46.415 [JavaFX Application Thread] INFO  Engine               - Source code and latest versions at: https://github.com/AlmasB/FXGL
02:51:46.415 [JavaFX Application Thread] INFO  Engine               -              Join the FXGL chat at: https://gitter.im/AlmasB/FXGL
02:51:46.557 [JavaFX Application Thread] DEBUG MainWindow           - Creating a JavaFX scene
02:51:46.694 [JavaFX Application Thread] DEBUG MainWindow           - Target settings size: 800.0 x 600.0
02:51:46.694 [JavaFX Application Thread] DEBUG MainWindow           - Scaled scene size:    800.0 x 600.0
02:51:46.694 [JavaFX Application Thread] DEBUG MainWindow           - Scaled ratio: (1.0, 1.0)
02:51:46.696 [JavaFX Application Thread] DEBUG MainWindow           - Set initial scene to FXGLStartupScene
02:51:46.708 [JavaFX Application Thread] DEBUG MainWindow           - Opening main window
02:51:46.770 [JavaFX Application Thread] DEBUG MainWindow           - Window border size: (0.0, 30.0)
02:51:46.770 [JavaFX Application Thread] DEBUG MainWindow           - Scaled size: 800.0 x 600.0
02:51:46.771 [JavaFX Application Thread] DEBUG MainWindow           - Scaled ratio: (1.0, 1.0)
02:51:46.771 [JavaFX Application Thread] DEBUG MainWindow           - Scene size: 800.0 x 600.0
02:51:46.771 [JavaFX Application Thread] DEBUG MainWindow           - Stage size: 800.0 x 630.0
02:51:46.787 [FXGL Background Thread 1 ] DEBUG Engine               - Initializing environment variables
02:51:46.876 [FXGL Background Thread 1 ] DEBUG WindowService        - Applying CSS: fxgl_dark.css
02:51:46.877 [FXGL Background Thread 1 ] DEBUG AssetLoaderService   - Loading from file system: /assets/ui/css/fxgl_dark.css
02:51:46.987 [FXGL Background Thread 1 ] DEBUG WindowService        - Initializing application scenes
02:51:47.120 [FXGL Background Thread 1 ] DEBUG GameWorld            - Game world initialized
02:51:47.190 [FXGL Background Thread 1 ] DEBUG PhysicsWorld         - Physics world initialized: appHeight=600, physics.ppm=50.0
02:51:47.192 [FXGL Background Thread 1 ] DEBUG GameScene            - Game scene initialized: 800x600
02:51:47.228 [FXGL Background Thread 1 ] DEBUG AssetLoaderService   - Loading from file system: /assets/textures/particles/trace_horizontal.png
02:51:47.302 [FXGL Background Thread 1 ] DEBUG FXGL.DefaultMenu     - createMenuBodyGameMenu()
02:51:47.323 [FXGL Background Thread 1 ] DEBUG FXGL.DefaultMenu     - createOptionsMenu()
02:51:47.330 [FXGL Background Thread 1 ] DEBUG AssetLoaderService   - Loading from file system: /assets/textures/particles/smoke.png
02:51:47.410 [FXGL Background Thread 1 ] DEBUG WindowService        - Application scenes initialized
02:51:47.424 [FXGL Background Thread 1 ] DEBUG SystemBundleService  - Loading FXGL system data
02:51:47.429 [FXGL Background Thread 1 ] DEBUG FileSystemAccess     - Reading from: /home/ben/MicroCosm/system/fxgl.bundle
02:51:47.437 [FXGL Background Thread 1 ] DEBUG SystemBundleService  - Bundle FXGL: {}
02:51:47.437 [FXGL Background Thread 1 ] INFO  Engine               - FXGL initialization took: 0.648 sec
02:51:47.439 [FXGL Background Thread 1 ] DEBUG GameApplication      - Loading localizations
02:51:47.440 [FXGL Background Thread 1 ] DEBUG AssetLoaderService   - Loading from file system: /assets/languages/english.lang
02:51:47.453 [FXGL Background Thread 1 ] DEBUG AssetLoaderService   - Loading from file system: /assets/languages/french.lang
02:51:47.456 [FXGL Background Thread 1 ] DEBUG AssetLoaderService   - Loading from file system: /assets/languages/german.lang
02:51:47.458 [FXGL Background Thread 1 ] DEBUG AssetLoaderService   - Loading from file system: /assets/languages/hungarian.lang
02:51:47.463 [FXGL Background Thread 1 ] DEBUG AssetLoaderService   - Loading from file system: /assets/languages/russian.lang
02:51:47.466 [FXGL Background Thread 1 ] DEBUG GameApplication      - Registering font factories with UI factory
02:51:47.466 [FXGL Background Thread 1 ] DEBUG AssetLoaderService   - Loading from file system: /assets/ui/fonts/VarelaRound-Regular.ttf
02:51:47.491 [FXGL Background Thread 1 ] DEBUG AssetLoaderService   - Loading from file system: /assets/ui/fonts/Abel-Regular.ttf
02:51:47.493 [FXGL Background Thread 1 ] DEBUG AssetLoaderService   - Loading from file system: /assets/ui/fonts/lucida_console.ttf
02:51:47.497 [FXGL Background Thread 1 ] DEBUG AssetLoaderService   - Loading from file system: /assets/ui/fonts/Courier-Prime.ttf
02:51:47.501 [JavaFX Application Thread] DEBUG AssetLoaderService   - Loading from file system: /assets/textures/fxgl_icon.png
02:51:47.536 [JavaFX Application Thread] DEBUG AssetLoaderService   - Loading from file system: /assets/ui/cursors/fxgl_default.png
02:51:47.547 [JavaFX Application Thread] DEBUG Input                - Registered new binding: Screenshot - P
02:51:47.548 [JavaFX Application Thread] DEBUG Input                - Registered new binding: System info dump - CTRL+9
02:51:47.548 [JavaFX Application Thread] DEBUG Input                - Registered new binding: Restart - CTRL+R
02:51:47.549 [JavaFX Application Thread] DEBUG LoopRunner           - Starting loop
02:51:47.559 [JavaFX Application Thread] DEBUG FXGLStartupScene     - STARTUP
02:51:47.559 [JavaFX Application Thread] DEBUG WindowService        - Starting new game
02:51:47.560 [JavaFX Application Thread] DEBUG Input                - Clearing active input actions
02:51:47.575 [JavaFX Application Thread] DEBUG WindowService        - Removing overlay from FXGLStartupScene and adding to FXGLLoadingScene
02:51:47.575 [JavaFX Application Thread] DEBUG MainWindow           - FXGLStartupScene -> FXGLLoadingScene
02:51:47.576 [JavaFX Application Thread] DEBUG WindowService        - Clearing previous game
02:51:47.576 [JavaFX Application Thread] DEBUG GameScene            - Clearing game scene
02:51:47.576 [JavaFX Application Thread] DEBUG GameWorld            - Clearing game world
02:51:47.577 [JavaFX Application Thread] DEBUG PhysicsWorld         - Clearing physics world
02:51:47.579 [FXGL Background Thread 1 ] DEBUG GameApplication      - Initializing game
02:51:47.581 [FXGL Background Thread 1 ] DEBUG AssetLoaderService   - Loading from file system: /assets/textures/galaxies.jpg
02:51:47.628 [FXGL Background Thread 1 ] DEBUG AssetLoaderService   - Loading from file system: /assets/textures/bot2.png
02:51:47.631 [FXGL Background Thread 1 ] DEBUG Input                - Registered new binding: Up - Up
02:51:47.631 [FXGL Background Thread 1 ] DEBUG Input                - Registered new binding: Down - Down
02:51:47.631 [FXGL Background Thread 1 ] DEBUG Input                - Registered new binding: Left - Left
02:51:47.631 [FXGL Background Thread 1 ] DEBUG Input                - Registered new binding: Right - Right
02:51:47.633 [FXGL Background Thread 1 ] DEBUG Input                - Registered new binding: LeftClick - LMB
02:51:47.634 [FXGL Background Thread 1 ] INFO  GameApplication      - Game initialization took: 0.055 sec
02:51:47.680 [JavaFX Application Thread] DEBUG Input                - Clearing active input actions
02:51:47.696 [JavaFX Application Thread] DEBUG WindowService        - Removing overlay from FXGLLoadingScene and adding to GameScene
02:51:47.697 [JavaFX Application Thread] DEBUG MainWindow           - FXGLLoadingScene -> GameScene
02:51:48.735 [JavaFX Application Thread] DEBUG AssetLoaderService   - Loading from file system: /assets/textures/stone.png
02:51:48.739 [JavaFX Application Thread] DEBUG AssetLoaderService   - Loading from cache: /assets/textures/stone.png
02:51:48.740 [JavaFX Application Thread] DEBUG AssetLoaderService   - Loading from cache: /assets/textures/stone.png
02:51:48.742 [JavaFX Application Thread] DEBUG AssetLoaderService   - Loading from cache: /assets/textures/stone.png
02:51:48.743 [JavaFX Application Thread] DEBUG AssetLoaderService   - Loading from cache: /assets/textures/stone.png
02:51:48.744 [JavaFX Application Thread] DEBUG AssetLoaderService   - Loading from cache: /assets/textures/stone.png
02:51:48.746 [JavaFX Application Thread] DEBUG AssetLoaderService   - Loading from cache: /assets/textures/stone.png
02:51:48.747 [JavaFX Application Thread] DEBUG AssetLoaderService   - Loading from cache: /assets/textures/stone.png
02:51:48.748 [JavaFX Application Thread] DEBUG AssetLoaderService   - Loading from cache: /assets/textures/stone.png
02:51:48.750 [JavaFX Application Thread] DEBUG AssetLoaderService   - Loading from cache: /assets/textures/stone.png
02:51:48.751 [JavaFX Application Thread] DEBUG AssetLoaderService   - Loading from cache: /assets/textures/stone.png
02:51:48.754 [JavaFX Application Thread] DEBUG AssetLoaderService   - Loading from cache: /assets/textures/stone.png
02:51:48.755 [JavaFX Application Thread] DEBUG AssetLoaderService   - Loading from cache: /assets/textures/stone.png
02:51:48.756 [JavaFX Application Thread] DEBUG AssetLoaderService   - Loading from cache: /assets/textures/stone.png
02:51:48.757 [JavaFX Application Thread] DEBUG AssetLoaderService   - Loading from cache: /assets/textures/stone.png
02:51:48.757 [JavaFX Application Thread] DEBUG AssetLoaderService   - Loading from cache: /assets/textures/stone.png
02:51:48.758 [JavaFX Application Thread] DEBUG AssetLoaderService   - Loading from cache: /assets/textures/stone.png
02:51:48.759 [JavaFX Application Thread] DEBUG AssetLoaderService   - Loading from cache: /assets/textures/stone.png
02:51:48.760 [JavaFX Application Thread] DEBUG AssetLoaderService   - Loading from cache: /assets/textures/stone.png
02:51:48.760 [JavaFX Application Thread] DEBUG AssetLoaderService   - Loading from cache: /assets/textures/stone.png
02:51:48.761 [JavaFX Application Thread] DEBUG AssetLoaderService   - Loading from cache: /assets/textures/stone.png
02:51:48.762 [JavaFX Application Thread] DEBUG AssetLoaderService   - Loading from cache: /assets/textures/stone.png
02:51:48.763 [JavaFX Application Thread] DEBUG AssetLoaderService   - Loading from cache: /assets/textures/stone.png
02:51:48.764 [JavaFX Application Thread] DEBUG AssetLoaderService   - Loading from cache: /assets/textures/stone.png
02:51:48.765 [JavaFX Application Thread] DEBUG AssetLoaderService   - Loading from cache: /assets/textures/stone.png
02:51:48.766 [JavaFX Application Thread] DEBUG AssetLoaderService   - Loading from cache: /assets/textures/stone.png
02:51:48.767 [JavaFX Application Thread] DEBUG AssetLoaderService   - Loading from cache: /assets/textures/stone.png
02:51:48.768 [JavaFX Application Thread] DEBUG AssetLoaderService   - Loading from cache: /assets/textures/stone.png
02:51:48.769 [JavaFX Application Thread] DEBUG AssetLoaderService   - Loading from cache: /assets/textures/stone.png
02:51:48.770 [JavaFX Application Thread] DEBUG AssetLoaderService   - Loading from cache: /assets/textures/stone.png
02:51:48.771 [JavaFX Application Thread] DEBUG AssetLoaderService   - Loading from cache: /assets/textures/stone.png
02:51:48.771 [JavaFX Application Thread] DEBUG AssetLoaderService   - Loading from cache: /assets/textures/stone.png
02:51:48.772 [JavaFX Application Thread] DEBUG AssetLoaderService   - Loading from cache: /assets/textures/stone.png
02:51:48.773 [JavaFX Application Thread] DEBUG AssetLoaderService   - Loading from cache: /assets/textures/stone.png
02:51:48.773 [JavaFX Application Thread] DEBUG AssetLoaderService   - Loading from cache: /assets/textures/stone.png
02:51:48.774 [JavaFX Application Thread] DEBUG AssetLoaderService   - Loading from cache: /assets/textures/stone.png
02:51:48.775 [JavaFX Application Thread] DEBUG AssetLoaderService   - Loading from file system: /assets/textures/red-dirt.png
02:51:48.776 [JavaFX Application Thread] DEBUG AssetLoaderService   - Loading from cache: /assets/textures/stone.png
02:51:48.776 [JavaFX Application Thread] DEBUG AssetLoaderService   - Loading from cache: /assets/textures/stone.png
02:51:48.777 [JavaFX Application Thread] DEBUG AssetLoaderService   - Loading from cache: /assets/textures/stone.png
02:51:48.778 [JavaFX Application Thread] DEBUG AssetLoaderService   - Loading from cache: /assets/textures/stone.png
02:51:48.778 [JavaFX Application Thread] DEBUG AssetLoaderService   - Loading from cache: /assets/textures/stone.png
02:51:48.779 [JavaFX Application Thread] DEBUG AssetLoaderService   - Loading from cache: /assets/textures/stone.png
02:51:48.780 [JavaFX Application Thread] DEBUG AssetLoaderService   - Loading from cache: /assets/textures/stone.png
02:51:48.780 [JavaFX Application Thread] DEBUG AssetLoaderService   - Loading from cache: /assets/textures/stone.png
02:51:48.781 [JavaFX Application Thread] DEBUG AssetLoaderService   - Loading from cache: /assets/textures/stone.png
02:51:48.782 [JavaFX Application Thread] DEBUG AssetLoaderService   - Loading from cache: /assets/textures/stone.png
02:51:48.783 [JavaFX Application Thread] DEBUG AssetLoaderService   - Loading from cache: /assets/textures/stone.png
02:51:48.784 [JavaFX Application Thread] DEBUG AssetLoaderService   - Loading from cache: /assets/textures/stone.png
02:51:48.785 [JavaFX Application Thread] DEBUG AssetLoaderService   - Loading from cache: /assets/textures/stone.png
02:51:48.786 [JavaFX Application Thread] DEBUG AssetLoaderService   - Loading from cache: /assets/textures/stone.png
02:51:48.787 [JavaFX Application Thread] DEBUG AssetLoaderService   - Loading from cache: /assets/textures/stone.png
02:51:48.788 [JavaFX Application Thread] DEBUG AssetLoaderService   - Loading from cache: /assets/textures/stone.png
02:51:48.789 [JavaFX Application Thread] DEBUG AssetLoaderService   - Loading from cache: /assets/textures/stone.png
02:51:48.790 [JavaFX Application Thread] DEBUG AssetLoaderService   - Loading from cache: /assets/textures/stone.png
02:51:48.791 [JavaFX Application Thread] DEBUG AssetLoaderService   - Loading from cache: /assets/textures/stone.png
02:51:48.792 [JavaFX Application Thread] DEBUG AssetLoaderService   - Loading from cache: /assets/textures/stone.png
02:51:48.793 [JavaFX Application Thread] DEBUG AssetLoaderService   - Loading from cache: /assets/textures/stone.png
02:51:48.793 [JavaFX Application Thread] DEBUG AssetLoaderService   - Loading from cache: /assets/textures/stone.png
02:51:48.794 [JavaFX Application Thread] DEBUG AssetLoaderService   - Loading from cache: /assets/textures/stone.png
02:51:48.795 [JavaFX Application Thread] DEBUG AssetLoaderService   - Loading from cache: /assets/textures/stone.png
02:51:48.795 [JavaFX Application Thread] DEBUG AssetLoaderService   - Loading from cache: /assets/textures/stone.png
02:51:48.796 [JavaFX Application Thread] DEBUG AssetLoaderService   - Loading from cache: /assets/textures/stone.png
02:51:48.796 [JavaFX Application Thread] DEBUG AssetLoaderService   - Loading from cache: /assets/textures/stone.png
02:51:48.797 [JavaFX Application Thread] DEBUG AssetLoaderService   - Loading from cache: /assets/textures/stone.png
02:51:48.798 [JavaFX Application Thread] DEBUG AssetLoaderService   - Loading from cache: /assets/textures/stone.png
02:51:48.799 [JavaFX Application Thread] DEBUG AssetLoaderService   - Loading from cache: /assets/textures/stone.png
02:51:48.800 [JavaFX Application Thread] DEBUG AssetLoaderService   - Loading from cache: /assets/textures/stone.png
02:51:48.801 [JavaFX Application Thread] DEBUG AssetLoaderService   - Loading from cache: /assets/textures/red-dirt.png
02:51:48.802 [JavaFX Application Thread] DEBUG AssetLoaderService   - Loading from cache: /assets/textures/red-dirt.png
02:51:48.802 [JavaFX Application Thread] DEBUG AssetLoaderService   - Loading from cache: /assets/textures/stone.png
02:51:48.803 [JavaFX Application Thread] DEBUG AssetLoaderService   - Loading from cache: /assets/textures/stone.png
02:51:48.804 [JavaFX Application Thread] DEBUG AssetLoaderService   - Loading from cache: /assets/textures/stone.png
02:51:48.804 [JavaFX Application Thread] DEBUG AssetLoaderService   - Loading from cache: /assets/textures/stone.png
02:51:48.805 [JavaFX Application Thread] DEBUG AssetLoaderService   - Loading from cache: /assets/textures/stone.png
02:51:48.805 [JavaFX Application Thread] DEBUG AssetLoaderService   - Loading from cache: /assets/textures/stone.png
02:51:48.806 [JavaFX Application Thread] DEBUG AssetLoaderService   - Loading from cache: /assets/textures/stone.png
02:51:48.806 [JavaFX Application Thread] DEBUG AssetLoaderService   - Loading from cache: /assets/textures/stone.png
02:51:48.807 [JavaFX Application Thread] DEBUG AssetLoaderService   - Loading from cache: /assets/textures/stone.png
02:51:48.808 [JavaFX Application Thread] DEBUG AssetLoaderService   - Loading from cache: /assets/textures/stone.png
02:51:48.808 [JavaFX Application Thread] DEBUG AssetLoaderService   - Loading from cache: /assets/textures/stone.png
02:51:48.809 [JavaFX Application Thread] DEBUG AssetLoaderService   - Loading from cache: /assets/textures/stone.png
02:51:48.809 [JavaFX Application Thread] DEBUG AssetLoaderService   - Loading from cache: /assets/textures/stone.png
02:51:48.810 [JavaFX Application Thread] DEBUG AssetLoaderService   - Loading from cache: /assets/textures/stone.png
02:51:48.810 [JavaFX Application Thread] DEBUG AssetLoaderService   - Loading from cache: /assets/textures/stone.png
02:51:48.811 [JavaFX Application Thread] DEBUG AssetLoaderService   - Loading from cache: /assets/textures/stone.png
02:51:48.811 [JavaFX Application Thread] DEBUG AssetLoaderService   - Loading from cache: /assets/textures/stone.png
02:51:48.812 [JavaFX Application Thread] DEBUG AssetLoaderService   - Loading from cache: /assets/textures/stone.png
02:51:48.813 [JavaFX Application Thread] DEBUG AssetLoaderService   - Loading from cache: /assets/textures/stone.png
02:51:48.813 [JavaFX Application Thread] DEBUG AssetLoaderService   - Loading from cache: /assets/textures/stone.png
02:51:48.814 [JavaFX Application Thread] DEBUG AssetLoaderService   - Loading from cache: /assets/textures/stone.png
02:51:48.814 [JavaFX Application Thread] DEBUG AssetLoaderService   - Loading from cache: /assets/textures/stone.png
02:51:48.815 [JavaFX Application Thread] DEBUG AssetLoaderService   - Loading from cache: /assets/textures/stone.png
02:51:48.815 [JavaFX Application Thread] DEBUG AssetLoaderService   - Loading from cache: /assets/textures/stone.png
02:51:48.816 [JavaFX Application Thread] DEBUG AssetLoaderService   - Loading from cache: /assets/textures/stone.png
02:51:48.816 [JavaFX Application Thread] DEBUG AssetLoaderService   - Loading from cache: /assets/textures/stone.png
02:51:48.817 [JavaFX Application Thread] DEBUG AssetLoaderService   - Loading from cache: /assets/textures/stone.png
02:51:48.817 [JavaFX Application Thread] DEBUG AssetLoaderService   - Loading from cache: /assets/textures/stone.png
02:51:48.818 [JavaFX Application Thread] DEBUG AssetLoaderService   - Loading from cache: /assets/textures/stone.png
02:51:48.818 [JavaFX Application Thread] DEBUG AssetLoaderService   - Loading from cache: /assets/textures/stone.png
02:51:50.438 [FXGL Background Thread 2 ] DEBUG Engine               - Logging environment variables
02:51:50.443 [FXGL Background Thread 2 ] DEBUG Engine               - achievements: []
02:51:50.443 [FXGL Background Thread 2 ] DEBUG Engine               - appIcon: fxgl_icon.png
02:51:50.443 [FXGL Background Thread 2 ] DEBUG Engine               - applicationMode: DEVELOPER
02:51:50.443 [FXGL Background Thread 2 ] DEBUG Engine               - cSSList: [fxgl_dark.css]
02:51:50.444 [FXGL Background Thread 2 ] DEBUG Engine               - configClass: Optional.empty
02:51:50.444 [FXGL Background Thread 2 ] DEBUG Engine               - credits: []
02:51:50.444 [FXGL Background Thread 2 ] DEBUG Engine               - devBBoxColorProperty: ObjectProperty [value: 0xff0000ff]
02:51:50.445 [FXGL Background Thread 2 ] DEBUG Engine               - devSensorColorProperty: ObjectProperty [value: 0xffff00ff]
02:51:50.445 [FXGL Background Thread 2 ] DEBUG Engine               - devShowBBoxProperty: BooleanProperty [value: false]
02:51:50.445 [FXGL Background Thread 2 ] DEBUG Engine               - devShowPositionProperty: BooleanProperty [value: false]
02:51:50.445 [FXGL Background Thread 2 ] DEBUG Engine               - enabledMenuItems: []
02:51:50.445 [FXGL Background Thread 2 ] DEBUG Engine               - engineServices: [class com.almasb.fxgl.app.GameApplication$GameApplicationService, class com.almasb.fxgl.app.services.WindowService, class com.almasb.fxgl.app.services.FXGLDialogService, class com.almasb.fxgl.app.services.IOTaskExecutorService, class com.almasb.fxgl.event.EventBusService, class com.almasb.fxgl.io.FileSystemService, class com.almasb.fxgl.localization.LocalizationService, class com.almasb.fxgl.app.services.AssetLoaderService, class com.almasb.fxgl.app.services.SystemBundleService, class com.almasb.fxgl.profile.SaveLoadService, class com.almasb.fxgl.ui.FXGLUIFactoryServiceProvider, class com.almasb.fxgl.ui.FXGLDialogFactoryServiceProvider, class com.almasb.fxgl.audio.AudioPlayer, class com.almasb.fxgl.notification.impl.NotificationServiceProvider, class com.almasb.fxgl.achievement.AchievementService, class com.almasb.fxgl.cutscene.CutsceneService, class com.almasb.fxgl.minigames.MiniGameService, class com.almasb.fxgl.net.NetService, class com.almasb.fxgl.app.services.UpdaterService, class com.almasb.fxgl.dev.DevService]
02:51:50.446 [FXGL Background Thread 2 ] DEBUG Engine               - fontGame: Abel-Regular.ttf
02:51:50.446 [FXGL Background Thread 2 ] DEBUG Engine               - fontMono: lucida_console.ttf
02:51:50.446 [FXGL Background Thread 2 ] DEBUG Engine               - fontText: Courier-Prime.ttf
02:51:50.446 [FXGL Background Thread 2 ] DEBUG Engine               - fontUI: VarelaRound-Regular.ttf
02:51:50.446 [FXGL Background Thread 2 ] DEBUG Engine               - fullScreen: BooleanProperty [value: false]
02:51:50.446 [FXGL Background Thread 2 ] DEBUG Engine               - gameDifficulty: MEDIUM
02:51:50.446 [FXGL Background Thread 2 ] DEBUG Engine               - gameDifficultyProperty: ObjectProperty [value: MEDIUM]
02:51:50.446 [FXGL Background Thread 2 ] DEBUG Engine               - globalMusicVolume: 0.5
02:51:50.447 [FXGL Background Thread 2 ] DEBUG Engine               - globalMusicVolumeProperty: DoubleProperty [value: 0.5]
02:51:50.447 [FXGL Background Thread 2 ] DEBUG Engine               - globalSoundVolume: 0.5
02:51:50.447 [FXGL Background Thread 2 ] DEBUG Engine               - globalSoundVolumeProperty: DoubleProperty [value: 0.5]
02:51:50.447 [FXGL Background Thread 2 ] DEBUG Engine               - height: 600
02:51:50.447 [FXGL Background Thread 2 ] DEBUG Engine               - isAndroid: false
02:51:50.447 [FXGL Background Thread 2 ] DEBUG Engine               - isBrowser: false
02:51:50.447 [FXGL Background Thread 2 ] DEBUG Engine               - isClickFeedbackEnabled: false
02:51:50.447 [FXGL Background Thread 2 ] DEBUG Engine               - isCloseConfirmation: false
02:51:50.447 [FXGL Background Thread 2 ] DEBUG Engine               - isDesktop: true
02:51:50.447 [FXGL Background Thread 2 ] DEBUG Engine               - isDeveloperMenuEnabled: false
02:51:50.447 [FXGL Background Thread 2 ] DEBUG Engine               - isExperimentalNative: false
02:51:50.447 [FXGL Background Thread 2 ] DEBUG Engine               - isExperimentalTiledLargeMap: false
02:51:50.447 [FXGL Background Thread 2 ] DEBUG Engine               - isFullScreenAllowed: false
02:51:50.448 [FXGL Background Thread 2 ] DEBUG Engine               - isFullScreenFromStart: false
02:51:50.448 [FXGL Background Thread 2 ] DEBUG Engine               - isGameMenuEnabled: true
02:51:50.448 [FXGL Background Thread 2 ] DEBUG Engine               - isIOS: false
02:51:50.448 [FXGL Background Thread 2 ] DEBUG Engine               - isIntroEnabled: false
02:51:50.448 [FXGL Background Thread 2 ] DEBUG Engine               - isLinux: true
02:51:50.448 [FXGL Background Thread 2 ] DEBUG Engine               - isMac: false
02:51:50.448 [FXGL Background Thread 2 ] DEBUG Engine               - isMainMenuEnabled: false
02:51:50.448 [FXGL Background Thread 2 ] DEBUG Engine               - isManualResizeEnabled: false
02:51:50.448 [FXGL Background Thread 2 ] DEBUG Engine               - isMobile: false
02:51:50.448 [FXGL Background Thread 2 ] DEBUG Engine               - isPreserveResizeRatio: false
02:51:50.448 [FXGL Background Thread 2 ] DEBUG Engine               - isProfilingEnabled: false
02:51:50.448 [FXGL Background Thread 2 ] DEBUG Engine               - isSingleStep: false
02:51:50.448 [FXGL Background Thread 2 ] DEBUG Engine               - isUserProfileEnabled: false
02:51:50.448 [FXGL Background Thread 2 ] DEBUG Engine               - isWindows: false
02:51:50.448 [FXGL Background Thread 2 ] DEBUG Engine               - language: ObjectProperty [value: ENGLISH]
02:51:50.449 [FXGL Background Thread 2 ] DEBUG Engine               - mainWindow: com.almasb.fxgl.app.MainWindow@43ea5883
02:51:50.449 [FXGL Background Thread 2 ] DEBUG Engine               - menuKey: ESCAPE
02:51:50.449 [FXGL Background Thread 2 ] DEBUG Engine               - notificationViewClass: class com.almasb.fxgl.notification.view.XboxNotificationView
02:51:50.449 [FXGL Background Thread 2 ] DEBUG Engine               - pixelsPerMeter: 50.0
02:51:50.449 [FXGL Background Thread 2 ] DEBUG Engine               - platform: LINUX
02:51:50.449 [FXGL Background Thread 2 ] DEBUG Engine               - profileDir: profiles/
02:51:50.449 [FXGL Background Thread 2 ] DEBUG Engine               - profileName: StringProperty [value: DEFAULT]
02:51:50.449 [FXGL Background Thread 2 ] DEBUG Engine               - randomSeed: -1
02:51:50.449 [FXGL Background Thread 2 ] DEBUG Engine               - runtimeInfo: RuntimeInfo(platform=LINUX, version=11.9, build=27.05.2020 17.06)
02:51:50.449 [FXGL Background Thread 2 ] DEBUG Engine               - saveFileExt: sav
02:51:50.449 [FXGL Background Thread 2 ] DEBUG Engine               - sceneFactory: com.almasb.fxgl.app.scene.SceneFactory@d5b9e35
02:51:50.449 [FXGL Background Thread 2 ] DEBUG Engine               - secondsIn24h: 60
02:51:50.449 [FXGL Background Thread 2 ] DEBUG Engine               - settings: Title: Untitled
Version: 0.0
Width: 800
Height: 600
Fullscreen: false
Intro: false
Profiling: false
Single step:false
App Mode: DEVELOPER
Menu Key: ESCAPE
Stage Style: DECORATED
Scene Factory: class com.almasb.fxgl.app.scene.SceneFactory

02:51:50.449 [FXGL Background Thread 2 ] DEBUG Engine               - soundMenuBack: menu/back.wav
02:51:50.449 [FXGL Background Thread 2 ] DEBUG Engine               - soundMenuPress: menu/press.wav
02:51:50.450 [FXGL Background Thread 2 ] DEBUG Engine               - soundMenuSelect: menu/select.wav
02:51:50.450 [FXGL Background Thread 2 ] DEBUG Engine               - soundNotification: core/notification.wav
02:51:50.450 [FXGL Background Thread 2 ] DEBUG Engine               - stageStyle: DECORATED
02:51:50.450 [FXGL Background Thread 2 ] DEBUG Engine               - supportedLanguages: [ENGLISH, FRENCH, GERMAN, HUNGARIAN, RUSSIAN]
02:51:50.450 [FXGL Background Thread 2 ] DEBUG Engine               - title: Untitled
02:51:50.450 [FXGL Background Thread 2 ] DEBUG Engine               - urlGithub: https://github.com/AlmasB/FXGL
02:51:50.450 [FXGL Background Thread 2 ] DEBUG Engine               - urlLeaderboard: http://fxgl-top.herokuapp.com/
02:51:50.450 [FXGL Background Thread 2 ] DEBUG Engine               - urlPOM: https://raw.githubusercontent.com/AlmasB/FXGL/master/pom.xml
02:51:50.450 [FXGL Background Thread 2 ] DEBUG Engine               - version: 0.0
02:51:50.450 [FXGL Background Thread 2 ] DEBUG Engine               - versionCheckDays: 7
02:51:50.450 [FXGL Background Thread 2 ] DEBUG Engine               - width: 800
02:51:50.450 [FXGL Background Thread 2 ] DEBUG Engine               - Logging services
02:51:50.450 [FXGL Background Thread 2 ] DEBUG Engine               - class com.almasb.fxgl.app.GameApplication$GameApplicationService
02:51:50.450 [FXGL Background Thread 2 ] DEBUG Engine               - class com.almasb.fxgl.app.services.WindowService
02:51:50.450 [FXGL Background Thread 2 ] DEBUG Engine               - class com.almasb.fxgl.app.services.FXGLDialogService
02:51:50.450 [FXGL Background Thread 2 ] DEBUG Engine               - class com.almasb.fxgl.app.services.IOTaskExecutorService
02:51:50.451 [FXGL Background Thread 2 ] DEBUG Engine               - class com.almasb.fxgl.event.EventBusService
02:51:50.451 [FXGL Background Thread 2 ] DEBUG Engine               - class com.almasb.fxgl.io.FileSystemService
02:51:50.451 [FXGL Background Thread 2 ] DEBUG Engine               - class com.almasb.fxgl.localization.LocalizationService
02:51:50.451 [FXGL Background Thread 2 ] DEBUG Engine               - class com.almasb.fxgl.app.services.AssetLoaderService
02:51:50.451 [FXGL Background Thread 2 ] DEBUG Engine               - class com.almasb.fxgl.app.services.SystemBundleService
02:51:50.451 [FXGL Background Thread 2 ] DEBUG Engine               - class com.almasb.fxgl.profile.SaveLoadService
02:51:50.451 [FXGL Background Thread 2 ] DEBUG Engine               - class com.almasb.fxgl.ui.FXGLUIFactoryServiceProvider
02:51:50.451 [FXGL Background Thread 2 ] DEBUG Engine               - class com.almasb.fxgl.ui.FXGLDialogFactoryServiceProvider
02:51:50.451 [FXGL Background Thread 2 ] DEBUG Engine               - class com.almasb.fxgl.audio.AudioPlayer
02:51:50.451 [FXGL Background Thread 2 ] DEBUG Engine               - class com.almasb.fxgl.notification.impl.NotificationServiceProvider
02:51:50.451 [FXGL Background Thread 2 ] DEBUG Engine               - class com.almasb.fxgl.achievement.AchievementService
02:51:50.451 [FXGL Background Thread 2 ] DEBUG Engine               - class com.almasb.fxgl.cutscene.CutsceneService
02:51:50.451 [FXGL Background Thread 2 ] DEBUG Engine               - class com.almasb.fxgl.minigames.MiniGameService
02:51:50.451 [FXGL Background Thread 2 ] DEBUG Engine               - class com.almasb.fxgl.net.NetService
02:51:50.451 [FXGL Background Thread 2 ] DEBUG Engine               - class com.almasb.fxgl.app.services.UpdaterService
02:51:50.451 [FXGL Background Thread 2 ] DEBUG Engine               - class com.almasb.fxgl.dev.DevService
02:51:51.614 [JavaFX Application Thread] DEBUG GameApplication      - Exiting FXGL
02:51:51.614 [JavaFX Application Thread] DEBUG LoopRunner           - Stopping loop
02:51:51.614 [JavaFX Application Thread] DEBUG SystemBundleService  - Saving FXGL system data
02:51:51.616 [JavaFX Application Thread] DEBUG FileSystemAccess     - Writing to: /home/ben/MicroCosm/system/fxgl.bundle
02:51:51.618 [JavaFX Application Thread] DEBUG GameApplication      - Shutting down background threads
02:51:51.618 [JavaFX Application Thread] DEBUG GameApplication      - Closing logger and exiting JavaFX
