12:42:18.279 [main                     ] DEBUG GameApplication      - Logger initialized
12:42:18.316 [main                     ] DEBUG GameApplication      - Logging settings
Title: Untitled
Version: 0.0
Width: 800
Height: 600
Fullscreen: false
Intro: false
Profiling: false
Single step:false
App Mode: DEVELOPER
Menu Key: ESCAPE
Stage Style: DECORATED
Scene Factory: class com.almasb.fxgl.app.scene.SceneFactory

12:42:18.653 [JavaFX Application Thread] DEBUG GameApplication      - Initializing FXGL
12:42:18.683 [JavaFX Application Thread] INFO  Engine               - FXGL-11.9 (27.05.2020 17.06) on LINUX (J:11.0.5 FX:10.0.2-internal)
12:42:18.684 [JavaFX Application Thread] DEBUG Engine               - JRE Vendor Name: JetBrains s.r.o
12:42:18.685 [JavaFX Application Thread] DEBUG Engine               - Running on OS: Linux version 4.15.0-112-generic
12:42:18.685 [JavaFX Application Thread] DEBUG Engine               - Architecture: amd64
12:42:18.685 [JavaFX Application Thread] INFO  Engine               - Source code and latest versions at: https://github.com/AlmasB/FXGL
12:42:18.686 [JavaFX Application Thread] INFO  Engine               -              Join the FXGL chat at: https://gitter.im/AlmasB/FXGL
12:42:18.855 [JavaFX Application Thread] DEBUG MainWindow           - Creating a JavaFX scene
12:42:19.013 [JavaFX Application Thread] DEBUG MainWindow           - Target settings size: 800.0 x 600.0
12:42:19.013 [JavaFX Application Thread] DEBUG MainWindow           - Scaled scene size:    800.0 x 600.0
12:42:19.013 [JavaFX Application Thread] DEBUG MainWindow           - Scaled ratio: (1.0, 1.0)
12:42:19.017 [JavaFX Application Thread] DEBUG MainWindow           - Set initial scene to FXGLStartupScene
12:42:19.031 [JavaFX Application Thread] DEBUG MainWindow           - Opening main window
12:42:19.098 [JavaFX Application Thread] DEBUG MainWindow           - Window border size: (0.0, 30.0)
12:42:19.098 [JavaFX Application Thread] DEBUG MainWindow           - Scaled size: 800.0 x 600.0
12:42:19.098 [JavaFX Application Thread] DEBUG MainWindow           - Scaled ratio: (1.0, 1.0)
12:42:19.099 [JavaFX Application Thread] DEBUG MainWindow           - Scene size: 800.0 x 600.0
12:42:19.099 [JavaFX Application Thread] DEBUG MainWindow           - Stage size: 800.0 x 630.0
12:42:19.112 [FXGL Background Thread 1 ] DEBUG Engine               - Initializing environment variables
12:42:19.218 [FXGL Background Thread 1 ] DEBUG WindowService        - Applying CSS: fxgl_dark.css
12:42:19.220 [FXGL Background Thread 1 ] DEBUG AssetLoaderService   - Loading from file system: /assets/ui/css/fxgl_dark.css
12:42:19.335 [FXGL Background Thread 1 ] DEBUG WindowService        - Initializing application scenes
12:42:19.563 [FXGL Background Thread 1 ] DEBUG GameWorld            - Game world initialized
12:42:19.627 [FXGL Background Thread 1 ] DEBUG PhysicsWorld         - Physics world initialized: appHeight=600, physics.ppm=50.0
12:42:19.631 [FXGL Background Thread 1 ] DEBUG GameScene            - Game scene initialized: 800x600
12:42:19.677 [FXGL Background Thread 1 ] DEBUG AssetLoaderService   - Loading from file system: /assets/textures/particles/trace_horizontal.png
12:42:19.759 [FXGL Background Thread 1 ] DEBUG FXGL.DefaultMenu     - createMenuBodyGameMenu()
12:42:19.777 [FXGL Background Thread 1 ] DEBUG FXGL.DefaultMenu     - createOptionsMenu()
12:42:19.783 [FXGL Background Thread 1 ] DEBUG AssetLoaderService   - Loading from file system: /assets/textures/particles/smoke.png
12:42:19.899 [FXGL Background Thread 1 ] DEBUG WindowService        - Application scenes initialized
12:42:19.916 [FXGL Background Thread 1 ] DEBUG SystemBundleService  - Loading FXGL system data
12:42:19.921 [FXGL Background Thread 1 ] DEBUG FileSystemAccess     - Reading from: /home/ben/MicroCosm/system/fxgl.bundle
12:42:19.930 [FXGL Background Thread 1 ] DEBUG SystemBundleService  - Bundle FXGL: {}
12:42:19.931 [FXGL Background Thread 1 ] INFO  Engine               - FXGL initialization took: 0.815 sec
12:42:19.932 [FXGL Background Thread 1 ] DEBUG GameApplication      - Loading localizations
12:42:19.933 [FXGL Background Thread 1 ] DEBUG AssetLoaderService   - Loading from file system: /assets/languages/english.lang
12:42:19.946 [FXGL Background Thread 1 ] DEBUG AssetLoaderService   - Loading from file system: /assets/languages/french.lang
12:42:19.949 [FXGL Background Thread 1 ] DEBUG AssetLoaderService   - Loading from file system: /assets/languages/german.lang
12:42:19.951 [FXGL Background Thread 1 ] DEBUG AssetLoaderService   - Loading from file system: /assets/languages/hungarian.lang
12:42:19.957 [FXGL Background Thread 1 ] DEBUG AssetLoaderService   - Loading from file system: /assets/languages/russian.lang
12:42:19.959 [FXGL Background Thread 1 ] DEBUG GameApplication      - Registering font factories with UI factory
12:42:19.960 [FXGL Background Thread 1 ] DEBUG AssetLoaderService   - Loading from file system: /assets/ui/fonts/VarelaRound-Regular.ttf
12:42:19.980 [FXGL Background Thread 1 ] DEBUG AssetLoaderService   - Loading from file system: /assets/ui/fonts/Abel-Regular.ttf
12:42:19.982 [FXGL Background Thread 1 ] DEBUG AssetLoaderService   - Loading from file system: /assets/ui/fonts/lucida_console.ttf
12:42:19.986 [FXGL Background Thread 1 ] DEBUG AssetLoaderService   - Loading from file system: /assets/ui/fonts/Courier-Prime.ttf
12:42:19.990 [JavaFX Application Thread] DEBUG AssetLoaderService   - Loading from file system: /assets/textures/fxgl_icon.png
12:42:20.027 [JavaFX Application Thread] DEBUG AssetLoaderService   - Loading from file system: /assets/ui/cursors/fxgl_default.png
12:42:20.039 [JavaFX Application Thread] DEBUG Input                - Registered new binding: Screenshot - P
12:42:20.039 [JavaFX Application Thread] DEBUG Input                - Registered new binding: System info dump - CTRL+9
12:42:20.040 [JavaFX Application Thread] DEBUG Input                - Registered new binding: Restart - CTRL+R
12:42:20.041 [JavaFX Application Thread] DEBUG LoopRunner           - Starting loop
12:42:20.052 [JavaFX Application Thread] DEBUG FXGLStartupScene     - STARTUP
12:42:20.053 [JavaFX Application Thread] DEBUG WindowService        - Starting new game
12:42:20.053 [JavaFX Application Thread] DEBUG Input                - Clearing active input actions
12:42:20.075 [JavaFX Application Thread] DEBUG WindowService        - Removing overlay from FXGLStartupScene and adding to FXGLLoadingScene
12:42:20.076 [JavaFX Application Thread] DEBUG MainWindow           - FXGLStartupScene -> FXGLLoadingScene
12:42:20.076 [JavaFX Application Thread] DEBUG WindowService        - Clearing previous game
12:42:20.076 [JavaFX Application Thread] DEBUG GameScene            - Clearing game scene
12:42:20.077 [JavaFX Application Thread] DEBUG GameWorld            - Clearing game world
12:42:20.077 [JavaFX Application Thread] DEBUG PhysicsWorld         - Clearing physics world
12:42:20.079 [FXGL Background Thread 1 ] DEBUG GameApplication      - Initializing game
12:42:22.418 [FXGL Background Thread 1 ] DEBUG AssetLoaderService   - Loading from file system: /assets/textures/purple-background.png
12:42:22.480 [JavaFX Application Thread] DEBUG LoopRunner           - Stopping loop
12:42:22.480 [JavaFX Application Thread] FATAL GameApplication      - Uncaught Exception:

Fatal exception occurred: java.lang.RuntimeException : Initialization failed
E: com.almasb.fxgl.app.GameApplication$InitAppTask.failed(GameApplication.java:423)
E: javafx.graphics/javafx.concurrent.Task.setState(Task.java:710)
E: javafx.graphics/javafx.concurrent.Task$TaskCallable.lambda$call$2(Task.java:1455)
E: javafx.graphics/com.sun.javafx.application.PlatformImpl.lambda$runLater$9(PlatformImpl.java:418)
E: java.base/java.security.AccessController.doPrivileged(Native Method)
E: javafx.graphics/com.sun.javafx.application.PlatformImpl.lambda$runLater$10(PlatformImpl.java:417)
E: javafx.graphics/com.sun.glass.ui.InvokeLaterDispatcher$Future.run(InvokeLaterDispatcher.java:96)
E: javafx.graphics/com.sun.glass.ui.gtk.GtkApplication._runLoop(Native Method)
E: javafx.graphics/com.sun.glass.ui.gtk.GtkApplication.lambda$runLoop$11(GtkApplication.java:277)
E: java.base/java.lang.Thread.run(Thread.java:834)

12:42:22.480 [JavaFX Application Thread] FATAL GameApplication      - Application will now exit
12:42:22.499 [JavaFX Application Thread] DEBUG MainWindow           - Push state: ErrorSubScene
12:42:22.499 [JavaFX Application Thread] DEBUG Input                - Clearing active input actions
12:42:22.512 [JavaFX Application Thread] DEBUG WindowService        - Removing overlay from FXGLLoadingScene and adding to ErrorSubScene
12:42:22.512 [JavaFX Application Thread] DEBUG MainWindow           - FXGLLoadingScene -> ErrorSubScene
12:42:22.932 [FXGL Background Thread 2 ] DEBUG Engine               - Logging environment variables
12:42:22.932 [FXGL Background Thread 2 ] DEBUG Engine               - achievements: []
12:42:22.932 [FXGL Background Thread 2 ] DEBUG Engine               - appIcon: fxgl_icon.png
12:42:22.933 [FXGL Background Thread 2 ] DEBUG Engine               - applicationMode: DEVELOPER
12:42:22.933 [FXGL Background Thread 2 ] DEBUG Engine               - cSSList: [fxgl_dark.css]
12:42:22.933 [FXGL Background Thread 2 ] DEBUG Engine               - configClass: Optional.empty
12:42:22.933 [FXGL Background Thread 2 ] DEBUG Engine               - credits: []
12:42:22.933 [FXGL Background Thread 2 ] DEBUG Engine               - devBBoxColorProperty: ObjectProperty [value: 0xff0000ff]
12:42:22.933 [FXGL Background Thread 2 ] DEBUG Engine               - devSensorColorProperty: ObjectProperty [value: 0xffff00ff]
12:42:22.933 [FXGL Background Thread 2 ] DEBUG Engine               - devShowBBoxProperty: BooleanProperty [value: false]
12:42:22.933 [FXGL Background Thread 2 ] DEBUG Engine               - devShowPositionProperty: BooleanProperty [value: false]
12:42:22.933 [FXGL Background Thread 2 ] DEBUG Engine               - enabledMenuItems: []
12:42:22.933 [FXGL Background Thread 2 ] DEBUG Engine               - engineServices: [class com.almasb.fxgl.app.GameApplication$GameApplicationService, class com.almasb.fxgl.app.services.WindowService, class com.almasb.fxgl.app.services.FXGLDialogService, class com.almasb.fxgl.app.services.IOTaskExecutorService, class com.almasb.fxgl.event.EventBusService, class com.almasb.fxgl.io.FileSystemService, class com.almasb.fxgl.localization.LocalizationService, class com.almasb.fxgl.app.services.AssetLoaderService, class com.almasb.fxgl.app.services.SystemBundleService, class com.almasb.fxgl.profile.SaveLoadService, class com.almasb.fxgl.ui.FXGLUIFactoryServiceProvider, class com.almasb.fxgl.ui.FXGLDialogFactoryServiceProvider, class com.almasb.fxgl.audio.AudioPlayer, class com.almasb.fxgl.notification.impl.NotificationServiceProvider, class com.almasb.fxgl.achievement.AchievementService, class com.almasb.fxgl.cutscene.CutsceneService, class com.almasb.fxgl.minigames.MiniGameService, class com.almasb.fxgl.net.NetService, class com.almasb.fxgl.app.services.UpdaterService, class com.almasb.fxgl.dev.DevService]
12:42:22.933 [FXGL Background Thread 2 ] DEBUG Engine               - fontGame: Abel-Regular.ttf
12:42:22.933 [FXGL Background Thread 2 ] DEBUG Engine               - fontMono: lucida_console.ttf
12:42:22.934 [FXGL Background Thread 2 ] DEBUG Engine               - fontText: Courier-Prime.ttf
12:42:22.934 [FXGL Background Thread 2 ] DEBUG Engine               - fontUI: VarelaRound-Regular.ttf
12:42:22.934 [FXGL Background Thread 2 ] DEBUG Engine               - fullScreen: BooleanProperty [value: false]
12:42:22.934 [FXGL Background Thread 2 ] DEBUG Engine               - gameDifficulty: MEDIUM
12:42:22.934 [FXGL Background Thread 2 ] DEBUG Engine               - gameDifficultyProperty: ObjectProperty [value: MEDIUM]
12:42:22.934 [FXGL Background Thread 2 ] DEBUG Engine               - globalMusicVolume: 0.5
12:42:22.934 [FXGL Background Thread 2 ] DEBUG Engine               - globalMusicVolumeProperty: DoubleProperty [value: 0.5]
12:42:22.934 [FXGL Background Thread 2 ] DEBUG Engine               - globalSoundVolume: 0.5
12:42:22.934 [FXGL Background Thread 2 ] DEBUG Engine               - globalSoundVolumeProperty: DoubleProperty [value: 0.5]
12:42:22.934 [FXGL Background Thread 2 ] DEBUG Engine               - height: 600
12:42:22.934 [FXGL Background Thread 2 ] DEBUG Engine               - isAndroid: false
12:42:22.934 [FXGL Background Thread 2 ] DEBUG Engine               - isBrowser: false
12:42:22.934 [FXGL Background Thread 2 ] DEBUG Engine               - isClickFeedbackEnabled: false
12:42:22.935 [FXGL Background Thread 2 ] DEBUG Engine               - isCloseConfirmation: false
12:42:22.935 [FXGL Background Thread 2 ] DEBUG Engine               - isDesktop: true
12:42:22.935 [FXGL Background Thread 2 ] DEBUG Engine               - isDeveloperMenuEnabled: false
12:42:22.935 [FXGL Background Thread 2 ] DEBUG Engine               - isExperimentalNative: false
12:42:22.935 [FXGL Background Thread 2 ] DEBUG Engine               - isExperimentalTiledLargeMap: false
12:42:22.935 [FXGL Background Thread 2 ] DEBUG Engine               - isFullScreenAllowed: false
12:42:22.935 [FXGL Background Thread 2 ] DEBUG Engine               - isFullScreenFromStart: false
12:42:22.935 [FXGL Background Thread 2 ] DEBUG Engine               - isGameMenuEnabled: true
12:42:22.935 [FXGL Background Thread 2 ] DEBUG Engine               - isIOS: false
12:42:22.935 [FXGL Background Thread 2 ] DEBUG Engine               - isIntroEnabled: false
12:42:22.935 [FXGL Background Thread 2 ] DEBUG Engine               - isLinux: true
12:42:22.935 [FXGL Background Thread 2 ] DEBUG Engine               - isMac: false
12:42:22.935 [FXGL Background Thread 2 ] DEBUG Engine               - isMainMenuEnabled: false
12:42:22.936 [FXGL Background Thread 2 ] DEBUG Engine               - isManualResizeEnabled: false
12:42:22.936 [FXGL Background Thread 2 ] DEBUG Engine               - isMobile: false
12:42:22.936 [FXGL Background Thread 2 ] DEBUG Engine               - isPreserveResizeRatio: false
12:42:22.936 [FXGL Background Thread 2 ] DEBUG Engine               - isProfilingEnabled: false
12:42:22.936 [FXGL Background Thread 2 ] DEBUG Engine               - isSingleStep: false
12:42:22.936 [FXGL Background Thread 2 ] DEBUG Engine               - isUserProfileEnabled: false
12:42:22.936 [FXGL Background Thread 2 ] DEBUG Engine               - isWindows: false
12:42:22.936 [FXGL Background Thread 2 ] DEBUG Engine               - language: ObjectProperty [value: ENGLISH]
12:42:22.936 [FXGL Background Thread 2 ] DEBUG Engine               - mainWindow: com.almasb.fxgl.app.MainWindow@6f071407
12:42:22.936 [FXGL Background Thread 2 ] DEBUG Engine               - menuKey: ESCAPE
12:42:22.936 [FXGL Background Thread 2 ] DEBUG Engine               - notificationViewClass: class com.almasb.fxgl.notification.view.XboxNotificationView
12:42:22.937 [FXGL Background Thread 2 ] DEBUG Engine               - pixelsPerMeter: 50.0
12:42:22.937 [FXGL Background Thread 2 ] DEBUG Engine               - platform: LINUX
12:42:22.937 [FXGL Background Thread 2 ] DEBUG Engine               - profileDir: profiles/
12:42:22.937 [FXGL Background Thread 2 ] DEBUG Engine               - profileName: StringProperty [value: DEFAULT]
12:42:22.937 [FXGL Background Thread 2 ] DEBUG Engine               - randomSeed: -1
12:42:22.937 [FXGL Background Thread 2 ] DEBUG Engine               - runtimeInfo: RuntimeInfo(platform=LINUX, version=11.9, build=27.05.2020 17.06)
12:42:22.937 [FXGL Background Thread 2 ] DEBUG Engine               - saveFileExt: sav
12:42:22.937 [FXGL Background Thread 2 ] DEBUG Engine               - sceneFactory: com.almasb.fxgl.app.scene.SceneFactory@2017aac8
12:42:22.937 [FXGL Background Thread 2 ] DEBUG Engine               - secondsIn24h: 60
12:42:22.937 [FXGL Background Thread 2 ] DEBUG Engine               - settings: Title: Untitled
Version: 0.0
Width: 800
Height: 600
Fullscreen: false
Intro: false
Profiling: false
Single step:false
App Mode: DEVELOPER
Menu Key: ESCAPE
Stage Style: DECORATED
Scene Factory: class com.almasb.fxgl.app.scene.SceneFactory

12:42:22.937 [FXGL Background Thread 2 ] DEBUG Engine               - soundMenuBack: menu/back.wav
12:42:22.937 [FXGL Background Thread 2 ] DEBUG Engine               - soundMenuPress: menu/press.wav
12:42:22.937 [FXGL Background Thread 2 ] DEBUG Engine               - soundMenuSelect: menu/select.wav
12:42:22.937 [FXGL Background Thread 2 ] DEBUG Engine               - soundNotification: core/notification.wav
12:42:22.938 [FXGL Background Thread 2 ] DEBUG Engine               - stageStyle: DECORATED
12:42:22.938 [FXGL Background Thread 2 ] DEBUG Engine               - supportedLanguages: [ENGLISH, FRENCH, GERMAN, HUNGARIAN, RUSSIAN]
12:42:22.938 [FXGL Background Thread 2 ] DEBUG Engine               - title: Untitled
12:42:22.938 [FXGL Background Thread 2 ] DEBUG Engine               - urlGithub: https://github.com/AlmasB/FXGL
12:42:22.938 [FXGL Background Thread 2 ] DEBUG Engine               - urlLeaderboard: http://fxgl-top.herokuapp.com/
12:42:22.938 [FXGL Background Thread 2 ] DEBUG Engine               - urlPOM: https://raw.githubusercontent.com/AlmasB/FXGL/master/pom.xml
12:42:22.938 [FXGL Background Thread 2 ] DEBUG Engine               - version: 0.0
12:42:22.938 [FXGL Background Thread 2 ] DEBUG Engine               - versionCheckDays: 7
12:42:22.938 [FXGL Background Thread 2 ] DEBUG Engine               - width: 800
12:42:22.938 [FXGL Background Thread 2 ] DEBUG Engine               - Logging services
12:42:22.938 [FXGL Background Thread 2 ] DEBUG Engine               - class com.almasb.fxgl.app.GameApplication$GameApplicationService
12:42:22.938 [FXGL Background Thread 2 ] DEBUG Engine               - class com.almasb.fxgl.app.services.WindowService
12:42:22.938 [FXGL Background Thread 2 ] DEBUG Engine               - class com.almasb.fxgl.app.services.FXGLDialogService
12:42:22.938 [FXGL Background Thread 2 ] DEBUG Engine               - class com.almasb.fxgl.app.services.IOTaskExecutorService
12:42:22.938 [FXGL Background Thread 2 ] DEBUG Engine               - class com.almasb.fxgl.event.EventBusService
12:42:22.939 [FXGL Background Thread 2 ] DEBUG Engine               - class com.almasb.fxgl.io.FileSystemService
12:42:22.939 [FXGL Background Thread 2 ] DEBUG Engine               - class com.almasb.fxgl.localization.LocalizationService
12:42:22.939 [FXGL Background Thread 2 ] DEBUG Engine               - class com.almasb.fxgl.app.services.AssetLoaderService
12:42:22.939 [FXGL Background Thread 2 ] DEBUG Engine               - class com.almasb.fxgl.app.services.SystemBundleService
12:42:22.939 [FXGL Background Thread 2 ] DEBUG Engine               - class com.almasb.fxgl.profile.SaveLoadService
12:42:22.939 [FXGL Background Thread 2 ] DEBUG Engine               - class com.almasb.fxgl.ui.FXGLUIFactoryServiceProvider
12:42:22.939 [FXGL Background Thread 2 ] DEBUG Engine               - class com.almasb.fxgl.ui.FXGLDialogFactoryServiceProvider
12:42:22.939 [FXGL Background Thread 2 ] DEBUG Engine               - class com.almasb.fxgl.audio.AudioPlayer
12:42:22.939 [FXGL Background Thread 2 ] DEBUG Engine               - class com.almasb.fxgl.notification.impl.NotificationServiceProvider
12:42:22.939 [FXGL Background Thread 2 ] DEBUG Engine               - class com.almasb.fxgl.achievement.AchievementService
12:42:22.939 [FXGL Background Thread 2 ] DEBUG Engine               - class com.almasb.fxgl.cutscene.CutsceneService
12:42:22.940 [FXGL Background Thread 2 ] DEBUG Engine               - class com.almasb.fxgl.minigames.MiniGameService
12:42:22.940 [FXGL Background Thread 2 ] DEBUG Engine               - class com.almasb.fxgl.net.NetService
12:42:22.940 [FXGL Background Thread 2 ] DEBUG Engine               - class com.almasb.fxgl.app.services.UpdaterService
12:42:22.940 [FXGL Background Thread 2 ] DEBUG Engine               - class com.almasb.fxgl.dev.DevService
12:42:23.959 [JavaFX Application Thread] DEBUG GameApplication      - Exiting FXGL
12:42:23.960 [JavaFX Application Thread] DEBUG GameApplication      - Shutting down background threads
12:42:23.960 [JavaFX Application Thread] DEBUG GameApplication      - Closing logger and exiting JavaFX
