23:38:03.786 [main                     ] DEBUG GameApplication      - Logger initialized
23:38:03.818 [main                     ] DEBUG GameApplication      - Logging settings
Title: Untitled
Version: 0.0
Width: 800
Height: 600
Fullscreen: false
Intro: false
Profiling: false
Single step:false
App Mode: DEVELOPER
Menu Key: ESCAPE
Stage Style: DECORATED
Scene Factory: class com.almasb.fxgl.app.scene.SceneFactory

23:38:04.135 [JavaFX Application Thread] DEBUG GameApplication      - Initializing FXGL
23:38:04.153 [JavaFX Application Thread] INFO  Engine               - FXGL-11.9 (27.05.2020 17.06) on LINUX (J:11.0.5 FX:10.0.2-internal)
23:38:04.153 [JavaFX Application Thread] DEBUG Engine               - JRE Vendor Name: JetBrains s.r.o
23:38:04.154 [JavaFX Application Thread] DEBUG Engine               - Running on OS: Linux version 4.15.0-111-generic
23:38:04.154 [JavaFX Application Thread] DEBUG Engine               - Architecture: amd64
23:38:04.154 [JavaFX Application Thread] INFO  Engine               - Source code and latest versions at: https://github.com/AlmasB/FXGL
23:38:04.154 [JavaFX Application Thread] INFO  Engine               -              Join the FXGL chat at: https://gitter.im/AlmasB/FXGL
23:38:04.296 [JavaFX Application Thread] DEBUG MainWindow           - Creating a JavaFX scene
23:38:04.474 [JavaFX Application Thread] DEBUG MainWindow           - Target settings size: 800.0 x 600.0
23:38:04.475 [JavaFX Application Thread] DEBUG MainWindow           - Scaled scene size:    800.0 x 600.0
23:38:04.475 [JavaFX Application Thread] DEBUG MainWindow           - Scaled ratio: (1.0, 1.0)
23:38:04.477 [JavaFX Application Thread] DEBUG MainWindow           - Set initial scene to FXGLStartupScene
23:38:04.489 [JavaFX Application Thread] DEBUG MainWindow           - Opening main window
23:38:04.565 [JavaFX Application Thread] DEBUG MainWindow           - Window border size: (0.0, 30.0)
23:38:04.565 [JavaFX Application Thread] DEBUG MainWindow           - Scaled size: 800.0 x 600.0
23:38:04.565 [JavaFX Application Thread] DEBUG MainWindow           - Scaled ratio: (1.0, 1.0)
23:38:04.566 [JavaFX Application Thread] DEBUG MainWindow           - Scene size: 800.0 x 600.0
23:38:04.566 [JavaFX Application Thread] DEBUG MainWindow           - Stage size: 800.0 x 630.0
23:38:04.579 [FXGL Background Thread 1 ] DEBUG Engine               - Initializing environment variables
23:38:04.667 [FXGL Background Thread 1 ] DEBUG WindowService        - Applying CSS: fxgl_dark.css
23:38:04.668 [FXGL Background Thread 1 ] DEBUG AssetLoaderService   - Loading from file system: /assets/ui/css/fxgl_dark.css
23:38:04.800 [FXGL Background Thread 1 ] DEBUG WindowService        - Initializing application scenes
23:38:04.935 [FXGL Background Thread 1 ] DEBUG GameWorld            - Game world initialized
23:38:04.984 [FXGL Background Thread 1 ] DEBUG PhysicsWorld         - Physics world initialized: appHeight=600, physics.ppm=50.0
23:38:04.987 [FXGL Background Thread 1 ] DEBUG GameScene            - Game scene initialized: 800x600
23:38:05.027 [FXGL Background Thread 1 ] DEBUG AssetLoaderService   - Loading from file system: /assets/textures/particles/trace_horizontal.png
23:38:05.086 [FXGL Background Thread 1 ] DEBUG FXGL.DefaultMenu     - createMenuBodyGameMenu()
23:38:05.108 [FXGL Background Thread 1 ] DEBUG FXGL.DefaultMenu     - createOptionsMenu()
23:38:05.117 [FXGL Background Thread 1 ] DEBUG AssetLoaderService   - Loading from file system: /assets/textures/particles/smoke.png
23:38:05.203 [FXGL Background Thread 1 ] DEBUG WindowService        - Application scenes initialized
23:38:05.217 [FXGL Background Thread 1 ] DEBUG SystemBundleService  - Loading FXGL system data
23:38:05.221 [FXGL Background Thread 1 ] DEBUG FileSystemAccess     - Reading from: /home/ben/MicroCosm/system/fxgl.bundle
23:38:05.231 [FXGL Background Thread 1 ] DEBUG SystemBundleService  - Bundle FXGL: {}
23:38:05.231 [FXGL Background Thread 1 ] INFO  Engine               - FXGL initialization took: 0.649 sec
23:38:05.233 [FXGL Background Thread 1 ] DEBUG GameApplication      - Loading localizations
23:38:05.234 [FXGL Background Thread 1 ] DEBUG AssetLoaderService   - Loading from file system: /assets/languages/english.lang
23:38:05.249 [FXGL Background Thread 1 ] DEBUG AssetLoaderService   - Loading from file system: /assets/languages/french.lang
23:38:05.251 [FXGL Background Thread 1 ] DEBUG AssetLoaderService   - Loading from file system: /assets/languages/german.lang
23:38:05.253 [FXGL Background Thread 1 ] DEBUG AssetLoaderService   - Loading from file system: /assets/languages/hungarian.lang
23:38:05.259 [FXGL Background Thread 1 ] DEBUG AssetLoaderService   - Loading from file system: /assets/languages/russian.lang
23:38:05.262 [FXGL Background Thread 1 ] DEBUG GameApplication      - Registering font factories with UI factory
23:38:05.262 [FXGL Background Thread 1 ] DEBUG AssetLoaderService   - Loading from file system: /assets/ui/fonts/VarelaRound-Regular.ttf
23:38:05.285 [FXGL Background Thread 1 ] DEBUG AssetLoaderService   - Loading from file system: /assets/ui/fonts/Abel-Regular.ttf
23:38:05.286 [FXGL Background Thread 1 ] DEBUG AssetLoaderService   - Loading from file system: /assets/ui/fonts/lucida_console.ttf
23:38:05.289 [FXGL Background Thread 1 ] DEBUG AssetLoaderService   - Loading from file system: /assets/ui/fonts/Courier-Prime.ttf
23:38:05.293 [JavaFX Application Thread] DEBUG AssetLoaderService   - Loading from file system: /assets/textures/fxgl_icon.png
23:38:05.329 [JavaFX Application Thread] DEBUG AssetLoaderService   - Loading from file system: /assets/ui/cursors/fxgl_default.png
23:38:05.341 [JavaFX Application Thread] DEBUG Input                - Registered new binding: Screenshot - P
23:38:05.341 [JavaFX Application Thread] DEBUG Input                - Registered new binding: System info dump - CTRL+9
23:38:05.342 [JavaFX Application Thread] DEBUG Input                - Registered new binding: Restart - CTRL+R
23:38:05.343 [JavaFX Application Thread] DEBUG LoopRunner           - Starting loop
23:38:05.352 [JavaFX Application Thread] DEBUG FXGLStartupScene     - STARTUP
23:38:05.352 [JavaFX Application Thread] DEBUG WindowService        - Starting new game
23:38:05.354 [JavaFX Application Thread] DEBUG Input                - Clearing active input actions
23:38:05.371 [JavaFX Application Thread] DEBUG WindowService        - Removing overlay from FXGLStartupScene and adding to FXGLLoadingScene
23:38:05.372 [JavaFX Application Thread] DEBUG MainWindow           - FXGLStartupScene -> FXGLLoadingScene
23:38:05.372 [JavaFX Application Thread] DEBUG WindowService        - Clearing previous game
23:38:05.372 [JavaFX Application Thread] DEBUG GameScene            - Clearing game scene
23:38:05.372 [JavaFX Application Thread] DEBUG GameWorld            - Clearing game world
23:38:05.372 [JavaFX Application Thread] DEBUG PhysicsWorld         - Clearing physics world
23:38:05.374 [FXGL Background Thread 1 ] DEBUG GameApplication      - Initializing game
23:38:05.375 [FXGL Background Thread 1 ] DEBUG AssetLoaderService   - Loading from file system: /assets/textures/water.png
23:38:05.378 [FXGL Background Thread 1 ] DEBUG AssetLoaderService   - Loading from file system: /assets/textures/galaxies.jpg
23:38:08.232 [FXGL Background Thread 2 ] DEBUG Engine               - Logging environment variables
23:38:08.234 [FXGL Background Thread 2 ] DEBUG Engine               - achievements: []
23:38:08.234 [FXGL Background Thread 2 ] DEBUG Engine               - appIcon: fxgl_icon.png
23:38:08.234 [FXGL Background Thread 2 ] DEBUG Engine               - applicationMode: DEVELOPER
23:38:08.234 [FXGL Background Thread 2 ] DEBUG Engine               - cSSList: [fxgl_dark.css]
23:38:08.234 [FXGL Background Thread 2 ] DEBUG Engine               - configClass: Optional.empty
23:38:08.234 [FXGL Background Thread 2 ] DEBUG Engine               - credits: []
23:38:08.235 [FXGL Background Thread 2 ] DEBUG Engine               - devBBoxColorProperty: ObjectProperty [value: 0xff0000ff]
23:38:08.235 [FXGL Background Thread 2 ] DEBUG Engine               - devSensorColorProperty: ObjectProperty [value: 0xffff00ff]
23:38:08.235 [FXGL Background Thread 2 ] DEBUG Engine               - devShowBBoxProperty: BooleanProperty [value: false]
23:38:08.235 [FXGL Background Thread 2 ] DEBUG Engine               - devShowPositionProperty: BooleanProperty [value: false]
23:38:08.235 [FXGL Background Thread 2 ] DEBUG Engine               - enabledMenuItems: []
23:38:08.236 [FXGL Background Thread 2 ] DEBUG Engine               - engineServices: [class com.almasb.fxgl.app.GameApplication$GameApplicationService, class com.almasb.fxgl.app.services.WindowService, class com.almasb.fxgl.app.services.FXGLDialogService, class com.almasb.fxgl.app.services.IOTaskExecutorService, class com.almasb.fxgl.event.EventBusService, class com.almasb.fxgl.io.FileSystemService, class com.almasb.fxgl.localization.LocalizationService, class com.almasb.fxgl.app.services.AssetLoaderService, class com.almasb.fxgl.app.services.SystemBundleService, class com.almasb.fxgl.profile.SaveLoadService, class com.almasb.fxgl.ui.FXGLUIFactoryServiceProvider, class com.almasb.fxgl.ui.FXGLDialogFactoryServiceProvider, class com.almasb.fxgl.audio.AudioPlayer, class com.almasb.fxgl.notification.impl.NotificationServiceProvider, class com.almasb.fxgl.achievement.AchievementService, class com.almasb.fxgl.cutscene.CutsceneService, class com.almasb.fxgl.minigames.MiniGameService, class com.almasb.fxgl.net.NetService, class com.almasb.fxgl.app.services.UpdaterService, class com.almasb.fxgl.dev.DevService]
23:38:08.236 [FXGL Background Thread 2 ] DEBUG Engine               - fontGame: Abel-Regular.ttf
23:38:08.236 [FXGL Background Thread 2 ] DEBUG Engine               - fontMono: lucida_console.ttf
23:38:08.236 [FXGL Background Thread 2 ] DEBUG Engine               - fontText: Courier-Prime.ttf
23:38:08.236 [FXGL Background Thread 2 ] DEBUG Engine               - fontUI: VarelaRound-Regular.ttf
23:38:08.236 [FXGL Background Thread 2 ] DEBUG Engine               - fullScreen: BooleanProperty [value: false]
23:38:08.236 [FXGL Background Thread 2 ] DEBUG Engine               - gameDifficulty: MEDIUM
23:38:08.236 [FXGL Background Thread 2 ] DEBUG Engine               - gameDifficultyProperty: ObjectProperty [value: MEDIUM]
23:38:08.237 [FXGL Background Thread 2 ] DEBUG Engine               - globalMusicVolume: 0.5
23:38:08.237 [FXGL Background Thread 2 ] DEBUG Engine               - globalMusicVolumeProperty: DoubleProperty [value: 0.5]
23:38:08.237 [FXGL Background Thread 2 ] DEBUG Engine               - globalSoundVolume: 0.5
23:38:08.237 [FXGL Background Thread 2 ] DEBUG Engine               - globalSoundVolumeProperty: DoubleProperty [value: 0.5]
23:38:08.237 [FXGL Background Thread 2 ] DEBUG Engine               - height: 600
23:38:08.237 [FXGL Background Thread 2 ] DEBUG Engine               - isAndroid: false
23:38:08.237 [FXGL Background Thread 2 ] DEBUG Engine               - isBrowser: false
23:38:08.238 [FXGL Background Thread 2 ] DEBUG Engine               - isClickFeedbackEnabled: false
23:38:08.238 [FXGL Background Thread 2 ] DEBUG Engine               - isCloseConfirmation: false
23:38:08.238 [FXGL Background Thread 2 ] DEBUG Engine               - isDesktop: true
23:38:08.238 [FXGL Background Thread 2 ] DEBUG Engine               - isDeveloperMenuEnabled: false
23:38:08.238 [FXGL Background Thread 2 ] DEBUG Engine               - isExperimentalNative: false
23:38:08.238 [FXGL Background Thread 2 ] DEBUG Engine               - isExperimentalTiledLargeMap: false
23:38:08.238 [FXGL Background Thread 2 ] DEBUG Engine               - isFullScreenAllowed: false
23:38:08.238 [FXGL Background Thread 2 ] DEBUG Engine               - isFullScreenFromStart: false
23:38:08.238 [FXGL Background Thread 2 ] DEBUG Engine               - isGameMenuEnabled: true
23:38:08.238 [FXGL Background Thread 2 ] DEBUG Engine               - isIOS: false
23:38:08.239 [FXGL Background Thread 2 ] DEBUG Engine               - isIntroEnabled: false
23:38:08.239 [FXGL Background Thread 2 ] DEBUG Engine               - isLinux: true
23:38:08.239 [FXGL Background Thread 2 ] DEBUG Engine               - isMac: false
23:38:08.239 [FXGL Background Thread 2 ] DEBUG Engine               - isMainMenuEnabled: false
23:38:08.239 [FXGL Background Thread 2 ] DEBUG Engine               - isManualResizeEnabled: false
23:38:08.239 [FXGL Background Thread 2 ] DEBUG Engine               - isMobile: false
23:38:08.239 [FXGL Background Thread 2 ] DEBUG Engine               - isPreserveResizeRatio: false
23:38:08.239 [FXGL Background Thread 2 ] DEBUG Engine               - isProfilingEnabled: false
23:38:08.239 [FXGL Background Thread 2 ] DEBUG Engine               - isSingleStep: false
23:38:08.239 [FXGL Background Thread 2 ] DEBUG Engine               - isUserProfileEnabled: false
23:38:08.240 [FXGL Background Thread 2 ] DEBUG Engine               - isWindows: false
23:38:08.240 [FXGL Background Thread 2 ] DEBUG Engine               - language: ObjectProperty [value: ENGLISH]
23:38:08.240 [FXGL Background Thread 2 ] DEBUG Engine               - mainWindow: com.almasb.fxgl.app.MainWindow@7cf9f8a5
23:38:08.240 [FXGL Background Thread 2 ] DEBUG Engine               - menuKey: ESCAPE
23:38:08.240 [FXGL Background Thread 2 ] DEBUG Engine               - notificationViewClass: class com.almasb.fxgl.notification.view.XboxNotificationView
23:38:08.240 [FXGL Background Thread 2 ] DEBUG Engine               - pixelsPerMeter: 50.0
23:38:08.240 [FXGL Background Thread 2 ] DEBUG Engine               - platform: LINUX
23:38:08.240 [FXGL Background Thread 2 ] DEBUG Engine               - profileDir: profiles/
23:38:08.240 [FXGL Background Thread 2 ] DEBUG Engine               - profileName: StringProperty [value: DEFAULT]
23:38:08.241 [FXGL Background Thread 2 ] DEBUG Engine               - randomSeed: -1
23:38:08.241 [FXGL Background Thread 2 ] DEBUG Engine               - runtimeInfo: RuntimeInfo(platform=LINUX, version=11.9, build=27.05.2020 17.06)
23:38:08.241 [FXGL Background Thread 2 ] DEBUG Engine               - saveFileExt: sav
23:38:08.241 [FXGL Background Thread 2 ] DEBUG Engine               - sceneFactory: com.almasb.fxgl.app.scene.SceneFactory@57854ade
23:38:08.241 [FXGL Background Thread 2 ] DEBUG Engine               - secondsIn24h: 60
23:38:08.241 [FXGL Background Thread 2 ] DEBUG Engine               - settings: Title: Untitled
Version: 0.0
Width: 800
Height: 600
Fullscreen: false
Intro: false
Profiling: false
Single step:false
App Mode: DEVELOPER
Menu Key: ESCAPE
Stage Style: DECORATED
Scene Factory: class com.almasb.fxgl.app.scene.SceneFactory

23:38:08.241 [FXGL Background Thread 2 ] DEBUG Engine               - soundMenuBack: menu/back.wav
23:38:08.241 [FXGL Background Thread 2 ] DEBUG Engine               - soundMenuPress: menu/press.wav
23:38:08.241 [FXGL Background Thread 2 ] DEBUG Engine               - soundMenuSelect: menu/select.wav
23:38:08.242 [FXGL Background Thread 2 ] DEBUG Engine               - soundNotification: core/notification.wav
23:38:08.242 [FXGL Background Thread 2 ] DEBUG Engine               - stageStyle: DECORATED
23:38:08.242 [FXGL Background Thread 2 ] DEBUG Engine               - supportedLanguages: [ENGLISH, FRENCH, GERMAN, HUNGARIAN, RUSSIAN]
23:38:08.242 [FXGL Background Thread 2 ] DEBUG Engine               - title: Untitled
23:38:08.242 [FXGL Background Thread 2 ] DEBUG Engine               - urlGithub: https://github.com/AlmasB/FXGL
23:38:08.242 [FXGL Background Thread 2 ] DEBUG Engine               - urlLeaderboard: http://fxgl-top.herokuapp.com/
23:38:08.242 [FXGL Background Thread 2 ] DEBUG Engine               - urlPOM: https://raw.githubusercontent.com/AlmasB/FXGL/master/pom.xml
23:38:08.242 [FXGL Background Thread 2 ] DEBUG Engine               - version: 0.0
23:38:08.242 [FXGL Background Thread 2 ] DEBUG Engine               - versionCheckDays: 7
23:38:08.242 [FXGL Background Thread 2 ] DEBUG Engine               - width: 800
23:38:08.242 [FXGL Background Thread 2 ] DEBUG Engine               - Logging services
23:38:08.243 [FXGL Background Thread 2 ] DEBUG Engine               - class com.almasb.fxgl.app.GameApplication$GameApplicationService
23:38:08.243 [FXGL Background Thread 2 ] DEBUG Engine               - class com.almasb.fxgl.app.services.WindowService
23:38:08.243 [FXGL Background Thread 2 ] DEBUG Engine               - class com.almasb.fxgl.app.services.FXGLDialogService
23:38:08.243 [FXGL Background Thread 2 ] DEBUG Engine               - class com.almasb.fxgl.app.services.IOTaskExecutorService
23:38:08.243 [FXGL Background Thread 2 ] DEBUG Engine               - class com.almasb.fxgl.event.EventBusService
23:38:08.243 [FXGL Background Thread 2 ] DEBUG Engine               - class com.almasb.fxgl.io.FileSystemService
23:38:08.243 [FXGL Background Thread 2 ] DEBUG Engine               - class com.almasb.fxgl.localization.LocalizationService
23:38:08.243 [FXGL Background Thread 2 ] DEBUG Engine               - class com.almasb.fxgl.app.services.AssetLoaderService
23:38:08.243 [FXGL Background Thread 2 ] DEBUG Engine               - class com.almasb.fxgl.app.services.SystemBundleService
23:38:08.243 [FXGL Background Thread 2 ] DEBUG Engine               - class com.almasb.fxgl.profile.SaveLoadService
23:38:08.244 [FXGL Background Thread 2 ] DEBUG Engine               - class com.almasb.fxgl.ui.FXGLUIFactoryServiceProvider
23:38:08.244 [FXGL Background Thread 2 ] DEBUG Engine               - class com.almasb.fxgl.ui.FXGLDialogFactoryServiceProvider
23:38:08.244 [FXGL Background Thread 2 ] DEBUG Engine               - class com.almasb.fxgl.audio.AudioPlayer
23:38:08.244 [FXGL Background Thread 2 ] DEBUG Engine               - class com.almasb.fxgl.notification.impl.NotificationServiceProvider
23:38:08.244 [FXGL Background Thread 2 ] DEBUG Engine               - class com.almasb.fxgl.achievement.AchievementService
23:38:08.244 [FXGL Background Thread 2 ] DEBUG Engine               - class com.almasb.fxgl.cutscene.CutsceneService
23:38:08.244 [FXGL Background Thread 2 ] DEBUG Engine               - class com.almasb.fxgl.minigames.MiniGameService
23:38:08.244 [FXGL Background Thread 2 ] DEBUG Engine               - class com.almasb.fxgl.net.NetService
23:38:08.244 [FXGL Background Thread 2 ] DEBUG Engine               - class com.almasb.fxgl.app.services.UpdaterService
23:38:08.244 [FXGL Background Thread 2 ] DEBUG Engine               - class com.almasb.fxgl.dev.DevService
23:38:28.669 [JavaFX Application Thread] DEBUG LoopRunner           - Stopping loop
23:38:28.670 [JavaFX Application Thread] FATAL GameApplication      - Uncaught Exception:

Fatal exception occurred: java.lang.RuntimeException : Initialization failed
E: com.almasb.fxgl.app.GameApplication$InitAppTask.failed(GameApplication.java:423)
E: javafx.graphics/javafx.concurrent.Task.setState(Task.java:710)
E: javafx.graphics/javafx.concurrent.Task$TaskCallable.lambda$call$2(Task.java:1455)
E: javafx.graphics/com.sun.javafx.application.PlatformImpl.lambda$runLater$9(PlatformImpl.java:418)
E: java.base/java.security.AccessController.doPrivileged(Native Method)
E: javafx.graphics/com.sun.javafx.application.PlatformImpl.lambda$runLater$10(PlatformImpl.java:417)
E: javafx.graphics/com.sun.glass.ui.InvokeLaterDispatcher$Future.run$$$capture(InvokeLaterDispatcher.java:96)
E: javafx.graphics/com.sun.glass.ui.InvokeLaterDispatcher$Future.run(InvokeLaterDispatcher.java)
E: javafx.graphics/com.sun.glass.ui.gtk.GtkApplication._runLoop(Native Method)
E: javafx.graphics/com.sun.glass.ui.gtk.GtkApplication.lambda$runLoop$11(GtkApplication.java:277)
E: java.base/java.lang.Thread.run(Thread.java:834)

23:38:28.670 [JavaFX Application Thread] FATAL GameApplication      - Application will now exit
23:38:28.689 [JavaFX Application Thread] DEBUG MainWindow           - Push state: ErrorSubScene
23:38:28.689 [JavaFX Application Thread] DEBUG Input                - Clearing active input actions
23:38:28.701 [JavaFX Application Thread] DEBUG WindowService        - Removing overlay from FXGLLoadingScene and adding to ErrorSubScene
23:38:28.701 [JavaFX Application Thread] DEBUG MainWindow           - FXGLLoadingScene -> ErrorSubScene
23:38:38.529 [JavaFX Application Thread] DEBUG GameApplication      - Exiting FXGL
23:38:38.529 [JavaFX Application Thread] DEBUG GameApplication      - Shutting down background threads
23:38:38.530 [JavaFX Application Thread] DEBUG GameApplication      - Closing logger and exiting JavaFX
