09:52:06.989 [main                     ] DEBUG GameApplication      - Logger initialized
09:52:07.023 [main                     ] DEBUG GameApplication      - Logging settings
Title: Untitled
Version: 0.0
Width: 800
Height: 600
Fullscreen: false
Intro: false
Profiling: false
Single step:false
App Mode: DEVELOPER
Menu Key: ESCAPE
Stage Style: DECORATED
Scene Factory: class com.almasb.fxgl.app.scene.SceneFactory

09:52:07.331 [JavaFX Application Thread] DEBUG GameApplication      - Initializing FXGL
09:52:07.347 [JavaFX Application Thread] INFO  Engine               - FXGL-11.9 (27.05.2020 17.06) on LINUX (J:11.0.5 FX:10.0.2-internal)
09:52:07.348 [JavaFX Application Thread] DEBUG Engine               - JRE Vendor Name: JetBrains s.r.o
09:52:07.348 [JavaFX Application Thread] DEBUG Engine               - Running on OS: Linux version 4.15.0-111-generic
09:52:07.348 [JavaFX Application Thread] DEBUG Engine               - Architecture: amd64
09:52:07.348 [JavaFX Application Thread] INFO  Engine               - Source code and latest versions at: https://github.com/AlmasB/FXGL
09:52:07.349 [JavaFX Application Thread] INFO  Engine               -              Join the FXGL chat at: https://gitter.im/AlmasB/FXGL
09:52:07.499 [JavaFX Application Thread] DEBUG MainWindow           - Creating a JavaFX scene
09:52:07.655 [JavaFX Application Thread] DEBUG MainWindow           - Target settings size: 800.0 x 600.0
09:52:07.655 [JavaFX Application Thread] DEBUG MainWindow           - Scaled scene size:    800.0 x 600.0
09:52:07.656 [JavaFX Application Thread] DEBUG MainWindow           - Scaled ratio: (1.0, 1.0)
09:52:07.658 [JavaFX Application Thread] DEBUG MainWindow           - Set initial scene to FXGLStartupScene
09:52:07.669 [JavaFX Application Thread] DEBUG MainWindow           - Opening main window
09:52:07.734 [JavaFX Application Thread] DEBUG MainWindow           - Window border size: (2.0, 29.0)
09:52:07.735 [JavaFX Application Thread] DEBUG MainWindow           - Scaled size: 800.0 x 600.0
09:52:07.735 [JavaFX Application Thread] DEBUG MainWindow           - Scaled ratio: (1.0, 1.0)
09:52:07.735 [JavaFX Application Thread] DEBUG MainWindow           - Scene size: 800.0 x 600.0
09:52:07.736 [JavaFX Application Thread] DEBUG MainWindow           - Stage size: 802.0 x 629.0
09:52:07.748 [FXGL Background Thread 1 ] DEBUG Engine               - Initializing environment variables
09:52:07.790 [FXGL Background Thread 1 ] DEBUG WindowService        - Applying CSS: fxgl_dark.css
09:52:07.791 [FXGL Background Thread 1 ] DEBUG AssetLoaderService   - Loading from file system: /assets/ui/css/fxgl_dark.css
09:52:07.930 [FXGL Background Thread 1 ] DEBUG WindowService        - Initializing application scenes
09:52:08.079 [FXGL Background Thread 1 ] DEBUG GameWorld            - Game world initialized
09:52:08.133 [FXGL Background Thread 1 ] DEBUG PhysicsWorld         - Physics world initialized: appHeight=600, physics.ppm=50.0
09:52:08.136 [FXGL Background Thread 1 ] DEBUG GameScene            - Game scene initialized: 800x600
09:52:08.169 [FXGL Background Thread 1 ] DEBUG AssetLoaderService   - Loading from file system: /assets/textures/particles/trace_horizontal.png
09:52:08.227 [FXGL Background Thread 1 ] DEBUG FXGL.DefaultMenu     - createMenuBodyGameMenu()
09:52:08.247 [FXGL Background Thread 1 ] DEBUG FXGL.DefaultMenu     - createOptionsMenu()
09:52:08.253 [FXGL Background Thread 1 ] DEBUG AssetLoaderService   - Loading from file system: /assets/textures/particles/smoke.png
09:52:08.313 [FXGL Background Thread 1 ] DEBUG WindowService        - Application scenes initialized
09:52:08.324 [FXGL Background Thread 1 ] DEBUG SystemBundleService  - Loading FXGL system data
09:52:08.328 [FXGL Background Thread 1 ] DEBUG FileSystemAccess     - Reading from: /home/ben/MicroCosm/system/fxgl.bundle
09:52:08.336 [FXGL Background Thread 1 ] DEBUG SystemBundleService  - Bundle FXGL: {}
09:52:08.336 [FXGL Background Thread 1 ] INFO  Engine               - FXGL initialization took: 0.585 sec
09:52:08.338 [FXGL Background Thread 1 ] DEBUG GameApplication      - Loading localizations
09:52:08.339 [FXGL Background Thread 1 ] DEBUG AssetLoaderService   - Loading from file system: /assets/languages/english.lang
09:52:08.352 [FXGL Background Thread 1 ] DEBUG AssetLoaderService   - Loading from file system: /assets/languages/french.lang
09:52:08.354 [FXGL Background Thread 1 ] DEBUG AssetLoaderService   - Loading from file system: /assets/languages/german.lang
09:52:08.356 [FXGL Background Thread 1 ] DEBUG AssetLoaderService   - Loading from file system: /assets/languages/hungarian.lang
09:52:08.361 [FXGL Background Thread 1 ] DEBUG AssetLoaderService   - Loading from file system: /assets/languages/russian.lang
09:52:08.364 [FXGL Background Thread 1 ] DEBUG GameApplication      - Registering font factories with UI factory
09:52:08.364 [FXGL Background Thread 1 ] DEBUG AssetLoaderService   - Loading from file system: /assets/ui/fonts/VarelaRound-Regular.ttf
09:52:08.383 [FXGL Background Thread 1 ] DEBUG AssetLoaderService   - Loading from file system: /assets/ui/fonts/Abel-Regular.ttf
09:52:08.385 [FXGL Background Thread 1 ] DEBUG AssetLoaderService   - Loading from file system: /assets/ui/fonts/lucida_console.ttf
09:52:08.388 [FXGL Background Thread 1 ] DEBUG AssetLoaderService   - Loading from file system: /assets/ui/fonts/Courier-Prime.ttf
09:52:08.392 [JavaFX Application Thread] DEBUG AssetLoaderService   - Loading from file system: /assets/textures/fxgl_icon.png
09:52:08.428 [JavaFX Application Thread] DEBUG AssetLoaderService   - Loading from file system: /assets/ui/cursors/fxgl_default.png
09:52:08.440 [JavaFX Application Thread] DEBUG Input                - Registered new binding: Screenshot - P
09:52:08.440 [JavaFX Application Thread] DEBUG Input                - Registered new binding: System info dump - CTRL+9
09:52:08.441 [JavaFX Application Thread] DEBUG Input                - Registered new binding: Restart - CTRL+R
09:52:08.442 [JavaFX Application Thread] DEBUG LoopRunner           - Starting loop
09:52:08.449 [JavaFX Application Thread] DEBUG FXGLStartupScene     - STARTUP
09:52:08.450 [JavaFX Application Thread] DEBUG WindowService        - Starting new game
09:52:08.450 [JavaFX Application Thread] DEBUG Input                - Clearing active input actions
09:52:08.469 [JavaFX Application Thread] DEBUG WindowService        - Removing overlay from FXGLStartupScene and adding to FXGLLoadingScene
09:52:08.470 [JavaFX Application Thread] DEBUG MainWindow           - FXGLStartupScene -> FXGLLoadingScene
09:52:08.470 [JavaFX Application Thread] DEBUG WindowService        - Clearing previous game
09:52:08.470 [JavaFX Application Thread] DEBUG GameScene            - Clearing game scene
09:52:08.470 [JavaFX Application Thread] DEBUG GameWorld            - Clearing game world
09:52:08.470 [JavaFX Application Thread] DEBUG PhysicsWorld         - Clearing physics world
09:52:08.472 [FXGL Background Thread 1 ] DEBUG GameApplication      - Initializing game
09:52:08.472 [FXGL Background Thread 1 ] DEBUG AssetLoaderService   - Loading from file system: /assets/textures/water.png
09:52:08.475 [FXGL Background Thread 1 ] DEBUG AssetLoaderService   - Loading from file system: /assets/textures/galaxies.jpg
09:52:10.190 [JavaFX Application Thread] DEBUG LoopRunner           - Stopping loop
09:52:10.190 [JavaFX Application Thread] FATAL GameApplication      - Uncaught Exception:

Fatal exception occurred: java.lang.RuntimeException : Initialization failed
E: com.almasb.fxgl.app.GameApplication$InitAppTask.failed(GameApplication.java:423)
E: javafx.graphics/javafx.concurrent.Task.setState(Task.java:710)
E: javafx.graphics/javafx.concurrent.Task$TaskCallable.lambda$call$2(Task.java:1455)
E: javafx.graphics/com.sun.javafx.application.PlatformImpl.lambda$runLater$9(PlatformImpl.java:418)
E: java.base/java.security.AccessController.doPrivileged(Native Method)
E: javafx.graphics/com.sun.javafx.application.PlatformImpl.lambda$runLater$10(PlatformImpl.java:417)
E: javafx.graphics/com.sun.glass.ui.InvokeLaterDispatcher$Future.run(InvokeLaterDispatcher.java:96)
E: javafx.graphics/com.sun.glass.ui.gtk.GtkApplication._runLoop(Native Method)
E: javafx.graphics/com.sun.glass.ui.gtk.GtkApplication.lambda$runLoop$11(GtkApplication.java:277)
E: java.base/java.lang.Thread.run(Thread.java:834)

09:52:10.190 [JavaFX Application Thread] FATAL GameApplication      - Application will now exit
09:52:10.205 [JavaFX Application Thread] DEBUG MainWindow           - Push state: ErrorSubScene
09:52:10.205 [JavaFX Application Thread] DEBUG Input                - Clearing active input actions
09:52:10.215 [JavaFX Application Thread] DEBUG WindowService        - Removing overlay from FXGLLoadingScene and adding to ErrorSubScene
09:52:10.216 [JavaFX Application Thread] DEBUG MainWindow           - FXGLLoadingScene -> ErrorSubScene
09:52:11.337 [FXGL Background Thread 2 ] DEBUG Engine               - Logging environment variables
09:52:11.339 [FXGL Background Thread 2 ] DEBUG Engine               - achievements: []
09:52:11.339 [FXGL Background Thread 2 ] DEBUG Engine               - appIcon: fxgl_icon.png
09:52:11.339 [FXGL Background Thread 2 ] DEBUG Engine               - applicationMode: DEVELOPER
09:52:11.339 [FXGL Background Thread 2 ] DEBUG Engine               - cSSList: [fxgl_dark.css]
09:52:11.340 [FXGL Background Thread 2 ] DEBUG Engine               - configClass: Optional.empty
09:52:11.340 [FXGL Background Thread 2 ] DEBUG Engine               - credits: []
09:52:11.341 [FXGL Background Thread 2 ] DEBUG Engine               - devBBoxColorProperty: ObjectProperty [value: 0xff0000ff]
09:52:11.341 [FXGL Background Thread 2 ] DEBUG Engine               - devSensorColorProperty: ObjectProperty [value: 0xffff00ff]
09:52:11.341 [FXGL Background Thread 2 ] DEBUG Engine               - devShowBBoxProperty: BooleanProperty [value: false]
09:52:11.341 [FXGL Background Thread 2 ] DEBUG Engine               - devShowPositionProperty: BooleanProperty [value: false]
09:52:11.342 [FXGL Background Thread 2 ] DEBUG Engine               - enabledMenuItems: []
09:52:11.342 [FXGL Background Thread 2 ] DEBUG Engine               - engineServices: [class com.almasb.fxgl.app.GameApplication$GameApplicationService, class com.almasb.fxgl.app.services.WindowService, class com.almasb.fxgl.app.services.FXGLDialogService, class com.almasb.fxgl.app.services.IOTaskExecutorService, class com.almasb.fxgl.event.EventBusService, class com.almasb.fxgl.io.FileSystemService, class com.almasb.fxgl.localization.LocalizationService, class com.almasb.fxgl.app.services.AssetLoaderService, class com.almasb.fxgl.app.services.SystemBundleService, class com.almasb.fxgl.profile.SaveLoadService, class com.almasb.fxgl.ui.FXGLUIFactoryServiceProvider, class com.almasb.fxgl.ui.FXGLDialogFactoryServiceProvider, class com.almasb.fxgl.audio.AudioPlayer, class com.almasb.fxgl.notification.impl.NotificationServiceProvider, class com.almasb.fxgl.achievement.AchievementService, class com.almasb.fxgl.cutscene.CutsceneService, class com.almasb.fxgl.minigames.MiniGameService, class com.almasb.fxgl.net.NetService, class com.almasb.fxgl.app.services.UpdaterService, class com.almasb.fxgl.dev.DevService]
09:52:11.342 [FXGL Background Thread 2 ] DEBUG Engine               - fontGame: Abel-Regular.ttf
09:52:11.342 [FXGL Background Thread 2 ] DEBUG Engine               - fontMono: lucida_console.ttf
09:52:11.342 [FXGL Background Thread 2 ] DEBUG Engine               - fontText: Courier-Prime.ttf
09:52:11.343 [FXGL Background Thread 2 ] DEBUG Engine               - fontUI: VarelaRound-Regular.ttf
09:52:11.343 [FXGL Background Thread 2 ] DEBUG Engine               - fullScreen: BooleanProperty [value: false]
09:52:11.343 [FXGL Background Thread 2 ] DEBUG Engine               - gameDifficulty: MEDIUM
09:52:11.343 [FXGL Background Thread 2 ] DEBUG Engine               - gameDifficultyProperty: ObjectProperty [value: MEDIUM]
09:52:11.343 [FXGL Background Thread 2 ] DEBUG Engine               - globalMusicVolume: 0.5
09:52:11.344 [FXGL Background Thread 2 ] DEBUG Engine               - globalMusicVolumeProperty: DoubleProperty [value: 0.5]
09:52:11.344 [FXGL Background Thread 2 ] DEBUG Engine               - globalSoundVolume: 0.5
09:52:11.344 [FXGL Background Thread 2 ] DEBUG Engine               - globalSoundVolumeProperty: DoubleProperty [value: 0.5]
09:52:11.344 [FXGL Background Thread 2 ] DEBUG Engine               - height: 600
09:52:11.344 [FXGL Background Thread 2 ] DEBUG Engine               - isAndroid: false
09:52:11.344 [FXGL Background Thread 2 ] DEBUG Engine               - isBrowser: false
09:52:11.344 [FXGL Background Thread 2 ] DEBUG Engine               - isClickFeedbackEnabled: false
09:52:11.345 [FXGL Background Thread 2 ] DEBUG Engine               - isCloseConfirmation: false
09:52:11.345 [FXGL Background Thread 2 ] DEBUG Engine               - isDesktop: true
09:52:11.345 [FXGL Background Thread 2 ] DEBUG Engine               - isDeveloperMenuEnabled: false
09:52:11.345 [FXGL Background Thread 2 ] DEBUG Engine               - isExperimentalNative: false
09:52:11.345 [FXGL Background Thread 2 ] DEBUG Engine               - isExperimentalTiledLargeMap: false
09:52:11.345 [FXGL Background Thread 2 ] DEBUG Engine               - isFullScreenAllowed: false
09:52:11.345 [FXGL Background Thread 2 ] DEBUG Engine               - isFullScreenFromStart: false
09:52:11.345 [FXGL Background Thread 2 ] DEBUG Engine               - isGameMenuEnabled: true
09:52:11.345 [FXGL Background Thread 2 ] DEBUG Engine               - isIOS: false
09:52:11.345 [FXGL Background Thread 2 ] DEBUG Engine               - isIntroEnabled: false
09:52:11.345 [FXGL Background Thread 2 ] DEBUG Engine               - isLinux: true
09:52:11.345 [FXGL Background Thread 2 ] DEBUG Engine               - isMac: false
09:52:11.345 [FXGL Background Thread 2 ] DEBUG Engine               - isMainMenuEnabled: false
09:52:11.345 [FXGL Background Thread 2 ] DEBUG Engine               - isManualResizeEnabled: false
09:52:11.345 [FXGL Background Thread 2 ] DEBUG Engine               - isMobile: false
09:52:11.345 [FXGL Background Thread 2 ] DEBUG Engine               - isPreserveResizeRatio: false
09:52:11.345 [FXGL Background Thread 2 ] DEBUG Engine               - isProfilingEnabled: false
09:52:11.346 [FXGL Background Thread 2 ] DEBUG Engine               - isSingleStep: false
09:52:11.346 [FXGL Background Thread 2 ] DEBUG Engine               - isUserProfileEnabled: false
09:52:11.346 [FXGL Background Thread 2 ] DEBUG Engine               - isWindows: false
09:52:11.346 [FXGL Background Thread 2 ] DEBUG Engine               - language: ObjectProperty [value: ENGLISH]
09:52:11.346 [FXGL Background Thread 2 ] DEBUG Engine               - mainWindow: com.almasb.fxgl.app.MainWindow@30fd2d68
09:52:11.346 [FXGL Background Thread 2 ] DEBUG Engine               - menuKey: ESCAPE
09:52:11.346 [FXGL Background Thread 2 ] DEBUG Engine               - notificationViewClass: class com.almasb.fxgl.notification.view.XboxNotificationView
09:52:11.346 [FXGL Background Thread 2 ] DEBUG Engine               - pixelsPerMeter: 50.0
09:52:11.346 [FXGL Background Thread 2 ] DEBUG Engine               - platform: LINUX
09:52:11.346 [FXGL Background Thread 2 ] DEBUG Engine               - profileDir: profiles/
09:52:11.346 [FXGL Background Thread 2 ] DEBUG Engine               - profileName: StringProperty [value: DEFAULT]
09:52:11.346 [FXGL Background Thread 2 ] DEBUG Engine               - randomSeed: -1
09:52:11.346 [FXGL Background Thread 2 ] DEBUG Engine               - runtimeInfo: RuntimeInfo(platform=LINUX, version=11.9, build=27.05.2020 17.06)
09:52:11.346 [FXGL Background Thread 2 ] DEBUG Engine               - saveFileExt: sav
09:52:11.346 [FXGL Background Thread 2 ] DEBUG Engine               - sceneFactory: com.almasb.fxgl.app.scene.SceneFactory@710dc46a
09:52:11.346 [FXGL Background Thread 2 ] DEBUG Engine               - secondsIn24h: 60
09:52:11.347 [FXGL Background Thread 2 ] DEBUG Engine               - settings: Title: Untitled
Version: 0.0
Width: 800
Height: 600
Fullscreen: false
Intro: false
Profiling: false
Single step:false
App Mode: DEVELOPER
Menu Key: ESCAPE
Stage Style: DECORATED
Scene Factory: class com.almasb.fxgl.app.scene.SceneFactory

09:52:11.347 [FXGL Background Thread 2 ] DEBUG Engine               - soundMenuBack: menu/back.wav
09:52:11.347 [FXGL Background Thread 2 ] DEBUG Engine               - soundMenuPress: menu/press.wav
09:52:11.347 [FXGL Background Thread 2 ] DEBUG Engine               - soundMenuSelect: menu/select.wav
09:52:11.347 [FXGL Background Thread 2 ] DEBUG Engine               - soundNotification: core/notification.wav
09:52:11.347 [FXGL Background Thread 2 ] DEBUG Engine               - stageStyle: DECORATED
09:52:11.347 [FXGL Background Thread 2 ] DEBUG Engine               - supportedLanguages: [ENGLISH, FRENCH, GERMAN, HUNGARIAN, RUSSIAN]
09:52:11.347 [FXGL Background Thread 2 ] DEBUG Engine               - title: Untitled
09:52:11.347 [FXGL Background Thread 2 ] DEBUG Engine               - urlGithub: https://github.com/AlmasB/FXGL
09:52:11.347 [FXGL Background Thread 2 ] DEBUG Engine               - urlLeaderboard: http://fxgl-top.herokuapp.com/
09:52:11.347 [FXGL Background Thread 2 ] DEBUG Engine               - urlPOM: https://raw.githubusercontent.com/AlmasB/FXGL/master/pom.xml
09:52:11.347 [FXGL Background Thread 2 ] DEBUG Engine               - version: 0.0
09:52:11.347 [FXGL Background Thread 2 ] DEBUG Engine               - versionCheckDays: 7
09:52:11.347 [FXGL Background Thread 2 ] DEBUG Engine               - width: 800
09:52:11.347 [FXGL Background Thread 2 ] DEBUG Engine               - Logging services
09:52:11.347 [FXGL Background Thread 2 ] DEBUG Engine               - class com.almasb.fxgl.app.GameApplication$GameApplicationService
09:52:11.347 [FXGL Background Thread 2 ] DEBUG Engine               - class com.almasb.fxgl.app.services.WindowService
09:52:11.348 [FXGL Background Thread 2 ] DEBUG Engine               - class com.almasb.fxgl.app.services.FXGLDialogService
09:52:11.348 [FXGL Background Thread 2 ] DEBUG Engine               - class com.almasb.fxgl.app.services.IOTaskExecutorService
09:52:11.348 [FXGL Background Thread 2 ] DEBUG Engine               - class com.almasb.fxgl.event.EventBusService
09:52:11.348 [FXGL Background Thread 2 ] DEBUG Engine               - class com.almasb.fxgl.io.FileSystemService
09:52:11.348 [FXGL Background Thread 2 ] DEBUG Engine               - class com.almasb.fxgl.localization.LocalizationService
09:52:11.348 [FXGL Background Thread 2 ] DEBUG Engine               - class com.almasb.fxgl.app.services.AssetLoaderService
09:52:11.348 [FXGL Background Thread 2 ] DEBUG Engine               - class com.almasb.fxgl.app.services.SystemBundleService
09:52:11.348 [FXGL Background Thread 2 ] DEBUG Engine               - class com.almasb.fxgl.profile.SaveLoadService
09:52:11.348 [FXGL Background Thread 2 ] DEBUG Engine               - class com.almasb.fxgl.ui.FXGLUIFactoryServiceProvider
09:52:11.348 [FXGL Background Thread 2 ] DEBUG Engine               - class com.almasb.fxgl.ui.FXGLDialogFactoryServiceProvider
09:52:11.348 [FXGL Background Thread 2 ] DEBUG Engine               - class com.almasb.fxgl.audio.AudioPlayer
09:52:11.348 [FXGL Background Thread 2 ] DEBUG Engine               - class com.almasb.fxgl.notification.impl.NotificationServiceProvider
09:52:11.348 [FXGL Background Thread 2 ] DEBUG Engine               - class com.almasb.fxgl.achievement.AchievementService
09:52:11.348 [FXGL Background Thread 2 ] DEBUG Engine               - class com.almasb.fxgl.cutscene.CutsceneService
09:52:11.348 [FXGL Background Thread 2 ] DEBUG Engine               - class com.almasb.fxgl.minigames.MiniGameService
09:52:11.348 [FXGL Background Thread 2 ] DEBUG Engine               - class com.almasb.fxgl.net.NetService
09:52:11.348 [FXGL Background Thread 2 ] DEBUG Engine               - class com.almasb.fxgl.app.services.UpdaterService
09:52:11.349 [FXGL Background Thread 2 ] DEBUG Engine               - class com.almasb.fxgl.dev.DevService
09:52:33.651 [JavaFX Application Thread] DEBUG GameApplication      - Exiting FXGL
09:52:33.652 [JavaFX Application Thread] DEBUG GameApplication      - Shutting down background threads
09:52:33.652 [JavaFX Application Thread] DEBUG GameApplication      - Closing logger and exiting JavaFX
