22:20:00.576 [main                     ] DEBUG GameApplication      - Logger initialized
22:20:00.605 [main                     ] DEBUG GameApplication      - Logging settings
Title: Untitled
Version: 0.0
Width: 800
Height: 600
Fullscreen: false
Intro: false
Profiling: false
Single step:false
App Mode: DEVELOPER
Menu Key: ESCAPE
Stage Style: DECORATED
Scene Factory: class com.almasb.fxgl.app.scene.SceneFactory

22:20:00.882 [JavaFX Application Thread] DEBUG GameApplication      - Initializing FXGL
22:20:00.897 [JavaFX Application Thread] INFO  Engine               - FXGL-11.9 (27.05.2020 17.06) on LINUX (J:11.0.5 FX:10.0.2-internal)
22:20:00.898 [JavaFX Application Thread] DEBUG Engine               - JRE Vendor Name: JetBrains s.r.o
22:20:00.898 [JavaFX Application Thread] DEBUG Engine               - Running on OS: Linux version 4.15.0-111-generic
22:20:00.898 [JavaFX Application Thread] DEBUG Engine               - Architecture: amd64
22:20:00.898 [JavaFX Application Thread] INFO  Engine               - Source code and latest versions at: https://github.com/AlmasB/FXGL
22:20:00.899 [JavaFX Application Thread] INFO  Engine               -              Join the FXGL chat at: https://gitter.im/AlmasB/FXGL
22:20:01.045 [JavaFX Application Thread] DEBUG MainWindow           - Creating a JavaFX scene
22:20:01.181 [JavaFX Application Thread] DEBUG MainWindow           - Target settings size: 800.0 x 600.0
22:20:01.181 [JavaFX Application Thread] DEBUG MainWindow           - Scaled scene size:    800.0 x 600.0
22:20:01.181 [JavaFX Application Thread] DEBUG MainWindow           - Scaled ratio: (1.0, 1.0)
22:20:01.184 [JavaFX Application Thread] DEBUG MainWindow           - Set initial scene to FXGLStartupScene
22:20:01.192 [JavaFX Application Thread] DEBUG MainWindow           - Opening main window
22:20:01.251 [JavaFX Application Thread] DEBUG MainWindow           - Window border size: (2.0, 29.0)
22:20:01.251 [JavaFX Application Thread] DEBUG MainWindow           - Scaled size: 800.0 x 600.0
22:20:01.252 [JavaFX Application Thread] DEBUG MainWindow           - Scaled ratio: (1.0, 1.0)
22:20:01.252 [JavaFX Application Thread] DEBUG MainWindow           - Scene size: 800.0 x 600.0
22:20:01.252 [JavaFX Application Thread] DEBUG MainWindow           - Stage size: 802.0 x 629.0
22:20:01.262 [FXGL Background Thread 1 ] DEBUG Engine               - Initializing environment variables
22:20:01.328 [FXGL Background Thread 1 ] DEBUG WindowService        - Applying CSS: fxgl_dark.css
22:20:01.329 [FXGL Background Thread 1 ] DEBUG AssetLoaderService   - Loading from file system: /assets/ui/css/fxgl_dark.css
22:20:01.448 [FXGL Background Thread 1 ] DEBUG WindowService        - Initializing application scenes
22:20:01.609 [FXGL Background Thread 1 ] DEBUG GameWorld            - Game world initialized
22:20:01.667 [FXGL Background Thread 1 ] DEBUG PhysicsWorld         - Physics world initialized: appHeight=600, physics.ppm=50.0
22:20:01.671 [FXGL Background Thread 1 ] DEBUG GameScene            - Game scene initialized: 800x600
22:20:01.712 [FXGL Background Thread 1 ] DEBUG AssetLoaderService   - Loading from file system: /assets/textures/particles/trace_horizontal.png
22:20:01.772 [FXGL Background Thread 1 ] DEBUG FXGL.DefaultMenu     - createMenuBodyGameMenu()
22:20:01.793 [FXGL Background Thread 1 ] DEBUG FXGL.DefaultMenu     - createOptionsMenu()
22:20:01.798 [FXGL Background Thread 1 ] DEBUG AssetLoaderService   - Loading from file system: /assets/textures/particles/smoke.png
22:20:01.878 [FXGL Background Thread 1 ] DEBUG WindowService        - Application scenes initialized
22:20:01.893 [FXGL Background Thread 1 ] DEBUG SystemBundleService  - Loading FXGL system data
22:20:01.898 [FXGL Background Thread 1 ] DEBUG FileSystemAccess     - Reading from: /home/ben/MicroCosm/system/fxgl.bundle
22:20:01.908 [FXGL Background Thread 1 ] DEBUG SystemBundleService  - Bundle FXGL: {}
22:20:01.909 [FXGL Background Thread 1 ] INFO  Engine               - FXGL initialization took: 0.643 sec
22:20:01.911 [FXGL Background Thread 1 ] DEBUG GameApplication      - Loading localizations
22:20:01.912 [FXGL Background Thread 1 ] DEBUG AssetLoaderService   - Loading from file system: /assets/languages/english.lang
22:20:01.928 [FXGL Background Thread 1 ] DEBUG AssetLoaderService   - Loading from file system: /assets/languages/french.lang
22:20:01.931 [FXGL Background Thread 1 ] DEBUG AssetLoaderService   - Loading from file system: /assets/languages/german.lang
22:20:01.933 [FXGL Background Thread 1 ] DEBUG AssetLoaderService   - Loading from file system: /assets/languages/hungarian.lang
22:20:01.937 [FXGL Background Thread 1 ] DEBUG AssetLoaderService   - Loading from file system: /assets/languages/russian.lang
22:20:01.940 [FXGL Background Thread 1 ] DEBUG GameApplication      - Registering font factories with UI factory
22:20:01.940 [FXGL Background Thread 1 ] DEBUG AssetLoaderService   - Loading from file system: /assets/ui/fonts/VarelaRound-Regular.ttf
22:20:01.960 [FXGL Background Thread 1 ] DEBUG AssetLoaderService   - Loading from file system: /assets/ui/fonts/Abel-Regular.ttf
22:20:01.962 [FXGL Background Thread 1 ] DEBUG AssetLoaderService   - Loading from file system: /assets/ui/fonts/lucida_console.ttf
22:20:01.965 [FXGL Background Thread 1 ] DEBUG AssetLoaderService   - Loading from file system: /assets/ui/fonts/Courier-Prime.ttf
22:20:01.969 [JavaFX Application Thread] DEBUG AssetLoaderService   - Loading from file system: /assets/textures/fxgl_icon.png
22:20:02.001 [JavaFX Application Thread] DEBUG AssetLoaderService   - Loading from file system: /assets/ui/cursors/fxgl_default.png
22:20:02.027 [JavaFX Application Thread] DEBUG Input                - Registered new binding: Screenshot - P
22:20:02.028 [JavaFX Application Thread] DEBUG Input                - Registered new binding: System info dump - CTRL+9
22:20:02.029 [JavaFX Application Thread] DEBUG Input                - Registered new binding: Restart - CTRL+R
22:20:02.030 [JavaFX Application Thread] DEBUG LoopRunner           - Starting loop
22:20:02.037 [JavaFX Application Thread] DEBUG FXGLStartupScene     - STARTUP
22:20:02.037 [JavaFX Application Thread] DEBUG WindowService        - Starting new game
22:20:02.038 [JavaFX Application Thread] DEBUG Input                - Clearing active input actions
22:20:02.053 [JavaFX Application Thread] DEBUG WindowService        - Removing overlay from FXGLStartupScene and adding to FXGLLoadingScene
22:20:02.054 [JavaFX Application Thread] DEBUG MainWindow           - FXGLStartupScene -> FXGLLoadingScene
22:20:02.054 [JavaFX Application Thread] DEBUG WindowService        - Clearing previous game
22:20:02.054 [JavaFX Application Thread] DEBUG GameScene            - Clearing game scene
22:20:02.054 [JavaFX Application Thread] DEBUG GameWorld            - Clearing game world
22:20:02.054 [JavaFX Application Thread] DEBUG PhysicsWorld         - Clearing physics world
22:20:02.056 [FXGL Background Thread 1 ] DEBUG GameApplication      - Initializing game
22:20:02.057 [FXGL Background Thread 1 ] DEBUG AssetLoaderService   - Loading from file system: /assets/textures/water.png
22:20:02.060 [FXGL Background Thread 1 ] DEBUG AssetLoaderService   - Loading from file system: /assets/textures/galaxies.jpg
22:20:03.803 [JavaFX Application Thread] DEBUG LoopRunner           - Stopping loop
22:20:03.803 [JavaFX Application Thread] FATAL GameApplication      - Uncaught Exception:

Fatal exception occurred: java.lang.RuntimeException : Initialization failed
E: com.almasb.fxgl.app.GameApplication$InitAppTask.failed(GameApplication.java:423)
E: javafx.graphics/javafx.concurrent.Task.setState(Task.java:710)
E: javafx.graphics/javafx.concurrent.Task$TaskCallable.lambda$call$2(Task.java:1455)
E: javafx.graphics/com.sun.javafx.application.PlatformImpl.lambda$runLater$9(PlatformImpl.java:418)
E: java.base/java.security.AccessController.doPrivileged(Native Method)
E: javafx.graphics/com.sun.javafx.application.PlatformImpl.lambda$runLater$10(PlatformImpl.java:417)
E: javafx.graphics/com.sun.glass.ui.InvokeLaterDispatcher$Future.run(InvokeLaterDispatcher.java:96)
E: javafx.graphics/com.sun.glass.ui.gtk.GtkApplication._runLoop(Native Method)
E: javafx.graphics/com.sun.glass.ui.gtk.GtkApplication.lambda$runLoop$11(GtkApplication.java:277)
E: java.base/java.lang.Thread.run(Thread.java:834)

22:20:03.804 [JavaFX Application Thread] FATAL GameApplication      - Application will now exit
22:20:03.824 [JavaFX Application Thread] DEBUG MainWindow           - Push state: ErrorSubScene
22:20:03.824 [JavaFX Application Thread] DEBUG Input                - Clearing active input actions
22:20:03.840 [JavaFX Application Thread] DEBUG WindowService        - Removing overlay from FXGLLoadingScene and adding to ErrorSubScene
22:20:03.840 [JavaFX Application Thread] DEBUG MainWindow           - FXGLLoadingScene -> ErrorSubScene
22:20:04.910 [FXGL Background Thread 2 ] DEBUG Engine               - Logging environment variables
22:20:04.912 [FXGL Background Thread 2 ] DEBUG Engine               - achievements: []
22:20:04.912 [FXGL Background Thread 2 ] DEBUG Engine               - appIcon: fxgl_icon.png
22:20:04.912 [FXGL Background Thread 2 ] DEBUG Engine               - applicationMode: DEVELOPER
22:20:04.912 [FXGL Background Thread 2 ] DEBUG Engine               - cSSList: [fxgl_dark.css]
22:20:04.912 [FXGL Background Thread 2 ] DEBUG Engine               - configClass: Optional.empty
22:20:04.913 [FXGL Background Thread 2 ] DEBUG Engine               - credits: []
22:20:04.913 [FXGL Background Thread 2 ] DEBUG Engine               - devBBoxColorProperty: ObjectProperty [value: 0xff0000ff]
22:20:04.913 [FXGL Background Thread 2 ] DEBUG Engine               - devSensorColorProperty: ObjectProperty [value: 0xffff00ff]
22:20:04.914 [FXGL Background Thread 2 ] DEBUG Engine               - devShowBBoxProperty: BooleanProperty [value: false]
22:20:04.914 [FXGL Background Thread 2 ] DEBUG Engine               - devShowPositionProperty: BooleanProperty [value: false]
22:20:04.914 [FXGL Background Thread 2 ] DEBUG Engine               - enabledMenuItems: []
22:20:04.914 [FXGL Background Thread 2 ] DEBUG Engine               - engineServices: [class com.almasb.fxgl.app.GameApplication$GameApplicationService, class com.almasb.fxgl.app.services.WindowService, class com.almasb.fxgl.app.services.FXGLDialogService, class com.almasb.fxgl.app.services.IOTaskExecutorService, class com.almasb.fxgl.event.EventBusService, class com.almasb.fxgl.io.FileSystemService, class com.almasb.fxgl.localization.LocalizationService, class com.almasb.fxgl.app.services.AssetLoaderService, class com.almasb.fxgl.app.services.SystemBundleService, class com.almasb.fxgl.profile.SaveLoadService, class com.almasb.fxgl.ui.FXGLUIFactoryServiceProvider, class com.almasb.fxgl.ui.FXGLDialogFactoryServiceProvider, class com.almasb.fxgl.audio.AudioPlayer, class com.almasb.fxgl.notification.impl.NotificationServiceProvider, class com.almasb.fxgl.achievement.AchievementService, class com.almasb.fxgl.cutscene.CutsceneService, class com.almasb.fxgl.minigames.MiniGameService, class com.almasb.fxgl.net.NetService, class com.almasb.fxgl.app.services.UpdaterService, class com.almasb.fxgl.dev.DevService]
22:20:04.914 [FXGL Background Thread 2 ] DEBUG Engine               - fontGame: Abel-Regular.ttf
22:20:04.914 [FXGL Background Thread 2 ] DEBUG Engine               - fontMono: lucida_console.ttf
22:20:04.914 [FXGL Background Thread 2 ] DEBUG Engine               - fontText: Courier-Prime.ttf
22:20:04.914 [FXGL Background Thread 2 ] DEBUG Engine               - fontUI: VarelaRound-Regular.ttf
22:20:04.914 [FXGL Background Thread 2 ] DEBUG Engine               - fullScreen: BooleanProperty [value: false]
22:20:04.914 [FXGL Background Thread 2 ] DEBUG Engine               - gameDifficulty: MEDIUM
22:20:04.914 [FXGL Background Thread 2 ] DEBUG Engine               - gameDifficultyProperty: ObjectProperty [value: MEDIUM]
22:20:04.915 [FXGL Background Thread 2 ] DEBUG Engine               - globalMusicVolume: 0.5
22:20:04.915 [FXGL Background Thread 2 ] DEBUG Engine               - globalMusicVolumeProperty: DoubleProperty [value: 0.5]
22:20:04.915 [FXGL Background Thread 2 ] DEBUG Engine               - globalSoundVolume: 0.5
22:20:04.915 [FXGL Background Thread 2 ] DEBUG Engine               - globalSoundVolumeProperty: DoubleProperty [value: 0.5]
22:20:04.915 [FXGL Background Thread 2 ] DEBUG Engine               - height: 600
22:20:04.915 [FXGL Background Thread 2 ] DEBUG Engine               - isAndroid: false
22:20:04.915 [FXGL Background Thread 2 ] DEBUG Engine               - isBrowser: false
22:20:04.915 [FXGL Background Thread 2 ] DEBUG Engine               - isClickFeedbackEnabled: false
22:20:04.915 [FXGL Background Thread 2 ] DEBUG Engine               - isCloseConfirmation: false
22:20:04.915 [FXGL Background Thread 2 ] DEBUG Engine               - isDesktop: true
22:20:04.915 [FXGL Background Thread 2 ] DEBUG Engine               - isDeveloperMenuEnabled: false
22:20:04.915 [FXGL Background Thread 2 ] DEBUG Engine               - isExperimentalNative: false
22:20:04.915 [FXGL Background Thread 2 ] DEBUG Engine               - isExperimentalTiledLargeMap: false
22:20:04.916 [FXGL Background Thread 2 ] DEBUG Engine               - isFullScreenAllowed: false
22:20:04.916 [FXGL Background Thread 2 ] DEBUG Engine               - isFullScreenFromStart: false
22:20:04.916 [FXGL Background Thread 2 ] DEBUG Engine               - isGameMenuEnabled: true
22:20:04.916 [FXGL Background Thread 2 ] DEBUG Engine               - isIOS: false
22:20:04.916 [FXGL Background Thread 2 ] DEBUG Engine               - isIntroEnabled: false
22:20:04.916 [FXGL Background Thread 2 ] DEBUG Engine               - isLinux: true
22:20:04.916 [FXGL Background Thread 2 ] DEBUG Engine               - isMac: false
22:20:04.916 [FXGL Background Thread 2 ] DEBUG Engine               - isMainMenuEnabled: false
22:20:04.916 [FXGL Background Thread 2 ] DEBUG Engine               - isManualResizeEnabled: false
22:20:04.916 [FXGL Background Thread 2 ] DEBUG Engine               - isMobile: false
22:20:04.916 [FXGL Background Thread 2 ] DEBUG Engine               - isPreserveResizeRatio: false
22:20:04.916 [FXGL Background Thread 2 ] DEBUG Engine               - isProfilingEnabled: false
22:20:04.916 [FXGL Background Thread 2 ] DEBUG Engine               - isSingleStep: false
22:20:04.916 [FXGL Background Thread 2 ] DEBUG Engine               - isUserProfileEnabled: false
22:20:04.916 [FXGL Background Thread 2 ] DEBUG Engine               - isWindows: false
22:20:04.917 [FXGL Background Thread 2 ] DEBUG Engine               - language: ObjectProperty [value: ENGLISH]
22:20:04.917 [FXGL Background Thread 2 ] DEBUG Engine               - mainWindow: com.almasb.fxgl.app.MainWindow@1308b78b
22:20:04.917 [FXGL Background Thread 2 ] DEBUG Engine               - menuKey: ESCAPE
22:20:04.917 [FXGL Background Thread 2 ] DEBUG Engine               - notificationViewClass: class com.almasb.fxgl.notification.view.XboxNotificationView
22:20:04.917 [FXGL Background Thread 2 ] DEBUG Engine               - pixelsPerMeter: 50.0
22:20:04.917 [FXGL Background Thread 2 ] DEBUG Engine               - platform: LINUX
22:20:04.917 [FXGL Background Thread 2 ] DEBUG Engine               - profileDir: profiles/
22:20:04.917 [FXGL Background Thread 2 ] DEBUG Engine               - profileName: StringProperty [value: DEFAULT]
22:20:04.917 [FXGL Background Thread 2 ] DEBUG Engine               - randomSeed: -1
22:20:04.917 [FXGL Background Thread 2 ] DEBUG Engine               - runtimeInfo: RuntimeInfo(platform=LINUX, version=11.9, build=27.05.2020 17.06)
22:20:04.917 [FXGL Background Thread 2 ] DEBUG Engine               - saveFileExt: sav
22:20:04.917 [FXGL Background Thread 2 ] DEBUG Engine               - sceneFactory: com.almasb.fxgl.app.scene.SceneFactory@5d76ad0c
22:20:04.918 [FXGL Background Thread 2 ] DEBUG Engine               - secondsIn24h: 60
22:20:04.918 [FXGL Background Thread 2 ] DEBUG Engine               - settings: Title: Untitled
Version: 0.0
Width: 800
Height: 600
Fullscreen: false
Intro: false
Profiling: false
Single step:false
App Mode: DEVELOPER
Menu Key: ESCAPE
Stage Style: DECORATED
Scene Factory: class com.almasb.fxgl.app.scene.SceneFactory

22:20:04.918 [FXGL Background Thread 2 ] DEBUG Engine               - soundMenuBack: menu/back.wav
22:20:04.918 [FXGL Background Thread 2 ] DEBUG Engine               - soundMenuPress: menu/press.wav
22:20:04.918 [FXGL Background Thread 2 ] DEBUG Engine               - soundMenuSelect: menu/select.wav
22:20:04.918 [FXGL Background Thread 2 ] DEBUG Engine               - soundNotification: core/notification.wav
22:20:04.918 [FXGL Background Thread 2 ] DEBUG Engine               - stageStyle: DECORATED
22:20:04.918 [FXGL Background Thread 2 ] DEBUG Engine               - supportedLanguages: [ENGLISH, FRENCH, GERMAN, HUNGARIAN, RUSSIAN]
22:20:04.918 [FXGL Background Thread 2 ] DEBUG Engine               - title: Untitled
22:20:04.918 [FXGL Background Thread 2 ] DEBUG Engine               - urlGithub: https://github.com/AlmasB/FXGL
22:20:04.918 [FXGL Background Thread 2 ] DEBUG Engine               - urlLeaderboard: http://fxgl-top.herokuapp.com/
22:20:04.918 [FXGL Background Thread 2 ] DEBUG Engine               - urlPOM: https://raw.githubusercontent.com/AlmasB/FXGL/master/pom.xml
22:20:04.918 [FXGL Background Thread 2 ] DEBUG Engine               - version: 0.0
22:20:04.918 [FXGL Background Thread 2 ] DEBUG Engine               - versionCheckDays: 7
22:20:04.919 [FXGL Background Thread 2 ] DEBUG Engine               - width: 800
22:20:04.919 [FXGL Background Thread 2 ] DEBUG Engine               - Logging services
22:20:04.919 [FXGL Background Thread 2 ] DEBUG Engine               - class com.almasb.fxgl.app.GameApplication$GameApplicationService
22:20:04.919 [FXGL Background Thread 2 ] DEBUG Engine               - class com.almasb.fxgl.app.services.WindowService
22:20:04.919 [FXGL Background Thread 2 ] DEBUG Engine               - class com.almasb.fxgl.app.services.FXGLDialogService
22:20:04.919 [FXGL Background Thread 2 ] DEBUG Engine               - class com.almasb.fxgl.app.services.IOTaskExecutorService
22:20:04.919 [FXGL Background Thread 2 ] DEBUG Engine               - class com.almasb.fxgl.event.EventBusService
22:20:04.919 [FXGL Background Thread 2 ] DEBUG Engine               - class com.almasb.fxgl.io.FileSystemService
22:20:04.919 [FXGL Background Thread 2 ] DEBUG Engine               - class com.almasb.fxgl.localization.LocalizationService
22:20:04.919 [FXGL Background Thread 2 ] DEBUG Engine               - class com.almasb.fxgl.app.services.AssetLoaderService
22:20:04.919 [FXGL Background Thread 2 ] DEBUG Engine               - class com.almasb.fxgl.app.services.SystemBundleService
22:20:04.919 [FXGL Background Thread 2 ] DEBUG Engine               - class com.almasb.fxgl.profile.SaveLoadService
22:20:04.919 [FXGL Background Thread 2 ] DEBUG Engine               - class com.almasb.fxgl.ui.FXGLUIFactoryServiceProvider
22:20:04.919 [FXGL Background Thread 2 ] DEBUG Engine               - class com.almasb.fxgl.ui.FXGLDialogFactoryServiceProvider
22:20:04.919 [FXGL Background Thread 2 ] DEBUG Engine               - class com.almasb.fxgl.audio.AudioPlayer
22:20:04.919 [FXGL Background Thread 2 ] DEBUG Engine               - class com.almasb.fxgl.notification.impl.NotificationServiceProvider
22:20:04.919 [FXGL Background Thread 2 ] DEBUG Engine               - class com.almasb.fxgl.achievement.AchievementService
22:20:04.920 [FXGL Background Thread 2 ] DEBUG Engine               - class com.almasb.fxgl.cutscene.CutsceneService
22:20:04.920 [FXGL Background Thread 2 ] DEBUG Engine               - class com.almasb.fxgl.minigames.MiniGameService
22:20:04.920 [FXGL Background Thread 2 ] DEBUG Engine               - class com.almasb.fxgl.net.NetService
22:20:04.920 [FXGL Background Thread 2 ] DEBUG Engine               - class com.almasb.fxgl.app.services.UpdaterService
22:20:04.920 [FXGL Background Thread 2 ] DEBUG Engine               - class com.almasb.fxgl.dev.DevService
22:20:31.447 [JavaFX Application Thread] DEBUG GameApplication      - Exiting FXGL
22:20:31.447 [JavaFX Application Thread] DEBUG GameApplication      - Shutting down background threads
22:20:31.447 [JavaFX Application Thread] DEBUG GameApplication      - Closing logger and exiting JavaFX
