11:33:53.606 [main                     ] DEBUG GameApplication      - Logger initialized
11:33:53.639 [main                     ] DEBUG GameApplication      - Logging settings
Title: Untitled
Version: 0.0
Width: 800
Height: 600
Fullscreen: false
Intro: false
Profiling: false
Single step:false
App Mode: DEVELOPER
Menu Key: ESCAPE
Stage Style: DECORATED
Scene Factory: class com.almasb.fxgl.app.scene.SceneFactory

11:33:53.960 [JavaFX Application Thread] DEBUG GameApplication      - Initializing FXGL
11:33:53.975 [JavaFX Application Thread] INFO  Engine               - FXGL-11.9 (27.05.2020 17.06) on LINUX (J:11.0.5 FX:10.0.2-internal)
11:33:53.975 [JavaFX Application Thread] DEBUG Engine               - JRE Vendor Name: JetBrains s.r.o
11:33:53.976 [JavaFX Application Thread] DEBUG Engine               - Running on OS: Linux version 4.15.0-111-generic
11:33:53.976 [JavaFX Application Thread] DEBUG Engine               - Architecture: amd64
11:33:53.976 [JavaFX Application Thread] INFO  Engine               - Source code and latest versions at: https://github.com/AlmasB/FXGL
11:33:53.976 [JavaFX Application Thread] INFO  Engine               -              Join the FXGL chat at: https://gitter.im/AlmasB/FXGL
11:33:54.128 [JavaFX Application Thread] DEBUG MainWindow           - Creating a JavaFX scene
11:33:54.290 [JavaFX Application Thread] DEBUG MainWindow           - Target settings size: 800.0 x 600.0
11:33:54.290 [JavaFX Application Thread] DEBUG MainWindow           - Scaled scene size:    800.0 x 600.0
11:33:54.290 [JavaFX Application Thread] DEBUG MainWindow           - Scaled ratio: (1.0, 1.0)
11:33:54.292 [JavaFX Application Thread] DEBUG MainWindow           - Set initial scene to FXGLStartupScene
11:33:54.306 [JavaFX Application Thread] DEBUG MainWindow           - Opening main window
11:33:54.382 [JavaFX Application Thread] DEBUG MainWindow           - Window border size: (0.0, 30.0)
11:33:54.382 [JavaFX Application Thread] DEBUG MainWindow           - Scaled size: 800.0 x 600.0
11:33:54.383 [JavaFX Application Thread] DEBUG MainWindow           - Scaled ratio: (1.0, 1.0)
11:33:54.383 [JavaFX Application Thread] DEBUG MainWindow           - Scene size: 800.0 x 600.0
11:33:54.383 [JavaFX Application Thread] DEBUG MainWindow           - Stage size: 800.0 x 630.0
11:33:54.394 [FXGL Background Thread 1 ] DEBUG Engine               - Initializing environment variables
11:33:54.459 [FXGL Background Thread 1 ] DEBUG WindowService        - Applying CSS: fxgl_dark.css
11:33:54.460 [FXGL Background Thread 1 ] DEBUG AssetLoaderService   - Loading from file system: /assets/ui/css/fxgl_dark.css
11:33:54.582 [FXGL Background Thread 1 ] DEBUG WindowService        - Initializing application scenes
11:33:54.701 [FXGL Background Thread 1 ] DEBUG GameWorld            - Game world initialized
11:33:54.759 [FXGL Background Thread 1 ] DEBUG PhysicsWorld         - Physics world initialized: appHeight=600, physics.ppm=50.0
11:33:54.762 [FXGL Background Thread 1 ] DEBUG GameScene            - Game scene initialized: 800x600
11:33:54.799 [FXGL Background Thread 1 ] DEBUG AssetLoaderService   - Loading from file system: /assets/textures/particles/trace_horizontal.png
11:33:54.862 [FXGL Background Thread 1 ] DEBUG FXGL.DefaultMenu     - createMenuBodyGameMenu()
11:33:54.881 [FXGL Background Thread 1 ] DEBUG FXGL.DefaultMenu     - createOptionsMenu()
11:33:54.890 [FXGL Background Thread 1 ] DEBUG AssetLoaderService   - Loading from file system: /assets/textures/particles/smoke.png
11:33:54.968 [FXGL Background Thread 1 ] DEBUG WindowService        - Application scenes initialized
11:33:54.982 [FXGL Background Thread 1 ] DEBUG SystemBundleService  - Loading FXGL system data
11:33:54.986 [FXGL Background Thread 1 ] DEBUG FileSystemAccess     - Reading from: /home/ben/MicroCosm/system/fxgl.bundle
11:33:54.995 [FXGL Background Thread 1 ] DEBUG SystemBundleService  - Bundle FXGL: {}
11:33:54.996 [FXGL Background Thread 1 ] INFO  Engine               - FXGL initialization took: 0.598 sec
11:33:54.998 [FXGL Background Thread 1 ] DEBUG GameApplication      - Loading localizations
11:33:54.998 [FXGL Background Thread 1 ] DEBUG AssetLoaderService   - Loading from file system: /assets/languages/english.lang
11:33:55.012 [FXGL Background Thread 1 ] DEBUG AssetLoaderService   - Loading from file system: /assets/languages/french.lang
11:33:55.015 [FXGL Background Thread 1 ] DEBUG AssetLoaderService   - Loading from file system: /assets/languages/german.lang
11:33:55.017 [FXGL Background Thread 1 ] DEBUG AssetLoaderService   - Loading from file system: /assets/languages/hungarian.lang
11:33:55.023 [FXGL Background Thread 1 ] DEBUG AssetLoaderService   - Loading from file system: /assets/languages/russian.lang
11:33:55.025 [FXGL Background Thread 1 ] DEBUG GameApplication      - Registering font factories with UI factory
11:33:55.025 [FXGL Background Thread 1 ] DEBUG AssetLoaderService   - Loading from file system: /assets/ui/fonts/VarelaRound-Regular.ttf
11:33:55.048 [FXGL Background Thread 1 ] DEBUG AssetLoaderService   - Loading from file system: /assets/ui/fonts/Abel-Regular.ttf
11:33:55.050 [FXGL Background Thread 1 ] DEBUG AssetLoaderService   - Loading from file system: /assets/ui/fonts/lucida_console.ttf
11:33:55.052 [FXGL Background Thread 1 ] DEBUG AssetLoaderService   - Loading from file system: /assets/ui/fonts/Courier-Prime.ttf
11:33:55.057 [JavaFX Application Thread] DEBUG AssetLoaderService   - Loading from file system: /assets/textures/fxgl_icon.png
11:33:55.095 [JavaFX Application Thread] DEBUG AssetLoaderService   - Loading from file system: /assets/ui/cursors/fxgl_default.png
11:33:55.108 [JavaFX Application Thread] DEBUG Input                - Registered new binding: Screenshot - P
11:33:55.108 [JavaFX Application Thread] DEBUG Input                - Registered new binding: System info dump - CTRL+9
11:33:55.108 [JavaFX Application Thread] DEBUG Input                - Registered new binding: Restart - CTRL+R
11:33:55.109 [JavaFX Application Thread] DEBUG LoopRunner           - Starting loop
11:33:55.118 [JavaFX Application Thread] DEBUG FXGLStartupScene     - STARTUP
11:33:55.118 [JavaFX Application Thread] DEBUG WindowService        - Starting new game
11:33:55.119 [JavaFX Application Thread] DEBUG Input                - Clearing active input actions
11:33:55.133 [JavaFX Application Thread] DEBUG WindowService        - Removing overlay from FXGLStartupScene and adding to FXGLLoadingScene
11:33:55.133 [JavaFX Application Thread] DEBUG MainWindow           - FXGLStartupScene -> FXGLLoadingScene
11:33:55.133 [JavaFX Application Thread] DEBUG WindowService        - Clearing previous game
11:33:55.134 [JavaFX Application Thread] DEBUG GameScene            - Clearing game scene
11:33:55.134 [JavaFX Application Thread] DEBUG GameWorld            - Clearing game world
11:33:55.134 [JavaFX Application Thread] DEBUG PhysicsWorld         - Clearing physics world
11:33:55.136 [FXGL Background Thread 1 ] DEBUG GameApplication      - Initializing game
11:33:55.256 [JavaFX Application Thread] DEBUG LoopRunner           - Stopping loop
11:33:55.257 [JavaFX Application Thread] FATAL GameApplication      - Uncaught Exception:

Fatal exception occurred: java.lang.RuntimeException : Initialization failed
E: com.almasb.fxgl.app.GameApplication$InitAppTask.failed(GameApplication.java:423)
E: javafx.graphics/javafx.concurrent.Task.setState(Task.java:710)
E: javafx.graphics/javafx.concurrent.Task$TaskCallable.lambda$call$2(Task.java:1455)
E: javafx.graphics/com.sun.javafx.application.PlatformImpl.lambda$runLater$9(PlatformImpl.java:418)
E: java.base/java.security.AccessController.doPrivileged(Native Method)
E: javafx.graphics/com.sun.javafx.application.PlatformImpl.lambda$runLater$10(PlatformImpl.java:417)
E: javafx.graphics/com.sun.glass.ui.InvokeLaterDispatcher$Future.run$$$capture(InvokeLaterDispatcher.java:96)
E: javafx.graphics/com.sun.glass.ui.InvokeLaterDispatcher$Future.run(InvokeLaterDispatcher.java)
E: javafx.graphics/com.sun.glass.ui.gtk.GtkApplication._runLoop(Native Method)
E: javafx.graphics/com.sun.glass.ui.gtk.GtkApplication.lambda$runLoop$11(GtkApplication.java:277)
E: java.base/java.lang.Thread.run(Thread.java:834)

11:33:55.257 [JavaFX Application Thread] FATAL GameApplication      - Application will now exit
11:33:55.274 [JavaFX Application Thread] DEBUG MainWindow           - Push state: ErrorSubScene
11:33:55.274 [JavaFX Application Thread] DEBUG Input                - Clearing active input actions
11:33:55.286 [JavaFX Application Thread] DEBUG WindowService        - Removing overlay from FXGLLoadingScene and adding to ErrorSubScene
11:33:55.287 [JavaFX Application Thread] DEBUG MainWindow           - FXGLLoadingScene -> ErrorSubScene
11:33:57.997 [FXGL Background Thread 2 ] DEBUG Engine               - Logging environment variables
11:33:57.999 [FXGL Background Thread 2 ] DEBUG Engine               - achievements: []
11:33:57.999 [FXGL Background Thread 2 ] DEBUG Engine               - appIcon: fxgl_icon.png
11:33:57.999 [FXGL Background Thread 2 ] DEBUG Engine               - applicationMode: DEVELOPER
11:33:58.000 [FXGL Background Thread 2 ] DEBUG Engine               - cSSList: [fxgl_dark.css]
11:33:58.000 [FXGL Background Thread 2 ] DEBUG Engine               - configClass: Optional.empty
11:33:58.000 [FXGL Background Thread 2 ] DEBUG Engine               - credits: []
11:33:58.000 [FXGL Background Thread 2 ] DEBUG Engine               - devBBoxColorProperty: ObjectProperty [value: 0xff0000ff]
11:33:58.000 [FXGL Background Thread 2 ] DEBUG Engine               - devSensorColorProperty: ObjectProperty [value: 0xffff00ff]
11:33:58.000 [FXGL Background Thread 2 ] DEBUG Engine               - devShowBBoxProperty: BooleanProperty [value: false]
11:33:58.000 [FXGL Background Thread 2 ] DEBUG Engine               - devShowPositionProperty: BooleanProperty [value: false]
11:33:58.001 [FXGL Background Thread 2 ] DEBUG Engine               - enabledMenuItems: []
11:33:58.001 [FXGL Background Thread 2 ] DEBUG Engine               - engineServices: [class com.almasb.fxgl.app.GameApplication$GameApplicationService, class com.almasb.fxgl.app.services.WindowService, class com.almasb.fxgl.app.services.FXGLDialogService, class com.almasb.fxgl.app.services.IOTaskExecutorService, class com.almasb.fxgl.event.EventBusService, class com.almasb.fxgl.io.FileSystemService, class com.almasb.fxgl.localization.LocalizationService, class com.almasb.fxgl.app.services.AssetLoaderService, class com.almasb.fxgl.app.services.SystemBundleService, class com.almasb.fxgl.profile.SaveLoadService, class com.almasb.fxgl.ui.FXGLUIFactoryServiceProvider, class com.almasb.fxgl.ui.FXGLDialogFactoryServiceProvider, class com.almasb.fxgl.audio.AudioPlayer, class com.almasb.fxgl.notification.impl.NotificationServiceProvider, class com.almasb.fxgl.achievement.AchievementService, class com.almasb.fxgl.cutscene.CutsceneService, class com.almasb.fxgl.minigames.MiniGameService, class com.almasb.fxgl.net.NetService, class com.almasb.fxgl.app.services.UpdaterService, class com.almasb.fxgl.dev.DevService]
11:33:58.001 [FXGL Background Thread 2 ] DEBUG Engine               - fontGame: Abel-Regular.ttf
11:33:58.001 [FXGL Background Thread 2 ] DEBUG Engine               - fontMono: lucida_console.ttf
11:33:58.001 [FXGL Background Thread 2 ] DEBUG Engine               - fontText: Courier-Prime.ttf
11:33:58.001 [FXGL Background Thread 2 ] DEBUG Engine               - fontUI: VarelaRound-Regular.ttf
11:33:58.001 [FXGL Background Thread 2 ] DEBUG Engine               - fullScreen: BooleanProperty [value: false]
11:33:58.001 [FXGL Background Thread 2 ] DEBUG Engine               - gameDifficulty: MEDIUM
11:33:58.001 [FXGL Background Thread 2 ] DEBUG Engine               - gameDifficultyProperty: ObjectProperty [value: MEDIUM]
11:33:58.001 [FXGL Background Thread 2 ] DEBUG Engine               - globalMusicVolume: 0.5
11:33:58.002 [FXGL Background Thread 2 ] DEBUG Engine               - globalMusicVolumeProperty: DoubleProperty [value: 0.5]
11:33:58.002 [FXGL Background Thread 2 ] DEBUG Engine               - globalSoundVolume: 0.5
11:33:58.002 [FXGL Background Thread 2 ] DEBUG Engine               - globalSoundVolumeProperty: DoubleProperty [value: 0.5]
11:33:58.002 [FXGL Background Thread 2 ] DEBUG Engine               - height: 600
11:33:58.002 [FXGL Background Thread 2 ] DEBUG Engine               - isAndroid: false
11:33:58.002 [FXGL Background Thread 2 ] DEBUG Engine               - isBrowser: false
11:33:58.002 [FXGL Background Thread 2 ] DEBUG Engine               - isClickFeedbackEnabled: false
11:33:58.002 [FXGL Background Thread 2 ] DEBUG Engine               - isCloseConfirmation: false
11:33:58.002 [FXGL Background Thread 2 ] DEBUG Engine               - isDesktop: true
11:33:58.003 [FXGL Background Thread 2 ] DEBUG Engine               - isDeveloperMenuEnabled: false
11:33:58.003 [FXGL Background Thread 2 ] DEBUG Engine               - isExperimentalNative: false
11:33:58.003 [FXGL Background Thread 2 ] DEBUG Engine               - isExperimentalTiledLargeMap: false
11:33:58.003 [FXGL Background Thread 2 ] DEBUG Engine               - isFullScreenAllowed: false
11:33:58.003 [FXGL Background Thread 2 ] DEBUG Engine               - isFullScreenFromStart: false
11:33:58.003 [FXGL Background Thread 2 ] DEBUG Engine               - isGameMenuEnabled: true
11:33:58.003 [FXGL Background Thread 2 ] DEBUG Engine               - isIOS: false
11:33:58.003 [FXGL Background Thread 2 ] DEBUG Engine               - isIntroEnabled: false
11:33:58.003 [FXGL Background Thread 2 ] DEBUG Engine               - isLinux: true
11:33:58.004 [FXGL Background Thread 2 ] DEBUG Engine               - isMac: false
11:33:58.004 [FXGL Background Thread 2 ] DEBUG Engine               - isMainMenuEnabled: false
11:33:58.004 [FXGL Background Thread 2 ] DEBUG Engine               - isManualResizeEnabled: false
11:33:58.004 [FXGL Background Thread 2 ] DEBUG Engine               - isMobile: false
11:33:58.004 [FXGL Background Thread 2 ] DEBUG Engine               - isPreserveResizeRatio: false
11:33:58.004 [FXGL Background Thread 2 ] DEBUG Engine               - isProfilingEnabled: false
11:33:58.004 [FXGL Background Thread 2 ] DEBUG Engine               - isSingleStep: false
11:33:58.004 [FXGL Background Thread 2 ] DEBUG Engine               - isUserProfileEnabled: false
11:33:58.004 [FXGL Background Thread 2 ] DEBUG Engine               - isWindows: false
11:33:58.004 [FXGL Background Thread 2 ] DEBUG Engine               - language: ObjectProperty [value: ENGLISH]
11:33:58.004 [FXGL Background Thread 2 ] DEBUG Engine               - mainWindow: com.almasb.fxgl.app.MainWindow@24e2ff81
11:33:58.005 [FXGL Background Thread 2 ] DEBUG Engine               - menuKey: ESCAPE
11:33:58.005 [FXGL Background Thread 2 ] DEBUG Engine               - notificationViewClass: class com.almasb.fxgl.notification.view.XboxNotificationView
11:33:58.005 [FXGL Background Thread 2 ] DEBUG Engine               - pixelsPerMeter: 50.0
11:33:58.005 [FXGL Background Thread 2 ] DEBUG Engine               - platform: LINUX
11:33:58.005 [FXGL Background Thread 2 ] DEBUG Engine               - profileDir: profiles/
11:33:58.005 [FXGL Background Thread 2 ] DEBUG Engine               - profileName: StringProperty [value: DEFAULT]
11:33:58.005 [FXGL Background Thread 2 ] DEBUG Engine               - randomSeed: -1
11:33:58.006 [FXGL Background Thread 2 ] DEBUG Engine               - runtimeInfo: RuntimeInfo(platform=LINUX, version=11.9, build=27.05.2020 17.06)
11:33:58.006 [FXGL Background Thread 2 ] DEBUG Engine               - saveFileExt: sav
11:33:58.006 [FXGL Background Thread 2 ] DEBUG Engine               - sceneFactory: com.almasb.fxgl.app.scene.SceneFactory@4b69e61
11:33:58.006 [FXGL Background Thread 2 ] DEBUG Engine               - secondsIn24h: 60
11:33:58.006 [FXGL Background Thread 2 ] DEBUG Engine               - settings: Title: Untitled
Version: 0.0
Width: 800
Height: 600
Fullscreen: false
Intro: false
Profiling: false
Single step:false
App Mode: DEVELOPER
Menu Key: ESCAPE
Stage Style: DECORATED
Scene Factory: class com.almasb.fxgl.app.scene.SceneFactory

11:33:58.006 [FXGL Background Thread 2 ] DEBUG Engine               - soundMenuBack: menu/back.wav
11:33:58.006 [FXGL Background Thread 2 ] DEBUG Engine               - soundMenuPress: menu/press.wav
11:33:58.006 [FXGL Background Thread 2 ] DEBUG Engine               - soundMenuSelect: menu/select.wav
11:33:58.007 [FXGL Background Thread 2 ] DEBUG Engine               - soundNotification: core/notification.wav
11:33:58.007 [FXGL Background Thread 2 ] DEBUG Engine               - stageStyle: DECORATED
11:33:58.007 [FXGL Background Thread 2 ] DEBUG Engine               - supportedLanguages: [ENGLISH, FRENCH, GERMAN, HUNGARIAN, RUSSIAN]
11:33:58.007 [FXGL Background Thread 2 ] DEBUG Engine               - title: Untitled
11:33:58.007 [FXGL Background Thread 2 ] DEBUG Engine               - urlGithub: https://github.com/AlmasB/FXGL
11:33:58.007 [FXGL Background Thread 2 ] DEBUG Engine               - urlLeaderboard: http://fxgl-top.herokuapp.com/
11:33:58.007 [FXGL Background Thread 2 ] DEBUG Engine               - urlPOM: https://raw.githubusercontent.com/AlmasB/FXGL/master/pom.xml
11:33:58.007 [FXGL Background Thread 2 ] DEBUG Engine               - version: 0.0
11:33:58.007 [FXGL Background Thread 2 ] DEBUG Engine               - versionCheckDays: 7
11:33:58.007 [FXGL Background Thread 2 ] DEBUG Engine               - width: 800
11:33:58.007 [FXGL Background Thread 2 ] DEBUG Engine               - Logging services
11:33:58.007 [FXGL Background Thread 2 ] DEBUG Engine               - class com.almasb.fxgl.app.GameApplication$GameApplicationService
11:33:58.007 [FXGL Background Thread 2 ] DEBUG Engine               - class com.almasb.fxgl.app.services.WindowService
11:33:58.008 [FXGL Background Thread 2 ] DEBUG Engine               - class com.almasb.fxgl.app.services.FXGLDialogService
11:33:58.008 [FXGL Background Thread 2 ] DEBUG Engine               - class com.almasb.fxgl.app.services.IOTaskExecutorService
11:33:58.008 [FXGL Background Thread 2 ] DEBUG Engine               - class com.almasb.fxgl.event.EventBusService
11:33:58.008 [FXGL Background Thread 2 ] DEBUG Engine               - class com.almasb.fxgl.io.FileSystemService
11:33:58.008 [FXGL Background Thread 2 ] DEBUG Engine               - class com.almasb.fxgl.localization.LocalizationService
11:33:58.008 [FXGL Background Thread 2 ] DEBUG Engine               - class com.almasb.fxgl.app.services.AssetLoaderService
11:33:58.008 [FXGL Background Thread 2 ] DEBUG Engine               - class com.almasb.fxgl.app.services.SystemBundleService
11:33:58.008 [FXGL Background Thread 2 ] DEBUG Engine               - class com.almasb.fxgl.profile.SaveLoadService
11:33:58.008 [FXGL Background Thread 2 ] DEBUG Engine               - class com.almasb.fxgl.ui.FXGLUIFactoryServiceProvider
11:33:58.008 [FXGL Background Thread 2 ] DEBUG Engine               - class com.almasb.fxgl.ui.FXGLDialogFactoryServiceProvider
11:33:58.008 [FXGL Background Thread 2 ] DEBUG Engine               - class com.almasb.fxgl.audio.AudioPlayer
11:33:58.008 [FXGL Background Thread 2 ] DEBUG Engine               - class com.almasb.fxgl.notification.impl.NotificationServiceProvider
11:33:58.008 [FXGL Background Thread 2 ] DEBUG Engine               - class com.almasb.fxgl.achievement.AchievementService
11:33:58.009 [FXGL Background Thread 2 ] DEBUG Engine               - class com.almasb.fxgl.cutscene.CutsceneService
11:33:58.009 [FXGL Background Thread 2 ] DEBUG Engine               - class com.almasb.fxgl.minigames.MiniGameService
11:33:58.009 [FXGL Background Thread 2 ] DEBUG Engine               - class com.almasb.fxgl.net.NetService
11:33:58.009 [FXGL Background Thread 2 ] DEBUG Engine               - class com.almasb.fxgl.app.services.UpdaterService
11:33:58.009 [FXGL Background Thread 2 ] DEBUG Engine               - class com.almasb.fxgl.dev.DevService
11:34:12.771 [JavaFX Application Thread] DEBUG GameApplication      - Exiting FXGL
11:34:12.771 [JavaFX Application Thread] DEBUG GameApplication      - Shutting down background threads
11:34:12.771 [JavaFX Application Thread] DEBUG GameApplication      - Closing logger and exiting JavaFX
