02:52:52.107 [main                     ] DEBUG GameApplication      - Logger initialized
02:52:52.132 [main                     ] DEBUG GameApplication      - Logging settings
Title: Untitled
Version: 0.0
Width: 800
Height: 600
Fullscreen: false
Intro: false
Profiling: false
Single step:false
App Mode: DEVELOPER
Menu Key: ESCAPE
Stage Style: DECORATED
Scene Factory: class com.almasb.fxgl.app.scene.SceneFactory

02:52:52.395 [JavaFX Application Thread] DEBUG GameApplication      - Initializing FXGL
02:52:52.408 [JavaFX Application Thread] INFO  Engine               - FXGL-11.9 (27.05.2020 17.06) on LINUX (J:11.0.5 FX:10.0.2-internal)
02:52:52.409 [JavaFX Application Thread] DEBUG Engine               - JRE Vendor Name: JetBrains s.r.o
02:52:52.409 [JavaFX Application Thread] DEBUG Engine               - Running on OS: Linux version 4.15.0-108-generic
02:52:52.409 [JavaFX Application Thread] DEBUG Engine               - Architecture: amd64
02:52:52.410 [JavaFX Application Thread] INFO  Engine               - Source code and latest versions at: https://github.com/AlmasB/FXGL
02:52:52.410 [JavaFX Application Thread] INFO  Engine               -              Join the FXGL chat at: https://gitter.im/AlmasB/FXGL
02:52:52.543 [JavaFX Application Thread] DEBUG MainWindow           - Creating a JavaFX scene
02:52:52.693 [JavaFX Application Thread] DEBUG MainWindow           - Target settings size: 800.0 x 600.0
02:52:52.693 [JavaFX Application Thread] DEBUG MainWindow           - Scaled scene size:    800.0 x 600.0
02:52:52.694 [JavaFX Application Thread] DEBUG MainWindow           - Scaled ratio: (1.0, 1.0)
02:52:52.695 [JavaFX Application Thread] DEBUG MainWindow           - Set initial scene to FXGLStartupScene
02:52:52.704 [JavaFX Application Thread] DEBUG MainWindow           - Opening main window
02:52:52.759 [JavaFX Application Thread] DEBUG MainWindow           - Window border size: (0.0, 30.0)
02:52:52.759 [JavaFX Application Thread] DEBUG MainWindow           - Scaled size: 800.0 x 600.0
02:52:52.760 [JavaFX Application Thread] DEBUG MainWindow           - Scaled ratio: (1.0, 1.0)
02:52:52.760 [JavaFX Application Thread] DEBUG MainWindow           - Scene size: 800.0 x 600.0
02:52:52.760 [JavaFX Application Thread] DEBUG MainWindow           - Stage size: 800.0 x 630.0
02:52:52.781 [FXGL Background Thread 1 ] DEBUG Engine               - Initializing environment variables
02:52:52.840 [FXGL Background Thread 1 ] DEBUG WindowService        - Applying CSS: fxgl_dark.css
02:52:52.841 [FXGL Background Thread 1 ] DEBUG AssetLoaderService   - Loading from file system: /assets/ui/css/fxgl_dark.css
02:52:52.973 [FXGL Background Thread 1 ] DEBUG WindowService        - Initializing application scenes
02:52:53.116 [FXGL Background Thread 1 ] DEBUG GameWorld            - Game world initialized
02:52:53.179 [FXGL Background Thread 1 ] DEBUG PhysicsWorld         - Physics world initialized: appHeight=600, physics.ppm=50.0
02:52:53.183 [FXGL Background Thread 1 ] DEBUG GameScene            - Game scene initialized: 800x600
02:52:53.242 [FXGL Background Thread 1 ] DEBUG AssetLoaderService   - Loading from file system: /assets/textures/particles/trace_horizontal.png
02:52:53.316 [FXGL Background Thread 1 ] DEBUG FXGL.DefaultMenu     - createMenuBodyGameMenu()
02:52:53.337 [FXGL Background Thread 1 ] DEBUG FXGL.DefaultMenu     - createOptionsMenu()
02:52:53.345 [FXGL Background Thread 1 ] DEBUG AssetLoaderService   - Loading from file system: /assets/textures/particles/smoke.png
02:52:53.423 [FXGL Background Thread 1 ] DEBUG WindowService        - Application scenes initialized
02:52:53.438 [FXGL Background Thread 1 ] DEBUG SystemBundleService  - Loading FXGL system data
02:52:53.447 [FXGL Background Thread 1 ] DEBUG FileSystemAccess     - Reading from: /home/ben/MicroCosm/system/fxgl.bundle
02:52:53.458 [FXGL Background Thread 1 ] DEBUG SystemBundleService  - Bundle FXGL: {}
02:52:53.458 [FXGL Background Thread 1 ] INFO  Engine               - FXGL initialization took: 0.673 sec
02:52:53.461 [FXGL Background Thread 1 ] DEBUG GameApplication      - Loading localizations
02:52:53.462 [FXGL Background Thread 1 ] DEBUG AssetLoaderService   - Loading from file system: /assets/languages/english.lang
02:52:53.480 [FXGL Background Thread 1 ] DEBUG AssetLoaderService   - Loading from file system: /assets/languages/french.lang
02:52:53.483 [FXGL Background Thread 1 ] DEBUG AssetLoaderService   - Loading from file system: /assets/languages/german.lang
02:52:53.486 [FXGL Background Thread 1 ] DEBUG AssetLoaderService   - Loading from file system: /assets/languages/hungarian.lang
02:52:53.494 [FXGL Background Thread 1 ] DEBUG AssetLoaderService   - Loading from file system: /assets/languages/russian.lang
02:52:53.499 [FXGL Background Thread 1 ] DEBUG GameApplication      - Registering font factories with UI factory
02:52:53.499 [FXGL Background Thread 1 ] DEBUG AssetLoaderService   - Loading from file system: /assets/ui/fonts/VarelaRound-Regular.ttf
02:52:53.524 [FXGL Background Thread 1 ] DEBUG AssetLoaderService   - Loading from file system: /assets/ui/fonts/Abel-Regular.ttf
02:52:53.526 [FXGL Background Thread 1 ] DEBUG AssetLoaderService   - Loading from file system: /assets/ui/fonts/lucida_console.ttf
02:52:53.529 [FXGL Background Thread 1 ] DEBUG AssetLoaderService   - Loading from file system: /assets/ui/fonts/Courier-Prime.ttf
02:52:53.535 [JavaFX Application Thread] DEBUG AssetLoaderService   - Loading from file system: /assets/textures/fxgl_icon.png
02:52:53.568 [JavaFX Application Thread] DEBUG AssetLoaderService   - Loading from file system: /assets/ui/cursors/fxgl_default.png
02:52:53.580 [JavaFX Application Thread] DEBUG Input                - Registered new binding: Screenshot - P
02:52:53.581 [JavaFX Application Thread] DEBUG Input                - Registered new binding: System info dump - CTRL+9
02:52:53.582 [JavaFX Application Thread] DEBUG Input                - Registered new binding: Restart - CTRL+R
02:52:53.583 [JavaFX Application Thread] DEBUG LoopRunner           - Starting loop
02:52:53.590 [JavaFX Application Thread] DEBUG FXGLStartupScene     - STARTUP
02:52:53.590 [JavaFX Application Thread] DEBUG WindowService        - Starting new game
02:52:53.591 [JavaFX Application Thread] DEBUG Input                - Clearing active input actions
02:52:53.606 [JavaFX Application Thread] DEBUG WindowService        - Removing overlay from FXGLStartupScene and adding to FXGLLoadingScene
02:52:53.607 [JavaFX Application Thread] DEBUG MainWindow           - FXGLStartupScene -> FXGLLoadingScene
02:52:53.607 [JavaFX Application Thread] DEBUG WindowService        - Clearing previous game
02:52:53.607 [JavaFX Application Thread] DEBUG GameScene            - Clearing game scene
02:52:53.607 [JavaFX Application Thread] DEBUG GameWorld            - Clearing game world
02:52:53.607 [JavaFX Application Thread] DEBUG PhysicsWorld         - Clearing physics world
02:52:53.609 [FXGL Background Thread 1 ] DEBUG GameApplication      - Initializing game
02:52:53.612 [FXGL Background Thread 1 ] DEBUG AssetLoaderService   - Loading from file system: /assets/textures/galaxies.jpg
02:52:53.660 [FXGL Background Thread 1 ] DEBUG AssetLoaderService   - Loading from file system: /assets/textures/bot2.png
02:52:53.663 [FXGL Background Thread 1 ] DEBUG Input                - Registered new binding: Up - Up
02:52:53.663 [FXGL Background Thread 1 ] DEBUG Input                - Registered new binding: Down - Down
02:52:53.663 [FXGL Background Thread 1 ] DEBUG Input                - Registered new binding: Left - Left
02:52:53.664 [FXGL Background Thread 1 ] DEBUG Input                - Registered new binding: Right - Right
02:52:53.666 [FXGL Background Thread 1 ] DEBUG Input                - Registered new binding: LeftClick - LMB
02:52:53.667 [FXGL Background Thread 1 ] INFO  GameApplication      - Game initialization took: 0.058 sec
02:52:53.718 [JavaFX Application Thread] DEBUG Input                - Clearing active input actions
02:52:53.737 [JavaFX Application Thread] DEBUG WindowService        - Removing overlay from FXGLLoadingScene and adding to GameScene
02:52:53.738 [JavaFX Application Thread] DEBUG MainWindow           - FXGLLoadingScene -> GameScene
02:52:54.785 [JavaFX Application Thread] DEBUG AssetLoaderService   - Loading from file system: /assets/textures/stone.png
02:52:54.789 [JavaFX Application Thread] DEBUG AssetLoaderService   - Loading from file system: /assets/textures/copper.png
02:52:54.791 [JavaFX Application Thread] DEBUG AssetLoaderService   - Loading from file system: /assets/textures/red-dirt.png
02:52:54.794 [JavaFX Application Thread] DEBUG AssetLoaderService   - Loading from cache: /assets/textures/red-dirt.png
02:52:54.795 [JavaFX Application Thread] DEBUG AssetLoaderService   - Loading from file system: /assets/textures/iron.png
02:52:54.798 [JavaFX Application Thread] DEBUG AssetLoaderService   - Loading from cache: /assets/textures/red-dirt.png
02:52:54.799 [JavaFX Application Thread] DEBUG AssetLoaderService   - Loading from cache: /assets/textures/red-dirt.png
02:52:54.801 [JavaFX Application Thread] DEBUG AssetLoaderService   - Loading from cache: /assets/textures/red-dirt.png
02:52:54.802 [JavaFX Application Thread] DEBUG AssetLoaderService   - Loading from cache: /assets/textures/red-dirt.png
02:52:54.804 [JavaFX Application Thread] DEBUG AssetLoaderService   - Loading from cache: /assets/textures/red-dirt.png
02:52:54.805 [JavaFX Application Thread] DEBUG AssetLoaderService   - Loading from cache: /assets/textures/red-dirt.png
02:52:54.807 [JavaFX Application Thread] DEBUG AssetLoaderService   - Loading from file system: /assets/textures/sand.png
02:52:54.809 [JavaFX Application Thread] DEBUG AssetLoaderService   - Loading from cache: /assets/textures/stone.png
02:52:54.810 [JavaFX Application Thread] DEBUG AssetLoaderService   - Loading from cache: /assets/textures/iron.png
02:52:54.812 [JavaFX Application Thread] DEBUG AssetLoaderService   - Loading from cache: /assets/textures/copper.png
02:52:54.813 [JavaFX Application Thread] DEBUG AssetLoaderService   - Loading from cache: /assets/textures/stone.png
02:52:54.815 [JavaFX Application Thread] DEBUG AssetLoaderService   - Loading from cache: /assets/textures/copper.png
02:52:54.816 [JavaFX Application Thread] DEBUG AssetLoaderService   - Loading from file system: /assets/textures/nickel.png
02:52:54.818 [JavaFX Application Thread] DEBUG AssetLoaderService   - Loading from cache: /assets/textures/nickel.png
02:52:54.820 [JavaFX Application Thread] DEBUG AssetLoaderService   - Loading from cache: /assets/textures/stone.png
02:52:54.821 [JavaFX Application Thread] DEBUG AssetLoaderService   - Loading from cache: /assets/textures/nickel.png
02:52:54.822 [JavaFX Application Thread] DEBUG AssetLoaderService   - Loading from cache: /assets/textures/copper.png
02:52:54.824 [JavaFX Application Thread] DEBUG AssetLoaderService   - Loading from file system: /assets/textures/coal.png
02:52:54.826 [JavaFX Application Thread] DEBUG AssetLoaderService   - Loading from cache: /assets/textures/copper.png
02:52:54.827 [JavaFX Application Thread] DEBUG AssetLoaderService   - Loading from cache: /assets/textures/nickel.png
02:52:54.828 [JavaFX Application Thread] DEBUG AssetLoaderService   - Loading from cache: /assets/textures/stone.png
02:52:54.829 [JavaFX Application Thread] DEBUG AssetLoaderService   - Loading from cache: /assets/textures/stone.png
02:52:54.831 [JavaFX Application Thread] DEBUG AssetLoaderService   - Loading from file system: /assets/textures/zinc.png
02:52:54.833 [JavaFX Application Thread] DEBUG AssetLoaderService   - Loading from cache: /assets/textures/copper.png
02:52:54.834 [JavaFX Application Thread] DEBUG AssetLoaderService   - Loading from cache: /assets/textures/stone.png
02:52:54.835 [JavaFX Application Thread] DEBUG AssetLoaderService   - Loading from cache: /assets/textures/nickel.png
02:52:54.836 [JavaFX Application Thread] DEBUG AssetLoaderService   - Loading from cache: /assets/textures/stone.png
02:52:54.838 [JavaFX Application Thread] DEBUG AssetLoaderService   - Loading from cache: /assets/textures/stone.png
02:52:54.839 [JavaFX Application Thread] DEBUG AssetLoaderService   - Loading from cache: /assets/textures/stone.png
02:52:54.840 [JavaFX Application Thread] DEBUG AssetLoaderService   - Loading from cache: /assets/textures/stone.png
02:52:54.841 [JavaFX Application Thread] DEBUG AssetLoaderService   - Loading from cache: /assets/textures/nickel.png
02:52:54.842 [JavaFX Application Thread] DEBUG AssetLoaderService   - Loading from cache: /assets/textures/stone.png
02:52:54.843 [JavaFX Application Thread] DEBUG AssetLoaderService   - Loading from cache: /assets/textures/copper.png
02:52:54.844 [JavaFX Application Thread] DEBUG AssetLoaderService   - Loading from cache: /assets/textures/stone.png
02:52:54.846 [JavaFX Application Thread] DEBUG AssetLoaderService   - Loading from cache: /assets/textures/copper.png
02:52:54.847 [JavaFX Application Thread] DEBUG AssetLoaderService   - Loading from cache: /assets/textures/stone.png
02:52:54.848 [JavaFX Application Thread] DEBUG AssetLoaderService   - Loading from cache: /assets/textures/copper.png
02:52:54.849 [JavaFX Application Thread] DEBUG AssetLoaderService   - Loading from cache: /assets/textures/iron.png
02:52:54.850 [JavaFX Application Thread] DEBUG AssetLoaderService   - Loading from cache: /assets/textures/stone.png
02:52:54.851 [JavaFX Application Thread] DEBUG AssetLoaderService   - Loading from cache: /assets/textures/nickel.png
02:52:54.852 [JavaFX Application Thread] DEBUG AssetLoaderService   - Loading from cache: /assets/textures/stone.png
02:52:54.853 [JavaFX Application Thread] DEBUG AssetLoaderService   - Loading from cache: /assets/textures/stone.png
02:52:54.854 [JavaFX Application Thread] DEBUG AssetLoaderService   - Loading from cache: /assets/textures/coal.png
02:52:54.855 [JavaFX Application Thread] DEBUG AssetLoaderService   - Loading from cache: /assets/textures/stone.png
02:52:54.856 [JavaFX Application Thread] DEBUG AssetLoaderService   - Loading from cache: /assets/textures/stone.png
02:52:54.857 [JavaFX Application Thread] DEBUG AssetLoaderService   - Loading from cache: /assets/textures/iron.png
02:52:54.857 [JavaFX Application Thread] DEBUG AssetLoaderService   - Loading from cache: /assets/textures/stone.png
02:52:54.858 [JavaFX Application Thread] DEBUG AssetLoaderService   - Loading from cache: /assets/textures/nickel.png
02:52:54.859 [JavaFX Application Thread] DEBUG AssetLoaderService   - Loading from file system: /assets/textures/silicon.png
02:52:54.860 [JavaFX Application Thread] DEBUG AssetLoaderService   - Loading from cache: /assets/textures/zinc.png
02:52:54.861 [JavaFX Application Thread] DEBUG AssetLoaderService   - Loading from cache: /assets/textures/zinc.png
02:52:54.861 [JavaFX Application Thread] DEBUG AssetLoaderService   - Loading from cache: /assets/textures/stone.png
02:52:54.862 [JavaFX Application Thread] DEBUG AssetLoaderService   - Loading from cache: /assets/textures/zinc.png
02:52:54.862 [JavaFX Application Thread] DEBUG AssetLoaderService   - Loading from cache: /assets/textures/stone.png
02:52:54.863 [JavaFX Application Thread] DEBUG AssetLoaderService   - Loading from cache: /assets/textures/zinc.png
02:52:54.864 [JavaFX Application Thread] DEBUG AssetLoaderService   - Loading from cache: /assets/textures/stone.png
02:52:54.864 [JavaFX Application Thread] DEBUG AssetLoaderService   - Loading from cache: /assets/textures/zinc.png
02:52:54.865 [JavaFX Application Thread] DEBUG AssetLoaderService   - Loading from cache: /assets/textures/iron.png
02:52:54.865 [JavaFX Application Thread] DEBUG AssetLoaderService   - Loading from cache: /assets/textures/stone.png
02:52:54.866 [JavaFX Application Thread] DEBUG AssetLoaderService   - Loading from cache: /assets/textures/stone.png
02:52:54.867 [JavaFX Application Thread] DEBUG AssetLoaderService   - Loading from cache: /assets/textures/stone.png
02:52:54.867 [JavaFX Application Thread] DEBUG AssetLoaderService   - Loading from cache: /assets/textures/stone.png
02:52:54.868 [JavaFX Application Thread] DEBUG AssetLoaderService   - Loading from cache: /assets/textures/stone.png
02:52:54.868 [JavaFX Application Thread] DEBUG AssetLoaderService   - Loading from cache: /assets/textures/nickel.png
02:52:54.869 [JavaFX Application Thread] DEBUG AssetLoaderService   - Loading from cache: /assets/textures/iron.png
02:52:54.870 [JavaFX Application Thread] DEBUG AssetLoaderService   - Loading from cache: /assets/textures/stone.png
02:52:54.870 [JavaFX Application Thread] DEBUG AssetLoaderService   - Loading from cache: /assets/textures/iron.png
02:52:54.871 [JavaFX Application Thread] DEBUG AssetLoaderService   - Loading from cache: /assets/textures/stone.png
02:52:54.872 [JavaFX Application Thread] DEBUG AssetLoaderService   - Loading from cache: /assets/textures/nickel.png
02:52:54.872 [JavaFX Application Thread] DEBUG AssetLoaderService   - Loading from cache: /assets/textures/nickel.png
02:52:54.873 [JavaFX Application Thread] DEBUG AssetLoaderService   - Loading from cache: /assets/textures/stone.png
02:52:54.873 [JavaFX Application Thread] DEBUG AssetLoaderService   - Loading from cache: /assets/textures/stone.png
02:52:54.874 [JavaFX Application Thread] DEBUG AssetLoaderService   - Loading from cache: /assets/textures/copper.png
02:52:54.874 [JavaFX Application Thread] DEBUG AssetLoaderService   - Loading from cache: /assets/textures/nickel.png
02:52:54.875 [JavaFX Application Thread] DEBUG AssetLoaderService   - Loading from cache: /assets/textures/copper.png
02:52:54.875 [JavaFX Application Thread] DEBUG AssetLoaderService   - Loading from cache: /assets/textures/zinc.png
02:52:54.876 [JavaFX Application Thread] DEBUG AssetLoaderService   - Loading from cache: /assets/textures/copper.png
02:52:54.876 [JavaFX Application Thread] DEBUG AssetLoaderService   - Loading from cache: /assets/textures/zinc.png
02:52:54.877 [JavaFX Application Thread] DEBUG AssetLoaderService   - Loading from cache: /assets/textures/copper.png
02:52:54.878 [JavaFX Application Thread] DEBUG AssetLoaderService   - Loading from cache: /assets/textures/silicon.png
02:52:54.878 [JavaFX Application Thread] DEBUG AssetLoaderService   - Loading from cache: /assets/textures/stone.png
02:52:54.879 [JavaFX Application Thread] DEBUG AssetLoaderService   - Loading from cache: /assets/textures/silicon.png
02:52:54.879 [JavaFX Application Thread] DEBUG AssetLoaderService   - Loading from cache: /assets/textures/copper.png
02:52:54.880 [JavaFX Application Thread] DEBUG AssetLoaderService   - Loading from cache: /assets/textures/stone.png
02:52:54.880 [JavaFX Application Thread] DEBUG AssetLoaderService   - Loading from cache: /assets/textures/copper.png
02:52:54.881 [JavaFX Application Thread] DEBUG AssetLoaderService   - Loading from cache: /assets/textures/zinc.png
02:52:54.881 [JavaFX Application Thread] DEBUG AssetLoaderService   - Loading from cache: /assets/textures/stone.png
02:52:54.882 [JavaFX Application Thread] DEBUG AssetLoaderService   - Loading from cache: /assets/textures/copper.png
02:52:54.882 [JavaFX Application Thread] DEBUG AssetLoaderService   - Loading from cache: /assets/textures/stone.png
02:52:54.883 [JavaFX Application Thread] DEBUG AssetLoaderService   - Loading from cache: /assets/textures/stone.png
02:52:54.883 [JavaFX Application Thread] DEBUG AssetLoaderService   - Loading from cache: /assets/textures/stone.png
02:52:54.884 [JavaFX Application Thread] DEBUG AssetLoaderService   - Loading from cache: /assets/textures/copper.png
02:52:54.884 [JavaFX Application Thread] DEBUG AssetLoaderService   - Loading from cache: /assets/textures/copper.png
02:52:54.885 [JavaFX Application Thread] DEBUG AssetLoaderService   - Loading from cache: /assets/textures/copper.png
02:52:54.885 [JavaFX Application Thread] DEBUG AssetLoaderService   - Loading from cache: /assets/textures/copper.png
02:52:56.460 [FXGL Background Thread 2 ] DEBUG Engine               - Logging environment variables
02:52:56.463 [FXGL Background Thread 2 ] DEBUG Engine               - achievements: []
02:52:56.463 [FXGL Background Thread 2 ] DEBUG Engine               - appIcon: fxgl_icon.png
02:52:56.463 [FXGL Background Thread 2 ] DEBUG Engine               - applicationMode: DEVELOPER
02:52:56.463 [FXGL Background Thread 2 ] DEBUG Engine               - cSSList: [fxgl_dark.css]
02:52:56.463 [FXGL Background Thread 2 ] DEBUG Engine               - configClass: Optional.empty
02:52:56.463 [FXGL Background Thread 2 ] DEBUG Engine               - credits: []
02:52:56.464 [FXGL Background Thread 2 ] DEBUG Engine               - devBBoxColorProperty: ObjectProperty [value: 0xff0000ff]
02:52:56.464 [FXGL Background Thread 2 ] DEBUG Engine               - devSensorColorProperty: ObjectProperty [value: 0xffff00ff]
02:52:56.464 [FXGL Background Thread 2 ] DEBUG Engine               - devShowBBoxProperty: BooleanProperty [value: false]
02:52:56.464 [FXGL Background Thread 2 ] DEBUG Engine               - devShowPositionProperty: BooleanProperty [value: false]
02:52:56.464 [FXGL Background Thread 2 ] DEBUG Engine               - enabledMenuItems: []
02:52:56.464 [FXGL Background Thread 2 ] DEBUG Engine               - engineServices: [class com.almasb.fxgl.app.GameApplication$GameApplicationService, class com.almasb.fxgl.app.services.WindowService, class com.almasb.fxgl.app.services.FXGLDialogService, class com.almasb.fxgl.app.services.IOTaskExecutorService, class com.almasb.fxgl.event.EventBusService, class com.almasb.fxgl.io.FileSystemService, class com.almasb.fxgl.localization.LocalizationService, class com.almasb.fxgl.app.services.AssetLoaderService, class com.almasb.fxgl.app.services.SystemBundleService, class com.almasb.fxgl.profile.SaveLoadService, class com.almasb.fxgl.ui.FXGLUIFactoryServiceProvider, class com.almasb.fxgl.ui.FXGLDialogFactoryServiceProvider, class com.almasb.fxgl.audio.AudioPlayer, class com.almasb.fxgl.notification.impl.NotificationServiceProvider, class com.almasb.fxgl.achievement.AchievementService, class com.almasb.fxgl.cutscene.CutsceneService, class com.almasb.fxgl.minigames.MiniGameService, class com.almasb.fxgl.net.NetService, class com.almasb.fxgl.app.services.UpdaterService, class com.almasb.fxgl.dev.DevService]
02:52:56.464 [FXGL Background Thread 2 ] DEBUG Engine               - fontGame: Abel-Regular.ttf
02:52:56.464 [FXGL Background Thread 2 ] DEBUG Engine               - fontMono: lucida_console.ttf
02:52:56.464 [FXGL Background Thread 2 ] DEBUG Engine               - fontText: Courier-Prime.ttf
02:52:56.465 [FXGL Background Thread 2 ] DEBUG Engine               - fontUI: VarelaRound-Regular.ttf
02:52:56.465 [FXGL Background Thread 2 ] DEBUG Engine               - fullScreen: BooleanProperty [value: false]
02:52:56.465 [FXGL Background Thread 2 ] DEBUG Engine               - gameDifficulty: MEDIUM
02:52:56.465 [FXGL Background Thread 2 ] DEBUG Engine               - gameDifficultyProperty: ObjectProperty [value: MEDIUM]
02:52:56.465 [FXGL Background Thread 2 ] DEBUG Engine               - globalMusicVolume: 0.5
02:52:56.465 [FXGL Background Thread 2 ] DEBUG Engine               - globalMusicVolumeProperty: DoubleProperty [value: 0.5]
02:52:56.465 [FXGL Background Thread 2 ] DEBUG Engine               - globalSoundVolume: 0.5
02:52:56.465 [FXGL Background Thread 2 ] DEBUG Engine               - globalSoundVolumeProperty: DoubleProperty [value: 0.5]
02:52:56.465 [FXGL Background Thread 2 ] DEBUG Engine               - height: 600
02:52:56.466 [FXGL Background Thread 2 ] DEBUG Engine               - isAndroid: false
02:52:56.466 [FXGL Background Thread 2 ] DEBUG Engine               - isBrowser: false
02:52:56.466 [FXGL Background Thread 2 ] DEBUG Engine               - isClickFeedbackEnabled: false
02:52:56.466 [FXGL Background Thread 2 ] DEBUG Engine               - isCloseConfirmation: false
02:52:56.466 [FXGL Background Thread 2 ] DEBUG Engine               - isDesktop: true
02:52:56.466 [FXGL Background Thread 2 ] DEBUG Engine               - isDeveloperMenuEnabled: false
02:52:56.466 [FXGL Background Thread 2 ] DEBUG Engine               - isExperimentalNative: false
02:52:56.466 [FXGL Background Thread 2 ] DEBUG Engine               - isExperimentalTiledLargeMap: false
02:52:56.466 [FXGL Background Thread 2 ] DEBUG Engine               - isFullScreenAllowed: false
02:52:56.466 [FXGL Background Thread 2 ] DEBUG Engine               - isFullScreenFromStart: false
02:52:56.466 [FXGL Background Thread 2 ] DEBUG Engine               - isGameMenuEnabled: true
02:52:56.466 [FXGL Background Thread 2 ] DEBUG Engine               - isIOS: false
02:52:56.467 [FXGL Background Thread 2 ] DEBUG Engine               - isIntroEnabled: false
02:52:56.467 [FXGL Background Thread 2 ] DEBUG Engine               - isLinux: true
02:52:56.467 [FXGL Background Thread 2 ] DEBUG Engine               - isMac: false
02:52:56.467 [FXGL Background Thread 2 ] DEBUG Engine               - isMainMenuEnabled: false
02:52:56.467 [FXGL Background Thread 2 ] DEBUG Engine               - isManualResizeEnabled: false
02:52:56.467 [FXGL Background Thread 2 ] DEBUG Engine               - isMobile: false
02:52:56.467 [FXGL Background Thread 2 ] DEBUG Engine               - isPreserveResizeRatio: false
02:52:56.467 [FXGL Background Thread 2 ] DEBUG Engine               - isProfilingEnabled: false
02:52:56.467 [FXGL Background Thread 2 ] DEBUG Engine               - isSingleStep: false
02:52:56.467 [FXGL Background Thread 2 ] DEBUG Engine               - isUserProfileEnabled: false
02:52:56.467 [FXGL Background Thread 2 ] DEBUG Engine               - isWindows: false
02:52:56.467 [FXGL Background Thread 2 ] DEBUG Engine               - language: ObjectProperty [value: ENGLISH]
02:52:56.468 [FXGL Background Thread 2 ] DEBUG Engine               - mainWindow: com.almasb.fxgl.app.MainWindow@3fe8ded9
02:52:56.468 [FXGL Background Thread 2 ] DEBUG Engine               - menuKey: ESCAPE
02:52:56.468 [FXGL Background Thread 2 ] DEBUG Engine               - notificationViewClass: class com.almasb.fxgl.notification.view.XboxNotificationView
02:52:56.468 [FXGL Background Thread 2 ] DEBUG Engine               - pixelsPerMeter: 50.0
02:52:56.468 [FXGL Background Thread 2 ] DEBUG Engine               - platform: LINUX
02:52:56.468 [FXGL Background Thread 2 ] DEBUG Engine               - profileDir: profiles/
02:52:56.468 [FXGL Background Thread 2 ] DEBUG Engine               - profileName: StringProperty [value: DEFAULT]
02:52:56.468 [FXGL Background Thread 2 ] DEBUG Engine               - randomSeed: -1
02:52:56.468 [FXGL Background Thread 2 ] DEBUG Engine               - runtimeInfo: RuntimeInfo(platform=LINUX, version=11.9, build=27.05.2020 17.06)
02:52:56.468 [FXGL Background Thread 2 ] DEBUG Engine               - saveFileExt: sav
02:52:56.468 [FXGL Background Thread 2 ] DEBUG Engine               - sceneFactory: com.almasb.fxgl.app.scene.SceneFactory@25c414ff
02:52:56.468 [FXGL Background Thread 2 ] DEBUG Engine               - secondsIn24h: 60
02:52:56.469 [FXGL Background Thread 2 ] DEBUG Engine               - settings: Title: Untitled
Version: 0.0
Width: 800
Height: 600
Fullscreen: false
Intro: false
Profiling: false
Single step:false
App Mode: DEVELOPER
Menu Key: ESCAPE
Stage Style: DECORATED
Scene Factory: class com.almasb.fxgl.app.scene.SceneFactory

02:52:56.469 [FXGL Background Thread 2 ] DEBUG Engine               - soundMenuBack: menu/back.wav
02:52:56.469 [FXGL Background Thread 2 ] DEBUG Engine               - soundMenuPress: menu/press.wav
02:52:56.469 [FXGL Background Thread 2 ] DEBUG Engine               - soundMenuSelect: menu/select.wav
02:52:56.469 [FXGL Background Thread 2 ] DEBUG Engine               - soundNotification: core/notification.wav
02:52:56.469 [FXGL Background Thread 2 ] DEBUG Engine               - stageStyle: DECORATED
02:52:56.469 [FXGL Background Thread 2 ] DEBUG Engine               - supportedLanguages: [ENGLISH, FRENCH, GERMAN, HUNGARIAN, RUSSIAN]
02:52:56.469 [FXGL Background Thread 2 ] DEBUG Engine               - title: Untitled
02:52:56.469 [FXGL Background Thread 2 ] DEBUG Engine               - urlGithub: https://github.com/AlmasB/FXGL
02:52:56.469 [FXGL Background Thread 2 ] DEBUG Engine               - urlLeaderboard: http://fxgl-top.herokuapp.com/
02:52:56.469 [FXGL Background Thread 2 ] DEBUG Engine               - urlPOM: https://raw.githubusercontent.com/AlmasB/FXGL/master/pom.xml
02:52:56.469 [FXGL Background Thread 2 ] DEBUG Engine               - version: 0.0
02:52:56.469 [FXGL Background Thread 2 ] DEBUG Engine               - versionCheckDays: 7
02:52:56.470 [FXGL Background Thread 2 ] DEBUG Engine               - width: 800
02:52:56.470 [FXGL Background Thread 2 ] DEBUG Engine               - Logging services
02:52:56.470 [FXGL Background Thread 2 ] DEBUG Engine               - class com.almasb.fxgl.app.GameApplication$GameApplicationService
02:52:56.470 [FXGL Background Thread 2 ] DEBUG Engine               - class com.almasb.fxgl.app.services.WindowService
02:52:56.470 [FXGL Background Thread 2 ] DEBUG Engine               - class com.almasb.fxgl.app.services.FXGLDialogService
02:52:56.470 [FXGL Background Thread 2 ] DEBUG Engine               - class com.almasb.fxgl.app.services.IOTaskExecutorService
02:52:56.470 [FXGL Background Thread 2 ] DEBUG Engine               - class com.almasb.fxgl.event.EventBusService
02:52:56.470 [FXGL Background Thread 2 ] DEBUG Engine               - class com.almasb.fxgl.io.FileSystemService
02:52:56.470 [FXGL Background Thread 2 ] DEBUG Engine               - class com.almasb.fxgl.localization.LocalizationService
02:52:56.471 [FXGL Background Thread 2 ] DEBUG Engine               - class com.almasb.fxgl.app.services.AssetLoaderService
02:52:56.471 [FXGL Background Thread 2 ] DEBUG Engine               - class com.almasb.fxgl.app.services.SystemBundleService
02:52:56.471 [FXGL Background Thread 2 ] DEBUG Engine               - class com.almasb.fxgl.profile.SaveLoadService
02:52:56.471 [FXGL Background Thread 2 ] DEBUG Engine               - class com.almasb.fxgl.ui.FXGLUIFactoryServiceProvider
02:52:56.471 [FXGL Background Thread 2 ] DEBUG Engine               - class com.almasb.fxgl.ui.FXGLDialogFactoryServiceProvider
02:52:56.471 [FXGL Background Thread 2 ] DEBUG Engine               - class com.almasb.fxgl.audio.AudioPlayer
02:52:56.471 [FXGL Background Thread 2 ] DEBUG Engine               - class com.almasb.fxgl.notification.impl.NotificationServiceProvider
02:52:56.471 [FXGL Background Thread 2 ] DEBUG Engine               - class com.almasb.fxgl.achievement.AchievementService
02:52:56.471 [FXGL Background Thread 2 ] DEBUG Engine               - class com.almasb.fxgl.cutscene.CutsceneService
02:52:56.471 [FXGL Background Thread 2 ] DEBUG Engine               - class com.almasb.fxgl.minigames.MiniGameService
02:52:56.471 [FXGL Background Thread 2 ] DEBUG Engine               - class com.almasb.fxgl.net.NetService
02:52:56.471 [FXGL Background Thread 2 ] DEBUG Engine               - class com.almasb.fxgl.app.services.UpdaterService
02:52:56.471 [FXGL Background Thread 2 ] DEBUG Engine               - class com.almasb.fxgl.dev.DevService
02:53:00.012 [JavaFX Application Thread] DEBUG GameApplication      - Exiting FXGL
02:53:00.013 [JavaFX Application Thread] DEBUG LoopRunner           - Stopping loop
02:53:00.013 [JavaFX Application Thread] DEBUG SystemBundleService  - Saving FXGL system data
02:53:00.015 [JavaFX Application Thread] DEBUG FileSystemAccess     - Writing to: /home/ben/MicroCosm/system/fxgl.bundle
02:53:00.018 [JavaFX Application Thread] DEBUG GameApplication      - Shutting down background threads
02:53:00.018 [JavaFX Application Thread] DEBUG GameApplication      - Closing logger and exiting JavaFX
