10:01:19.275 [main                     ] DEBUG GameApplication      - Logger initialized
10:01:19.316 [main                     ] DEBUG GameApplication      - Logging settings
Title: Untitled
Version: 0.0
Width: 800
Height: 600
Fullscreen: false
Intro: false
Profiling: false
Single step:false
App Mode: DEVELOPER
Menu Key: ESCAPE
Stage Style: DECORATED
Scene Factory: class com.almasb.fxgl.app.scene.SceneFactory

10:01:19.656 [JavaFX Application Thread] DEBUG GameApplication      - Initializing FXGL
10:01:19.671 [JavaFX Application Thread] INFO  Engine               - FXGL-11.9 (27.05.2020 17.06) on LINUX (J:11.0.5 FX:10.0.2-internal)
10:01:19.671 [JavaFX Application Thread] DEBUG Engine               - JRE Vendor Name: JetBrains s.r.o
10:01:19.672 [JavaFX Application Thread] DEBUG Engine               - Running on OS: Linux version 4.15.0-111-generic
10:01:19.672 [JavaFX Application Thread] DEBUG Engine               - Architecture: amd64
10:01:19.672 [JavaFX Application Thread] INFO  Engine               - Source code and latest versions at: https://github.com/AlmasB/FXGL
10:01:19.673 [JavaFX Application Thread] INFO  Engine               -              Join the FXGL chat at: https://gitter.im/AlmasB/FXGL
10:01:19.859 [JavaFX Application Thread] DEBUG MainWindow           - Creating a JavaFX scene
10:01:20.025 [JavaFX Application Thread] DEBUG MainWindow           - Target settings size: 800.0 x 600.0
10:01:20.026 [JavaFX Application Thread] DEBUG MainWindow           - Scaled scene size:    800.0 x 600.0
10:01:20.026 [JavaFX Application Thread] DEBUG MainWindow           - Scaled ratio: (1.0, 1.0)
10:01:20.028 [JavaFX Application Thread] DEBUG MainWindow           - Set initial scene to FXGLStartupScene
10:01:20.040 [JavaFX Application Thread] DEBUG MainWindow           - Opening main window
10:01:20.121 [JavaFX Application Thread] DEBUG MainWindow           - Window border size: (0.0, 30.0)
10:01:20.121 [JavaFX Application Thread] DEBUG MainWindow           - Scaled size: 800.0 x 600.0
10:01:20.121 [JavaFX Application Thread] DEBUG MainWindow           - Scaled ratio: (1.0, 1.0)
10:01:20.121 [JavaFX Application Thread] DEBUG MainWindow           - Scene size: 800.0 x 600.0
10:01:20.122 [JavaFX Application Thread] DEBUG MainWindow           - Stage size: 800.0 x 630.0
10:01:20.137 [FXGL Background Thread 1 ] DEBUG Engine               - Initializing environment variables
10:01:20.188 [FXGL Background Thread 1 ] DEBUG WindowService        - Applying CSS: fxgl_dark.css
10:01:20.189 [FXGL Background Thread 1 ] DEBUG AssetLoaderService   - Loading from file system: /assets/ui/css/fxgl_dark.css
10:01:20.310 [FXGL Background Thread 1 ] DEBUG WindowService        - Initializing application scenes
10:01:20.430 [FXGL Background Thread 1 ] DEBUG GameWorld            - Game world initialized
10:01:20.486 [FXGL Background Thread 1 ] DEBUG PhysicsWorld         - Physics world initialized: appHeight=600, physics.ppm=50.0
10:01:20.489 [FXGL Background Thread 1 ] DEBUG GameScene            - Game scene initialized: 800x600
10:01:20.527 [FXGL Background Thread 1 ] DEBUG AssetLoaderService   - Loading from file system: /assets/textures/particles/trace_horizontal.png
10:01:20.584 [FXGL Background Thread 1 ] DEBUG FXGL.DefaultMenu     - createMenuBodyGameMenu()
10:01:20.605 [FXGL Background Thread 1 ] DEBUG FXGL.DefaultMenu     - createOptionsMenu()
10:01:20.611 [FXGL Background Thread 1 ] DEBUG AssetLoaderService   - Loading from file system: /assets/textures/particles/smoke.png
10:01:20.689 [FXGL Background Thread 1 ] DEBUG WindowService        - Application scenes initialized
10:01:20.702 [FXGL Background Thread 1 ] DEBUG SystemBundleService  - Loading FXGL system data
10:01:20.706 [FXGL Background Thread 1 ] DEBUG FileSystemAccess     - Reading from: /home/ben/MicroCosm/system/fxgl.bundle
10:01:20.717 [FXGL Background Thread 1 ] DEBUG SystemBundleService  - Bundle FXGL: {}
10:01:20.718 [FXGL Background Thread 1 ] INFO  Engine               - FXGL initialization took: 0.577 sec
10:01:20.721 [FXGL Background Thread 1 ] DEBUG GameApplication      - Loading localizations
10:01:20.722 [FXGL Background Thread 1 ] DEBUG AssetLoaderService   - Loading from file system: /assets/languages/english.lang
10:01:20.740 [FXGL Background Thread 1 ] DEBUG AssetLoaderService   - Loading from file system: /assets/languages/french.lang
10:01:20.743 [FXGL Background Thread 1 ] DEBUG AssetLoaderService   - Loading from file system: /assets/languages/german.lang
10:01:20.745 [FXGL Background Thread 1 ] DEBUG AssetLoaderService   - Loading from file system: /assets/languages/hungarian.lang
10:01:20.752 [FXGL Background Thread 1 ] DEBUG AssetLoaderService   - Loading from file system: /assets/languages/russian.lang
10:01:20.755 [FXGL Background Thread 1 ] DEBUG GameApplication      - Registering font factories with UI factory
10:01:20.755 [FXGL Background Thread 1 ] DEBUG AssetLoaderService   - Loading from file system: /assets/ui/fonts/VarelaRound-Regular.ttf
10:01:20.780 [FXGL Background Thread 1 ] DEBUG AssetLoaderService   - Loading from file system: /assets/ui/fonts/Abel-Regular.ttf
10:01:20.782 [FXGL Background Thread 1 ] DEBUG AssetLoaderService   - Loading from file system: /assets/ui/fonts/lucida_console.ttf
10:01:20.786 [FXGL Background Thread 1 ] DEBUG AssetLoaderService   - Loading from file system: /assets/ui/fonts/Courier-Prime.ttf
10:01:20.790 [JavaFX Application Thread] DEBUG AssetLoaderService   - Loading from file system: /assets/textures/fxgl_icon.png
10:01:20.829 [JavaFX Application Thread] DEBUG AssetLoaderService   - Loading from file system: /assets/ui/cursors/fxgl_default.png
10:01:20.844 [JavaFX Application Thread] DEBUG Input                - Registered new binding: Screenshot - P
10:01:20.844 [JavaFX Application Thread] DEBUG Input                - Registered new binding: System info dump - CTRL+9
10:01:20.845 [JavaFX Application Thread] DEBUG Input                - Registered new binding: Restart - CTRL+R
10:01:20.845 [JavaFX Application Thread] DEBUG LoopRunner           - Starting loop
10:01:20.856 [JavaFX Application Thread] DEBUG FXGLStartupScene     - STARTUP
10:01:20.856 [JavaFX Application Thread] DEBUG WindowService        - Starting new game
10:01:20.858 [JavaFX Application Thread] DEBUG Input                - Clearing active input actions
10:01:20.880 [JavaFX Application Thread] DEBUG WindowService        - Removing overlay from FXGLStartupScene and adding to FXGLLoadingScene
10:01:20.880 [JavaFX Application Thread] DEBUG MainWindow           - FXGLStartupScene -> FXGLLoadingScene
10:01:20.880 [JavaFX Application Thread] DEBUG WindowService        - Clearing previous game
10:01:20.881 [JavaFX Application Thread] DEBUG GameScene            - Clearing game scene
10:01:20.881 [JavaFX Application Thread] DEBUG GameWorld            - Clearing game world
10:01:20.881 [JavaFX Application Thread] DEBUG PhysicsWorld         - Clearing physics world
10:01:20.883 [FXGL Background Thread 1 ] DEBUG GameApplication      - Initializing game
10:01:20.884 [FXGL Background Thread 1 ] DEBUG AssetLoaderService   - Loading from file system: /assets/textures/water.png
10:01:23.720 [FXGL Background Thread 2 ] DEBUG Engine               - Logging environment variables
10:01:23.727 [FXGL Background Thread 2 ] DEBUG Engine               - achievements: []
10:01:23.728 [FXGL Background Thread 2 ] DEBUG Engine               - appIcon: fxgl_icon.png
10:01:23.730 [FXGL Background Thread 2 ] DEBUG Engine               - applicationMode: DEVELOPER
10:01:23.731 [FXGL Background Thread 2 ] DEBUG Engine               - cSSList: [fxgl_dark.css]
10:01:23.733 [FXGL Background Thread 2 ] DEBUG Engine               - configClass: Optional.empty
10:01:23.735 [FXGL Background Thread 2 ] DEBUG Engine               - credits: []
10:01:23.737 [FXGL Background Thread 2 ] DEBUG Engine               - devBBoxColorProperty: ObjectProperty [value: 0xff0000ff]
10:01:23.740 [FXGL Background Thread 2 ] DEBUG Engine               - devSensorColorProperty: ObjectProperty [value: 0xffff00ff]
10:01:23.742 [FXGL Background Thread 2 ] DEBUG Engine               - devShowBBoxProperty: BooleanProperty [value: false]
10:01:23.743 [FXGL Background Thread 2 ] DEBUG Engine               - devShowPositionProperty: BooleanProperty [value: false]
10:01:23.745 [FXGL Background Thread 2 ] DEBUG Engine               - enabledMenuItems: []
10:01:23.746 [FXGL Background Thread 2 ] DEBUG Engine               - engineServices: [class com.almasb.fxgl.app.GameApplication$GameApplicationService, class com.almasb.fxgl.app.services.WindowService, class com.almasb.fxgl.app.services.FXGLDialogService, class com.almasb.fxgl.app.services.IOTaskExecutorService, class com.almasb.fxgl.event.EventBusService, class com.almasb.fxgl.io.FileSystemService, class com.almasb.fxgl.localization.LocalizationService, class com.almasb.fxgl.app.services.AssetLoaderService, class com.almasb.fxgl.app.services.SystemBundleService, class com.almasb.fxgl.profile.SaveLoadService, class com.almasb.fxgl.ui.FXGLUIFactoryServiceProvider, class com.almasb.fxgl.ui.FXGLDialogFactoryServiceProvider, class com.almasb.fxgl.audio.AudioPlayer, class com.almasb.fxgl.notification.impl.NotificationServiceProvider, class com.almasb.fxgl.achievement.AchievementService, class com.almasb.fxgl.cutscene.CutsceneService, class com.almasb.fxgl.minigames.MiniGameService, class com.almasb.fxgl.net.NetService, class com.almasb.fxgl.app.services.UpdaterService, class com.almasb.fxgl.dev.DevService]
10:01:23.748 [FXGL Background Thread 2 ] DEBUG Engine               - fontGame: Abel-Regular.ttf
10:01:23.749 [FXGL Background Thread 2 ] DEBUG Engine               - fontMono: lucida_console.ttf
10:01:23.751 [FXGL Background Thread 2 ] DEBUG Engine               - fontText: Courier-Prime.ttf
10:01:23.752 [FXGL Background Thread 2 ] DEBUG Engine               - fontUI: VarelaRound-Regular.ttf
10:01:23.753 [FXGL Background Thread 2 ] DEBUG Engine               - fullScreen: BooleanProperty [value: false]
10:01:23.754 [FXGL Background Thread 2 ] DEBUG Engine               - gameDifficulty: MEDIUM
10:01:23.756 [FXGL Background Thread 2 ] DEBUG Engine               - gameDifficultyProperty: ObjectProperty [value: MEDIUM]
10:01:23.757 [FXGL Background Thread 2 ] DEBUG Engine               - globalMusicVolume: 0.5
10:01:23.759 [FXGL Background Thread 2 ] DEBUG Engine               - globalMusicVolumeProperty: DoubleProperty [value: 0.5]
10:01:23.760 [FXGL Background Thread 2 ] DEBUG Engine               - globalSoundVolume: 0.5
10:01:23.761 [FXGL Background Thread 2 ] DEBUG Engine               - globalSoundVolumeProperty: DoubleProperty [value: 0.5]
10:01:23.762 [FXGL Background Thread 2 ] DEBUG Engine               - height: 600
10:01:23.764 [FXGL Background Thread 2 ] DEBUG Engine               - isAndroid: false
10:01:23.765 [FXGL Background Thread 2 ] DEBUG Engine               - isBrowser: false
10:01:23.765 [FXGL Background Thread 2 ] DEBUG Engine               - isClickFeedbackEnabled: false
10:01:23.766 [FXGL Background Thread 2 ] DEBUG Engine               - isCloseConfirmation: false
10:01:23.767 [FXGL Background Thread 2 ] DEBUG Engine               - isDesktop: true
10:01:23.767 [FXGL Background Thread 2 ] DEBUG Engine               - isDeveloperMenuEnabled: false
10:01:23.768 [FXGL Background Thread 2 ] DEBUG Engine               - isExperimentalNative: false
10:01:23.769 [FXGL Background Thread 2 ] DEBUG Engine               - isExperimentalTiledLargeMap: false
10:01:23.770 [FXGL Background Thread 2 ] DEBUG Engine               - isFullScreenAllowed: false
10:01:23.771 [FXGL Background Thread 2 ] DEBUG Engine               - isFullScreenFromStart: false
10:01:23.772 [FXGL Background Thread 2 ] DEBUG Engine               - isGameMenuEnabled: true
10:01:23.772 [FXGL Background Thread 2 ] DEBUG Engine               - isIOS: false
10:01:23.773 [FXGL Background Thread 2 ] DEBUG Engine               - isIntroEnabled: false
10:01:23.774 [FXGL Background Thread 2 ] DEBUG Engine               - isLinux: true
10:01:23.774 [FXGL Background Thread 2 ] DEBUG Engine               - isMac: false
10:01:23.775 [FXGL Background Thread 2 ] DEBUG Engine               - isMainMenuEnabled: false
10:01:23.776 [FXGL Background Thread 2 ] DEBUG Engine               - isManualResizeEnabled: false
10:01:23.777 [FXGL Background Thread 2 ] DEBUG Engine               - isMobile: false
10:01:23.778 [FXGL Background Thread 2 ] DEBUG Engine               - isPreserveResizeRatio: false
10:01:23.778 [FXGL Background Thread 2 ] DEBUG Engine               - isProfilingEnabled: false
10:01:23.779 [FXGL Background Thread 2 ] DEBUG Engine               - isSingleStep: false
10:01:23.779 [FXGL Background Thread 2 ] DEBUG Engine               - isUserProfileEnabled: false
10:01:23.780 [FXGL Background Thread 2 ] DEBUG Engine               - isWindows: false
10:01:23.780 [FXGL Background Thread 2 ] DEBUG Engine               - language: ObjectProperty [value: ENGLISH]
10:01:23.781 [FXGL Background Thread 2 ] DEBUG Engine               - mainWindow: com.almasb.fxgl.app.MainWindow@2ccaf282
10:01:23.781 [FXGL Background Thread 2 ] DEBUG Engine               - menuKey: ESCAPE
10:01:23.782 [FXGL Background Thread 2 ] DEBUG Engine               - notificationViewClass: class com.almasb.fxgl.notification.view.XboxNotificationView
10:01:23.783 [FXGL Background Thread 2 ] DEBUG Engine               - pixelsPerMeter: 50.0
10:01:23.784 [FXGL Background Thread 2 ] DEBUG Engine               - platform: LINUX
10:01:23.784 [FXGL Background Thread 2 ] DEBUG Engine               - profileDir: profiles/
10:01:23.785 [FXGL Background Thread 2 ] DEBUG Engine               - profileName: StringProperty [value: DEFAULT]
10:01:23.786 [FXGL Background Thread 2 ] DEBUG Engine               - randomSeed: -1
10:01:23.787 [FXGL Background Thread 2 ] DEBUG Engine               - runtimeInfo: RuntimeInfo(platform=LINUX, version=11.9, build=27.05.2020 17.06)
10:01:23.788 [FXGL Background Thread 2 ] DEBUG Engine               - saveFileExt: sav
10:01:23.788 [FXGL Background Thread 2 ] DEBUG Engine               - sceneFactory: com.almasb.fxgl.app.scene.SceneFactory@67a0becd
10:01:23.789 [FXGL Background Thread 2 ] DEBUG Engine               - secondsIn24h: 60
10:01:23.790 [FXGL Background Thread 2 ] DEBUG Engine               - settings: Title: Untitled
Version: 0.0
Width: 800
Height: 600
Fullscreen: false
Intro: false
Profiling: false
Single step:false
App Mode: DEVELOPER
Menu Key: ESCAPE
Stage Style: DECORATED
Scene Factory: class com.almasb.fxgl.app.scene.SceneFactory

10:01:23.791 [FXGL Background Thread 2 ] DEBUG Engine               - soundMenuBack: menu/back.wav
10:01:23.791 [FXGL Background Thread 2 ] DEBUG Engine               - soundMenuPress: menu/press.wav
10:01:23.792 [FXGL Background Thread 2 ] DEBUG Engine               - soundMenuSelect: menu/select.wav
10:01:23.793 [FXGL Background Thread 2 ] DEBUG Engine               - soundNotification: core/notification.wav
10:01:23.793 [FXGL Background Thread 2 ] DEBUG Engine               - stageStyle: DECORATED
10:01:23.794 [FXGL Background Thread 2 ] DEBUG Engine               - supportedLanguages: [ENGLISH, FRENCH, GERMAN, HUNGARIAN, RUSSIAN]
10:01:23.795 [FXGL Background Thread 2 ] DEBUG Engine               - title: Untitled
10:01:23.796 [FXGL Background Thread 2 ] DEBUG Engine               - urlGithub: https://github.com/AlmasB/FXGL
10:01:23.797 [FXGL Background Thread 2 ] DEBUG Engine               - urlLeaderboard: http://fxgl-top.herokuapp.com/
10:01:23.798 [FXGL Background Thread 2 ] DEBUG Engine               - urlPOM: https://raw.githubusercontent.com/AlmasB/FXGL/master/pom.xml
10:01:23.798 [FXGL Background Thread 2 ] DEBUG Engine               - version: 0.0
10:01:23.799 [FXGL Background Thread 2 ] DEBUG Engine               - versionCheckDays: 7
10:01:23.800 [FXGL Background Thread 2 ] DEBUG Engine               - width: 800
10:01:23.801 [FXGL Background Thread 2 ] DEBUG Engine               - Logging services
10:01:23.801 [FXGL Background Thread 2 ] DEBUG Engine               - class com.almasb.fxgl.app.GameApplication$GameApplicationService
10:01:23.802 [FXGL Background Thread 2 ] DEBUG Engine               - class com.almasb.fxgl.app.services.WindowService
10:01:23.803 [FXGL Background Thread 2 ] DEBUG Engine               - class com.almasb.fxgl.app.services.FXGLDialogService
10:01:23.804 [FXGL Background Thread 2 ] DEBUG Engine               - class com.almasb.fxgl.app.services.IOTaskExecutorService
10:01:23.804 [FXGL Background Thread 2 ] DEBUG Engine               - class com.almasb.fxgl.event.EventBusService
10:01:23.805 [FXGL Background Thread 2 ] DEBUG Engine               - class com.almasb.fxgl.io.FileSystemService
10:01:23.805 [FXGL Background Thread 2 ] DEBUG Engine               - class com.almasb.fxgl.localization.LocalizationService
10:01:23.806 [FXGL Background Thread 2 ] DEBUG Engine               - class com.almasb.fxgl.app.services.AssetLoaderService
10:01:23.807 [FXGL Background Thread 2 ] DEBUG Engine               - class com.almasb.fxgl.app.services.SystemBundleService
10:01:23.808 [FXGL Background Thread 2 ] DEBUG Engine               - class com.almasb.fxgl.profile.SaveLoadService
10:01:23.809 [FXGL Background Thread 2 ] DEBUG Engine               - class com.almasb.fxgl.ui.FXGLUIFactoryServiceProvider
10:01:23.809 [FXGL Background Thread 2 ] DEBUG Engine               - class com.almasb.fxgl.ui.FXGLDialogFactoryServiceProvider
10:01:23.810 [FXGL Background Thread 2 ] DEBUG Engine               - class com.almasb.fxgl.audio.AudioPlayer
10:01:23.811 [FXGL Background Thread 2 ] DEBUG Engine               - class com.almasb.fxgl.notification.impl.NotificationServiceProvider
10:01:23.811 [FXGL Background Thread 2 ] DEBUG Engine               - class com.almasb.fxgl.achievement.AchievementService
10:01:23.812 [FXGL Background Thread 2 ] DEBUG Engine               - class com.almasb.fxgl.cutscene.CutsceneService
10:01:23.813 [FXGL Background Thread 2 ] DEBUG Engine               - class com.almasb.fxgl.minigames.MiniGameService
10:01:23.814 [FXGL Background Thread 2 ] DEBUG Engine               - class com.almasb.fxgl.net.NetService
10:01:23.815 [FXGL Background Thread 2 ] DEBUG Engine               - class com.almasb.fxgl.app.services.UpdaterService
10:01:23.815 [FXGL Background Thread 2 ] DEBUG Engine               - class com.almasb.fxgl.dev.DevService
10:01:59.586 [JavaFX Application Thread] DEBUG GameApplication      - Exiting FXGL
10:01:59.587 [JavaFX Application Thread] DEBUG LoopRunner           - Stopping loop
10:01:59.588 [JavaFX Application Thread] DEBUG SystemBundleService  - Saving FXGL system data
10:01:59.590 [JavaFX Application Thread] DEBUG FileSystemAccess     - Writing to: /home/ben/MicroCosm/system/fxgl.bundle
10:01:59.597 [JavaFX Application Thread] DEBUG GameApplication      - Shutting down background threads
10:01:59.598 [JavaFX Application Thread] DEBUG GameApplication      - Closing logger and exiting JavaFX
