09:57:45.841 [main                     ] DEBUG GameApplication      - Logger initialized
09:57:45.867 [main                     ] DEBUG GameApplication      - Logging settings
Title: Untitled
Version: 0.0
Width: 800
Height: 600
Fullscreen: false
Intro: false
Profiling: false
Single step:false
App Mode: DEVELOPER
Menu Key: ESCAPE
Stage Style: DECORATED
Scene Factory: class com.almasb.fxgl.app.scene.SceneFactory

09:57:46.182 [JavaFX Application Thread] DEBUG GameApplication      - Initializing FXGL
09:57:46.199 [JavaFX Application Thread] INFO  Engine               - FXGL-11.9 (27.05.2020 17.06) on LINUX (J:11.0.5 FX:10.0.2-internal)
09:57:46.199 [JavaFX Application Thread] DEBUG Engine               - JRE Vendor Name: JetBrains s.r.o
09:57:46.200 [JavaFX Application Thread] DEBUG Engine               - Running on OS: Linux version 4.15.0-111-generic
09:57:46.200 [JavaFX Application Thread] DEBUG Engine               - Architecture: amd64
09:57:46.200 [JavaFX Application Thread] INFO  Engine               - Source code and latest versions at: https://github.com/AlmasB/FXGL
09:57:46.201 [JavaFX Application Thread] INFO  Engine               -              Join the FXGL chat at: https://gitter.im/AlmasB/FXGL
09:57:46.356 [JavaFX Application Thread] DEBUG MainWindow           - Creating a JavaFX scene
09:57:46.513 [JavaFX Application Thread] DEBUG MainWindow           - Target settings size: 800.0 x 600.0
09:57:46.514 [JavaFX Application Thread] DEBUG MainWindow           - Scaled scene size:    800.0 x 600.0
09:57:46.514 [JavaFX Application Thread] DEBUG MainWindow           - Scaled ratio: (1.0, 1.0)
09:57:46.517 [JavaFX Application Thread] DEBUG MainWindow           - Set initial scene to FXGLStartupScene
09:57:46.528 [JavaFX Application Thread] DEBUG MainWindow           - Opening main window
09:57:46.612 [JavaFX Application Thread] DEBUG MainWindow           - Window border size: (0.0, 30.0)
09:57:46.612 [JavaFX Application Thread] DEBUG MainWindow           - Scaled size: 800.0 x 600.0
09:57:46.613 [JavaFX Application Thread] DEBUG MainWindow           - Scaled ratio: (1.0, 1.0)
09:57:46.613 [JavaFX Application Thread] DEBUG MainWindow           - Scene size: 800.0 x 600.0
09:57:46.613 [JavaFX Application Thread] DEBUG MainWindow           - Stage size: 800.0 x 630.0
09:57:46.624 [FXGL Background Thread 1 ] DEBUG Engine               - Initializing environment variables
09:57:46.719 [FXGL Background Thread 1 ] DEBUG WindowService        - Applying CSS: fxgl_dark.css
09:57:46.720 [FXGL Background Thread 1 ] DEBUG AssetLoaderService   - Loading from file system: /assets/ui/css/fxgl_dark.css
09:57:46.848 [FXGL Background Thread 1 ] DEBUG WindowService        - Initializing application scenes
09:57:47.039 [FXGL Background Thread 1 ] DEBUG GameWorld            - Game world initialized
09:57:47.098 [FXGL Background Thread 1 ] DEBUG PhysicsWorld         - Physics world initialized: appHeight=600, physics.ppm=50.0
09:57:47.101 [FXGL Background Thread 1 ] DEBUG GameScene            - Game scene initialized: 800x600
09:57:47.139 [FXGL Background Thread 1 ] DEBUG AssetLoaderService   - Loading from file system: /assets/textures/particles/trace_horizontal.png
09:57:47.207 [FXGL Background Thread 1 ] DEBUG FXGL.DefaultMenu     - createMenuBodyGameMenu()
09:57:47.228 [FXGL Background Thread 1 ] DEBUG FXGL.DefaultMenu     - createOptionsMenu()
09:57:47.233 [FXGL Background Thread 1 ] DEBUG AssetLoaderService   - Loading from file system: /assets/textures/particles/smoke.png
09:57:47.309 [FXGL Background Thread 1 ] DEBUG WindowService        - Application scenes initialized
09:57:47.321 [FXGL Background Thread 1 ] DEBUG SystemBundleService  - Loading FXGL system data
09:57:47.327 [FXGL Background Thread 1 ] DEBUG FileSystemAccess     - Reading from: /home/ben/MicroCosm/system/fxgl.bundle
09:57:47.335 [FXGL Background Thread 1 ] DEBUG SystemBundleService  - Bundle FXGL: {}
09:57:47.335 [FXGL Background Thread 1 ] INFO  Engine               - FXGL initialization took: 0.707 sec
09:57:47.338 [FXGL Background Thread 1 ] DEBUG GameApplication      - Loading localizations
09:57:47.339 [FXGL Background Thread 1 ] DEBUG AssetLoaderService   - Loading from file system: /assets/languages/english.lang
09:57:47.354 [FXGL Background Thread 1 ] DEBUG AssetLoaderService   - Loading from file system: /assets/languages/french.lang
09:57:47.358 [FXGL Background Thread 1 ] DEBUG AssetLoaderService   - Loading from file system: /assets/languages/german.lang
09:57:47.361 [FXGL Background Thread 1 ] DEBUG AssetLoaderService   - Loading from file system: /assets/languages/hungarian.lang
09:57:47.368 [FXGL Background Thread 1 ] DEBUG AssetLoaderService   - Loading from file system: /assets/languages/russian.lang
09:57:47.371 [FXGL Background Thread 1 ] DEBUG GameApplication      - Registering font factories with UI factory
09:57:47.372 [FXGL Background Thread 1 ] DEBUG AssetLoaderService   - Loading from file system: /assets/ui/fonts/VarelaRound-Regular.ttf
09:57:47.393 [FXGL Background Thread 1 ] DEBUG AssetLoaderService   - Loading from file system: /assets/ui/fonts/Abel-Regular.ttf
09:57:47.396 [FXGL Background Thread 1 ] DEBUG AssetLoaderService   - Loading from file system: /assets/ui/fonts/lucida_console.ttf
09:57:47.399 [FXGL Background Thread 1 ] DEBUG AssetLoaderService   - Loading from file system: /assets/ui/fonts/Courier-Prime.ttf
09:57:47.404 [JavaFX Application Thread] DEBUG AssetLoaderService   - Loading from file system: /assets/textures/fxgl_icon.png
09:57:47.440 [JavaFX Application Thread] DEBUG AssetLoaderService   - Loading from file system: /assets/ui/cursors/fxgl_default.png
09:57:47.451 [JavaFX Application Thread] DEBUG Input                - Registered new binding: Screenshot - P
09:57:47.451 [JavaFX Application Thread] DEBUG Input                - Registered new binding: System info dump - CTRL+9
09:57:47.452 [JavaFX Application Thread] DEBUG Input                - Registered new binding: Restart - CTRL+R
09:57:47.453 [JavaFX Application Thread] DEBUG LoopRunner           - Starting loop
09:57:47.462 [JavaFX Application Thread] DEBUG FXGLStartupScene     - STARTUP
09:57:47.462 [JavaFX Application Thread] DEBUG WindowService        - Starting new game
09:57:47.463 [JavaFX Application Thread] DEBUG Input                - Clearing active input actions
09:57:47.484 [JavaFX Application Thread] DEBUG WindowService        - Removing overlay from FXGLStartupScene and adding to FXGLLoadingScene
09:57:47.485 [JavaFX Application Thread] DEBUG MainWindow           - FXGLStartupScene -> FXGLLoadingScene
09:57:47.485 [JavaFX Application Thread] DEBUG WindowService        - Clearing previous game
09:57:47.485 [JavaFX Application Thread] DEBUG GameScene            - Clearing game scene
09:57:47.485 [JavaFX Application Thread] DEBUG GameWorld            - Clearing game world
09:57:47.486 [JavaFX Application Thread] DEBUG PhysicsWorld         - Clearing physics world
09:57:47.487 [FXGL Background Thread 1 ] DEBUG GameApplication      - Initializing game
09:57:47.488 [FXGL Background Thread 1 ] DEBUG AssetLoaderService   - Loading from file system: /assets/textures/water.png
09:57:47.491 [FXGL Background Thread 1 ] DEBUG AssetLoaderService   - Loading from file system: /assets/textures/galaxies.jpg
09:57:49.577 [FXGL Background Thread 1 ] DEBUG AssetLoaderService   - Loading from file system: /assets/textures/bot2.png
09:57:49.579 [FXGL Background Thread 1 ] DEBUG Input                - Registered new binding: Up - Up
09:57:49.579 [FXGL Background Thread 1 ] DEBUG Input                - Registered new binding: Down - Down
09:57:49.579 [FXGL Background Thread 1 ] DEBUG Input                - Registered new binding: Left - Left
09:57:49.579 [FXGL Background Thread 1 ] DEBUG Input                - Registered new binding: Right - Right
09:57:49.581 [FXGL Background Thread 1 ] DEBUG Input                - Registered new binding: LeftClick - LMB
09:57:49.584 [FXGL Background Thread 1 ] INFO  GameApplication      - Game initialization took: 2.096 sec
09:57:49.587 [JavaFX Application Thread] DEBUG Input                - Clearing active input actions
09:57:49.600 [JavaFX Application Thread] DEBUG WindowService        - Removing overlay from FXGLLoadingScene and adding to GameScene
09:57:49.600 [JavaFX Application Thread] DEBUG MainWindow           - FXGLLoadingScene -> GameScene
09:57:49.859 [JavaFX Application Thread] DEBUG AssetLoaderService   - Loading from file system: /assets/textures/coal.png
09:57:49.861 [JavaFX Application Thread] DEBUG AssetLoaderService   - Loading from file system: /assets/textures/stone.png
09:57:49.863 [JavaFX Application Thread] DEBUG AssetLoaderService   - Loading from cache: /assets/textures/stone.png
09:57:49.864 [JavaFX Application Thread] DEBUG AssetLoaderService   - Loading from cache: /assets/textures/stone.png
09:57:49.865 [JavaFX Application Thread] DEBUG AssetLoaderService   - Loading from file system: /assets/textures/iron.png
09:57:49.866 [JavaFX Application Thread] DEBUG AssetLoaderService   - Loading from cache: /assets/textures/iron.png
09:57:49.867 [JavaFX Application Thread] DEBUG AssetLoaderService   - Loading from cache: /assets/textures/iron.png
09:57:49.868 [JavaFX Application Thread] DEBUG AssetLoaderService   - Loading from cache: /assets/textures/iron.png
09:57:49.869 [JavaFX Application Thread] DEBUG AssetLoaderService   - Loading from cache: /assets/textures/stone.png
09:57:49.869 [JavaFX Application Thread] DEBUG AssetLoaderService   - Loading from cache: /assets/textures/stone.png
09:57:49.870 [JavaFX Application Thread] DEBUG AssetLoaderService   - Loading from cache: /assets/textures/stone.png
09:57:49.871 [JavaFX Application Thread] DEBUG AssetLoaderService   - Loading from cache: /assets/textures/iron.png
09:57:49.872 [JavaFX Application Thread] DEBUG AssetLoaderService   - Loading from cache: /assets/textures/stone.png
09:57:49.873 [JavaFX Application Thread] DEBUG AssetLoaderService   - Loading from cache: /assets/textures/coal.png
09:57:49.874 [JavaFX Application Thread] DEBUG AssetLoaderService   - Loading from cache: /assets/textures/stone.png
09:57:49.874 [JavaFX Application Thread] DEBUG AssetLoaderService   - Loading from cache: /assets/textures/iron.png
09:57:49.875 [JavaFX Application Thread] DEBUG AssetLoaderService   - Loading from cache: /assets/textures/iron.png
09:57:49.876 [JavaFX Application Thread] DEBUG AssetLoaderService   - Loading from cache: /assets/textures/iron.png
09:57:49.878 [JavaFX Application Thread] DEBUG AssetLoaderService   - Loading from cache: /assets/textures/iron.png
09:57:49.879 [JavaFX Application Thread] DEBUG AssetLoaderService   - Loading from cache: /assets/textures/iron.png
09:57:49.881 [JavaFX Application Thread] DEBUG AssetLoaderService   - Loading from cache: /assets/textures/iron.png
09:57:49.882 [JavaFX Application Thread] DEBUG AssetLoaderService   - Loading from cache: /assets/textures/iron.png
09:57:49.884 [JavaFX Application Thread] DEBUG AssetLoaderService   - Loading from cache: /assets/textures/iron.png
09:57:49.885 [JavaFX Application Thread] DEBUG AssetLoaderService   - Loading from cache: /assets/textures/iron.png
09:57:49.887 [JavaFX Application Thread] DEBUG AssetLoaderService   - Loading from cache: /assets/textures/iron.png
09:57:49.889 [JavaFX Application Thread] DEBUG AssetLoaderService   - Loading from cache: /assets/textures/iron.png
09:57:49.890 [JavaFX Application Thread] DEBUG AssetLoaderService   - Loading from cache: /assets/textures/iron.png
09:57:49.891 [JavaFX Application Thread] DEBUG AssetLoaderService   - Loading from cache: /assets/textures/iron.png
09:57:49.893 [JavaFX Application Thread] DEBUG AssetLoaderService   - Loading from cache: /assets/textures/iron.png
09:57:49.894 [JavaFX Application Thread] DEBUG AssetLoaderService   - Loading from cache: /assets/textures/iron.png
09:57:49.895 [JavaFX Application Thread] DEBUG AssetLoaderService   - Loading from cache: /assets/textures/iron.png
09:57:49.896 [JavaFX Application Thread] DEBUG AssetLoaderService   - Loading from cache: /assets/textures/iron.png
09:57:49.897 [JavaFX Application Thread] DEBUG AssetLoaderService   - Loading from cache: /assets/textures/iron.png
09:57:49.898 [JavaFX Application Thread] DEBUG AssetLoaderService   - Loading from cache: /assets/textures/iron.png
09:57:49.899 [JavaFX Application Thread] DEBUG AssetLoaderService   - Loading from cache: /assets/textures/iron.png
09:57:49.900 [JavaFX Application Thread] DEBUG AssetLoaderService   - Loading from cache: /assets/textures/iron.png
09:57:49.900 [JavaFX Application Thread] DEBUG AssetLoaderService   - Loading from cache: /assets/textures/iron.png
09:57:49.901 [JavaFX Application Thread] DEBUG AssetLoaderService   - Loading from cache: /assets/textures/iron.png
09:57:49.902 [JavaFX Application Thread] DEBUG AssetLoaderService   - Loading from cache: /assets/textures/iron.png
09:57:49.903 [JavaFX Application Thread] DEBUG AssetLoaderService   - Loading from cache: /assets/textures/iron.png
09:57:49.904 [JavaFX Application Thread] DEBUG AssetLoaderService   - Loading from cache: /assets/textures/iron.png
09:57:49.905 [JavaFX Application Thread] DEBUG AssetLoaderService   - Loading from cache: /assets/textures/iron.png
09:57:49.905 [JavaFX Application Thread] DEBUG AssetLoaderService   - Loading from cache: /assets/textures/iron.png
09:57:49.906 [JavaFX Application Thread] DEBUG AssetLoaderService   - Loading from cache: /assets/textures/iron.png
09:57:49.907 [JavaFX Application Thread] DEBUG AssetLoaderService   - Loading from cache: /assets/textures/iron.png
09:57:49.907 [JavaFX Application Thread] DEBUG AssetLoaderService   - Loading from cache: /assets/textures/iron.png
09:57:49.908 [JavaFX Application Thread] DEBUG AssetLoaderService   - Loading from cache: /assets/textures/iron.png
09:57:49.909 [JavaFX Application Thread] DEBUG AssetLoaderService   - Loading from cache: /assets/textures/iron.png
09:57:49.910 [JavaFX Application Thread] DEBUG AssetLoaderService   - Loading from cache: /assets/textures/iron.png
09:57:49.911 [JavaFX Application Thread] DEBUG AssetLoaderService   - Loading from cache: /assets/textures/coal.png
09:57:49.911 [JavaFX Application Thread] DEBUG AssetLoaderService   - Loading from cache: /assets/textures/iron.png
09:57:49.913 [JavaFX Application Thread] DEBUG AssetLoaderService   - Loading from cache: /assets/textures/stone.png
09:57:49.913 [JavaFX Application Thread] DEBUG AssetLoaderService   - Loading from cache: /assets/textures/stone.png
09:57:49.914 [JavaFX Application Thread] DEBUG AssetLoaderService   - Loading from cache: /assets/textures/iron.png
09:57:49.915 [JavaFX Application Thread] DEBUG AssetLoaderService   - Loading from cache: /assets/textures/iron.png
09:57:49.916 [JavaFX Application Thread] DEBUG AssetLoaderService   - Loading from cache: /assets/textures/iron.png
09:57:49.917 [JavaFX Application Thread] DEBUG AssetLoaderService   - Loading from cache: /assets/textures/iron.png
09:57:49.918 [JavaFX Application Thread] DEBUG AssetLoaderService   - Loading from cache: /assets/textures/iron.png
09:57:49.918 [JavaFX Application Thread] DEBUG AssetLoaderService   - Loading from cache: /assets/textures/iron.png
09:57:49.919 [JavaFX Application Thread] DEBUG AssetLoaderService   - Loading from cache: /assets/textures/stone.png
09:57:49.920 [JavaFX Application Thread] DEBUG AssetLoaderService   - Loading from cache: /assets/textures/stone.png
09:57:49.921 [JavaFX Application Thread] DEBUG AssetLoaderService   - Loading from cache: /assets/textures/iron.png
09:57:49.921 [JavaFX Application Thread] DEBUG AssetLoaderService   - Loading from cache: /assets/textures/stone.png
09:57:49.922 [JavaFX Application Thread] DEBUG AssetLoaderService   - Loading from cache: /assets/textures/stone.png
09:57:49.923 [JavaFX Application Thread] DEBUG AssetLoaderService   - Loading from cache: /assets/textures/stone.png
09:57:49.924 [JavaFX Application Thread] DEBUG AssetLoaderService   - Loading from cache: /assets/textures/stone.png
09:57:49.924 [JavaFX Application Thread] DEBUG AssetLoaderService   - Loading from cache: /assets/textures/stone.png
09:57:49.925 [JavaFX Application Thread] DEBUG AssetLoaderService   - Loading from cache: /assets/textures/iron.png
09:57:49.927 [JavaFX Application Thread] DEBUG AssetLoaderService   - Loading from cache: /assets/textures/stone.png
09:57:49.936 [JavaFX Application Thread] DEBUG AssetLoaderService   - Loading from cache: /assets/textures/stone.png
09:57:49.938 [JavaFX Application Thread] DEBUG AssetLoaderService   - Loading from cache: /assets/textures/stone.png
09:57:49.939 [JavaFX Application Thread] DEBUG AssetLoaderService   - Loading from cache: /assets/textures/stone.png
09:57:49.940 [JavaFX Application Thread] DEBUG AssetLoaderService   - Loading from cache: /assets/textures/stone.png
09:57:49.942 [JavaFX Application Thread] DEBUG AssetLoaderService   - Loading from cache: /assets/textures/stone.png
09:57:49.944 [JavaFX Application Thread] DEBUG AssetLoaderService   - Loading from cache: /assets/textures/stone.png
09:57:49.946 [JavaFX Application Thread] DEBUG AssetLoaderService   - Loading from cache: /assets/textures/stone.png
09:57:49.947 [JavaFX Application Thread] DEBUG AssetLoaderService   - Loading from cache: /assets/textures/stone.png
09:57:49.948 [JavaFX Application Thread] DEBUG AssetLoaderService   - Loading from cache: /assets/textures/stone.png
09:57:49.950 [JavaFX Application Thread] DEBUG AssetLoaderService   - Loading from cache: /assets/textures/stone.png
09:57:49.951 [JavaFX Application Thread] DEBUG AssetLoaderService   - Loading from cache: /assets/textures/stone.png
09:57:49.952 [JavaFX Application Thread] DEBUG AssetLoaderService   - Loading from cache: /assets/textures/stone.png
09:57:49.954 [JavaFX Application Thread] DEBUG AssetLoaderService   - Loading from cache: /assets/textures/stone.png
09:57:49.955 [JavaFX Application Thread] DEBUG AssetLoaderService   - Loading from cache: /assets/textures/stone.png
09:57:49.956 [JavaFX Application Thread] DEBUG AssetLoaderService   - Loading from cache: /assets/textures/stone.png
09:57:49.958 [JavaFX Application Thread] DEBUG AssetLoaderService   - Loading from cache: /assets/textures/stone.png
09:57:49.959 [JavaFX Application Thread] DEBUG AssetLoaderService   - Loading from cache: /assets/textures/stone.png
09:57:49.961 [JavaFX Application Thread] DEBUG AssetLoaderService   - Loading from cache: /assets/textures/stone.png
09:57:49.962 [JavaFX Application Thread] DEBUG AssetLoaderService   - Loading from cache: /assets/textures/stone.png
09:57:49.963 [JavaFX Application Thread] DEBUG AssetLoaderService   - Loading from cache: /assets/textures/stone.png
09:57:49.966 [JavaFX Application Thread] DEBUG AssetLoaderService   - Loading from cache: /assets/textures/stone.png
09:57:49.968 [JavaFX Application Thread] DEBUG AssetLoaderService   - Loading from cache: /assets/textures/stone.png
09:57:49.969 [JavaFX Application Thread] DEBUG AssetLoaderService   - Loading from cache: /assets/textures/stone.png
09:57:49.970 [JavaFX Application Thread] DEBUG AssetLoaderService   - Loading from cache: /assets/textures/stone.png
09:57:49.972 [JavaFX Application Thread] DEBUG AssetLoaderService   - Loading from cache: /assets/textures/stone.png
09:57:49.973 [JavaFX Application Thread] DEBUG AssetLoaderService   - Loading from cache: /assets/textures/stone.png
09:57:49.974 [JavaFX Application Thread] DEBUG AssetLoaderService   - Loading from cache: /assets/textures/stone.png
09:57:49.976 [JavaFX Application Thread] DEBUG AssetLoaderService   - Loading from cache: /assets/textures/stone.png
09:57:49.977 [JavaFX Application Thread] DEBUG AssetLoaderService   - Loading from cache: /assets/textures/stone.png
09:57:49.979 [JavaFX Application Thread] DEBUG AssetLoaderService   - Loading from cache: /assets/textures/stone.png
09:57:49.980 [JavaFX Application Thread] DEBUG AssetLoaderService   - Loading from cache: /assets/textures/stone.png
09:57:49.981 [JavaFX Application Thread] DEBUG AssetLoaderService   - Loading from cache: /assets/textures/stone.png
09:57:49.983 [JavaFX Application Thread] DEBUG AssetLoaderService   - Loading from cache: /assets/textures/stone.png
09:57:49.984 [JavaFX Application Thread] DEBUG AssetLoaderService   - Loading from cache: /assets/textures/stone.png
09:57:49.985 [JavaFX Application Thread] DEBUG AssetLoaderService   - Loading from cache: /assets/textures/stone.png
09:57:49.987 [JavaFX Application Thread] DEBUG AssetLoaderService   - Loading from cache: /assets/textures/stone.png
09:57:49.988 [JavaFX Application Thread] DEBUG AssetLoaderService   - Loading from cache: /assets/textures/stone.png
09:57:49.990 [JavaFX Application Thread] DEBUG AssetLoaderService   - Loading from cache: /assets/textures/stone.png
09:57:49.991 [JavaFX Application Thread] DEBUG AssetLoaderService   - Loading from cache: /assets/textures/stone.png
09:57:49.993 [JavaFX Application Thread] DEBUG AssetLoaderService   - Loading from cache: /assets/textures/stone.png
09:57:49.994 [JavaFX Application Thread] DEBUG AssetLoaderService   - Loading from cache: /assets/textures/stone.png
09:57:49.995 [JavaFX Application Thread] DEBUG AssetLoaderService   - Loading from cache: /assets/textures/stone.png
09:57:49.996 [JavaFX Application Thread] DEBUG AssetLoaderService   - Loading from cache: /assets/textures/stone.png
09:57:49.997 [JavaFX Application Thread] DEBUG AssetLoaderService   - Loading from cache: /assets/textures/stone.png
09:57:49.998 [JavaFX Application Thread] DEBUG AssetLoaderService   - Loading from cache: /assets/textures/stone.png
09:57:50.000 [JavaFX Application Thread] DEBUG AssetLoaderService   - Loading from cache: /assets/textures/stone.png
09:57:50.001 [JavaFX Application Thread] DEBUG AssetLoaderService   - Loading from cache: /assets/textures/stone.png
09:57:50.002 [JavaFX Application Thread] DEBUG AssetLoaderService   - Loading from cache: /assets/textures/stone.png
09:57:50.003 [JavaFX Application Thread] DEBUG AssetLoaderService   - Loading from cache: /assets/textures/stone.png
09:57:50.004 [JavaFX Application Thread] DEBUG AssetLoaderService   - Loading from cache: /assets/textures/stone.png
09:57:50.006 [JavaFX Application Thread] DEBUG AssetLoaderService   - Loading from cache: /assets/textures/stone.png
09:57:50.007 [JavaFX Application Thread] DEBUG AssetLoaderService   - Loading from cache: /assets/textures/stone.png
09:57:50.008 [JavaFX Application Thread] DEBUG AssetLoaderService   - Loading from cache: /assets/textures/stone.png
09:57:50.009 [JavaFX Application Thread] DEBUG AssetLoaderService   - Loading from cache: /assets/textures/stone.png
09:57:50.011 [JavaFX Application Thread] DEBUG AssetLoaderService   - Loading from cache: /assets/textures/stone.png
09:57:50.012 [JavaFX Application Thread] DEBUG AssetLoaderService   - Loading from cache: /assets/textures/stone.png
09:57:50.013 [JavaFX Application Thread] DEBUG AssetLoaderService   - Loading from cache: /assets/textures/stone.png
09:57:50.015 [JavaFX Application Thread] DEBUG AssetLoaderService   - Loading from cache: /assets/textures/stone.png
09:57:50.021 [JavaFX Application Thread] DEBUG AssetLoaderService   - Loading from cache: /assets/textures/stone.png
09:57:50.022 [JavaFX Application Thread] DEBUG AssetLoaderService   - Loading from cache: /assets/textures/stone.png
09:57:50.023 [JavaFX Application Thread] DEBUG AssetLoaderService   - Loading from cache: /assets/textures/stone.png
09:57:50.024 [JavaFX Application Thread] DEBUG AssetLoaderService   - Loading from cache: /assets/textures/stone.png
09:57:50.027 [JavaFX Application Thread] DEBUG AssetLoaderService   - Loading from cache: /assets/textures/stone.png
09:57:50.028 [JavaFX Application Thread] DEBUG AssetLoaderService   - Loading from cache: /assets/textures/stone.png
09:57:50.029 [JavaFX Application Thread] DEBUG AssetLoaderService   - Loading from cache: /assets/textures/stone.png
09:57:50.307 [JavaFX Application Thread] DEBUG AssetLoaderService   - Loading from cache: /assets/textures/coal.png
09:57:50.308 [JavaFX Application Thread] DEBUG AssetLoaderService   - Loading from cache: /assets/textures/stone.png
09:57:50.308 [JavaFX Application Thread] DEBUG AssetLoaderService   - Loading from cache: /assets/textures/stone.png
09:57:50.309 [JavaFX Application Thread] DEBUG AssetLoaderService   - Loading from cache: /assets/textures/stone.png
09:57:50.309 [JavaFX Application Thread] DEBUG AssetLoaderService   - Loading from cache: /assets/textures/iron.png
09:57:50.310 [JavaFX Application Thread] DEBUG AssetLoaderService   - Loading from cache: /assets/textures/iron.png
09:57:50.311 [JavaFX Application Thread] DEBUG AssetLoaderService   - Loading from cache: /assets/textures/iron.png
09:57:50.311 [JavaFX Application Thread] DEBUG AssetLoaderService   - Loading from cache: /assets/textures/iron.png
09:57:50.312 [JavaFX Application Thread] DEBUG AssetLoaderService   - Loading from cache: /assets/textures/stone.png
09:57:50.313 [JavaFX Application Thread] DEBUG AssetLoaderService   - Loading from cache: /assets/textures/stone.png
09:57:50.313 [JavaFX Application Thread] DEBUG AssetLoaderService   - Loading from cache: /assets/textures/stone.png
09:57:50.314 [JavaFX Application Thread] DEBUG AssetLoaderService   - Loading from cache: /assets/textures/iron.png
09:57:50.314 [JavaFX Application Thread] DEBUG AssetLoaderService   - Loading from cache: /assets/textures/stone.png
09:57:50.315 [JavaFX Application Thread] DEBUG AssetLoaderService   - Loading from cache: /assets/textures/coal.png
09:57:50.316 [JavaFX Application Thread] DEBUG AssetLoaderService   - Loading from cache: /assets/textures/stone.png
09:57:50.316 [JavaFX Application Thread] DEBUG AssetLoaderService   - Loading from cache: /assets/textures/iron.png
09:57:50.317 [JavaFX Application Thread] DEBUG AssetLoaderService   - Loading from cache: /assets/textures/iron.png
09:57:50.317 [JavaFX Application Thread] DEBUG AssetLoaderService   - Loading from cache: /assets/textures/iron.png
09:57:50.318 [JavaFX Application Thread] DEBUG AssetLoaderService   - Loading from cache: /assets/textures/iron.png
09:57:50.318 [JavaFX Application Thread] DEBUG AssetLoaderService   - Loading from cache: /assets/textures/iron.png
09:57:50.319 [JavaFX Application Thread] DEBUG AssetLoaderService   - Loading from cache: /assets/textures/iron.png
09:57:50.320 [JavaFX Application Thread] DEBUG AssetLoaderService   - Loading from cache: /assets/textures/iron.png
09:57:50.320 [JavaFX Application Thread] DEBUG AssetLoaderService   - Loading from cache: /assets/textures/iron.png
09:57:50.321 [JavaFX Application Thread] DEBUG AssetLoaderService   - Loading from cache: /assets/textures/iron.png
09:57:50.322 [JavaFX Application Thread] DEBUG AssetLoaderService   - Loading from cache: /assets/textures/iron.png
09:57:50.322 [JavaFX Application Thread] DEBUG AssetLoaderService   - Loading from cache: /assets/textures/iron.png
09:57:50.323 [JavaFX Application Thread] DEBUG AssetLoaderService   - Loading from cache: /assets/textures/iron.png
09:57:50.323 [JavaFX Application Thread] DEBUG AssetLoaderService   - Loading from cache: /assets/textures/iron.png
09:57:50.324 [JavaFX Application Thread] DEBUG AssetLoaderService   - Loading from cache: /assets/textures/iron.png
09:57:50.325 [JavaFX Application Thread] DEBUG AssetLoaderService   - Loading from cache: /assets/textures/iron.png
09:57:50.326 [JavaFX Application Thread] DEBUG AssetLoaderService   - Loading from cache: /assets/textures/iron.png
09:57:50.326 [JavaFX Application Thread] DEBUG AssetLoaderService   - Loading from cache: /assets/textures/iron.png
09:57:50.327 [JavaFX Application Thread] DEBUG AssetLoaderService   - Loading from cache: /assets/textures/iron.png
09:57:50.327 [JavaFX Application Thread] DEBUG AssetLoaderService   - Loading from cache: /assets/textures/iron.png
09:57:50.328 [JavaFX Application Thread] DEBUG AssetLoaderService   - Loading from cache: /assets/textures/iron.png
09:57:50.328 [JavaFX Application Thread] DEBUG AssetLoaderService   - Loading from cache: /assets/textures/iron.png
09:57:50.329 [JavaFX Application Thread] DEBUG AssetLoaderService   - Loading from cache: /assets/textures/iron.png
09:57:50.330 [JavaFX Application Thread] DEBUG AssetLoaderService   - Loading from cache: /assets/textures/iron.png
09:57:50.330 [JavaFX Application Thread] DEBUG AssetLoaderService   - Loading from cache: /assets/textures/iron.png
09:57:50.331 [JavaFX Application Thread] DEBUG AssetLoaderService   - Loading from cache: /assets/textures/iron.png
09:57:50.331 [JavaFX Application Thread] DEBUG AssetLoaderService   - Loading from cache: /assets/textures/coal.png
09:57:50.332 [JavaFX Application Thread] DEBUG AssetLoaderService   - Loading from cache: /assets/textures/iron.png
09:57:50.333 [JavaFX Application Thread] DEBUG AssetLoaderService   - Loading from cache: /assets/textures/stone.png
09:57:50.333 [JavaFX Application Thread] DEBUG AssetLoaderService   - Loading from cache: /assets/textures/iron.png
09:57:50.334 [JavaFX Application Thread] DEBUG AssetLoaderService   - Loading from cache: /assets/textures/stone.png
09:57:50.334 [JavaFX Application Thread] DEBUG AssetLoaderService   - Loading from cache: /assets/textures/stone.png
09:57:50.335 [JavaFX Application Thread] DEBUG AssetLoaderService   - Loading from cache: /assets/textures/stone.png
09:57:50.335 [JavaFX Application Thread] DEBUG AssetLoaderService   - Loading from cache: /assets/textures/stone.png
09:57:50.336 [JavaFX Application Thread] DEBUG AssetLoaderService   - Loading from cache: /assets/textures/stone.png
09:57:50.337 [FXGL Background Thread 2 ] DEBUG Engine               - Logging environment variables
09:57:50.337 [JavaFX Application Thread] DEBUG AssetLoaderService   - Loading from cache: /assets/textures/stone.png
09:57:50.338 [FXGL Background Thread 2 ] DEBUG Engine               - achievements: []
09:57:50.338 [FXGL Background Thread 2 ] DEBUG Engine               - appIcon: fxgl_icon.png
09:57:50.338 [FXGL Background Thread 2 ] DEBUG Engine               - applicationMode: DEVELOPER
09:57:50.338 [FXGL Background Thread 2 ] DEBUG Engine               - cSSList: [fxgl_dark.css]
09:57:50.338 [JavaFX Application Thread] DEBUG AssetLoaderService   - Loading from cache: /assets/textures/stone.png
09:57:50.338 [FXGL Background Thread 2 ] DEBUG Engine               - configClass: Optional.empty
09:57:50.338 [FXGL Background Thread 2 ] DEBUG Engine               - credits: []
09:57:50.338 [FXGL Background Thread 2 ] DEBUG Engine               - devBBoxColorProperty: ObjectProperty [value: 0xff0000ff]
09:57:50.338 [FXGL Background Thread 2 ] DEBUG Engine               - devSensorColorProperty: ObjectProperty [value: 0xffff00ff]
09:57:50.338 [FXGL Background Thread 2 ] DEBUG Engine               - devShowBBoxProperty: BooleanProperty [value: false]
09:57:50.339 [FXGL Background Thread 2 ] DEBUG Engine               - devShowPositionProperty: BooleanProperty [value: false]
09:57:50.339 [FXGL Background Thread 2 ] DEBUG Engine               - enabledMenuItems: []
09:57:50.339 [FXGL Background Thread 2 ] DEBUG Engine               - engineServices: [class com.almasb.fxgl.app.GameApplication$GameApplicationService, class com.almasb.fxgl.app.services.WindowService, class com.almasb.fxgl.app.services.FXGLDialogService, class com.almasb.fxgl.app.services.IOTaskExecutorService, class com.almasb.fxgl.event.EventBusService, class com.almasb.fxgl.io.FileSystemService, class com.almasb.fxgl.localization.LocalizationService, class com.almasb.fxgl.app.services.AssetLoaderService, class com.almasb.fxgl.app.services.SystemBundleService, class com.almasb.fxgl.profile.SaveLoadService, class com.almasb.fxgl.ui.FXGLUIFactoryServiceProvider, class com.almasb.fxgl.ui.FXGLDialogFactoryServiceProvider, class com.almasb.fxgl.audio.AudioPlayer, class com.almasb.fxgl.notification.impl.NotificationServiceProvider, class com.almasb.fxgl.achievement.AchievementService, class com.almasb.fxgl.cutscene.CutsceneService, class com.almasb.fxgl.minigames.MiniGameService, class com.almasb.fxgl.net.NetService, class com.almasb.fxgl.app.services.UpdaterService, class com.almasb.fxgl.dev.DevService]
09:57:50.339 [FXGL Background Thread 2 ] DEBUG Engine               - fontGame: Abel-Regular.ttf
09:57:50.339 [FXGL Background Thread 2 ] DEBUG Engine               - fontMono: lucida_console.ttf
09:57:50.339 [JavaFX Application Thread] DEBUG AssetLoaderService   - Loading from cache: /assets/textures/stone.png
09:57:50.339 [FXGL Background Thread 2 ] DEBUG Engine               - fontText: Courier-Prime.ttf
09:57:50.339 [FXGL Background Thread 2 ] DEBUG Engine               - fontUI: VarelaRound-Regular.ttf
09:57:50.339 [FXGL Background Thread 2 ] DEBUG Engine               - fullScreen: BooleanProperty [value: false]
09:57:50.339 [FXGL Background Thread 2 ] DEBUG Engine               - gameDifficulty: MEDIUM
09:57:50.339 [FXGL Background Thread 2 ] DEBUG Engine               - gameDifficultyProperty: ObjectProperty [value: MEDIUM]
09:57:50.340 [FXGL Background Thread 2 ] DEBUG Engine               - globalMusicVolume: 0.5
09:57:50.340 [FXGL Background Thread 2 ] DEBUG Engine               - globalMusicVolumeProperty: DoubleProperty [value: 0.5]
09:57:50.340 [FXGL Background Thread 2 ] DEBUG Engine               - globalSoundVolume: 0.5
09:57:50.340 [FXGL Background Thread 2 ] DEBUG Engine               - globalSoundVolumeProperty: DoubleProperty [value: 0.5]
09:57:50.340 [FXGL Background Thread 2 ] DEBUG Engine               - height: 600
09:57:50.340 [FXGL Background Thread 2 ] DEBUG Engine               - isAndroid: false
09:57:50.340 [JavaFX Application Thread] DEBUG AssetLoaderService   - Loading from cache: /assets/textures/stone.png
09:57:50.340 [FXGL Background Thread 2 ] DEBUG Engine               - isClickFeedbackEnabled: false
09:57:50.340 [FXGL Background Thread 2 ] DEBUG Engine               - isCloseConfirmation: false
09:57:50.341 [FXGL Background Thread 2 ] DEBUG Engine               - isDesktop: true
09:57:50.341 [FXGL Background Thread 2 ] DEBUG Engine               - isDeveloperMenuEnabled: false
09:57:50.341 [FXGL Background Thread 2 ] DEBUG Engine               - isExperimentalNative: false
09:57:50.341 [FXGL Background Thread 2 ] DEBUG Engine               - isExperimentalTiledLargeMap: false
09:57:50.341 [FXGL Background Thread 2 ] DEBUG Engine               - isFullScreenAllowed: false
09:57:50.341 [FXGL Background Thread 2 ] DEBUG Engine               - isFullScreenFromStart: false
09:57:50.341 [FXGL Background Thread 2 ] DEBUG Engine               - isGameMenuEnabled: true
09:57:50.341 [FXGL Background Thread 2 ] DEBUG Engine               - isIOS: false
09:57:50.341 [JavaFX Application Thread] DEBUG AssetLoaderService   - Loading from cache: /assets/textures/stone.png
09:57:50.341 [FXGL Background Thread 2 ] DEBUG Engine               - isIntroEnabled: false
09:57:50.341 [FXGL Background Thread 2 ] DEBUG Engine               - isLinux: true
09:57:50.341 [FXGL Background Thread 2 ] DEBUG Engine               - isMac: false
09:57:50.341 [FXGL Background Thread 2 ] DEBUG Engine               - isMainMenuEnabled: false
09:57:50.342 [FXGL Background Thread 2 ] DEBUG Engine               - isManualResizeEnabled: false
09:57:50.342 [FXGL Background Thread 2 ] DEBUG Engine               - isMobile: false
09:57:50.342 [FXGL Background Thread 2 ] DEBUG Engine               - isPreserveResizeRatio: false
09:57:50.342 [FXGL Background Thread 2 ] DEBUG Engine               - isProfilingEnabled: false
09:57:50.342 [FXGL Background Thread 2 ] DEBUG Engine               - isSingleStep: false
09:57:50.342 [FXGL Background Thread 2 ] DEBUG Engine               - isUserProfileEnabled: false
09:57:50.342 [JavaFX Application Thread] DEBUG AssetLoaderService   - Loading from cache: /assets/textures/stone.png
09:57:50.342 [FXGL Background Thread 2 ] DEBUG Engine               - isWindows: false
09:57:50.342 [FXGL Background Thread 2 ] DEBUG Engine               - language: ObjectProperty [value: ENGLISH]
09:57:50.342 [FXGL Background Thread 2 ] DEBUG Engine               - mainWindow: com.almasb.fxgl.app.MainWindow@1b16c7be
09:57:50.342 [FXGL Background Thread 2 ] DEBUG Engine               - menuKey: ESCAPE
09:57:50.342 [FXGL Background Thread 2 ] DEBUG Engine               - notificationViewClass: class com.almasb.fxgl.notification.view.XboxNotificationView
09:57:50.342 [FXGL Background Thread 2 ] DEBUG Engine               - pixelsPerMeter: 50.0
09:57:50.342 [FXGL Background Thread 2 ] DEBUG Engine               - platform: LINUX
09:57:50.343 [FXGL Background Thread 2 ] DEBUG Engine               - profileDir: profiles/
09:57:50.343 [FXGL Background Thread 2 ] DEBUG Engine               - profileName: StringProperty [value: DEFAULT]
09:57:50.343 [FXGL Background Thread 2 ] DEBUG Engine               - randomSeed: -1
09:57:50.343 [FXGL Background Thread 2 ] DEBUG Engine               - runtimeInfo: RuntimeInfo(platform=LINUX, version=11.9, build=27.05.2020 17.06)
09:57:50.343 [FXGL Background Thread 2 ] DEBUG Engine               - saveFileExt: sav
09:57:50.343 [FXGL Background Thread 2 ] DEBUG Engine               - sceneFactory: com.almasb.fxgl.app.scene.SceneFactory@2e048acd
09:57:50.343 [FXGL Background Thread 2 ] DEBUG Engine               - secondsIn24h: 60
09:57:50.343 [JavaFX Application Thread] DEBUG AssetLoaderService   - Loading from cache: /assets/textures/stone.png
09:57:50.343 [FXGL Background Thread 2 ] DEBUG Engine               - settings: Title: Untitled
Version: 0.0
Width: 800
Height: 600
Fullscreen: false
Intro: false
Profiling: false
Single step:false
App Mode: DEVELOPER
Menu Key: ESCAPE
Stage Style: DECORATED
Scene Factory: class com.almasb.fxgl.app.scene.SceneFactory

09:57:50.343 [FXGL Background Thread 2 ] DEBUG Engine               - soundMenuBack: menu/back.wav
09:57:50.343 [FXGL Background Thread 2 ] DEBUG Engine               - soundMenuPress: menu/press.wav
09:57:50.343 [FXGL Background Thread 2 ] DEBUG Engine               - soundMenuSelect: menu/select.wav
09:57:50.344 [FXGL Background Thread 2 ] DEBUG Engine               - soundNotification: core/notification.wav
09:57:50.344 [FXGL Background Thread 2 ] DEBUG Engine               - stageStyle: DECORATED
09:57:50.344 [FXGL Background Thread 2 ] DEBUG Engine               - supportedLanguages: [ENGLISH, FRENCH, GERMAN, HUNGARIAN, RUSSIAN]
09:57:50.344 [FXGL Background Thread 2 ] DEBUG Engine               - title: Untitled
09:57:50.344 [FXGL Background Thread 2 ] DEBUG Engine               - urlGithub: https://github.com/AlmasB/FXGL
09:57:50.344 [FXGL Background Thread 2 ] DEBUG Engine               - urlLeaderboard: http://fxgl-top.herokuapp.com/
09:57:50.344 [FXGL Background Thread 2 ] DEBUG Engine               - urlPOM: https://raw.githubusercontent.com/AlmasB/FXGL/master/pom.xml
09:57:50.344 [FXGL Background Thread 2 ] DEBUG Engine               - version: 0.0
09:57:50.344 [FXGL Background Thread 2 ] DEBUG Engine               - versionCheckDays: 7
09:57:50.344 [FXGL Background Thread 2 ] DEBUG Engine               - width: 800
09:57:50.344 [FXGL Background Thread 2 ] DEBUG Engine               - Logging services
09:57:50.345 [FXGL Background Thread 2 ] DEBUG Engine               - class com.almasb.fxgl.app.GameApplication$GameApplicationService
09:57:50.345 [FXGL Background Thread 2 ] DEBUG Engine               - class com.almasb.fxgl.app.services.WindowService
09:57:50.345 [FXGL Background Thread 2 ] DEBUG Engine               - class com.almasb.fxgl.app.services.FXGLDialogService
09:57:50.345 [FXGL Background Thread 2 ] DEBUG Engine               - class com.almasb.fxgl.app.services.IOTaskExecutorService
09:57:50.345 [FXGL Background Thread 2 ] DEBUG Engine               - class com.almasb.fxgl.event.EventBusService
09:57:50.345 [FXGL Background Thread 2 ] DEBUG Engine               - class com.almasb.fxgl.io.FileSystemService
09:57:50.345 [FXGL Background Thread 2 ] DEBUG Engine               - class com.almasb.fxgl.localization.LocalizationService
09:57:50.345 [FXGL Background Thread 2 ] DEBUG Engine               - class com.almasb.fxgl.app.services.AssetLoaderService
09:57:50.345 [FXGL Background Thread 2 ] DEBUG Engine               - class com.almasb.fxgl.app.services.SystemBundleService
09:57:50.345 [FXGL Background Thread 2 ] DEBUG Engine               - class com.almasb.fxgl.profile.SaveLoadService
09:57:50.345 [FXGL Background Thread 2 ] DEBUG Engine               - class com.almasb.fxgl.ui.FXGLUIFactoryServiceProvider
09:57:50.345 [FXGL Background Thread 2 ] DEBUG Engine               - class com.almasb.fxgl.ui.FXGLDialogFactoryServiceProvider
09:57:50.345 [FXGL Background Thread 2 ] DEBUG Engine               - class com.almasb.fxgl.audio.AudioPlayer
09:57:50.345 [FXGL Background Thread 2 ] DEBUG Engine               - class com.almasb.fxgl.notification.impl.NotificationServiceProvider
09:57:50.346 [FXGL Background Thread 2 ] DEBUG Engine               - class com.almasb.fxgl.achievement.AchievementService
09:57:50.346 [FXGL Background Thread 2 ] DEBUG Engine               - class com.almasb.fxgl.cutscene.CutsceneService
09:57:50.346 [FXGL Background Thread 2 ] DEBUG Engine               - class com.almasb.fxgl.minigames.MiniGameService
09:57:50.346 [FXGL Background Thread 2 ] DEBUG Engine               - class com.almasb.fxgl.net.NetService
09:57:50.346 [FXGL Background Thread 2 ] DEBUG Engine               - class com.almasb.fxgl.app.services.UpdaterService
09:57:50.346 [JavaFX Application Thread] DEBUG AssetLoaderService   - Loading from cache: /assets/textures/stone.png
09:57:50.346 [FXGL Background Thread 2 ] DEBUG Engine               - class com.almasb.fxgl.dev.DevService
09:57:50.346 [JavaFX Application Thread] DEBUG AssetLoaderService   - Loading from cache: /assets/textures/stone.png
09:57:50.347 [JavaFX Application Thread] DEBUG AssetLoaderService   - Loading from cache: /assets/textures/stone.png
09:57:50.347 [JavaFX Application Thread] DEBUG AssetLoaderService   - Loading from cache: /assets/textures/stone.png
09:57:50.348 [JavaFX Application Thread] DEBUG AssetLoaderService   - Loading from cache: /assets/textures/stone.png
09:57:50.348 [JavaFX Application Thread] DEBUG AssetLoaderService   - Loading from cache: /assets/textures/stone.png
09:57:50.349 [JavaFX Application Thread] DEBUG AssetLoaderService   - Loading from cache: /assets/textures/stone.png
09:57:50.579 [JavaFX Application Thread] DEBUG AssetLoaderService   - Loading from cache: /assets/textures/coal.png
09:57:50.580 [JavaFX Application Thread] DEBUG AssetLoaderService   - Loading from cache: /assets/textures/stone.png
09:57:50.580 [JavaFX Application Thread] DEBUG AssetLoaderService   - Loading from cache: /assets/textures/stone.png
09:57:50.581 [JavaFX Application Thread] DEBUG AssetLoaderService   - Loading from cache: /assets/textures/stone.png
09:57:50.581 [JavaFX Application Thread] DEBUG AssetLoaderService   - Loading from cache: /assets/textures/iron.png
09:57:50.582 [JavaFX Application Thread] DEBUG AssetLoaderService   - Loading from cache: /assets/textures/iron.png
09:57:50.582 [JavaFX Application Thread] DEBUG AssetLoaderService   - Loading from cache: /assets/textures/iron.png
09:57:50.582 [JavaFX Application Thread] DEBUG AssetLoaderService   - Loading from cache: /assets/textures/iron.png
09:57:50.583 [JavaFX Application Thread] DEBUG AssetLoaderService   - Loading from cache: /assets/textures/stone.png
09:57:50.583 [JavaFX Application Thread] DEBUG AssetLoaderService   - Loading from cache: /assets/textures/stone.png
09:57:50.584 [JavaFX Application Thread] DEBUG AssetLoaderService   - Loading from cache: /assets/textures/stone.png
09:57:50.584 [JavaFX Application Thread] DEBUG AssetLoaderService   - Loading from cache: /assets/textures/iron.png
09:57:50.584 [JavaFX Application Thread] DEBUG AssetLoaderService   - Loading from cache: /assets/textures/stone.png
09:57:50.585 [JavaFX Application Thread] DEBUG AssetLoaderService   - Loading from cache: /assets/textures/coal.png
09:57:50.585 [JavaFX Application Thread] DEBUG AssetLoaderService   - Loading from cache: /assets/textures/stone.png
09:57:50.586 [JavaFX Application Thread] DEBUG AssetLoaderService   - Loading from cache: /assets/textures/iron.png
09:57:50.586 [JavaFX Application Thread] DEBUG AssetLoaderService   - Loading from cache: /assets/textures/iron.png
09:57:50.586 [JavaFX Application Thread] DEBUG AssetLoaderService   - Loading from cache: /assets/textures/iron.png
09:57:50.587 [JavaFX Application Thread] DEBUG AssetLoaderService   - Loading from cache: /assets/textures/iron.png
09:57:50.587 [JavaFX Application Thread] DEBUG AssetLoaderService   - Loading from cache: /assets/textures/iron.png
09:57:50.588 [JavaFX Application Thread] DEBUG AssetLoaderService   - Loading from cache: /assets/textures/iron.png
09:57:50.589 [JavaFX Application Thread] DEBUG AssetLoaderService   - Loading from cache: /assets/textures/iron.png
09:57:50.590 [JavaFX Application Thread] DEBUG AssetLoaderService   - Loading from cache: /assets/textures/iron.png
09:57:50.590 [JavaFX Application Thread] DEBUG AssetLoaderService   - Loading from cache: /assets/textures/iron.png
09:57:50.592 [JavaFX Application Thread] DEBUG AssetLoaderService   - Loading from cache: /assets/textures/iron.png
09:57:50.592 [JavaFX Application Thread] DEBUG AssetLoaderService   - Loading from cache: /assets/textures/iron.png
09:57:50.593 [JavaFX Application Thread] DEBUG AssetLoaderService   - Loading from cache: /assets/textures/iron.png
09:57:50.594 [JavaFX Application Thread] DEBUG AssetLoaderService   - Loading from cache: /assets/textures/iron.png
09:57:50.595 [JavaFX Application Thread] DEBUG AssetLoaderService   - Loading from cache: /assets/textures/iron.png
09:57:50.596 [JavaFX Application Thread] DEBUG AssetLoaderService   - Loading from cache: /assets/textures/iron.png
09:57:50.596 [JavaFX Application Thread] DEBUG AssetLoaderService   - Loading from cache: /assets/textures/iron.png
09:57:50.597 [JavaFX Application Thread] DEBUG AssetLoaderService   - Loading from cache: /assets/textures/iron.png
09:57:50.597 [JavaFX Application Thread] DEBUG AssetLoaderService   - Loading from cache: /assets/textures/iron.png
09:57:50.598 [JavaFX Application Thread] DEBUG AssetLoaderService   - Loading from cache: /assets/textures/iron.png
09:57:50.598 [JavaFX Application Thread] DEBUG AssetLoaderService   - Loading from cache: /assets/textures/iron.png
09:57:50.599 [JavaFX Application Thread] DEBUG AssetLoaderService   - Loading from cache: /assets/textures/iron.png
09:57:50.599 [JavaFX Application Thread] DEBUG AssetLoaderService   - Loading from cache: /assets/textures/iron.png
09:57:50.600 [JavaFX Application Thread] DEBUG AssetLoaderService   - Loading from cache: /assets/textures/iron.png
09:57:50.600 [JavaFX Application Thread] DEBUG AssetLoaderService   - Loading from cache: /assets/textures/iron.png
09:57:50.601 [JavaFX Application Thread] DEBUG AssetLoaderService   - Loading from cache: /assets/textures/iron.png
09:57:50.601 [JavaFX Application Thread] DEBUG AssetLoaderService   - Loading from cache: /assets/textures/coal.png
09:57:50.601 [JavaFX Application Thread] DEBUG AssetLoaderService   - Loading from cache: /assets/textures/iron.png
09:57:50.602 [JavaFX Application Thread] DEBUG AssetLoaderService   - Loading from cache: /assets/textures/stone.png
09:57:50.602 [JavaFX Application Thread] DEBUG AssetLoaderService   - Loading from cache: /assets/textures/iron.png
09:57:50.603 [JavaFX Application Thread] DEBUG AssetLoaderService   - Loading from cache: /assets/textures/stone.png
09:57:50.603 [JavaFX Application Thread] DEBUG AssetLoaderService   - Loading from cache: /assets/textures/stone.png
09:57:50.603 [JavaFX Application Thread] DEBUG AssetLoaderService   - Loading from cache: /assets/textures/stone.png
09:57:50.604 [JavaFX Application Thread] DEBUG AssetLoaderService   - Loading from cache: /assets/textures/stone.png
09:57:50.604 [JavaFX Application Thread] DEBUG AssetLoaderService   - Loading from cache: /assets/textures/stone.png
09:57:50.605 [JavaFX Application Thread] DEBUG AssetLoaderService   - Loading from cache: /assets/textures/stone.png
09:57:50.605 [JavaFX Application Thread] DEBUG AssetLoaderService   - Loading from cache: /assets/textures/stone.png
09:57:50.606 [JavaFX Application Thread] DEBUG AssetLoaderService   - Loading from cache: /assets/textures/stone.png
09:57:50.606 [JavaFX Application Thread] DEBUG AssetLoaderService   - Loading from cache: /assets/textures/stone.png
09:57:50.607 [JavaFX Application Thread] DEBUG AssetLoaderService   - Loading from cache: /assets/textures/stone.png
09:57:50.608 [JavaFX Application Thread] DEBUG AssetLoaderService   - Loading from cache: /assets/textures/stone.png
09:57:50.608 [JavaFX Application Thread] DEBUG AssetLoaderService   - Loading from cache: /assets/textures/stone.png
09:57:50.609 [JavaFX Application Thread] DEBUG AssetLoaderService   - Loading from cache: /assets/textures/stone.png
09:57:50.610 [JavaFX Application Thread] DEBUG AssetLoaderService   - Loading from cache: /assets/textures/stone.png
09:57:50.611 [JavaFX Application Thread] DEBUG AssetLoaderService   - Loading from cache: /assets/textures/stone.png
09:57:50.611 [JavaFX Application Thread] DEBUG AssetLoaderService   - Loading from cache: /assets/textures/stone.png
09:57:50.612 [JavaFX Application Thread] DEBUG AssetLoaderService   - Loading from cache: /assets/textures/stone.png
09:57:50.612 [JavaFX Application Thread] DEBUG AssetLoaderService   - Loading from cache: /assets/textures/stone.png
09:57:50.613 [JavaFX Application Thread] DEBUG AssetLoaderService   - Loading from cache: /assets/textures/stone.png
09:57:50.613 [JavaFX Application Thread] DEBUG AssetLoaderService   - Loading from cache: /assets/textures/stone.png
09:57:50.614 [JavaFX Application Thread] DEBUG AssetLoaderService   - Loading from cache: /assets/textures/stone.png
09:57:50.839 [JavaFX Application Thread] DEBUG AssetLoaderService   - Loading from cache: /assets/textures/coal.png
09:57:50.840 [JavaFX Application Thread] DEBUG AssetLoaderService   - Loading from cache: /assets/textures/stone.png
09:57:50.840 [JavaFX Application Thread] DEBUG AssetLoaderService   - Loading from cache: /assets/textures/stone.png
09:57:50.840 [JavaFX Application Thread] DEBUG AssetLoaderService   - Loading from cache: /assets/textures/stone.png
09:57:50.841 [JavaFX Application Thread] DEBUG AssetLoaderService   - Loading from cache: /assets/textures/iron.png
09:57:50.841 [JavaFX Application Thread] DEBUG AssetLoaderService   - Loading from cache: /assets/textures/iron.png
09:57:50.842 [JavaFX Application Thread] DEBUG AssetLoaderService   - Loading from cache: /assets/textures/iron.png
09:57:50.842 [JavaFX Application Thread] DEBUG AssetLoaderService   - Loading from cache: /assets/textures/iron.png
09:57:50.843 [JavaFX Application Thread] DEBUG AssetLoaderService   - Loading from cache: /assets/textures/stone.png
09:57:50.843 [JavaFX Application Thread] DEBUG AssetLoaderService   - Loading from cache: /assets/textures/stone.png
09:57:50.843 [JavaFX Application Thread] DEBUG AssetLoaderService   - Loading from cache: /assets/textures/stone.png
09:57:50.844 [JavaFX Application Thread] DEBUG AssetLoaderService   - Loading from cache: /assets/textures/iron.png
09:57:50.844 [JavaFX Application Thread] DEBUG AssetLoaderService   - Loading from cache: /assets/textures/stone.png
09:57:50.845 [JavaFX Application Thread] DEBUG AssetLoaderService   - Loading from cache: /assets/textures/coal.png
09:57:50.845 [JavaFX Application Thread] DEBUG AssetLoaderService   - Loading from cache: /assets/textures/stone.png
09:57:50.845 [JavaFX Application Thread] DEBUG AssetLoaderService   - Loading from cache: /assets/textures/iron.png
09:57:50.846 [JavaFX Application Thread] DEBUG AssetLoaderService   - Loading from cache: /assets/textures/iron.png
09:57:50.846 [JavaFX Application Thread] DEBUG AssetLoaderService   - Loading from cache: /assets/textures/iron.png
09:57:50.847 [JavaFX Application Thread] DEBUG AssetLoaderService   - Loading from cache: /assets/textures/iron.png
09:57:50.847 [JavaFX Application Thread] DEBUG AssetLoaderService   - Loading from cache: /assets/textures/iron.png
09:57:50.848 [JavaFX Application Thread] DEBUG AssetLoaderService   - Loading from cache: /assets/textures/iron.png
09:57:50.848 [JavaFX Application Thread] DEBUG AssetLoaderService   - Loading from cache: /assets/textures/iron.png
09:57:50.849 [JavaFX Application Thread] DEBUG AssetLoaderService   - Loading from cache: /assets/textures/iron.png
09:57:50.849 [JavaFX Application Thread] DEBUG AssetLoaderService   - Loading from cache: /assets/textures/iron.png
09:57:50.850 [JavaFX Application Thread] DEBUG AssetLoaderService   - Loading from cache: /assets/textures/iron.png
09:57:50.850 [JavaFX Application Thread] DEBUG AssetLoaderService   - Loading from cache: /assets/textures/iron.png
09:57:50.851 [JavaFX Application Thread] DEBUG AssetLoaderService   - Loading from cache: /assets/textures/iron.png
09:57:50.851 [JavaFX Application Thread] DEBUG AssetLoaderService   - Loading from cache: /assets/textures/iron.png
09:57:50.852 [JavaFX Application Thread] DEBUG AssetLoaderService   - Loading from cache: /assets/textures/iron.png
09:57:50.852 [JavaFX Application Thread] DEBUG AssetLoaderService   - Loading from cache: /assets/textures/iron.png
09:57:50.853 [JavaFX Application Thread] DEBUG AssetLoaderService   - Loading from cache: /assets/textures/iron.png
09:57:50.853 [JavaFX Application Thread] DEBUG AssetLoaderService   - Loading from cache: /assets/textures/iron.png
09:57:50.854 [JavaFX Application Thread] DEBUG AssetLoaderService   - Loading from cache: /assets/textures/iron.png
09:57:50.854 [JavaFX Application Thread] DEBUG AssetLoaderService   - Loading from cache: /assets/textures/iron.png
09:57:50.855 [JavaFX Application Thread] DEBUG AssetLoaderService   - Loading from cache: /assets/textures/iron.png
09:57:50.855 [JavaFX Application Thread] DEBUG AssetLoaderService   - Loading from cache: /assets/textures/iron.png
09:57:50.855 [JavaFX Application Thread] DEBUG AssetLoaderService   - Loading from cache: /assets/textures/iron.png
09:57:50.856 [JavaFX Application Thread] DEBUG AssetLoaderService   - Loading from cache: /assets/textures/iron.png
09:57:50.857 [JavaFX Application Thread] DEBUG AssetLoaderService   - Loading from cache: /assets/textures/iron.png
09:57:50.857 [JavaFX Application Thread] DEBUG AssetLoaderService   - Loading from cache: /assets/textures/iron.png
09:57:50.858 [JavaFX Application Thread] DEBUG AssetLoaderService   - Loading from cache: /assets/textures/coal.png
09:57:50.859 [JavaFX Application Thread] DEBUG AssetLoaderService   - Loading from cache: /assets/textures/iron.png
09:57:50.859 [JavaFX Application Thread] DEBUG AssetLoaderService   - Loading from cache: /assets/textures/stone.png
09:57:50.860 [JavaFX Application Thread] DEBUG AssetLoaderService   - Loading from cache: /assets/textures/iron.png
09:57:50.861 [JavaFX Application Thread] DEBUG AssetLoaderService   - Loading from cache: /assets/textures/stone.png
09:57:50.861 [JavaFX Application Thread] DEBUG AssetLoaderService   - Loading from cache: /assets/textures/stone.png
09:57:50.862 [JavaFX Application Thread] DEBUG AssetLoaderService   - Loading from cache: /assets/textures/stone.png
09:57:50.862 [JavaFX Application Thread] DEBUG AssetLoaderService   - Loading from cache: /assets/textures/stone.png
09:57:50.863 [JavaFX Application Thread] DEBUG AssetLoaderService   - Loading from cache: /assets/textures/stone.png
09:57:50.864 [JavaFX Application Thread] DEBUG AssetLoaderService   - Loading from cache: /assets/textures/stone.png
09:57:50.864 [JavaFX Application Thread] DEBUG AssetLoaderService   - Loading from cache: /assets/textures/stone.png
09:57:50.865 [JavaFX Application Thread] DEBUG AssetLoaderService   - Loading from cache: /assets/textures/stone.png
09:57:50.866 [JavaFX Application Thread] DEBUG AssetLoaderService   - Loading from cache: /assets/textures/stone.png
09:57:50.866 [JavaFX Application Thread] DEBUG AssetLoaderService   - Loading from cache: /assets/textures/stone.png
09:57:50.867 [JavaFX Application Thread] DEBUG AssetLoaderService   - Loading from cache: /assets/textures/stone.png
09:57:50.867 [JavaFX Application Thread] DEBUG AssetLoaderService   - Loading from cache: /assets/textures/stone.png
09:57:50.868 [JavaFX Application Thread] DEBUG AssetLoaderService   - Loading from cache: /assets/textures/stone.png
09:57:50.868 [JavaFX Application Thread] DEBUG AssetLoaderService   - Loading from cache: /assets/textures/stone.png
09:57:50.869 [JavaFX Application Thread] DEBUG AssetLoaderService   - Loading from cache: /assets/textures/stone.png
09:57:50.870 [JavaFX Application Thread] DEBUG AssetLoaderService   - Loading from cache: /assets/textures/stone.png
09:57:50.870 [JavaFX Application Thread] DEBUG AssetLoaderService   - Loading from cache: /assets/textures/stone.png
09:57:50.871 [JavaFX Application Thread] DEBUG AssetLoaderService   - Loading from cache: /assets/textures/stone.png
09:57:50.872 [JavaFX Application Thread] DEBUG AssetLoaderService   - Loading from cache: /assets/textures/stone.png
09:57:50.872 [JavaFX Application Thread] DEBUG AssetLoaderService   - Loading from cache: /assets/textures/stone.png
09:57:50.873 [JavaFX Application Thread] DEBUG AssetLoaderService   - Loading from cache: /assets/textures/stone.png
09:57:51.025 [JavaFX Application Thread] DEBUG GameApplication      - Exiting FXGL
09:57:51.025 [JavaFX Application Thread] DEBUG LoopRunner           - Stopping loop
09:57:51.026 [JavaFX Application Thread] DEBUG SystemBundleService  - Saving FXGL system data
09:57:51.027 [JavaFX Application Thread] DEBUG FileSystemAccess     - Writing to: /home/ben/MicroCosm/system/fxgl.bundle
09:57:51.029 [JavaFX Application Thread] DEBUG GameApplication      - Shutting down background threads
09:57:51.029 [JavaFX Application Thread] DEBUG GameApplication      - Closing logger and exiting JavaFX
