21:43:01.597 [main                     ] DEBUG GameApplication      - Logger initialized
21:43:01.630 [main                     ] DEBUG GameApplication      - Logging settings
Title: Untitled
Version: 0.0
Width: 800
Height: 600
Fullscreen: false
Intro: false
Profiling: false
Single step:false
App Mode: DEVELOPER
Menu Key: ESCAPE
Stage Style: DECORATED
Scene Factory: class com.almasb.fxgl.app.scene.SceneFactory

21:43:01.892 [JavaFX Application Thread] DEBUG GameApplication      - Initializing FXGL
21:43:01.904 [JavaFX Application Thread] INFO  Engine               - FXGL-11.9 (27.05.2020 17.06) on LINUX (J:11.0.5 FX:10.0.2-internal)
21:43:01.905 [JavaFX Application Thread] DEBUG Engine               - JRE Vendor Name: JetBrains s.r.o
21:43:01.905 [JavaFX Application Thread] DEBUG Engine               - Running on OS: Linux version 4.15.0-108-generic
21:43:01.905 [JavaFX Application Thread] DEBUG Engine               - Architecture: amd64
21:43:01.905 [JavaFX Application Thread] INFO  Engine               - Source code and latest versions at: https://github.com/AlmasB/FXGL
21:43:01.906 [JavaFX Application Thread] INFO  Engine               -              Join the FXGL chat at: https://gitter.im/AlmasB/FXGL
21:43:02.060 [JavaFX Application Thread] DEBUG MainWindow           - Creating a JavaFX scene
21:43:02.190 [JavaFX Application Thread] DEBUG MainWindow           - Target settings size: 800.0 x 600.0
21:43:02.190 [JavaFX Application Thread] DEBUG MainWindow           - Scaled scene size:    800.0 x 600.0
21:43:02.190 [JavaFX Application Thread] DEBUG MainWindow           - Scaled ratio: (1.0, 1.0)
21:43:02.192 [JavaFX Application Thread] DEBUG MainWindow           - Set initial scene to FXGLStartupScene
21:43:02.200 [JavaFX Application Thread] DEBUG MainWindow           - Opening main window
21:43:02.267 [JavaFX Application Thread] DEBUG MainWindow           - Window border size: (0.0, 30.0)
21:43:02.268 [JavaFX Application Thread] DEBUG MainWindow           - Scaled size: 800.0 x 600.0
21:43:02.268 [JavaFX Application Thread] DEBUG MainWindow           - Scaled ratio: (1.0, 1.0)
21:43:02.268 [JavaFX Application Thread] DEBUG MainWindow           - Scene size: 800.0 x 600.0
21:43:02.269 [JavaFX Application Thread] DEBUG MainWindow           - Stage size: 800.0 x 630.0
21:43:02.296 [FXGL Background Thread 1 ] DEBUG Engine               - Initializing environment variables
21:43:02.370 [FXGL Background Thread 1 ] DEBUG WindowService        - Applying CSS: fxgl_dark.css
21:43:02.371 [FXGL Background Thread 1 ] DEBUG AssetLoaderService   - Loading from file system: /assets/ui/css/fxgl_dark.css
21:43:02.548 [FXGL Background Thread 1 ] DEBUG WindowService        - Initializing application scenes
21:43:02.697 [FXGL Background Thread 1 ] DEBUG GameWorld            - Game world initialized
21:43:02.747 [FXGL Background Thread 1 ] DEBUG PhysicsWorld         - Physics world initialized: appHeight=600, physics.ppm=50.0
21:43:02.751 [FXGL Background Thread 1 ] DEBUG GameScene            - Game scene initialized: 800x600
21:43:02.783 [FXGL Background Thread 1 ] DEBUG AssetLoaderService   - Loading from file system: /assets/textures/particles/trace_horizontal.png
21:43:02.851 [FXGL Background Thread 1 ] DEBUG FXGL.DefaultMenu     - createMenuBodyGameMenu()
21:43:02.872 [FXGL Background Thread 1 ] DEBUG FXGL.DefaultMenu     - createOptionsMenu()
21:43:02.877 [FXGL Background Thread 1 ] DEBUG AssetLoaderService   - Loading from file system: /assets/textures/particles/smoke.png
21:43:02.962 [FXGL Background Thread 1 ] DEBUG WindowService        - Application scenes initialized
21:43:02.975 [FXGL Background Thread 1 ] DEBUG SystemBundleService  - Loading FXGL system data
21:43:02.979 [FXGL Background Thread 1 ] DEBUG FileSystemAccess     - Reading from: /home/ben/MicroCosm/system/fxgl.bundle
21:43:02.987 [FXGL Background Thread 1 ] DEBUG SystemBundleService  - Bundle FXGL: {}
21:43:02.987 [FXGL Background Thread 1 ] INFO  Engine               - FXGL initialization took: 0.687 sec
21:43:02.989 [FXGL Background Thread 1 ] DEBUG GameApplication      - Loading localizations
21:43:02.990 [FXGL Background Thread 1 ] DEBUG AssetLoaderService   - Loading from file system: /assets/languages/english.lang
21:43:03.003 [FXGL Background Thread 1 ] DEBUG AssetLoaderService   - Loading from file system: /assets/languages/french.lang
21:43:03.006 [FXGL Background Thread 1 ] DEBUG AssetLoaderService   - Loading from file system: /assets/languages/german.lang
21:43:03.008 [FXGL Background Thread 1 ] DEBUG AssetLoaderService   - Loading from file system: /assets/languages/hungarian.lang
21:43:03.014 [FXGL Background Thread 1 ] DEBUG AssetLoaderService   - Loading from file system: /assets/languages/russian.lang
21:43:03.016 [FXGL Background Thread 1 ] DEBUG GameApplication      - Registering font factories with UI factory
21:43:03.016 [FXGL Background Thread 1 ] DEBUG AssetLoaderService   - Loading from file system: /assets/ui/fonts/VarelaRound-Regular.ttf
21:43:03.036 [FXGL Background Thread 1 ] DEBUG AssetLoaderService   - Loading from file system: /assets/ui/fonts/Abel-Regular.ttf
21:43:03.038 [FXGL Background Thread 1 ] DEBUG AssetLoaderService   - Loading from file system: /assets/ui/fonts/lucida_console.ttf
21:43:03.040 [FXGL Background Thread 1 ] DEBUG AssetLoaderService   - Loading from file system: /assets/ui/fonts/Courier-Prime.ttf
21:43:03.044 [JavaFX Application Thread] DEBUG AssetLoaderService   - Loading from file system: /assets/textures/fxgl_icon.png
21:43:03.079 [JavaFX Application Thread] DEBUG AssetLoaderService   - Loading from file system: /assets/ui/cursors/fxgl_default.png
21:43:03.096 [JavaFX Application Thread] DEBUG Input                - Registered new binding: Screenshot - P
21:43:03.097 [JavaFX Application Thread] DEBUG Input                - Registered new binding: System info dump - CTRL+9
21:43:03.097 [JavaFX Application Thread] DEBUG Input                - Registered new binding: Restart - CTRL+R
21:43:03.098 [JavaFX Application Thread] DEBUG LoopRunner           - Starting loop
21:43:03.106 [JavaFX Application Thread] DEBUG FXGLStartupScene     - STARTUP
21:43:03.106 [JavaFX Application Thread] DEBUG WindowService        - Starting new game
21:43:03.107 [JavaFX Application Thread] DEBUG Input                - Clearing active input actions
21:43:03.121 [JavaFX Application Thread] DEBUG WindowService        - Removing overlay from FXGLStartupScene and adding to FXGLLoadingScene
21:43:03.122 [JavaFX Application Thread] DEBUG MainWindow           - FXGLStartupScene -> FXGLLoadingScene
21:43:03.122 [JavaFX Application Thread] DEBUG WindowService        - Clearing previous game
21:43:03.122 [JavaFX Application Thread] DEBUG GameScene            - Clearing game scene
21:43:03.122 [JavaFX Application Thread] DEBUG GameWorld            - Clearing game world
21:43:03.122 [JavaFX Application Thread] DEBUG PhysicsWorld         - Clearing physics world
21:43:03.124 [FXGL Background Thread 1 ] DEBUG GameApplication      - Initializing game
21:43:03.125 [FXGL Background Thread 1 ] DEBUG AssetLoaderService   - Loading from file system: /assets/textures/water.png
21:43:03.129 [FXGL Background Thread 1 ] DEBUG AssetLoaderService   - Loading from file system: /assets/textures/galaxies.jpg
21:43:03.351 [FXGL Background Thread 1 ] DEBUG AssetLoaderService   - Loading from file system: /assets/textures/bot2.png
21:43:03.354 [FXGL Background Thread 1 ] DEBUG Input                - Registered new binding: Up - Up
21:43:03.354 [FXGL Background Thread 1 ] DEBUG Input                - Registered new binding: Down - Down
21:43:03.354 [FXGL Background Thread 1 ] DEBUG Input                - Registered new binding: Left - Left
21:43:03.354 [FXGL Background Thread 1 ] DEBUG Input                - Registered new binding: Right - Right
21:43:03.355 [FXGL Background Thread 1 ] DEBUG Input                - Registered new binding: LeftClick - LMB
21:43:03.357 [FXGL Background Thread 1 ] INFO  GameApplication      - Game initialization took: 0.233 sec
21:43:03.358 [JavaFX Application Thread] DEBUG Input                - Clearing active input actions
21:43:03.369 [JavaFX Application Thread] DEBUG WindowService        - Removing overlay from FXGLLoadingScene and adding to GameScene
21:43:03.369 [JavaFX Application Thread] DEBUG MainWindow           - FXGLLoadingScene -> GameScene
21:43:03.624 [JavaFX Application Thread] DEBUG AssetLoaderService   - Loading from file system: /assets/textures/coal.png
21:43:03.627 [JavaFX Application Thread] DEBUG AssetLoaderService   - Loading from file system: /assets/textures/stone.png
21:43:03.628 [JavaFX Application Thread] DEBUG AssetLoaderService   - Loading from cache: /assets/textures/stone.png
21:43:03.629 [JavaFX Application Thread] DEBUG AssetLoaderService   - Loading from cache: /assets/textures/stone.png
21:43:03.630 [JavaFX Application Thread] DEBUG AssetLoaderService   - Loading from file system: /assets/textures/iron.png
21:43:03.631 [JavaFX Application Thread] DEBUG AssetLoaderService   - Loading from cache: /assets/textures/iron.png
21:43:03.632 [JavaFX Application Thread] DEBUG AssetLoaderService   - Loading from cache: /assets/textures/iron.png
21:43:03.633 [JavaFX Application Thread] DEBUG AssetLoaderService   - Loading from cache: /assets/textures/iron.png
21:43:03.634 [JavaFX Application Thread] DEBUG AssetLoaderService   - Loading from cache: /assets/textures/stone.png
21:43:03.635 [JavaFX Application Thread] DEBUG AssetLoaderService   - Loading from cache: /assets/textures/stone.png
21:43:03.636 [JavaFX Application Thread] DEBUG AssetLoaderService   - Loading from cache: /assets/textures/stone.png
21:43:03.636 [JavaFX Application Thread] DEBUG AssetLoaderService   - Loading from cache: /assets/textures/iron.png
21:43:03.637 [JavaFX Application Thread] DEBUG AssetLoaderService   - Loading from cache: /assets/textures/stone.png
21:43:03.638 [JavaFX Application Thread] DEBUG AssetLoaderService   - Loading from cache: /assets/textures/coal.png
21:43:03.639 [JavaFX Application Thread] DEBUG AssetLoaderService   - Loading from cache: /assets/textures/stone.png
21:43:03.640 [JavaFX Application Thread] DEBUG AssetLoaderService   - Loading from cache: /assets/textures/iron.png
21:43:03.640 [JavaFX Application Thread] DEBUG AssetLoaderService   - Loading from cache: /assets/textures/iron.png
21:43:03.641 [JavaFX Application Thread] DEBUG AssetLoaderService   - Loading from cache: /assets/textures/iron.png
21:43:03.642 [JavaFX Application Thread] DEBUG AssetLoaderService   - Loading from cache: /assets/textures/iron.png
21:43:03.642 [JavaFX Application Thread] DEBUG AssetLoaderService   - Loading from cache: /assets/textures/iron.png
21:43:03.643 [JavaFX Application Thread] DEBUG AssetLoaderService   - Loading from cache: /assets/textures/iron.png
21:43:03.644 [JavaFX Application Thread] DEBUG AssetLoaderService   - Loading from cache: /assets/textures/iron.png
21:43:03.645 [JavaFX Application Thread] DEBUG AssetLoaderService   - Loading from cache: /assets/textures/iron.png
21:43:03.645 [JavaFX Application Thread] DEBUG AssetLoaderService   - Loading from cache: /assets/textures/iron.png
21:43:03.646 [JavaFX Application Thread] DEBUG AssetLoaderService   - Loading from cache: /assets/textures/iron.png
21:43:03.647 [JavaFX Application Thread] DEBUG AssetLoaderService   - Loading from cache: /assets/textures/iron.png
21:43:03.655 [JavaFX Application Thread] DEBUG AssetLoaderService   - Loading from cache: /assets/textures/iron.png
21:43:03.656 [JavaFX Application Thread] DEBUG AssetLoaderService   - Loading from cache: /assets/textures/iron.png
21:43:03.657 [JavaFX Application Thread] DEBUG AssetLoaderService   - Loading from cache: /assets/textures/iron.png
21:43:03.659 [JavaFX Application Thread] DEBUG AssetLoaderService   - Loading from cache: /assets/textures/iron.png
21:43:03.660 [JavaFX Application Thread] DEBUG AssetLoaderService   - Loading from cache: /assets/textures/iron.png
21:43:03.661 [JavaFX Application Thread] DEBUG AssetLoaderService   - Loading from cache: /assets/textures/iron.png
21:43:03.664 [JavaFX Application Thread] DEBUG AssetLoaderService   - Loading from cache: /assets/textures/iron.png
21:43:03.665 [JavaFX Application Thread] DEBUG AssetLoaderService   - Loading from cache: /assets/textures/iron.png
21:43:03.667 [JavaFX Application Thread] DEBUG AssetLoaderService   - Loading from cache: /assets/textures/iron.png
21:43:03.667 [JavaFX Application Thread] DEBUG AssetLoaderService   - Loading from cache: /assets/textures/iron.png
21:43:03.668 [JavaFX Application Thread] DEBUG AssetLoaderService   - Loading from cache: /assets/textures/iron.png
21:43:03.669 [JavaFX Application Thread] DEBUG AssetLoaderService   - Loading from cache: /assets/textures/iron.png
21:43:03.670 [JavaFX Application Thread] DEBUG AssetLoaderService   - Loading from cache: /assets/textures/iron.png
21:43:03.671 [JavaFX Application Thread] DEBUG AssetLoaderService   - Loading from cache: /assets/textures/iron.png
21:43:03.671 [JavaFX Application Thread] DEBUG AssetLoaderService   - Loading from cache: /assets/textures/iron.png
21:43:03.672 [JavaFX Application Thread] DEBUG AssetLoaderService   - Loading from cache: /assets/textures/iron.png
21:43:03.673 [JavaFX Application Thread] DEBUG AssetLoaderService   - Loading from file system: /assets/textures/wire-horizontal.png
21:43:03.674 [JavaFX Application Thread] DEBUG AssetLoaderService   - Loading from cache: /assets/textures/iron.png
21:43:03.675 [JavaFX Application Thread] DEBUG AssetLoaderService   - Loading from cache: /assets/textures/iron.png
21:43:03.675 [JavaFX Application Thread] DEBUG AssetLoaderService   - Loading from cache: /assets/textures/iron.png
21:43:03.676 [JavaFX Application Thread] DEBUG AssetLoaderService   - Loading from cache: /assets/textures/iron.png
21:43:03.677 [JavaFX Application Thread] DEBUG AssetLoaderService   - Loading from cache: /assets/textures/iron.png
21:43:03.678 [JavaFX Application Thread] DEBUG AssetLoaderService   - Loading from cache: /assets/textures/iron.png
21:43:03.679 [JavaFX Application Thread] DEBUG AssetLoaderService   - Loading from cache: /assets/textures/iron.png
21:43:03.680 [JavaFX Application Thread] DEBUG AssetLoaderService   - Loading from cache: /assets/textures/coal.png
21:43:03.680 [JavaFX Application Thread] DEBUG AssetLoaderService   - Loading from cache: /assets/textures/iron.png
21:43:03.681 [JavaFX Application Thread] DEBUG AssetLoaderService   - Loading from cache: /assets/textures/stone.png
21:43:03.681 [JavaFX Application Thread] DEBUG AssetLoaderService   - Loading from cache: /assets/textures/stone.png
21:43:03.682 [JavaFX Application Thread] DEBUG AssetLoaderService   - Loading from cache: /assets/textures/iron.png
21:43:03.683 [JavaFX Application Thread] DEBUG AssetLoaderService   - Loading from file system: /assets/textures/generator-on.png
21:43:03.684 [JavaFX Application Thread] DEBUG AssetLoaderService   - Loading from cache: /assets/textures/iron.png
21:43:03.684 [JavaFX Application Thread] DEBUG AssetLoaderService   - Loading from cache: /assets/textures/iron.png
21:43:03.685 [JavaFX Application Thread] DEBUG AssetLoaderService   - Loading from cache: /assets/textures/iron.png
21:43:03.686 [JavaFX Application Thread] DEBUG AssetLoaderService   - Loading from cache: /assets/textures/iron.png
21:43:03.686 [JavaFX Application Thread] DEBUG AssetLoaderService   - Loading from cache: /assets/textures/iron.png
21:43:03.687 [JavaFX Application Thread] DEBUG AssetLoaderService   - Loading from cache: /assets/textures/stone.png
21:43:03.687 [JavaFX Application Thread] DEBUG AssetLoaderService   - Loading from cache: /assets/textures/stone.png
21:43:03.688 [JavaFX Application Thread] DEBUG AssetLoaderService   - Loading from cache: /assets/textures/iron.png
21:43:03.689 [JavaFX Application Thread] DEBUG AssetLoaderService   - Loading from cache: /assets/textures/stone.png
21:43:03.690 [JavaFX Application Thread] DEBUG AssetLoaderService   - Loading from cache: /assets/textures/stone.png
21:43:03.690 [JavaFX Application Thread] DEBUG AssetLoaderService   - Loading from cache: /assets/textures/stone.png
21:43:03.691 [JavaFX Application Thread] DEBUG AssetLoaderService   - Loading from cache: /assets/textures/stone.png
21:43:03.692 [JavaFX Application Thread] DEBUG AssetLoaderService   - Loading from cache: /assets/textures/stone.png
21:43:03.692 [JavaFX Application Thread] DEBUG AssetLoaderService   - Loading from cache: /assets/textures/iron.png
21:43:03.693 [JavaFX Application Thread] DEBUG AssetLoaderService   - Loading from cache: /assets/textures/stone.png
21:43:03.694 [JavaFX Application Thread] DEBUG AssetLoaderService   - Loading from cache: /assets/textures/stone.png
21:43:03.694 [JavaFX Application Thread] DEBUG AssetLoaderService   - Loading from cache: /assets/textures/stone.png
21:43:03.695 [JavaFX Application Thread] DEBUG AssetLoaderService   - Loading from cache: /assets/textures/stone.png
21:43:03.696 [JavaFX Application Thread] DEBUG AssetLoaderService   - Loading from cache: /assets/textures/stone.png
21:43:03.696 [JavaFX Application Thread] DEBUG AssetLoaderService   - Loading from cache: /assets/textures/stone.png
21:43:03.697 [JavaFX Application Thread] DEBUG AssetLoaderService   - Loading from cache: /assets/textures/stone.png
21:43:03.698 [JavaFX Application Thread] DEBUG AssetLoaderService   - Loading from cache: /assets/textures/stone.png
21:43:03.698 [JavaFX Application Thread] DEBUG AssetLoaderService   - Loading from cache: /assets/textures/stone.png
21:43:03.699 [JavaFX Application Thread] DEBUG AssetLoaderService   - Loading from cache: /assets/textures/stone.png
21:43:03.699 [JavaFX Application Thread] DEBUG AssetLoaderService   - Loading from cache: /assets/textures/stone.png
21:43:03.700 [JavaFX Application Thread] DEBUG AssetLoaderService   - Loading from cache: /assets/textures/stone.png
21:43:03.701 [JavaFX Application Thread] DEBUG AssetLoaderService   - Loading from cache: /assets/textures/stone.png
21:43:03.701 [JavaFX Application Thread] DEBUG AssetLoaderService   - Loading from cache: /assets/textures/stone.png
21:43:03.702 [JavaFX Application Thread] DEBUG AssetLoaderService   - Loading from cache: /assets/textures/stone.png
21:43:03.702 [JavaFX Application Thread] DEBUG AssetLoaderService   - Loading from cache: /assets/textures/stone.png
21:43:03.703 [JavaFX Application Thread] DEBUG AssetLoaderService   - Loading from cache: /assets/textures/stone.png
21:43:03.704 [JavaFX Application Thread] DEBUG AssetLoaderService   - Loading from cache: /assets/textures/stone.png
21:43:03.705 [JavaFX Application Thread] DEBUG AssetLoaderService   - Loading from cache: /assets/textures/stone.png
21:43:03.705 [JavaFX Application Thread] DEBUG AssetLoaderService   - Loading from cache: /assets/textures/stone.png
21:43:03.706 [JavaFX Application Thread] DEBUG AssetLoaderService   - Loading from cache: /assets/textures/stone.png
21:43:03.706 [JavaFX Application Thread] DEBUG AssetLoaderService   - Loading from cache: /assets/textures/stone.png
21:43:03.707 [JavaFX Application Thread] DEBUG AssetLoaderService   - Loading from cache: /assets/textures/stone.png
21:43:03.707 [JavaFX Application Thread] DEBUG AssetLoaderService   - Loading from cache: /assets/textures/stone.png
21:43:03.708 [JavaFX Application Thread] DEBUG AssetLoaderService   - Loading from cache: /assets/textures/stone.png
21:43:03.708 [JavaFX Application Thread] DEBUG AssetLoaderService   - Loading from cache: /assets/textures/stone.png
21:43:03.709 [JavaFX Application Thread] DEBUG AssetLoaderService   - Loading from cache: /assets/textures/stone.png
21:43:03.709 [JavaFX Application Thread] DEBUG AssetLoaderService   - Loading from cache: /assets/textures/stone.png
21:43:03.710 [JavaFX Application Thread] DEBUG AssetLoaderService   - Loading from cache: /assets/textures/stone.png
21:43:03.711 [JavaFX Application Thread] DEBUG AssetLoaderService   - Loading from cache: /assets/textures/stone.png
21:43:03.711 [JavaFX Application Thread] DEBUG AssetLoaderService   - Loading from cache: /assets/textures/stone.png
21:43:03.712 [JavaFX Application Thread] DEBUG AssetLoaderService   - Loading from cache: /assets/textures/stone.png
21:43:03.712 [JavaFX Application Thread] DEBUG AssetLoaderService   - Loading from cache: /assets/textures/stone.png
21:43:03.713 [JavaFX Application Thread] DEBUG AssetLoaderService   - Loading from cache: /assets/textures/stone.png
21:43:03.713 [JavaFX Application Thread] DEBUG AssetLoaderService   - Loading from cache: /assets/textures/stone.png
21:43:03.714 [JavaFX Application Thread] DEBUG AssetLoaderService   - Loading from cache: /assets/textures/stone.png
21:43:03.714 [JavaFX Application Thread] DEBUG AssetLoaderService   - Loading from cache: /assets/textures/stone.png
21:43:03.715 [JavaFX Application Thread] DEBUG AssetLoaderService   - Loading from cache: /assets/textures/stone.png
21:43:03.716 [JavaFX Application Thread] DEBUG AssetLoaderService   - Loading from cache: /assets/textures/stone.png
21:43:03.716 [JavaFX Application Thread] DEBUG AssetLoaderService   - Loading from cache: /assets/textures/stone.png
21:43:03.717 [JavaFX Application Thread] DEBUG AssetLoaderService   - Loading from cache: /assets/textures/stone.png
21:43:03.717 [JavaFX Application Thread] DEBUG AssetLoaderService   - Loading from cache: /assets/textures/stone.png
21:43:03.718 [JavaFX Application Thread] DEBUG AssetLoaderService   - Loading from cache: /assets/textures/stone.png
21:43:03.718 [JavaFX Application Thread] DEBUG AssetLoaderService   - Loading from cache: /assets/textures/stone.png
21:43:03.719 [JavaFX Application Thread] DEBUG AssetLoaderService   - Loading from cache: /assets/textures/stone.png
21:43:03.719 [JavaFX Application Thread] DEBUG AssetLoaderService   - Loading from cache: /assets/textures/stone.png
21:43:03.720 [JavaFX Application Thread] DEBUG AssetLoaderService   - Loading from cache: /assets/textures/stone.png
21:43:03.720 [JavaFX Application Thread] DEBUG AssetLoaderService   - Loading from cache: /assets/textures/stone.png
21:43:03.721 [JavaFX Application Thread] DEBUG AssetLoaderService   - Loading from cache: /assets/textures/stone.png
21:43:03.722 [JavaFX Application Thread] DEBUG AssetLoaderService   - Loading from cache: /assets/textures/stone.png
21:43:03.722 [JavaFX Application Thread] DEBUG AssetLoaderService   - Loading from cache: /assets/textures/stone.png
21:43:03.723 [JavaFX Application Thread] DEBUG AssetLoaderService   - Loading from cache: /assets/textures/stone.png
21:43:03.724 [JavaFX Application Thread] DEBUG AssetLoaderService   - Loading from cache: /assets/textures/stone.png
21:43:03.724 [JavaFX Application Thread] DEBUG AssetLoaderService   - Loading from cache: /assets/textures/stone.png
21:43:03.725 [JavaFX Application Thread] DEBUG AssetLoaderService   - Loading from cache: /assets/textures/stone.png
21:43:03.725 [JavaFX Application Thread] DEBUG AssetLoaderService   - Loading from cache: /assets/textures/stone.png
21:43:03.726 [JavaFX Application Thread] DEBUG AssetLoaderService   - Loading from cache: /assets/textures/stone.png
21:43:03.726 [JavaFX Application Thread] DEBUG AssetLoaderService   - Loading from cache: /assets/textures/stone.png
21:43:03.727 [JavaFX Application Thread] DEBUG AssetLoaderService   - Loading from cache: /assets/textures/stone.png
21:43:03.728 [JavaFX Application Thread] DEBUG AssetLoaderService   - Loading from cache: /assets/textures/stone.png
21:43:03.728 [JavaFX Application Thread] DEBUG AssetLoaderService   - Loading from cache: /assets/textures/stone.png
21:43:03.729 [JavaFX Application Thread] DEBUG AssetLoaderService   - Loading from cache: /assets/textures/stone.png
21:43:03.729 [JavaFX Application Thread] DEBUG AssetLoaderService   - Loading from cache: /assets/textures/stone.png
21:43:03.730 [JavaFX Application Thread] DEBUG AssetLoaderService   - Loading from cache: /assets/textures/stone.png
21:43:03.730 [JavaFX Application Thread] DEBUG AssetLoaderService   - Loading from cache: /assets/textures/stone.png
21:43:03.731 [JavaFX Application Thread] DEBUG AssetLoaderService   - Loading from cache: /assets/textures/stone.png
21:43:03.762 [JavaFX Application Thread] DEBUG AssetLoaderService   - Loading from file system: /assets/textures/select-green.png
21:43:03.764 [JavaFX Application Thread] DEBUG AssetLoaderService   - Loading from cache: /assets/textures/generator-on.png
21:43:03.764 [JavaFX Application Thread] DEBUG LoopRunner           - Stopping loop
21:43:03.765 [JavaFX Application Thread] FATAL GameApplication      - Uncaught Exception:

Fatal exception occurred: java.lang.ArithmeticException : / by zero
E: microcosm.AnimationClip.<init>(Animation.java:30)
E: world.block.Block.updateAnimation(Block.java:110)
E: world.block.GeneratorBlock.updateAnim(GeneratorBlock.java:29)
E: world.block.GeneratorBlock.setOn(GeneratorBlock.java:21)
E: microcosm.GameApp$2.lambda$run$0(GameApp.java:102)
E: java.base/java.util.ArrayList.forEach(ArrayList.java:1540)
E: microcosm.GameApp$2.run(GameApp.java:100)
E: com.almasb.fxgl.time.TimerAction.update(TimerAction.kt:69)
E: com.almasb.fxgl.time.Timer.update(Timer.kt:38)
E: com.almasb.fxgl.scene.Scene.update(Scene.kt:74)
E: com.almasb.fxgl.app.MainWindow$update$1.invoke(MainWindow.kt:209)
E: com.almasb.fxgl.app.MainWindow$update$1.invoke(MainWindow.kt:39)
E: com.almasb.fxgl.core.fsm.StateMachine.runOnActiveStates(StateMachine.kt:60)
E: com.almasb.fxgl.app.MainWindow.update(MainWindow.kt:209)
E: com.almasb.fxgl.app.services.WindowService.onUpdate(WindowService.kt:123)
E: com.almasb.fxgl.app.Engine.loop(Engine.kt:135)
E: com.almasb.fxgl.app.Engine.access$loop(Engine.kt:25)
E: com.almasb.fxgl.app.Engine$loop$1.invoke(Engine.kt:29)
E: com.almasb.fxgl.app.Engine$loop$1.invoke(Engine.kt:25)
E: com.almasb.fxgl.app.LoopRunner.frame(LoopRunner.kt:86)
E: com.almasb.fxgl.app.LoopRunner.access$frame(LoopRunner.kt:17)
E: com.almasb.fxgl.app.LoopRunner$impl$2$1.handle(LoopRunner.kt:37)
E: javafx.graphics/javafx.animation.AnimationTimer$AnimationTimerReceiver.lambda$handle$0(AnimationTimer.java:57)
E: java.base/java.security.AccessController.doPrivileged(Native Method)
E: javafx.graphics/javafx.animation.AnimationTimer$AnimationTimerReceiver.handle(AnimationTimer.java:56)
E: javafx.graphics/com.sun.scenario.animation.AbstractMasterTimer.timePulseImpl(AbstractMasterTimer.java:357)
E: javafx.graphics/com.sun.scenario.animation.AbstractMasterTimer$MainLoop.run(AbstractMasterTimer.java:267)
E: javafx.graphics/com.sun.javafx.tk.quantum.QuantumToolkit.pulse(QuantumToolkit.java:520)
E: javafx.graphics/com.sun.javafx.tk.quantum.QuantumToolkit.pulse(QuantumToolkit.java:504)
E: javafx.graphics/com.sun.javafx.tk.quantum.QuantumToolkit.pulseFromQueue(QuantumToolkit.java:497)
E: javafx.graphics/com.sun.javafx.tk.quantum.QuantumToolkit.lambda$runToolkit$11(QuantumToolkit.java:320)
E: javafx.graphics/com.sun.glass.ui.InvokeLaterDispatcher$Future.run(InvokeLaterDispatcher.java:96)
E: javafx.graphics/com.sun.glass.ui.gtk.GtkApplication._runLoop(Native Method)
E: javafx.graphics/com.sun.glass.ui.gtk.GtkApplication.lambda$runLoop$11(GtkApplication.java:277)
E: java.base/java.lang.Thread.run(Thread.java:834)

21:43:03.765 [JavaFX Application Thread] FATAL GameApplication      - Application will now exit
21:43:03.780 [JavaFX Application Thread] DEBUG MainWindow           - Push state: ErrorSubScene
21:43:03.780 [JavaFX Application Thread] DEBUG Input                - Clearing active input actions
21:43:03.789 [JavaFX Application Thread] DEBUG WindowService        - Removing overlay from GameScene and adding to ErrorSubScene
21:43:03.789 [JavaFX Application Thread] DEBUG MainWindow           - GameScene -> ErrorSubScene
21:43:05.988 [FXGL Background Thread 2 ] DEBUG Engine               - Logging environment variables
21:43:05.993 [FXGL Background Thread 2 ] DEBUG Engine               - achievements: []
21:43:05.993 [FXGL Background Thread 2 ] DEBUG Engine               - appIcon: fxgl_icon.png
21:43:05.993 [FXGL Background Thread 2 ] DEBUG Engine               - applicationMode: DEVELOPER
21:43:05.993 [FXGL Background Thread 2 ] DEBUG Engine               - cSSList: [fxgl_dark.css]
21:43:05.993 [FXGL Background Thread 2 ] DEBUG Engine               - configClass: Optional.empty
21:43:05.994 [FXGL Background Thread 2 ] DEBUG Engine               - credits: []
21:43:05.994 [FXGL Background Thread 2 ] DEBUG Engine               - devBBoxColorProperty: ObjectProperty [value: 0xff0000ff]
21:43:05.994 [FXGL Background Thread 2 ] DEBUG Engine               - devSensorColorProperty: ObjectProperty [value: 0xffff00ff]
21:43:05.995 [FXGL Background Thread 2 ] DEBUG Engine               - devShowBBoxProperty: BooleanProperty [value: false]
21:43:05.995 [FXGL Background Thread 2 ] DEBUG Engine               - devShowPositionProperty: BooleanProperty [value: false]
21:43:05.995 [FXGL Background Thread 2 ] DEBUG Engine               - enabledMenuItems: []
21:43:05.995 [FXGL Background Thread 2 ] DEBUG Engine               - engineServices: [class com.almasb.fxgl.app.GameApplication$GameApplicationService, class com.almasb.fxgl.app.services.WindowService, class com.almasb.fxgl.app.services.FXGLDialogService, class com.almasb.fxgl.app.services.IOTaskExecutorService, class com.almasb.fxgl.event.EventBusService, class com.almasb.fxgl.io.FileSystemService, class com.almasb.fxgl.localization.LocalizationService, class com.almasb.fxgl.app.services.AssetLoaderService, class com.almasb.fxgl.app.services.SystemBundleService, class com.almasb.fxgl.profile.SaveLoadService, class com.almasb.fxgl.ui.FXGLUIFactoryServiceProvider, class com.almasb.fxgl.ui.FXGLDialogFactoryServiceProvider, class com.almasb.fxgl.audio.AudioPlayer, class com.almasb.fxgl.notification.impl.NotificationServiceProvider, class com.almasb.fxgl.achievement.AchievementService, class com.almasb.fxgl.cutscene.CutsceneService, class com.almasb.fxgl.minigames.MiniGameService, class com.almasb.fxgl.net.NetService, class com.almasb.fxgl.app.services.UpdaterService, class com.almasb.fxgl.dev.DevService]
21:43:05.995 [FXGL Background Thread 2 ] DEBUG Engine               - fontGame: Abel-Regular.ttf
21:43:05.995 [FXGL Background Thread 2 ] DEBUG Engine               - fontMono: lucida_console.ttf
21:43:05.996 [FXGL Background Thread 2 ] DEBUG Engine               - fontText: Courier-Prime.ttf
21:43:05.996 [FXGL Background Thread 2 ] DEBUG Engine               - fontUI: VarelaRound-Regular.ttf
21:43:05.996 [FXGL Background Thread 2 ] DEBUG Engine               - fullScreen: BooleanProperty [value: false]
21:43:05.996 [FXGL Background Thread 2 ] DEBUG Engine               - gameDifficulty: MEDIUM
21:43:05.996 [FXGL Background Thread 2 ] DEBUG Engine               - gameDifficultyProperty: ObjectProperty [value: MEDIUM]
21:43:05.996 [FXGL Background Thread 2 ] DEBUG Engine               - globalMusicVolume: 0.5
21:43:05.997 [FXGL Background Thread 2 ] DEBUG Engine               - globalMusicVolumeProperty: DoubleProperty [value: 0.5]
21:43:05.997 [FXGL Background Thread 2 ] DEBUG Engine               - globalSoundVolume: 0.5
21:43:05.997 [FXGL Background Thread 2 ] DEBUG Engine               - globalSoundVolumeProperty: DoubleProperty [value: 0.5]
21:43:05.997 [FXGL Background Thread 2 ] DEBUG Engine               - height: 600
21:43:05.997 [FXGL Background Thread 2 ] DEBUG Engine               - isAndroid: false
21:43:05.997 [FXGL Background Thread 2 ] DEBUG Engine               - isBrowser: false
21:43:05.998 [FXGL Background Thread 2 ] DEBUG Engine               - isClickFeedbackEnabled: false
21:43:05.998 [FXGL Background Thread 2 ] DEBUG Engine               - isCloseConfirmation: false
21:43:05.998 [FXGL Background Thread 2 ] DEBUG Engine               - isDesktop: true
21:43:05.998 [FXGL Background Thread 2 ] DEBUG Engine               - isDeveloperMenuEnabled: false
21:43:05.998 [FXGL Background Thread 2 ] DEBUG Engine               - isExperimentalNative: false
21:43:05.998 [FXGL Background Thread 2 ] DEBUG Engine               - isExperimentalTiledLargeMap: false
21:43:05.998 [FXGL Background Thread 2 ] DEBUG Engine               - isFullScreenAllowed: false
21:43:05.999 [FXGL Background Thread 2 ] DEBUG Engine               - isFullScreenFromStart: false
21:43:05.999 [FXGL Background Thread 2 ] DEBUG Engine               - isGameMenuEnabled: true
21:43:05.999 [FXGL Background Thread 2 ] DEBUG Engine               - isIOS: false
21:43:05.999 [FXGL Background Thread 2 ] DEBUG Engine               - isIntroEnabled: false
21:43:05.999 [FXGL Background Thread 2 ] DEBUG Engine               - isLinux: true
21:43:05.999 [FXGL Background Thread 2 ] DEBUG Engine               - isMac: false
21:43:06.000 [FXGL Background Thread 2 ] DEBUG Engine               - isMainMenuEnabled: false
21:43:06.000 [FXGL Background Thread 2 ] DEBUG Engine               - isManualResizeEnabled: false
21:43:06.000 [FXGL Background Thread 2 ] DEBUG Engine               - isMobile: false
21:43:06.000 [FXGL Background Thread 2 ] DEBUG Engine               - isPreserveResizeRatio: false
21:43:06.000 [FXGL Background Thread 2 ] DEBUG Engine               - isProfilingEnabled: false
21:43:06.000 [FXGL Background Thread 2 ] DEBUG Engine               - isSingleStep: false
21:43:06.000 [FXGL Background Thread 2 ] DEBUG Engine               - isUserProfileEnabled: false
21:43:06.001 [FXGL Background Thread 2 ] DEBUG Engine               - isWindows: false
21:43:06.001 [FXGL Background Thread 2 ] DEBUG Engine               - language: ObjectProperty [value: ENGLISH]
21:43:06.001 [FXGL Background Thread 2 ] DEBUG Engine               - mainWindow: com.almasb.fxgl.app.MainWindow@1d5c8889
21:43:06.001 [FXGL Background Thread 2 ] DEBUG Engine               - menuKey: ESCAPE
21:43:06.001 [FXGL Background Thread 2 ] DEBUG Engine               - notificationViewClass: class com.almasb.fxgl.notification.view.XboxNotificationView
21:43:06.001 [FXGL Background Thread 2 ] DEBUG Engine               - pixelsPerMeter: 50.0
21:43:06.002 [FXGL Background Thread 2 ] DEBUG Engine               - platform: LINUX
21:43:06.002 [FXGL Background Thread 2 ] DEBUG Engine               - profileDir: profiles/
21:43:06.002 [FXGL Background Thread 2 ] DEBUG Engine               - profileName: StringProperty [value: DEFAULT]
21:43:06.002 [FXGL Background Thread 2 ] DEBUG Engine               - randomSeed: -1
21:43:06.002 [FXGL Background Thread 2 ] DEBUG Engine               - runtimeInfo: RuntimeInfo(platform=LINUX, version=11.9, build=27.05.2020 17.06)
21:43:06.002 [FXGL Background Thread 2 ] DEBUG Engine               - saveFileExt: sav
21:43:06.002 [FXGL Background Thread 2 ] DEBUG Engine               - sceneFactory: com.almasb.fxgl.app.scene.SceneFactory@5e05237
21:43:06.002 [FXGL Background Thread 2 ] DEBUG Engine               - secondsIn24h: 60
21:43:06.002 [FXGL Background Thread 2 ] DEBUG Engine               - settings: Title: Untitled
Version: 0.0
Width: 800
Height: 600
Fullscreen: false
Intro: false
Profiling: false
Single step:false
App Mode: DEVELOPER
Menu Key: ESCAPE
Stage Style: DECORATED
Scene Factory: class com.almasb.fxgl.app.scene.SceneFactory

21:43:06.002 [FXGL Background Thread 2 ] DEBUG Engine               - soundMenuBack: menu/back.wav
21:43:06.002 [FXGL Background Thread 2 ] DEBUG Engine               - soundMenuPress: menu/press.wav
21:43:06.002 [FXGL Background Thread 2 ] DEBUG Engine               - soundMenuSelect: menu/select.wav
21:43:06.002 [FXGL Background Thread 2 ] DEBUG Engine               - soundNotification: core/notification.wav
21:43:06.003 [FXGL Background Thread 2 ] DEBUG Engine               - stageStyle: DECORATED
21:43:06.003 [FXGL Background Thread 2 ] DEBUG Engine               - supportedLanguages: [ENGLISH, FRENCH, GERMAN, HUNGARIAN, RUSSIAN]
21:43:06.003 [FXGL Background Thread 2 ] DEBUG Engine               - title: Untitled
21:43:06.003 [FXGL Background Thread 2 ] DEBUG Engine               - urlGithub: https://github.com/AlmasB/FXGL
21:43:06.003 [FXGL Background Thread 2 ] DEBUG Engine               - urlLeaderboard: http://fxgl-top.herokuapp.com/
21:43:06.003 [FXGL Background Thread 2 ] DEBUG Engine               - urlPOM: https://raw.githubusercontent.com/AlmasB/FXGL/master/pom.xml
21:43:06.003 [FXGL Background Thread 2 ] DEBUG Engine               - version: 0.0
21:43:06.003 [FXGL Background Thread 2 ] DEBUG Engine               - versionCheckDays: 7
21:43:06.003 [FXGL Background Thread 2 ] DEBUG Engine               - width: 800
21:43:06.003 [FXGL Background Thread 2 ] DEBUG Engine               - Logging services
21:43:06.003 [FXGL Background Thread 2 ] DEBUG Engine               - class com.almasb.fxgl.app.GameApplication$GameApplicationService
21:43:06.003 [FXGL Background Thread 2 ] DEBUG Engine               - class com.almasb.fxgl.app.services.WindowService
21:43:06.003 [FXGL Background Thread 2 ] DEBUG Engine               - class com.almasb.fxgl.app.services.FXGLDialogService
21:43:06.003 [FXGL Background Thread 2 ] DEBUG Engine               - class com.almasb.fxgl.app.services.IOTaskExecutorService
21:43:06.003 [FXGL Background Thread 2 ] DEBUG Engine               - class com.almasb.fxgl.event.EventBusService
21:43:06.003 [FXGL Background Thread 2 ] DEBUG Engine               - class com.almasb.fxgl.io.FileSystemService
21:43:06.003 [FXGL Background Thread 2 ] DEBUG Engine               - class com.almasb.fxgl.localization.LocalizationService
21:43:06.003 [FXGL Background Thread 2 ] DEBUG Engine               - class com.almasb.fxgl.app.services.AssetLoaderService
21:43:06.003 [FXGL Background Thread 2 ] DEBUG Engine               - class com.almasb.fxgl.app.services.SystemBundleService
21:43:06.004 [FXGL Background Thread 2 ] DEBUG Engine               - class com.almasb.fxgl.profile.SaveLoadService
21:43:06.004 [FXGL Background Thread 2 ] DEBUG Engine               - class com.almasb.fxgl.ui.FXGLUIFactoryServiceProvider
21:43:06.004 [FXGL Background Thread 2 ] DEBUG Engine               - class com.almasb.fxgl.ui.FXGLDialogFactoryServiceProvider
21:43:06.004 [FXGL Background Thread 2 ] DEBUG Engine               - class com.almasb.fxgl.audio.AudioPlayer
21:43:06.004 [FXGL Background Thread 2 ] DEBUG Engine               - class com.almasb.fxgl.notification.impl.NotificationServiceProvider
21:43:06.004 [FXGL Background Thread 2 ] DEBUG Engine               - class com.almasb.fxgl.achievement.AchievementService
21:43:06.004 [FXGL Background Thread 2 ] DEBUG Engine               - class com.almasb.fxgl.cutscene.CutsceneService
21:43:06.004 [FXGL Background Thread 2 ] DEBUG Engine               - class com.almasb.fxgl.minigames.MiniGameService
21:43:06.004 [FXGL Background Thread 2 ] DEBUG Engine               - class com.almasb.fxgl.net.NetService
21:43:06.004 [FXGL Background Thread 2 ] DEBUG Engine               - class com.almasb.fxgl.app.services.UpdaterService
21:43:06.004 [FXGL Background Thread 2 ] DEBUG Engine               - class com.almasb.fxgl.dev.DevService
21:43:10.846 [JavaFX Application Thread] DEBUG GameApplication      - Exiting FXGL
21:43:10.847 [JavaFX Application Thread] DEBUG GameApplication      - Shutting down background threads
21:43:10.847 [JavaFX Application Thread] DEBUG GameApplication      - Closing logger and exiting JavaFX
